62978 25571 340
55549 23826 340
96750 58437 351
22523 7756 279
71312 81179 351
19232 20617 274
36503 55866 340
81283 20529 351
85694 39750 351
84546 78713 338
10729 3321 262
63880 74661 325
17 75578 340
50693 44436 314
81150 79987 320
25110 87782 351
60672 69496 335
88435 72003 351
51086 37972 314
2180 75273 340
76006 46408 340
21203 550 279
8292 76697 340
76341 78879 351
34939 96185 351
91685 83654 333
27670 23404 308
7506 35362 311
79411 62688 351
36959 36508 231
9257 82420 351
89518 22072 351
55873 77568 351
78049 37483 351
21333 90321 351
53712 55521 260
78462 16050 351
92645 51251 351
90631 76654 351
23150 46678 324
70549 54399 335
29442 6581 308
60756 99890 351
73844 25504 340
37542 6560 324
73068 87092 351
41313 70899 340
9547 73087 340
94230 14014 351
21768 1336 279
12618 15941 276
55088 39214 340
20439 43455 324
15592 1515 276
18829 80003 351
24948 56343 340
73145 71797 294
34848 88203 351
60862 64676 335
62978 72585 330
1995 56240 340
27803 12912 308
33359 75962 340
64455 36316 340
93255 44904 351
79541 30705 351
585 19077 279
83748 86396 320
13335 30314 308
46117 65371 340
61643 53336 335
69070 36415 340
90285 36748 351
47743 4449 324
60872 70042 335
51687 15815 324
97699 81260 333
56296 70018 335
33818 63643 340
76672 57396 335
86506 43908 351
3120 99005 351
73875 89776 351
67195 80447 351
46615 52744 340
43317 21629 324
4670 58224 340
34379 79050 351
50421 60402 340
89328 70555 351
89878 93542 333
95480 3269 351
58268 16124 340
38689 35528 324
71756 53699 335
61213 52110 340
38260 73571 340
32074 11763 308
67212 14596 340
17613 66091 340
81234 79552 320
44220 30553 324
59360 14676 340
89419 69352 351
65877 89547 351
46603 48254 314
82463 38498 351
41726 56533 340
8423 88578 351
13412 14164 258
72923 14726 340
68978 48715 340
68390 34730 340
78381 84024 338
19516 8182 279
17948 79518 351
94847 96460 328
66831 26448 340
244 40376 324
84875 65328 351
45841 9753 324
1489 6977 262
2983 96800 351
79134 17899 351
20770 67683 340
52876 88563 351
43427 17960 324
8206 3310 262
41243 26189 324
45012 29477 324
36832 3113 324
63233 34013 340
74655 99570 351
54432 8453 340
27878 87342 351
32025 58528 340
51973 58588 340
75683 6767 340
41854 63203 340
10471 83806 351
64281 30214 340
57720 54845 322
6486 7272 257
47718 96481 351
1113 79088 351
54405 475 340
91326 17979 351
96545 84924 333
14446 46964 324
1301 44028 324
84540 72232 351
17894 503 279
4764 32152 308
2385 44187 324
35906 51447 314
18703 36196 324
14274 34684 311
59706 14655 340
57889 18336 340
99304 79838 333
61719 69420 330
33372 4223 308
82996 73729 351
59386 94323 351
23021 33291 308
10840 39742 324
34844 84489 351
19799 4063 279
42283 55381 340
44028 87201 351
85873 10575 351
83824 20639 351
47375 15549 324
75082 23246 340
75946 61821 330
77018 6728 340
18180 34422 311
30649 5383 308
26370 99438 351
85581 62887 351
89863 40477 351
60179 52155 340
80619 4400 351
82179 31615 351
19633 39138 324
54876 62299 335
49804 70301 340
76806 34799 340
94850 1988 351
47860 60659 340
37697 84188 351
26278 96627 351
89157 31414 351
39075 43383 306
94654 41478 351
76528 27867 340
88017 18679 351
9680 57706 340
21548 52047 324
72900 25859 340
29832 8270 308
18463 57899 340
531 20747 279
32718 49582 324
49539 49056 265
29830 53763 340
44004 12381 324
28236 76883 340
67904 88123 351
79690 34433 351
90525 56689 351
51021 39042 314
70458 93403 351
46622 34390 324
93417 52424 351
46174 45031 314
49808 71446 340
81378 96925 333
18751 9787 279
63646 43087 340
68160 2341 340
80906 56156 351
54898 59684 322
69792 3012 340
38408 26685 324
71206 18048 340
55694 49067 340
68092 24548 340
8194 6990 252
19105 29866 308
54910 37315 340
38369 79308 351
86075 21671 351
7366 36715 324
65196 71489 325
61108 96376 351
41172 12373 324
3766 13879 276
13175 48037 324
99841 94916 328
33524 92994 351
58299 85168 351
65582 59574 335
35076 26854 311
13452 14971 271
50467 79255 351
27764 51220 324
7497 12101 268
42339 99872 351
32173 76138 340
83153 27476 351
35758 61474 340
87744 12873 351
8635 44504 324
61617 7433 340
26567 91755 351
37026 26238 324
11677 323 268
98952 39938 351
49075 29885 324
17884 63731 340
25197 45990 324
97345 66741 351
8927 50940 324
55150 27692 340
88202 47841 351
29578 12429 308
60276 57225 317
97678 87470 333
52872 80733 351
80993 10502 351
76481 32814 340
5232 64927 340
44962 4159 324
44141 97329 351
48054 97654 351
28091 63379 340
93132 28857 351
56982 62305 335
3847 66072 340
32262 55186 340
37448 80080 351
50709 39890 314
38808 66511 340
35206 36132 324
34336 73454 340
77186 10998 351
7412 17614 276
93317 44135 351
73261 12467 340
55046 68018 335
57071 75403 335
22152 7685 279
19025 57043 340
80697 73493 351
14375 3335 276
10932 95912 351
83579 62047 351
64050 18197 340
75673 91860 351
96357 21179 351
35365 91687 351
29529 32864 285
78131 57528 351
28685 15351 308
32245 55007 340
24132 14056 282
51782 54101 340
84410 87550 333
20349 17109 279
5823 38646 324
62150 36823 340
70343 93994 351
87233 33340 351
4179 29532 308
62593 14506 340
39061 80382 351
46799 81449 351
74744 81545 351
41546 5299 324
2473 46565 324
49969 64367 340
18994 6695 279
60636 99905 351
29282 78327 351
72544 33245 340
67718 10695 340
4958 77578 351
62332 53367 335
11200 10701 268
70552 20251 340
47679 37148 314
70281 53195 335
2587 64222 340
79169 37616 351
94285 58781 351
8316 10469 260
29704 67984 340
20894 35088 311
19601 69890 340
905 28303 308
78607 7908 351
28396 63994 340
61399 88393 351
78976 36679 351
5005 66027 340
52312 98835 351
45568 67571 340
33248 45078 324
78913 79915 307
43135 86700 351
98048 6891 351
50994 48041 296
66084 90694 351
35316 44151 324
69171 58298 335
76313 20089 340
42388 10551 324
59943 28243 340
595 15594 276
59757 79048 351
80506 76718 351
62664 60616 335
1364 506 182
84799 83697 320
47549 78871 351
8592 63874 340
28028 43272 324
13652 983 276
4763 98451 351
84073 61321 351
90672 22892 351
19424 73053 340
14651 24143 282
17183 90030 351
22775 55488 340
33922 27870 285
39943 96763 351
36831 40153 306
52507 86474 351
35788 35837 249
77838 97189 338
97124 9454 351
92187 29364 351
3929 72972 340
67265 51989 340
70471 390 340
72597 34598 340
37981 92385 351
87678 45372 351
87769 85033 333
38487 3378 324
61277 30109 340
52994 6195 340
655 83426 351
45008 82486 351
93081 65248 351
50400 88753 351
36067 80168 351
89726 18375 351
78582 30852 351
7906 26862 308
62254 63921 330
63859 30431 340
20380 71046 340
77067 33593 351
68100 90608 351
54635 98945 351
81545 65915 351
1251 78618 351
10311 18505 279
99337 28576 351
42285 23325 324
6285 42865 324
40386 9201 324
17988 63509 340
19658 81318 351
21467 93460 351
92493 33482 351
37808 66561 340
88490 89172 315
53392 6728 340
18783 52217 324
16884 11562 276
13246 56099 340
24475 85532 351
67738 53809 335
66954 98599 351
51802 97116 351
17862 40743 324
18253 57334 340
97329 95532 297
52852 83203 351
88044 3285 351
82816 27759 351
71768 18693 340
10816 30542 308
30413 20891 308
66257 39656 340
32467 70881 340
77229 69459 351
1251 93154 351
60588 77802 351
19171 51467 324
32734 64089 340
39814 33858 324
83336 89643 333
67118 43029 340
73222 70504 325
3189 85013 351
4717 86100 351
29157 32145 285
25551 94455 351
43801 88230 351
78846 44614 351
54443 15814 340
85506 26706 351
1584 66298 340
46059 60290 340
3908 57845 340
31269 59947 340
79463 97826 333
6737 41382 324
37712 1552 324
2690 78569 351
86203 87236 333
64367 53994 335
90505 90241 315
54040 87279 351
28497 28965 228
12126 64856 340
22179 6153 279
94731 73339 351
31273 25353 308
74526 63255 330
63902 63118 330
51558 78371 351
9839 16828 276
17083 4656 276
45293 25199 324
14795 89832 351
90783 73704 351
32883 41006 324
57147 58711 273
37217 97551 351
20104 20698 243
43410 35930 306
77388 26164 351
50532 40504 314
38557 39353 275
74021 48952 340
99550 29518 351
41087 62392 340
1451 83895 351
1292 4335 238
99917 55741 351
67984 5285 340
55971 11217 340
98916 26045 351
81863 11722 351
94470 93462 284
72507 992 340
12574 32748 308
27290 28791 259
69866 26559 340
56955 84541 351
26015 166 282
15356 27974 308
83164 52033 351
19640 63253 340
51289 95749 351
84474 20516 351
30939 13484 308
41311 44509 288
59542 58237 273
79955 71234 351
23636 48156 324
84118 30470 351
34794 16640 311
66332 975 340
27448 89037 351
99516 4605 351
70723 27279 340
19848 12059 279
54595 47393 340
5539 65184 340
71448 87380 351
516 61731 340
36736 3272 324
31947 309 308
21162 51856 324
83080 18399 351
10999 22292 279
49222 18682 324
11661 70626 340
74077 79721 351
66195 46277 340
84263 63347 351
14626 6049 276
79399 77531 338
39591 9697 324
36537 49241 314
84044 36930 351
68614 59851 335
27335 53956 340
35367 42102 324
67938 36504 340
27509 56444 340
75280 45389 340
9739 9154 260
3623 44373 324
62007 88884 351
11542 52227 324
79789 53092 351
20702 39294 324
3508 59786 340
46320 1887 324
43110 40915 288
1410 58403 340
62195 8660 340
41629 49500 314
22774 91159 351
59067 35844 340
40074 23541 324
77942 2086 351
779 92917 351
55950 52655 322
81102 54625 351
29946 13438 308
41731 93500 351
64896 84868 351
58560 26598 340
78224 85073 338
77064 57553 351
62078 77582 351
65312 98022 351
87001 856 351
70816 33905 340
50904 45213 314
17469 69473 340
76241 51831 340
60484 62449 335
52580 46062 340
71422 43785 340
32909 47789 324
93003 72426 351
42352 46123 314
2472 42437 324
48927 57831 340
55471 86052 351
85459 50670 351
13037 47699 324
9320 84122 351
58274 78459 351
56419 15945 340
9510 61605 340
6761 28313 308
43606 31158 324
46256 77378 351
33565 96847 351
38698 64274 340
15834 84981 351
73715 61830 330
93469 72176 351
11813 50619 324
12012 9163 268
43725 53991 340
78308 12303 351
27857 49757 324
7392 83805 351
34148 2631 308
4498 71514 340
38803 88892 351
93351 26545 351
29701 33951 285
88096 82204 333
11843 78430 351
23609 8165 282
85102 88390 333
45990 83146 351
86183 29951 351
48463 60528 340
63150 82821 351
72352 24142 340
42032 17456 324
38877 11946 324
70315 35301 340
28211 896 308
60645 56985 317
97076 75997 351
36738 20803 324
74129 16493 340
71756 39705 340
47898 88257 351
45117 47581 314
43014 91144 351
78874 437 351
54437 6909 340
53258 9778 340
99811 25415 351
89523 39890 351
1071 16730 276
69928 33138 340
56467 82364 351
59939 9703 340
49243 8541 324
85403 92183 333
15296 36660 324
35479 45932 324
56716 273 340
40738 68387 340
10665 62888 340
1472 33921 308
39244 31682 324
45543 8386 324
32184 25455 308
90265 3328 351
18069 91331 351
54047 4477 340
84004 39302 351
35464 6246 311
10508 21969 279
65568 33270 340
67861 33197 340
52213 80138 351
58931 18932 340
44791 6368 324
1568 95792 351
40531 98313 351
80488 70588 351
66129 33516 340
81728 31475 351
451 64509 340
79713 28634 351
56182 61533 335
79861 37279 351
50437 38044 314
63604 57180 335
87905 85081 333
38614 19579 324
2302 72058 340
71374 67047 325
41351 57411 340
91162 82506 333
70670 4220 340
87895 1955 351
2900 14974 276
42300 52711 340
54458 90959 351
62605 76822 330
87614 61617 351
94003 93320 284
69068 56948 335
29582 19862 308
98441 94814 328
3899 20408 279
70389 3556 340
27475 43261 324
28001 54949 340
71416 58944 335
411 52155 324
87957 2835 351
59912 77447 351
17156 33917 308
26212 14786 282
90402 3197 351
61496 10015 340
7880 66314 340
99045 54482 351
79590 55114 351
63099 13402 340
96642 39233 351
67345 43451 340
12857 52188 324
58246 77902 351
50130 96331 351
16879 83052 351
23687 6444 282
31307 17869 308
84105 5274 351
9306 86077 351
39765 33151 324
54956 90369 351
94245 75470 351
36228 66954 340
4573 6193 262
55141 6623 340
33499 75307 340
12523 77972 351
15345 53664 340
28538 82156 351
58783 66808 335
25781 76446 340
67192 39959 340
66216 56168 335
89121 20885 351
94537 75075 351
66282 77569 351
86441 1394 351
61241 19733 340
28419 34726 311
6525 27500 308
68112 16774 340
54852 43174 340
4916 83607 351
64417 29405 340
16879 3831 276
26763 68248 340
76311 93107 351
88715 63733 351
70181 47748 340
91713 81655 333
67994 44334 340
52876 49021 340
37377 89748 351
80414 63388 351
7621 81124 351
83032 38734 351
63326 6699 340
38730 98475 351
7315 84854 351
8169 65662 340
78681 54806 351
11688 83471 351
12969 52313 324
73092 69729 325
29620 75964 340
32490 78055 351
33672 33011 267
94079 6446 351
87679 86138 333
41318 17127 324
59763 91833 351
26488 73732 340
78929 3313 351
24311 48655 324
11991 42031 324
30823 2085 308
56830 78048 351
49155 91495 351
13103 77204 351
52029 66307 340
40102 37769 306
57075 87952 351
49568 86881 351
79660 57105 351
61448 35079 340
44252 34649 324
67237 28743 340
38429 84645 351
90188 49536 351
37570 17554 324
26857 80857 351
97158 1086 351
25724 683 282
47961 70859 340
85968 48179 351
69458 99962 351
26355 4340 282
32965 9237 308
44834 62562 340
99066 40580 351
60173 69184 335
25804 63368 340
45871 40205 314
16605 1209 276
84949 13180 351
88130 21009 351
91817 55223 351
95199 45332 351
3269 38765 324
22490 82554 351
83610 19009 351
63742 25390 340
98999 27256 351
25460 11881 282
67522 87027 351
7457 52970 340
65429 36785 340
81074 23592 351
25826 44968 324
64896 26983 340
54496 25177 340
20841 11260 279
54550 50086 340
75433 35993 340
72793 88925 351
65336 46050 340
8684 50181 324
91283 93153 333
49410 82147 351
91856 1915 351
48154 93576 351
18506 52507 324
75507 59069 335
74042 61157 330
4627 45809 324
55952 8531 340
87110 86712 333
42420 15211 324
51448 23611 324
83313 16666 351
95094 63940 351
48479 68460 340
82032 87097 333
36311 50341 314
37719 29578 324
19830 99793 351
24294 87845 351
68951 40274 340
67448 29564 340
65331 52462 340
15123 41376 324
63272 74822 330
33423 10183 308
22842 56227 340
32480 63218 340
53703 45692 340
20413 28457 308
57367 20911 340
56951 60237 317
10580 7552 260
3440 27529 308
80538 2946 351
28169 3195 308
83165 3965 351
91253 88807 315
7541 75152 340
54774 76216 335
74220 93864 351
38698 48062 314
17569 79684 351
39446 73460 340
4270 83583 351
57491 62982 335
6442 49806 324
30519 15690 308
93857 13798 351
47396 60434 340
2201 74752 340
53738 19080 340
83547 7538 351
32101 79028 351
86707 96470 333
23212 83965 351
9463 69740 340
25551 17541 282
97350 62374 351
25066 29366 308
61787 59406 335
37625 12190 324
38539 13910 324
940 39220 324
72704 15258 340
53586 43091 340
57740 7200 340
56477 30169 340
32951 17132 308
52900 62422 335
36325 17571 324
9446 886 262
72216 22560 340
96205 24046 351
15838 45624 324
88689 98272 333
93332 97948 328
74033 54338 335
14810 52225 324
56323 33801 340
71794 47422 340
3150 73138 340
56247 96639 351
88505 64188 351
61266 98927 351
34853 28391 311
57069 92698 351
920 65497 340
63753 23938 340
40187 11872 324
35863 52214 314
81320 98487 333
29813 96336 351
30854 29299 272
85117 58919 351
68548 75227 325
46476 49146 314
49004 75142 340
3338 4191 238
649 99870 351
4853 83692 351
87717 98614 333
69184 91323 351
24720 61910 340
19904 84337 351
30737 72476 340
2253 24654 282
76222 1536 340
97290 47788 351
52087 38516 314
97462 65159 351
79371 35459 351
82581 87532 333
83850 82231 320
51556 60110 340
53133 24502 340
81024 82542 320
23326 29051 308
65130 66968 268
28063 74231 340
46965 97069 351
78095 67357 351
47716 62291 340
17630 18738 279
25351 38926 324
12506 27114 308
50715 6685 324
9988 98556 351
58538 44777 340
18616 54891 340
82350 73085 351
29254 67421 340
3598 42874 324
4075 28643 308
70773 49729 340
63112 31350 340
86072 75302 351
89295 33589 351
58969 47457 340
94250 45881 351
45261 78172 351
4837 26242 282
19593 10284 279
64323 8378 340
18382 50145 324
52789 87886 351
31922 58394 340
4494 23449 279
52636 69566 335
33585 6415 308
29327 46989 324
89769 46253 351
6326 34072 308
86039 1839 351
45803 71925 340
38498 17032 324
93238 91711 315
65570 93667 351
74027 33953 340
23 36128 324
51508 7969 324
86633 63614 351
39222 32278 324
3969 21876 279
91465 14353 351
35652 81394 351
84658 27819 351
79370 56834 351
79550 19118 351
38441 74759 340
69503 38841 340
65433 34535 340
5777 86392 351
87412 84959 333
12457 35785 324
25464 55933 340
96959 34626 351
5877 58454 340
45545 48912 314
34341 90989 351
92289 54858 351
78453 63352 351
86620 96494 333
84721 93571 333
26676 16755 308
32191 6489 308
58005 11814 340
29912 50150 324
23762 68289 340
30409 94134 351
92636 30546 351
76669 12438 340
73936 39905 340
48243 64054 340
47648 17063 324
68232 46569 340
1144 13119 268
9875 94542 351
35332 2337 311
28971 76970 340
21478 28473 308
48504 32303 324
43221 67756 340
72463 93686 351
34184 24196 308
24802 62027 340
24289 48095 324
12441 82062 351
85416 64700 351
7944 17000 276
25409 30865 308
75272 97583 351
30156 69691 340
25718 61930 340
84378 14213 351
88779 13202 351
27157 3555 308
78589 59557 351
45487 34139 324
90939 89739 315
5262 17322 276
91727 41442 351
3148 95443 351
8927 30246 308
33553 47090 324
6887 39210 324
32394 51125 324
22492 28687 308
82511 63687 351
41824 45637 314
54605 12846 340
21267 64704 340
24026 90903 351
9302 8873 260
23030 10699 279
22993 93526 351
95113 24616 351
2136 95955 351
93714 34645 351
42676 12457 324
17185 91027 351
72860 11523 340
99269 85861 333
80184 23395 351
91366 4204 351
22061 96251 351
3335 30661 308
33798 97863 351
23290 97466 351
91601 24646 351
88927 28424 351
31786 50542 324
28540 47855 324
75271 66239 325
79063 14597 351
91365 61568 351
63427 7182 340
93081 18198 351
50789 38103 314
62288 90974 351
10179 8194 260
82714 6408 351
99243 98679 328
61757 33802 340
51828 82857 351
26101 9720 282
9941 89280 351
45631 91579 351
70696 44385 340
95768 90784 333
22278 17320 279
19668 30152 308
54244 45059 340
37176 80204 351
91018 71668 351
31768 46826 324
36646 45603 314
48488 18640 324
20037 80325 351
53346 99326 351
21652 147 279
6057 10597 262
78525 61248 351
91093 95289 333
93278 22460 351
52849 52679 247
97203 38733 351
84636 41694 351
14955 25148 282
42402 89257 351
93743 86501 333
86848 96635 333
27473 71397 340
25154 55405 340
70010 93109 351
31202 97414 351
46257 71059 340
19904 10542 279
41459 48210 314
65736 80910 351
84803 65024 351
57089 51376 340
52178 8662 324
16829 9198 276
17518 80447 351
71951 89309 351
83318 32839 351
55345 80217 351
10611 95920 351
72536 15871 340
60327 69312 335
13003 62770 340
40296 22016 324
25152 51238 324
89338 99878 333
26632 8497 308
61597 80135 351
55411 54741 260
14669 64183 340
18092 15985 279
13684 64035 340
29552 97261 351
66507 72041 325
24784 35444 311
55946 62666 335
90574 7901 351
81722 24875 351
37881 1543 324
2359 36576 324
80741 3821 351
31917 80101 351
57274 83311 351
15065 45271 324
21982 83385 351
47391 23848 324
90213 26378 351
45128 3586 324
22967 49 279
85207 55907 351
54697 71444 335
63806 36591 340
74787 97523 351
9779 1333 262
47040 52860 340
38146 93184 351
41990 95555 351
1131 53367 340
86339 61264 351
87169 81062 333
80934 45977 351
78662 83326 338
44309 6092 324
96727 74872 351
27741 22865 308
85372 70856 351
20886 10083 279
66281 39922 340
89952 6873 351
37446 38451 306
81628 50022 351
86477 10557 351
75189 78442 351
96260 16432 351
63079 77348 351
90633 10901 351
33158 34792 311
13347 57577 340
71554 77957 351
75348 77723 351
54463 50893 340
39813 88760 351
31946 89761 351
63300 93786 351
871 26920 308
44538 37825 306
44121 77623 351
74617 69692 325
80922 75361 351
92829 60562 351
98005 32427 351
36302 10305 324
50218 36976 314
95746 22213 351
62820 46302 340
9481 49017 324
37324 57518 340
90440 22945 351
21122 53041 340
68251 42078 340
42889 55129 340
45048 81006 351
9999 14722 276
64507 43045 340
48028 95186 351
33996 23706 308
80063 64918 351
45413 29193 324
38800 72965 340
65678 90999 351
32375 39680 324
41066 45425 314
49843 93092 351
4674 27583 308
84648 87797 333
60708 35343 340
89621 26256 351
5611 98406 351
70324 20138 340
47129 16876 324
24775 27009 308
3165 66420 340
52672 31169 340
60256 64658 335
54133 10221 340
88639 51803 351
51621 16010 324
60098 53840 322
31345 21454 308
39594 1680 324
25704 85904 351
72888 58289 335
84324 86857 302
54167 80407 351
85311 78249 338
56845 92855 351
74907 20363 340
22353 23762 282
26153 89437 351
8957 92676 351
73804 49132 340
12188 75945 340
47833 6332 324
93034 37254 351
37494 93124 351
5250 74446 340
40024 92893 351
43049 67689 340
87204 35817 351
10780 85994 351
52152 38714 314
25509 40094 324
31072 9557 308
25347 92234 351
70617 80879 351
5946 14444 276
41097 81760 351
10209 89066 351
95202 14909 351
88609 82960 333
98329 99554 328
3606 33648 308
49360 71585 340
17080 29989 308
42711 62962 340
95149 19756 351
83338 83511 289
3903 17491 276
25897 47685 324
39350 39364 169
53045 11608 340
93279 47771 351
64379 12473 340
22002 97924 351
18288 20097 274
24816 89901 351
48369 99634 351
11270 81678 351
97209 51431 351
68515 6321 340
60475 54324 322
23891 94635 351
65835 19446 340
48137 39882 314
91463 46954 351
30422 83088 351
55716 50878 340
60270 84124 351
36354 7161 324
27587 17368 308
87719 97065 333
17237 36331 324
35722 4313 324
84299 64369 351
53169 97691 351
26605 66888 340
85199 57281 351
15940 46168 324
62906 73294 330
19623 32253 308
78537 81939 338
67341 7448 340
9168 13884 276
29498 73050 340
66279 43030 340
6711 55060 340
15543 98846 351
7950 40574 324
60830 44092 340
91107 18081 351
97072 96560 253
63655 77961 351
8182 98350 351
57627 66656 335
94414 21002 351
52640 94528 351
56005 59541 322
20945 93826 351
75765 21150 340
78422 748 351
25592 48860 324
2995 71429 340
62126 92183 351
82830 18555 351
97918 21739 351
47806 92356 351
907 73766 340
49159 2956 324
71146 93946 351
33582 51239 324
48555 44992 314
61893 18195 340
49129 11104 324
47144 92349 351
88902 33171 351
30562 53241 340
20744 64988 340
88458 90568 315
58217 82923 351
93523 98529 328
2745 80470 351
25597 26386 246
71986 91618 351
23349 64439 340
50698 73773 340
91685 97578 328
68763 60764 335
12933 36143 324
77969 39616 351
21902 27993 308
59713 42283 340
84364 79288 320
24205 73241 340
94106 17541 351
27110 3861 308
41810 77352 351
72185 50561 340
2511 61584 340
5112 56124 340
41757 16323 324
93730 18217 351
13072 98550 351
83011 8680 351
31186 69559 340
20597 29506 308
68291 57939 335
31966 58447 340
36765 95485 351
41833 73681 340
93656 30712 351
13379 40748 324
63016 62335 286
12074 59944 340
80987 78951 320
27215 19503 308
14014 4880 276
51355 37513 314
9707 82274 351
97642 46593 351
60124 96254 351
56686 44542 340
74397 91256 351
99773 21889 351
90092 31468 351
75881 45969 340
11762 36111 324
14006 92023 351
87311 50604 351
62325 20555 340
58230 73066 335
7697 5880 262
85577 32740 351
46284 70135 340
61632 16850 340
10058 39841 324
22904 84785 351
39113 49956 314
32915 82652 351
10598 40477 324
59938 17754 340
12512 3031 268
7262 73078 340
8954 75805 340
67798 65139 312
19798 17094 279
43477 28433 324
32767 59120 340
99333 42675 351
39770 99603 351
29301 75697 340
38704 68403 340
60511 37366 340
49648 5070 324
67543 54696 335
19523 76366 340
90057 19969 351
71650 89565 351
90338 2830 351
47314 94270 351
6966 43710 324
15930 46535 324
51139 44327 314
47031 49351 314
19096 87223 351
52047 16329 324
15369 59903 340
37790 18522 324
87584 19501 351
51464 98033 351
34068 87523 351
84071 41228 351
1080 28757 308
34109 2614 308
3860 48592 324
43980 71607 340
75852 79885 351
87190 91457 333
77841 472 351
40910 20301 324
33628 75277 340
49593 34446 324
8221 86108 351
27029 55462 340
9577 89921 351
45993 9393 324
98690 20372 351
56616 3212 340
41932 53154 340
59618 55156 322
96552 67565 351
75975 57008 335
53005 8259 340
86326 75465 351
69301 24739 340
46660 55578 340
25144 23614 264
95790 65091 351
40654 12966 324
27308 43508 324
60987 41661 340
28720 21123 308
96761 28229 351
33571 64203 340
53745 41854 340
4110 60938 340
94010 22567 351
64852 3334 340
94542 96871 328
79332 61293 351
27059 85706 351
86854 66536 351
60559 63144 335
53888 4646 340
65083 72823 325
62643 490 340
65659 91002 351
27318 24930 308
15 66535 340
75389 51447 340
67899 88479 351
25618 7868 282
4869 76418 340
20918 6718 279
19694 77186 351
90943 18057 351
71947 49988 340
38626 77811 351
51872 988 324
4781 42471 324
46216 24157 324
12196 21964 279
70150 95320 351
11995 86746 351
68988 41030 340
67844 48303 340
51054 613 324
66263 62720 330
47680 1560 324
46402 89631 351
78018 8589 351
87346 11229 351
12798 707 268
28665 49472 324
83780 10661 351
8480 50083 324
60094 79028 351
18892 17016 279
97889 47016 351
76738 2360 340
29231 48452 324
49971 81919 351
65495 81952 351
4400 25830 282
40401 32574 324
59721 53366 322
87120 66896 351
53774 42572 340
62678 32569 340
21907 76335 340
15742 55722 340
78698 60478 351
89093 90238 315
37738 56240 340
177 20414 279
27489 38610 324
39142 25650 324
6836 17156 276
63664 23085 340
26411 57191 340
37898 97121 351
56155 24422 340
19548 90563 351
71035 37643 340
33020 73308 340
38877 11162 324
45280 84012 351
88694 10999 351
19754 38182 324
90529 88622 315
58420 57323 273
54470 28507 340
62944 79851 351
56303 19993 340
93862 41220 351
84912 14819 351
12295 87833 351
5825 380 238
91786 11648 351
90303 45396 351
47347 71159 340
77395 3661 351
18010 57498 340
69838 30478 340
36231 19904 324
25325 37377 324
49038 68020 340
95794 5436 351
33801 32477 267
55119 94246 351
52289 86867 351
14523 90810 351
50557 52797 340
51413 30169 324
43843 31293 324
82303 38066 351
99805 3342 351
62785 32237 340
46074 20288 324
39341 75777 340
8930 28850 308
41994 71265 340
11590 2819 268
38490 45488 314
58248 21921 340
32970 96291 351
78374 70286 351
88646 13369 351
9239 57307 340
80325 20707 351
50054 21971 324
33696 94379 351
93550 99265 328
83049 24330 351
27808 25485 308
53417 84947 351
56977 63416 335
85476 66778 351
69793 92652 351
70692 96922 351
88187 70640 351
60245 93674 351
2109 95203 351
41961 29462 324
56526 77209 351
75385 7901 340
99485 48120 351
40109 83116 351
54564 29812 340
9709 17015 276
14819 74592 340
36867 24414 324
88616 35131 351
16174 84922 351
39616 23372 324
39615 43172 306
61834 29079 340
3929 25127 282
78414 66458 351
94335 87658 333
20520 84603 351
98659 58908 351
97853 45288 351
37215 12338 324
34374 45971 324
86436 52456 351
81422 68819 351
75602 16074 340
40223 33512 324
69835 85431 351
12548 83250 351
5801 54603 340
88943 17508 351
84031 91323 333
51645 90775 351
8472 2058 262
54504 70723 335
28989 64263 340
14486 15416 271
73681 53590 335
87516 34321 351
90426 36725 351
39071 46396 314
83682 76444 351
72545 56144 335
83185 32275 351
32111 46962 324
57304 97486 351
51654 8134 324
55610 50554 340
41191 46020 314
97893 78539 338
23668 3505 282
93036 10642 351
66307 95336 351
91947 69124 351
52551 35975 340
98058 27009 351
91869 17739 351
13267 70052 340
51616 89962 351
54508 80115 351
21453 85733 351
87133 61959 351
22711 47325 324
25861 2970 282
59182 57535 273
60757 31345 340
74492 88731 351
43813 38375 306
1299 24231 282
98766 1496 351
25596 76079 340
22344 7299 279
24605 48021 324
1155 78763 351
28516 36599 324
71228 49497 340
23685 59659 340
40411 11884 324
90427 10603 351
88517 97328 333
31816 22480 308
62319 5848 340
33107 43641 324
33742 31189 285
15312 60335 340
61324 54587 335
70988 44918 340
7999 58426 340
18823 80661 351
34975 85737 351
9948 49169 324
44835 34510 324
97352 73152 351
34780 2231 311
96081 29714 351
42859 31178 324
93497 6247 351
48167 21031 324
50393 18375 324
48576 34508 324
6188 12590 268
1594 71814 340
3520 75924 340
51527 24384 324
65396 61106 330
41044 71048 340
4549 5376 210
70986 49271 340
9825 52899 340
30246 99445 351
54757 8246 340
80853 93017 333
46991 66469 340
69650 58165 335
52695 29547 340
8272 14175 276
36993 76821 340
6450 3230 262
33636 80368 351
33336 89184 351
69617 80588 351
55093 60691 322
57761 21881 340
85329 50403 351
548 13432 276
51039 33279 324
62911 4526 340
35665 89963 351
19424 26923 308
77310 41484 351
80785 38819 351
66413 25842 340
13696 21471 279
69255 98617 351
85680 69108 351
28691 89209 351
19285 3346 279
11493 23729 282
16348 64354 340
76097 31175 340
82691 60410 351
33739 43838 324
49701 35940 314
74149 64215 325
8077 50780 324
20664 90088 351
98557 43431 351
1212 9896 262
71069 24497 340
21286 11431 279
4471 23969 282
6667 85134 351
79362 85114 320
25044 37385 324
84734 7816 351
35093 80103 351
1976 49470 324
35286 54265 340
70126 84750 351
37306 72322 340
11344 4365 268
28752 75708 340
99893 94644 328
18426 18157 248
42110 26910 324
73476 60119 335
82955 87377 333
32850 60946 340
59955 36427 340
92663 89658 333
58351 32406 340
98600 32773 351
16579 89141 351
71493 23983 340
99027 41552 351
31251 59436 340
86856 4041 351
19409 11486 279
78194 93989 338
42914 77117 351
7712 63493 340
18142 40338 324
44432 84050 351
57917 9765 340
26737 18194 308
6555 86589 351
50559 61602 340
31104 47275 324
36879 26602 324
99836 91425 333
68093 51255 340
9185 63368 340
38381 29740 324
90363 34278 351
70465 96640 351
17963 21658 274
93931 51972 351
51981 62467 340
41909 88786 351
59341 73904 335
4472 58587 340
87018 43439 351
95335 34008 351
7091 23113 279
92605 1441 351
81294 69363 351
79678 28031 351
22524 28632 308
46696 73321 340
88123 95550 333
15676 21228 279
60390 80977 351
1928 10100 262
1475 86189 351
64357 74941 325
61707 56527 335
90114 77193 338
59604 74624 335
91020 965 351
82409 67740 351
50778 17238 324
91069 76626 351
81602 43667 351
61101 83584 351
49285 49982 296
64414 49814 340
4252 55924 340
87916 20459 351
6178 23730 282
72264 29627 340
65928 23245 340
69331 56990 335
37095 3485 324
56173 99990 351
69222 89935 351
14752 82741 351
47388 36312 314
30232 58531 340
1048 71575 340
18133 32170 308
51141 21417 324
85001 49411 351
82216 73110 351
65138 77964 351
39487 27195 324
24668 17588 282
78075 30160 351
71568 59323 335
77382 32482 351
57286 90454 351
41520 94068 351
46569 94235 351
31887 32610 267
464 19132 279
52009 54736 340
36437 79935 351
44765 87271 351
94307 16134 351
88199 4398 351
79313 20645 351
99632 92451 328
78248 34136 351
10543 98098 351
75881 4557 340
64138 64103 193
88947 89971 315
41348 6724 324
27649 42704 324
44341 83190 351
21621 2812 279
42721 12809 324
89305 96612 333
39866 55073 340
17978 69579 340
17614 21604 279
81089 28490 351
24432 34283 311
12207 13172 263
28839 45422 324
96264 96859 297
63753 22062 340
84449 5846 351
72955 77948 351
66058 89478 351
85024 85650 289
33783 53878 340
21221 71630 340
7305 58997 340
91967 45696 351
29364 36810 324
22014 18080 274
20233 95161 351
67650 83088 351
99138 1073 351
61820 81808 351
10032 72237 340
90553 8972 351
69420 85403 351
37754 68731 340
97341 34049 351
20410 66181 340
72162 26721 340
20275 90297 351
51129 84037 351
60890 94734 351
27922 49705 324
60043 35228 340
89980 48851 351
63211 25096 340
18592 65591 340
30774 95456 351
56272 82606 351
23931 2386 282
32523 77851 351
20340 65039 340
27709 21719 308
17825 93713 351
35161 27738 311
56113 42676 340
81596 31533 351
36087 31590 324
99881 4165 351
25458 66384 340
57989 94044 351
30835 72865 340
91979 69359 351
33895 74439 340
68465 53207 335
35128 58672 340
4628 13059 268
26807 28813 259
77809 60437 351
64754 33870 340
53344 24044 340
68862 70879 312
73717 21638 340
15009 48392 324
88449 54919 351
46653 57219 340
65373 64717 268
68123 12591 340
40269 7415 324
73928 27542 340
95067 6685 351
37895 26312 324
14071 97830 351
43492 22468 324
31288 10390 308
47731 88713 351
26209 90576 351
83308 44392 351
80375 98981 333
44491 97630 351
94901 27672 351
25242 561 282
40655 77728 351
81644 89077 333
30111 29848 272
7170 92443 351
57511 3078 340
63164 55127 335
28577 30754 272
99853 22134 351
79475 52067 351
39515 82972 351
70077 26040 340
82942 38406 351
97666 36134 351
84635 97255 333
67072 53329 335
91637 19097 351
50673 54114 340
5197 5636 236
25570 75509 340
11647 25948 282
73321 844 340
11839 7036 268
42249 89612 351
28737 78318 351
457 66548 340
48665 64790 340
61272 50 340
12525 84903 351
7275 12528 268
40926 68375 340
18126 83948 351
26333 27222 308
74489 15986 340
4834 6821 262
5292 93054 351
89077 60857 351
