1 10 20
100 200 125
201 210 89
900 1000 174
1 1 1
2 2 2
999999 999999 259
632154 632878 385
441819 435440 400
674158 682110 385
30546 33588 285
425482 427083 356
976487 983418 427
577478 568410 390
454386 459319 356
700266 691889 442
527819 531872 377
730905 732695 380
138033 129362 344
218765 225872 368
20658 26902 308
163091 163525 246
351323 351658 379
482938 483012 245
306953 300265 340
489476 497291 426
695782 698220 367
941805 943969 352
638955 642460 416
87038 82879 320
576401 569567 377
482410 489955 382
825461 835344 419
487478 484863 382
490684 483651 382
688245 693014 442
880988 873749 432
849948 849874 357
82615 76091 351
389623 395561 405
361179 368692 361
991948 984379 427
805162 807093 375
28882 20081 308
653342 660325 429
284611 283292 358
551465 560903 421
626326 626955 509
277685 281834 358
117821 121752 336
962807 968026 414
605678 603200 372
650623 641483 416
441190 448031 356
623713 615749 372
149741 146522 357
595881 597403 372
394117 396659 405
427643 429296 374
739743 744292 393
156195 160747 370
48432 55867 340
443368 452592 387
146150 150205 370
606563 603883 372
374329 366092 392
187543 190141 360
217341 225093 368
882579 878718 357
331904 338354 366
335110 334243 322
47165 43554 314
470237 464199 413
763317 770868 468
86629 93993 333
324303 323638 291
240709 233877 381
56334 59393 304
85500 89406 333
57436 50421 340
791401 801373 468
501151 491502 426
30669 34290 311
144282 150128 370
896966 889627 370
823805 830249 419
38145 38508 231
851689 857729 419
597094 599236 372
910444 911852 339
746162 747663 362
682598 682815 305
928478 935372 414
913109 907290 476
175711 184698 365
998392 1005817 489
634556 643635 416
549977 557376 421
845093 841619 388
768720 766781 468
481722 480375 413
197783 205150 342
172194 177140 347
722543 723255 380
404552 397711 387
339141 348407 441
499885 494501 395
66088 68621 312
715182 723672 411
489840 491499 320
435094 430542 387
158059 162517 370
745451 744021 318
318813 321964 371
581013 590201 434
28497 35240 311
893680 895938 370
482254 488867 382
605814 611008 403
754419 748180 424
306169 307124 309
229164 235782 443
134425 130970 331
580882 590073 434
927712 928242 383
595526 587272 403
420805 423012 356
37060 37301 262
55322 62009 335
86252 82428 320
39881 36655 306
797818 804492 406
160887 164942 339
280098 288489 389
836345 841090 525
669051 670646 336
492550 500839 426
22727 31186 308
180805 187653 347
230344 239607 443
552818 552103 315
212837 220782 386
286660 291289 389
103310 105983 341
70813 76083 325
811480 814224 375
633258 635140 323
521590 518572 439
509652 518841 470
408153 413199 449
704544 695162 411
141066 134858 344
328242 334427 353
556578 554405 390
264213 272809 407
224827 216562 355
917304 922643 445
589824 598397 403
663648 668905 442
209128 201806 373
251361 258854 363
408257 410125 449
351791 359167 379
382605 392598 436
23951 17784 282
506522 514770 470
393391 394820 405
572276 564202 421
31362 33147 285
261730 271338 407
571592 573387 372
636201 645126 416
598583 603502 403
599018 608762 403
554961 553048 421
550203 554859 421
56461 64361 335
327909 329681 353
971437 966208 458
937000 934894 414
722618 720019 411
207745 215441 373
849240 843152 419
112399 119033 349
922282 931486 476
590096 593799 403
203703 206669 355
224613 229566 368
130369 129289 344
488487 489744 351
58486 61836 335
297316 302718 371
440499 440270 294
906556 903282 445
486036 487698 382
749336 757819 424
110477 118319 349
577483 581754 359
10712 14402 276
981525 984044 383
482216 488848 382
619547 622586 372
886401 887559 445
700926 709169 504
220042 229075 368
116181 116004 199
799046 799259 375
902407 899293 401
310734 316939 384
80547 84576 320
665084 673313 442
263007 260538 332
890372 897189 370
499984 500186 320
451501 445293 387
726319 720315 411
766610 766021 331
130363 131386 331
234870 243466 368
804191 806492 375
710057 716788 411
67287 70679 312
801252 794907 468
698098 688926 442
932469 941288 507
52340 58466 340
359491 361308 410
803662 813435 406
821924 818935 450
378125 385301 379
99800 104426 341
475953 483010 413
413321 420287 387
373792 373434 348
404203 413780 449
316671 324422 371
940289 944649 383
298325 306448 371
924855 917657 445
979297 980585 334
55958 57879 322
593698 598393 372
629421 633031 385
346077 347713 348
739008 745892 424
845353 849859 419
870915 872856 432
75111 85050 351
12952 10860 268
826289 833597 419
828896 820274 419
203325 203786 267
463413 466519 369
557708 561398 359
601538 608866 403
485825 488553 382
837473 840029 525
144626 136383 375
266022 272659 407
986952 988429 396
396039 398944 374
474812 481605 413
253723 258635 363
626036 632758 509
704809 705421 380
526144 523765 408
766132 767814 331
424267 422663 418
510547 510895 333
908729 912875 476
885052 882679 370
915982 925494 445
65575 67216 268
262294 254494 363
189376 194750 360
156879 148910 383
667614 676829 385
174886 178318 347
443995 442776 338
816909 807377 406
443767 447258 338
882958 887446 445
107276 111792 323
922995 924311 370
11217 2210 268
531572 529844 346
159303 163083 370
595823 595218 328
142130 147059 375
754536 755754 362
802934 806691 375
98052 104654 341
423322 422363 325
472557 463931 413
496122 503315 426
162951 166793 352
114058 105500 354
594115 590408 403
601316 605323 403
868769 870766 388
519300 512974 439
94058 90244 333
203585 212673 373
777635 777797 269
958342 948557 414
250208 254391 332
565289 556757 421
419583 420473 343
269165 277094 407
338394 347255 441
891122 892874 326
38217 35709 306
859550 863829 357
201930 208072 373
685299 686187 349
112635 115564 349
673469 666467 367
90487 83395 333
996351 994826 365
722747 714075 411
707235 705913 305
605463 611189 403
52947 59458 322
805889 807926 406
265801 264130 332
577901 582469 359
994866 999360 440
949368 947379 383
223731 218772 355
456447 461255 356
87573 97208 333
648264 640833 416
717494 722629 411
24646 23822 251
42975 48007 314
889228 887885 401
70554 64291 312
373034 372119 286
782635 784902 331
50447 52108 309
383704 379108 379
962785 965579 414
973333 980488 383
298658 303597 371
317063 309401 384
887059 896817 401
508881 509172 377
193274 201452 360
237999 241276 368
46246 54484 340
513852 521621 439
560245 564014 359
400415 393851 405
703022 709691 504
914921 917237 383
585205 590044 359
83839 89318 333
664055 672975 442
169956 172671 334
879876 880022 344
954738 953405 308
816337 818734 344
322480 330369 384
666057 668784 367
994038 990460 352
735031 737703 424
543182 539661 408
141519 147150 375
953218 959687 414
516167 512232 395
937094 930370 414
187637 191014 360
155140 149167 370
82222 85768 320
3275 2076 217
258569 261613 345
27963 31069 272
787496 790750 406
997740 1000072 440
772455 774419 393
437096 447027 400
637577 629554 416
796530 794330 468
400227 397422 374
666095 675939 367
7670 12274 268
957052 965585 414
651490 654871 385
146003 145041 295
748227 744455 362
952684 954839 414
960484 962809 414
543807 542447 359
321843 326736 384
780535 786668 375
918465 927473 476
563900 565760 421
926053 923866 370
303271 294065 371
580525 584540 434
408529 410552 449
937862 945251 507
711378 718656 411
513298 521469 439
462167 464348 351
348807 342462 441
44141 34722 324
682773 685107 380
584164 589593 359
433804 424872 387
144660 153363 370
71500 76076 325
440744 446001 356
158849 153002 383
573774 581772 390
624143 631658 509
895374 898374 370
397221 389409 405
759373 767517 380
900258 902875 401
710214 714249 411
360717 357117 410
322277 327173 384
578069 584934 434
664142 665884 442
153179 143645 370
756874 757017 349
131457 125504 344
187193 193812 360
885979 891548 445
784480 785907 375
874007 879415 432
159580 161646 370
278585 287754 376
184561 191424 360
986336 987816 396
359318 363469 410
361924 367390 361
374477 364573 392
15016 12809 276
716600 720614 349
295869 299941 371
142074 149368 375
455908 457819 356
571724 571964 284
429237 423299 418
793129 802377 468
484771 485962 338
198224 201157 342
584810 579745 434
301716 299032 371
346432 339328 441
732953 737837 424
129197 138926 344
870736 865611 388
971022 971484 352
448784 455766 387
159640 166391 370
741323 736376 424
83703 90515 333
435352 441992 400
578534 583233 359
849092 854145 357
75524 73873 325
902326 909012 445
717339 710221 411
255469 263505 407
485617 489912 382
901675 896615 401
961780 962357 259
999959 1008495 489
670634 670338 292
253957 244626 350
247086 241636 337
606041 606799 328
677868 686132 380
461070 468458 444
670275 679004 385
537620 534587 377
7733 2677 262
289367 289859 327
85412 79217 320
273484 265857 407
590759 591316 359
639306 643170 416
422509 425496 418
640963 640755 354
617280 621228 372
271035 274280 358
613206 621081 447
22666 25615 282
201551 211147 373
649084 656399 385
394370 398275 405
887567 888328 401
577891 572410 390
820782 821785 375
944007 936893 507
120859 121561 274
7550 17318 276
844637 848375 419
667388 677181 385
306132 312099 371
987547 994436 365
658258 661375 354
269004 263889 345
127458 124466 331
895163 903846 401
583924 590020 372
153716 154674 352
558421 560182 284
761157 763912 375
114955 117126 349
979058 981553 427
327721 326610 322
885035 893357 445
231061 233616 368
720096 719747 349
328446 318644 384
960769 961608 414
189202 181802 347
505148 499740 426
797243 806314 406
369147 368593 348
967482 961589 414
350311 354630 379
981435 983813 383
593096 591669 403
954192 956024 383
747752 742384 362
487493 488953 382
706352 704103 504
870364 864894 388
929374 937968 414
996728 988568 365
373839 368741 392
576575 582669 390
80393 81598 320
352607 348021 379
517818 518602 302
977111 971987 383
570195 575478 377
69187 76512 325
915297 918450 383
4682 3827 215
661433 652231 429
994506 998047 440
594498 603176 403
267614 272958 407
406917 404874 405
952736 955920 414
99831 103773 341
767643 776082 468
977744 985753 427
754471 752399 424
124369 121716 336
459022 460524 307
823430 828162 419
653546 662908 429
284815 285285 376
878079 887446 445
655649 663882 429
638672 643019 416
537766 528953 377
93207 97869 328
292102 293742 358
759965 757945 362
541796 542297 284
127231 124304 331
390531 400281 405
962433 961200 352
833762 840796 525
253918 259653 363
512480 519777 439
693187 693344 349
580270 585499 434
898744 906335 445
515108 523995 439
946139 937639 507
781055 774939 437
111484 113032 323
166583 168555 321
157571 160563 370
30698 35566 311
165417 172388 352
156155 164555 383
389027 380312 374
16758 17527 266
252819 262815 363
937255 937070 339
290105 293093 340
739451 743657 393
765370 768414 468
376888 382705 379
887612 881707 445
208154 205258 373
205 2517 209
609542 617425 447
882712 888485 445
236303 231751 381
435244 434644 356
344499 341181 353
72681 70470 325
823959 827460 375
93877 85622 333
451319 451362 263
152632 156256 383
770510 772212 362
880244 881086 326
747862 744495 362
513087 519787 439
915380 908154 476
795098 802055 468
636033 642071 416
224750 234651 443
921897 923141 445
406675 409504 343
657989 654423 429
401662 406244 405
148768 158014 383
728178 733761 380
95983 97575 297
327330 331385 353
691647 687075 380
571365 567064 377
843578 851264 419
460633 462199 444
130626 134303 331
324632 317923 384
297011 306234 371
887981 890740 370
364801 357647 410
751980 744079 393
526695 527462 377
656519 654200 385
9293 15979 276
625189 628506 509
233687 240592 381
946354 953298 414
787288 796542 468
781415 790386 406
782731 790564 406
885616 890705 445
233517 232832 368
420989 430005 418
151254 161162 383
980884 971698 383
758810 749355 424
243588 242546 319
209292 216856 386
254571 247573 350
885155 883333 370
226845 227950 306
25223 28357 308
829254 836673 419
399337 402031 387
342206 342950 353
246858 251330 350
969632 960300 414
30223 30025 272
658095 666622 442
806494 808837 406
397466 388361 436
644519 640884 416
166346 170497 334
512429 513911 351
475422 476931 307
345151 337726 366
827506 830438 375
569620 572697 377
267807 276730 407
388218 381985 361
989657 985720 396
680100 670427 385
551113 556093 421
73050 81807 351
111609 103357 354
21464 28770 308
463693 466602 369
368953 378700 423
180669 177398 365
322509 331356 384
555382 561317 359
653613 649273 385
927904 924622 476
648721 645122 341
371137 371706 317
644307 652763 385
720510 726006 411
332171 336719 366
243538 247428 350
476411 472206 382
198684 203580 342
404874 399880 387
438757 441038 356
554367 560974 390
919374 929082 476
150991 151715 295
669614 674518 367
244973 239482 368
873765 875898 432
638990 633528 416
984473 994164 427
616342 620243 372
842898 845230 401
616230 616618 354
964129 970113 365
61622 59980 335
404000 407507 405
136885 132244 344
502433 510182 382
591960 600461 403
565628 558931 421
751855 755147 424
498505 499637 333
828591 836079 419
919258 920606 432
415061 419676 387
218713 219309 293
807085 809293 406
946872 939386 507
741400 749450 393
234902 237786 350
302256 293038 371
664552 658726 367
363939 359291 410
16039 11892 276
975542 981132 427
526734 529660 377
504334 498287 426
390876 386529 436
318012 309438 384
678418 672024 385
470410 464057 413
399070 404276 387
761223 755690 380
596010 591576 403
657797 666071 442
303906 306930 340
680979 673985 385
920161 926122 445
243473 237701 368
148734 151348 370
506176 510574 382
695573 699831 367
633125 639123 416
725636 720940 411
241547 250750 350
585659 576106 434
622554 631800 509
885712 875924 401
256081 264239 407
460822 463285 444
949136 955470 414
927184 932343 383
361851 364611 361
149192 156463 383
980711 982820 427
332362 330427 353
983403 984913 383
372882 376996 423
746504 748665 362
177133 178742 347
813617 815319 357
292435 300584 371
239815 248585 368
42026 42104 226
366794 359901 410
727748 726730 349
448868 442787 369
391737 395870 405
394800 403842 387
743678 752955 393
125989 116128 336
960014 967208 414
95833 99281 328
795218 800718 468
289616 298176 358
3741 1541 238
57441 64349 335
400875 395410 374
735682 734160 424
651103 641263 416
623966 631671 509
263023 267449 407
123959 125391 318
853479 847308 419
434611 441276 400
29970 21426 308
955917 956821 352
213411 211837 355
476568 478688 382
738028 743438 424
379421 379636 242
34161 41521 324
521798 515592 439
53926 63400 335
777489 779972 437
100286 102659 310
681428 677633 380
128912 130263 344
937157 940239 507
290407 293198 358
990391 995106 365
603868 609131 403
885049 885413 357
843247 834585 525
105207 108211 354
687196 687826 367
159421 165466 370
444993 450926 387
812654 821718 450
35516 33480 311
412983 421408 387
210726 201073 373
816426 819997 450
623456 623319 248
440724 444198 356
305236 304831 278
897479 898228 339
793269 800148 468
604666 601697 385
747491 753886 424
33422 25738 308
191945 189978 329
461977 463225 369
364858 365820 361
323057 329089 384
274881 266786 407
922035 927139 476
532331 537101 377
442686 436367 400
642883 651374 385
263849 258781 407
434812 440579 400
777190 784820 437
205483 214477 373
339361 329837 366
46996 56175 340
532763 535867 377
488236 480892 382
262436 262150 301
64841 57113 335
403950 409673 405
552555 545786 452
389787 382772 436
573425 581361 390
280261 282006 358
327968 336265 366
295471 296368 265
651857 654611 385
882081 886382 370
676429 682413 380
286725 292375 389
82672 78691 338
601482 601509 235
882344 883714 313
128186 132182 344
759453 767785 380
206845 216617 386
959345 962012 414
931169 937193 414
487809 482967 382
114484 114287 274
186432 188719 347
236062 241970 368
531177 539930 377
447797 447751 219
995491 1001272 440
51572 52417 278
176036 183168 365
371795 366269 392
52934 59902 322
955813 952363 414
396519 395321 330
111378 117929 349
70433 65082 312
279638 272946 389
358411 358995 348
212704 215642 373
200107 206245 355
577732 580730 359
749610 756902 424
481330 486570 382
380673 383341 374
353471 347299 379
469472 475979 382
510345 500461 426
669366 674584 367
767730 776701 468
127541 124131 331
323315 317318 371
207031 203973 373
564811 557390 359
485639 488815 382
168979 168120 321
92268 102243 341
807340 806889 406
93398 87932 333
98717 108628 354
728483 738412 424
71452 67489 325
488653 479366 413
95940 104913 341
523921 530205 408
465329 466167 369
124491 116927 336
275117 276362 345
21383 13646 279
829806 836619 419
744925 751944 393
689188 693533 442
872047 881739 432
981467 984622 383
314359 323248 371
540003 536169 377
884168 888244 445
762982 769079 468
990863 989110 352
555741 562984 359
562331 565839 421
886372 884603 370
445200 454611 387
724581 733015 380
499185 507360 426
255094 261374 345
966770 970750 458
450821 459031 369
880315 871276 432
321563 324990 384
500952 506788 426
65829 61275 330
265708 271994 407
551322 542656 452
819 1475 182
626597 632650 385
667619 658535 442
899212 907228 445
246175 254105 350
171513 180997 365
999853 996552 440
141743 140699 282
729363 738118 424
372365 371003 348
696407 686784 442
352465 356456 379
553284 561179 421
396296 390533 405
547902 540284 452
633180 639502 416
964728 967534 365
22802 19327 274
931979 931073 308
773825 777603 437
532665 542606 408
813389 814839 344
382320 388236 361
998768 999020 396
413443 417895 387
217357 218312 262
115829 119519 336
158246 167476 370
617817 611533 447
129838 128106 331
727378 731816 380
878537 878393 189
489206 489119 245
444829 442962 338
787473 782126 375
709107 710543 380
545597 547899 452
766590 768392 468
814051 822708 450
738134 730817 424
606872 607773 341
102891 108817 354
96637 102245 341
900693 909081 445
896964 894263 370
115566 125029 336
356083 355016 379
361783 365601 361
879134 882132 357
321297 313550 371
754987 758824 362
266519 274234 407
700066 707590 504
348018 355355 379
95430 97165 297
93100 101549 341
750212 752954 362
476561 472070 382
857735 867344 388
708222 717538 411
317093 327044 384
811894 802083 406
563726 572532 421
997273 1005888 489
796193 800159 375
263516 267859 345
341762 341153 335
663299 656921 398
430311 438398 387
912229 912638 401
406016 408683 361
195676 196882 329
953196 949815 414
