1 1 1
912818 930817 476
31586 690097 509
542872 916947 525
530073 621668 452
453040 817774 509
274504 929532 525
99169 698201 509
460327 606305 470
970008 983480 458
217181 400168 443
846514 981913 507
11739 528623 470
772800 840528 525
492969 990921 525
608585 900565 525
972186 982808 427
494904 814594 509
510856 914192 525
847612 986950 507
935317 972746 507
49760 632812 509
55828 393669 443
544055 668794 509
351156 923171 525
42507 56124 340
470863 981129 525
532402 868621 525
674582 941785 525
87210 717526 509
94363 545760 470
952139 966957 414
70919 990393 525
508393 530691 470
966278 967409 308
127601 335463 443
383762 785242 509
216451 572048 470
158694 344469 443
131068 160404 383
768161 917636 525
94558 616444 470
893911 985806 507
165465 270237 443
600863 913954 525
101572 105041 310
484045 707810 509
205578 581386 470
880004 888381 445
285344 709687 509
905627 985348 507
224873 605813 470
652738 982111 525
460766 981339 525
450032 916353 525
620321 757660 509
475068 712013 509
883428 938420 476
586395 707404 509
180277 533539 470
267820 985846 525
724575 802457 468
463963 601043 470
802644 995869 525
826446 965970 525
47084 376784 443
830417 948500 525
215947 433944 449
640867 748622 504
98554 153104 375
857277 905666 445
683835 795372 504
645582 814242 504
843038 891089 445
496599 874314 525
292876 648567 509
211078 240154 443
92854 505460 449
886418 950982 507
313506 401249 441
82744 545065 470
27229 830368 509
340693 925612 525
601265 618154 447
932330 998432 507
290171 525322 470
332375 602372 470
447771 655138 509
928501 949638 507
499598 761298 509
420233 916751 525
109848 531479 470
572603 577684 390
102215 228714 386
363975 514424 470
783951 994095 525
183857 612572 470
428260 878042 525
392374 971972 525
307230 670152 509
582091 999953 525
719789 921767 525
744689 767629 424
15927 301595 443
296527 882655 525
642466 670576 442
458688 919194 525
150491 731234 509
327682 370611 441
894686 989799 507
833024 894884 525
81613 885813 525
263989 470379 449
577510 707391 509
884595 950038 507
981820 989903 427
675524 982661 525
697588 848346 525
676190 741202 504
829932 936640 525
594737 893607 525
660863 982808 525
161008 590849 470
861601 951805 507
109445 627581 509
340434 650067 509
191406 468391 449
292640 718610 509
611368 775723 509
772486 830120 468
270484 413080 449
762699 848030 525
176619 998619 525
778070 787858 437
74854 216193 383
869145 890081 445
496947 551979 470
509173 647142 509
270698 740516 509
81760 547861 470
1505 36783 324
459405 971223 525
114612 693830 509
800681 950690 525
326479 864709 525
439884 626199 470
724106 949799 525
500945 613404 470
760432 861688 525
530741 560368 452
418420 808822 509
815151 934097 525
100354 425396 449
856199 924239 476
25522 311099 443
537140 880441 525
377722 450455 449
1212 951760 525
323222 810567 509
503980 882297 525
62301 547991 470
909652 919399 476
239357 992649 525
738231 740164 424
864729 942857 507
531276 934499 525
574502 664100 509
173573 508128 449
653698 695970 442
920979 952795 507
79844 531647 470
899846 977029 507
152772 832485 509
443467 782013 509
28282 254797 443
62082 995933 525
701412 977503 525
174800 603088 470
678879 990729 525
917265 991353 507
990614 995169 365
479520 551041 470
503351 653274 509
628237 639183 416
877749 898480 445
582666 783397 509
203141 313932 443
245433 302334 407
731390 972665 525
488000 584807 470
469226 950739 525
906912 992104 507
531209 851587 525
138421 756293 509
395405 918096 525
911539 936479 476
615731 755233 509
223790 914107 525
903834 998572 507
543472 804579 509
20974 466817 449
70003 367222 443
252093 335665 407
529288 638676 509
78754 495643 449
635799 951174 525
664091 787718 504
188293 249933 443
82216 740900 509
635122 906371 525
605153 616226 447
412028 480207 444
635309 838514 525
815145 864538 525
82911 347713 443
953986 958314 383
407561 790620 509
349975 606543 470
543516 740264 509
690939 862486 525
547051 660203 509
763290 837138 468
89596 438840 449
427817 636846 509
742058 935137 525
453753 748582 509
835811 994826 525
675993 878369 525
92843 670333 509
598960 665706 509
968478 972380 458
873832 888864 445
560010 751528 509
697394 775313 504
503534 946139 525
654954 839696 525
276313 534662 470
186088 704134 509
307578 934454 525
185336 572029 470
968195 995308 458
280492 310890 389
680249 733325 504
700588 920197 525
976593 987358 427
742751 992491 525
446183 503549 444
417687 998319 525
840286 897913 445
181680 718987 509
18315 384044 443
100887 976560 525
873263 979086 507
209525 566704 470
264060 266292 332
678530 746908 504
938090 993192 507
647688 840407 525
199418 813638 509
175203 399315 443
428598 738425 509
318476 742132 509
130611 155129 375
820379 886030 525
33022 401459 443
451315 559953 470
490295 975893 525
617813 965471 525
575682 991610 525
342878 400633 441
559851 712904 509
380647 450946 449
19971 504432 449
158213 566583 470
291203 371085 441
466502 967806 525
752105 797978 468
203497 550867 470
487528 834752 509
26698 528107 470
489197 577810 470
304397 577719 470
726095 744403 424
725186 997364 525
128686 155289 375
707218 909093 525
596042 872991 525
394718 879388 525
878950 889976 445
238253 644229 509
128102 552709 470
445011 618788 470
20429 517031 470
41428 761410 509
355102 777513 509
47549 845514 525
448740 979308 525
841261 893755 445
121977 255825 443
207782 895251 525
642035 903792 525
867817 891704 445
207850 816051 509
275830 882580 525
123719 437959 449
222151 339615 443
491534 963595 525
7425 972695 525
234602 310054 407
672189 881066 525
846630 969864 507
604043 978406 525
831015 961999 525
213348 252690 443
874356 896308 445
402120 848134 525
876894 956300 507
349741 511007 449
603987 840828 525
293897 695347 509
529858 819463 509
648157 735341 504
977039 978015 321
940597 967215 414
564947 815649 509
576052 940242 525
129397 675269 509
245343 596252 470
543451 816879 509
573159 970330 525
744594 956027 525
31010 996064 525
12769 556863 470
763824 865577 525
67394 821266 509
869417 957249 507
413897 537394 470
416654 462722 444
659033 843988 525
343444 821676 509
725458 872706 525
696309 889131 525
502182 993977 525
237739 521352 470
530558 784526 509
193677 556633 470
287313 380063 441
721266 769349 468
505609 881620 525
17431 994051 525
755999 757826 362
56793 405767 443
95433 578595 470
132811 441896 449
556628 964361 525
25717 277723 443
444906 770688 509
419961 533296 470
23085 479145 449
20649 364742 443
486908 820056 509
739926 886480 525
827824 845609 525
830384 908271 525
246137 976021 525
309752 434663 449
814170 852572 525
427137 963881 525
327631 989208 525
397671 859719 525
573504 709489 509
258820 350714 441
532749 603443 452
921273 960784 507
909270 922624 476
950704 955611 414
512672 790607 509
407616 565851 470
606190 813283 509
897540 931820 476
384839 636346 509
875078 921707 476
823823 924181 525
250705 546527 470
514695 866370 525
364430 699301 509
933685 957041 507
908484 950238 507
100549 712620 509
303748 822990 509
612740 621926 447
671233 957965 525
688631 917804 525
815999 869362 525
933901 971264 507
109121 851419 525
6560 599866 470
790263 869900 525
107687 761437 509
474660 551582 470
139628 240554 443
533007 750758 509
285814 844442 525
273452 433041 449
382245 814890 509
111531 782137 509
488792 619619 470
23780 654980 509
901978 955607 507
475192 711422 509
801915 863441 525
96659 476847 449
495183 794794 509
596959 927043 525
439642 792518 509
697707 989744 525
712898 801067 468
791724 869001 525
326138 393313 441
873560 910531 476
974284 979912 383
249659 779792 509
12928 242632 443
81600 302123 443
54111 876401 525
42735 106328 354
37437 243456 443
314069 612211 470
602623 651249 509
474853 511881 426
191709 426332 449
68607 257961 443
736076 924476 525
254298 919453 525
330298 624735 470
331609 888454 525
427876 565869 470
772470 949995 525
889232 969846 507
205412 401201 443
976689 986100 427
684042 823868 504
364941 930748 525
866672 908985 445
864479 922990 476
121390 937275 525
330543 870479 525
259946 511745 449
713537 748068 424
753975 815183 468
503118 587615 470
663195 997955 525
856437 921680 476
994144 996327 365
894595 938538 476
988529 992461 352
605656 972888 525
401394 430002 449
45235 937120 525
759280 818545 468
611672 795482 509
32371 435978 449
161084 346695 443
311566 930906 525
521716 813000 509
901358 983469 507
278903 471731 449
772442 904644 525
405614 989012 525
576888 849465 525
46210 597992 470
758917 768331 468
78367 245360 443
67477 307106 443
936975 991863 507
733207 813131 468
647605 721373 504
689672 745796 504
418247 592017 470
890535 984660 507
161415 472215 449
281939 861528 525
486211 595503 470
719614 728253 411
948601 973607 458
985639 987393 396
583095 710273 509
722134 766594 424
826931 850807 525
538867 557051 452
773417 877606 525
497580 727255 509
1495 394284 443
49507 403503 443
156051 411197 449
496201 538414 470
322364 331377 384
166919 340574 443
113553 817652 509
38013 142212 354
862225 972823 507
775672 947942 525
965118 999331 458
265824 344935 407
866126 892922 445
145256 168142 383
924324 944309 507
499312 858244 525
135703 262868 443
275266 922067 525
633880 937892 525
493321 505444 426
791872 823246 468
77060 659271 509
34285 760061 509
5496 908400 525
562053 939106 525
951761 969140 414
180155 657487 509
10070 193921 383
182723 315450 443
446234 840047 525
825814 962036 525
203892 650843 509
811134 906152 525
575210 829315 509
835563 930043 525
908017 988668 507
301143 902867 525
471136 971718 525
56686 821997 509
658971 839062 525
396014 885918 525
851518 913660 476
353445 885761 525
323642 907876 525
855578 886570 432
689475 990546 525
972080 986049 427
376994 499895 449
908218 981337 507
488246 920241 525
319407 981858 525
903333 983526 507
567062 716057 509
663887 957549 525
959668 977652 458
587268 646958 509
243546 936623 525
214653 600913 470
299891 768598 509
439479 595963 470
662607 951730 525
482866 861008 525
633359 773175 504
890428 970880 507
874494 911399 476
809504 843992 525
881152 968161 507
671435 978070 525
569476 798137 509
728481 925613 525
845494 962521 507
225158 489759 449
134225 892834 525
474263 500403 426
142863 971266 525
291247 773440 509
918132 998287 507
977947 982994 427
519035 731088 509
628965 889088 525
879256 967145 507
377825 770504 509
875802 941461 507
375906 403835 436
483315 681969 509
383687 424198 449
917350 974404 507
415903 582661 470
379459 403148 436
735354 803940 468
863027 982374 507
518175 718765 509
784136 800050 468
796501 948525 525
343671 801503 509
296911 523882 470
626373 770659 504
54845 973849 525
464510 980780 525
914679 952039 507
560159 654617 509
397152 604024 470
321269 321697 247
374915 537861 470
324997 799486 509
387033 412881 449
389842 964204 525
867325 919576 476
291415 372129 441
329723 351576 441
100384 714645 509
546365 683115 509
212249 756755 509
680448 856593 525
612226 875422 525
91483 957930 525
293386 737961 509
243698 964677 525
939795 992702 458
574095 998137 525
747196 920982 525
7082 424151 449
240429 978672 525
136973 914454 525
124775 175716 383
437244 553172 470
253063 738262 509
729838 849513 525
953441 955355 383
272878 976158 525
360812 384660 423
836996 887107 525
130271 584372 470
220194 326937 443
509953 679011 509
412073 461814 444
268869 495029 449
100846 313405 443
826027 978164 525
417727 889639 525
83554 379504 443
432589 589144 470
391637 815829 509
702412 758032 504
43943 186584 383
976930 978905 383
875375 947282 507
549697 746609 509
533766 958006 525
396177 528674 470
651843 802269 504
81309 354262 443
580780 708460 509
358218 922628 525
744696 823301 468
611742 846140 525
840672 919757 476
92648 459152 449
93829 562937 470
312177 528064 470
153265 389170 443
53764 535080 470
149209 536305 470
266258 688743 509
621215 711866 509
861155 953333 507
790729 802511 468
409595 432602 449
24456 919629 525
427420 693393 509
701533 708485 504
80918 142632 375
439720 821732 509
169443 883227 525
773450 809925 468
360718 975576 525
676276 799586 504
534354 595123 452
385332 624267 470
791880 931457 525
460588 888210 525
429296 590803 470
834755 846870 525
986397 991419 396
766101 924884 525
681872 699498 442
523325 955756 525
86850 666896 509
584916 708499 509
392495 437808 449
566749 939024 525
918355 974916 507
400542 976819 525
554757 571048 421
549336 672161 509
143416 580884 470
596247 647175 509
534142 746428 509
439555 794602 509
158883 665337 509
805148 861865 525
955109 997311 458
18036 577510 470
953850 976818 458
329265 497041 449
407621 456404 449
935726 988676 507
728661 812706 468
276572 448641 449
753747 785002 468
689887 922307 525
75035 995042 525
162647 682839 509
502335 562004 470
594741 940997 525
140608 347638 443
915009 986682 507
933549 995369 507
828252 983852 525
50681 566167 470
692203 873711 525
278561 461468 449
208905 714584 509
472395 917278 525
500102 633925 509
421956 978315 525
537195 963587 525
956878 967202 414
285710 995272 525
560061 933118 525
68611 318519 443
621813 987634 525
770328 787657 437
461872 550347 470
592747 778354 509
823742 908588 525
102740 378454 443
342572 378371 441
378248 821714 509
783777 953442 525
225754 831889 509
8640 130816 354
972437 972498 246
942611 982991 458
31034 916575 525
418449 797996 509
226596 385989 443
660644 705728 504
556635 612615 434
138395 785950 509
29813 641992 509
315087 705750 509
513038 724616 509
948195 989045 458
188796 860346 525
486622 732891 509
222270 897187 525
162867 619642 470
405990 544943 470
568812 985473 525
616559 787061 509
72698 881134 525
108568 602504 470
635244 673611 442
558823 977753 525
915520 941286 507
820848 969325 525
22504 202329 383
836624 982691 525
633509 759751 504
184297 215317 373
803744 803889 269
990742 994786 365
440893 634133 509
409459 988939 525
919926 969313 507
432544 973112 525
97485 409121 443
458557 558134 470
692279 915426 525
925572 946828 507
261026 621545 470
922840 989112 507
214704 465403 449
835293 924070 525
875471 882342 432
504244 573928 470
207919 513348 470
439823 529185 470
229747 381265 443
603358 664911 509
671702 744155 504
533222 897238 525
286921 866048 525
654461 704801 504
383852 813208 509
189421 220975 386
881411 920982 476
300528 350115 441
545586 795192 509
655372 790832 504
686558 981243 525
525757 872363 525
666999 946098 525
78984 99149 333
267426 923893 525
89775 370030 443
514005 614529 452
207819 968261 525
490950 914458 525
83336 179636 383
425820 895797 525
511046 642029 509
252437 584239 470
615963 727578 509
574272 831901 509
741448 834521 468
313505 339965 384
692952 768354 504
6113 971957 525
683 612601 470
854146 934850 476
931605 982470 507
662721 909778 525
697118 754232 504
106004 193301 383
373599 794375 509
33320 258749 443
126244 730256 509
977428 994728 427
311400 627696 509
222675 939879 525
24819 614678 470
651486 927241 525
645787 843291 525
685122 832678 504
787382 977694 525
174554 262842 443
907102 934874 476
655049 725160 504
889990 900892 401
885963 971710 507
402103 703205 509
574714 670907 509
379178 524166 470
709177 833605 468
296584 719314 509
723342 818020 468
407547 632017 509
506786 903436 525
649243 846928 525
564531 821207 509
125292 704566 509
977847 989449 427
593932 684015 509
601636 603224 385
471560 759328 509
526785 882399 525
938666 951319 507
199808 944849 525
669401 710944 504
655886 988480 525
761373 841283 525
69886 334621 443
727390 903300 525
769734 973851 525
180667 674367 509
226797 661335 509
325174 950656 525
212610 696765 509
702172 744135 504
217546 881698 525
846871 855075 419
968042 971662 458
88888 373034 443
50164 773131 509
445894 665467 509
986610 995815 396
454780 891201 525
687745 989504 525
707745 918706 525
928300 972131 507
54624 872290 525
197701 990519 525
867901 937891 476
920974 954028 507
47948 704251 509
547006 999625 525
280126 703785 509
751126 977378 525
135973 349919 443
240624 642441 509
437106 909313 525
895533 908137 445
485665 921017 525
52388 491292 449
335972 978031 525
823502 825500 375
17484 520799 470
477765 616312 470
83838 378759 443
32823 919917 525
887405 912892 476
929642 994428 507
319128 728268 509
994698 998428 440
398329 977108 525
359393 645510 509
339170 614312 470
94896 312694 443
814798 946172 525
938776 967489 507
828478 967875 525
217368 886831 525
483516 914911 525
8802 75916 340
200022 947166 525
84501 131326 354
810350 986600 525
636222 978263 525
769732 926385 525
105165 187739 383
631055 933489 525
437159 534931 470
163979 899656 525
25511 423876 449
138382 789469 509
714896 846856 525
144067 169049 383
965086 987930 458
444960 573580 470
855120 924385 476
931776 998108 507
226494 689266 509
162938 252851 443
362676 518572 470
432750 526839 470
661892 667453 442
510548 569963 470
991220 992331 321
627956 974294 525
166513 719199 509
258679 997823 525
157370 860474 525
352541 972308 525
318192 825962 509
246861 342658 407
947105 978646 458
898459 975157 507
639674 768988 504
226515 381155 443
982124 991516 427
793984 812398 468
895192 939851 507
967571 981901 458
512358 564607 452
215285 793251 509
949593 972930 458
819625 844128 525
484165 988776 525
630220 924646 525
52527 367363 443
730434 835730 468
405226 702444 509
509874 923251 525
96830 771549 509
16486 605560 470
368362 737738 509
518663 681704 509
532411 878720 525
440852 810904 509
44803 485410 449
817866 937477 525
724908 838866 525
345344 848256 525
971646 997714 427
310034 597007 470
955323 983106 458
987310 997250 365
658095 855226 525
564941 827612 509
606986 608160 403
154141 835855 509
215689 765851 509
706660 947885 525
50817 638577 509
872798 915314 476
42778 453368 449
347886 368001 410
737122 856960 525
448328 864824 525
274814 799635 509
331 748494 509
559050 566648 421
945142 951569 414
781571 798870 468
677010 880199 525
693552 795089 504
768508 899472 525
389123 394991 436
914717 929954 476
111872 134816 349
512386 755288 509
124623 341440 443
19116 561267 470
935759 991344 507
515205 809985 509
179845 809973 509
444153 898100 525
