710729 729663 411
890361 950436 507
575825 989654 525
180422 896676 525
881689 999806 507
636650 915438 525
227566 492535 449
676181 925750 525
854584 982204 507
6740 748911 509
238440 820441 509
463696 993878 525
894687 914341 476
299265 328379 384
786229 819831 468
743464 961185 525
656555 859476 525
630145 969605 525
231272 840582 525
374865 680710 509
857664 960219 507
433301 741054 509
830171 913365 525
443332 673119 509
598041 778292 509
499098 952105 525
881756 961871 507
917832 925400 445
234303 724141 509
142598 768510 509
387455 976034 525
490284 808866 509
284916 702891 509
108416 427907 449
842184 965420 507
642339 741957 504
206103 318367 443
515862 571725 452
303983 964201 525
321609 875165 525
676034 730096 504
697200 805117 504
399626 882355 525
958434 969891 414
442158 848584 525
195604 762842 509
108695 213352 383
177271 553787 470
480747 979247 525
336178 786690 509
695495 973076 525
597411 798939 509
440377 521781 470
345833 473475 449
47100 917753 525
115676 258188 443
474993 573911 470
761645 872109 525
276945 631222 509
62948 523630 470
796715 944682 525
771300 880998 525
994735 999332 440
217076 311672 443
420411 840200 525
27983 209627 383
225538 989996 525
591999 785317 509
434964 482703 444
128596 148534 375
260155 296408 407
742325 912895 525
5036 603786 470
542554 678807 509
628487 879727 525
374289 444328 449
903801 926705 476
622262 727526 509
64867 537916 470
914976 995833 507
763961 842178 525
283059 867211 525
384764 766130 509
383286 812158 509
217195 650567 509
72625 365983 443
612887 758658 509
630513 669622 442
232798 870542 525
361613 700761 509
415615 645876 509
630985 899176 525
469059 800019 509
597874 606376 403
667079 831463 504
522079 696807 509
976646 990344 427
338706 410820 449
433202 711431 509
279145 337981 389
117219 192911 383
654737 961173 525
306452 752110 509
694202 717265 504
209502 632605 509
173637 673417 509
907404 988374 507
318496 973114 525
261602 998191 525
385525 414478 449
800816 985363 525
947812 955407 414
105794 180152 383
609059 823704 509
172824 574655 470
228970 935588 525
67044 790518 509
604561 865539 525
542776 685169 509
311919 552504 470
45686 681560 509
470826 693380 509
204593 822436 509
273169 393374 441
4398 433800 449
611969 803227 509
971287 992993 427
120498 165114 383
323833 364869 441
287968 405681 441
647285 721405 504
388196 661456 509
705752 987646 525
632498 932495 525
82041 122662 354
547520 754762 509
997064 998730 440
75226 813172 509
808993 942227 525
347137 869713 525
181045 708122 509
45039 434250 449
404356 673444 509
845638 957381 507
167431 704228 509
400553 707725 509
482320 961595 525
767743 820375 468
560725 764882 509
429311 904071 525
31596 104991 351
434421 902479 525
745466 763264 424
772651 848457 525
127077 703388 509
790924 936407 525
613297 843670 525
116562 487222 449
54777 719742 509
12534 449775 449
966390 969250 352
163770 875662 525
523087 991537 525
373196 834457 509
676672 681726 380
764722 926026 525
16390 486550 449
817247 948978 525
58701 693609 509
671164 806516 504
873010 959280 507
871533 894767 445
770471 969690 525
259716 399252 441
101133 951808 525
426131 737923 509
527538 995431 525
921533 943815 507
867256 892362 445
323516 374763 441
409449 575683 470
946967 992641 458
381331 518518 470
863501 958295 507
421943 474083 444
670837 808074 504
652464 692856 442
38028 791126 509
806048 972269 525
521269 959924 525
581687 940912 525
655155 883336 525
976948 989235 427
892021 972801 507
588890 683415 509
809582 947506 525
90312 138145 354
211456 769728 509
240498 502913 449
230888 731269 509
434223 776910 509
860850 988483 507
633894 772526 504
367595 599479 470
460040 530022 470
877610 904153 445
840655 911960 476
88656 306139 443
70283 726175 509
722022 955524 525
443688 489149 444
755796 882233 525
580522 813584 509
163132 705676 509
336614 483656 449
42574 815745 509
690647 973767 525
923768 979505 507
596671 975663 525
328320 784937 509
349223 481678 449
628432 869120 525
982857 997565 427
95601 813841 509
643533 748006 504
311969 600478 470
641434 978074 525
265675 766459 509
978778 995583 427
636537 792914 504
779007 845557 525
220413 644184 509
877049 883706 401
591839 849962 525
313505 316741 353
839219 908675 445
191028 534602 470
99755 395609 443
600903 669782 509
913244 974050 507
277884 561047 470
496925 681516 509
388295 682037 509
532051 770842 509
33198 432853 449
976178 989306 427
100228 827357 509
660195 866091 525
277555 734373 509
476424 486307 413
767368 927487 525
762649 827350 468
936131 980734 507
812826 957606 525
360758 548918 470
920724 986433 507
13169 345580 443
720882 813698 468
19334 397833 443
275899 601886 470
780449 917663 525
567447 583861 434
996818 999547 440
381046 687890 509
38176 790463 509
541441 596059 452
931770 996051 507
161352 545899 470
499380 539538 470
300457 827386 509
761536 957114 525
780159 941538 525
970962 989146 427
612487 734855 509
76110 574146 470
298423 422587 449
327464 637269 509
270444 448248 449
771591 807893 468
674996 864109 525
88101 122600 354
187063 428390 449
86001 211874 383
498250 905342 525
155380 216317 383
942377 971576 458
355350 658014 509
577363 853393 525
643196 876173 525
395940 621212 470
411819 906009 525
635459 881499 525
110918 244436 443
462600 561470 470
867010 914508 476
745585 838278 525
644523 897858 525
339644 719437 509
955085 997020 458
833395 886907 525
646507 702649 442
124943 635444 509
156523 226756 386
569070 993991 525
725621 893089 525
258979 354486 441
131306 340803 443
126587 659568 509
883858 904664 445
443096 485429 444
637140 933485 525
992851 993756 352
684961 720981 504
779524 996315 525
85545 915098 525
759907 954382 525
685530 757247 504
854546 943746 507
520239 821417 509
868381 963906 507
602149 995947 525
28776 616168 470
966991 972670 458
336692 850869 525
493243 637675 509
380381 523975 470
784791 950850 525
369718 513117 470
26848 291096 443
4085 7767 262
69918 284759 443
402125 725797 509
381105 454192 449
289832 315199 384
355664 529415 470
515491 572321 452
82527 591620 470
559180 761339 509
698409 836198 504
18085 821620 509
741104 877484 525
536664 670034 509
568244 976232 525
471649 533656 470
861060 892429 445
529496 943811 525
236651 597176 470
88542 148535 375
170147 180142 347
605338 686893 509
214135 505871 449
357890 594676 470
249261 595197 470
519906 771704 509
701951 926629 525
460345 831275 509
814771 935288 525
910661 974231 507
58453 936785 525
618420 799885 509
463005 649727 509
357712 469977 449
531194 917701 525
712311 804383 468
637934 689209 442
248908 785937 509
26117 298618 443
438665 682515 509
5700 634392 509
948680 987520 458
96709 793891 509
530547 587442 452
648085 718245 504
753559 989622 525
776381 932911 525
253659 825565 509
745618 904827 525
328360 418706 449
742953 923041 525
874117 879553 432
482913 813115 509
792835 873077 525
363410 977029 525
16874 858350 525
457157 694463 509
943105 982253 458
349135 778739 509
784131 837373 468
622205 944292 525
531987 732479 509
120683 487902 449
569760 717318 509
126255 259460 443
654644 865327 525
686224 891667 525
252702 720192 509
286334 832140 509
235825 703670 509
306681 847212 525
85115 255253 443
288 750762 509
726420 944287 525
917956 948292 507
548971 743705 509
206101 521684 470
897981 932555 476
655252 928157 525
334600 349465 441
69526 460868 449
497774 508841 426
998296 999514 396
107500 560451 470
401061 909993 525
615733 884533 525
754044 981132 525
525269 812447 509
965552 983849 458
805743 968680 525
594026 860135 525
378972 669592 509
412603 627954 509
518077 702171 509
902518 916910 476
487446 538972 470
93925 416371 449
820058 913670 525
390334 858393 525
791078 922940 525
37854 194263 383
307874 518305 470
893564 973382 507
564349 627216 509
651276 780530 504
861057 967690 507
569995 855099 525
240780 562661 470
115751 185539 383
598352 786978 509
90311 517793 470
861237 906493 445
884059 904396 445
93839 701613 509
690104 880049 525
421260 939938 525
771317 853773 525
143100 178541 383
427400 639221 509
804776 853961 525
780383 816221 468
779336 920769 525
598960 754491 509
378449 401504 436
113375 996556 525
243811 582272 470
840076 872098 432
833171 969198 525
228361 598577 470
559872 582295 421
142056 835919 509
135152 701648 509
689596 800132 504
331420 518868 470
363000 901457 525
716333 872180 525
372545 556054 470
908442 967508 507
837767 861305 525
508552 937509 525
48975 482975 449
991955 996576 365
904748 946541 507
452806 618249 470
939873 985915 458
17012 823788 509
508971 533643 470
26557 469862 449
792957 955520 525
814123 834084 450
992927 998509 440
950283 959168 414
490544 717579 509
321709 373245 441
228319 252711 443
389766 758902 509
394734 439433 449
356818 596844 470
797100 939016 525
584097 609464 403
114175 630598 509
51043 969131 525
583202 811985 509
149681 631006 509
645311 846764 525
981845 990179 427
334650 967760 525
5435 371553 443
289735 608049 470
34346 971129 525
204587 721762 509
128092 172211 383
542685 699305 509
8589 852477 525
617386 786039 509
288171 745639 509
217496 856494 525
861673 867430 388
407984 579519 470
78769 901136 525
641776 877904 525
581515 589910 434
872459 930720 476
346497 591779 470
909504 910614 476
117664 785990 509
572231 658468 509
243016 980085 525
53882 749719 509
794095 796513 468
276894 430865 449
353141 799263 509
321610 440363 449
345555 861458 525
795133 896298 525
175776 756935 509
773662 801777 468
715944 837890 525
138905 797225 509
167742 682325 509
865768 994876 507
385267 429695 449
19056 538680 470
478316 741811 509
254007 848246 525
680069 850706 525
546478 843809 525
656977 814349 504
781428 916544 525
396671 623130 470
883040 889575 445
917598 989455 507
411177 579539 470
771351 968022 525
355186 903247 525
299786 396679 441
149504 324762 443
303742 405466 441
937531 977960 507
326737 652001 509
390949 402932 405
802799 884704 525
126375 709565 509
471145 839795 525
699903 830998 504
270053 781829 509
912405 947170 507
588213 769416 509
363904 986779 525
585519 849046 525
947615 975517 458
958730 982278 458
817467 853815 525
66823 69589 312
700612 701882 411
301774 946548 525
580391 813349 509
352610 400413 436
607057 698782 509
696298 853888 525
794762 891416 525
272501 672154 509
953074 954897 414
686775 692190 442
164581 177742 352
623215 777373 509
475472 563582 470
407703 782866 509
294212 524654 470
964802 997055 458
411596 650003 509
322672 941627 525
152150 788068 509
94432 904050 525
946688 980555 458
698510 856294 525
559330 742195 509
493049 808714 509
563286 750982 509
318379 622313 470
427058 854203 525
885692 970185 507
358607 965918 525
310824 793356 509
790681 847077 525
735281 739033 424
960368 996784 458
21507 643918 509
130186 875808 525
580257 779831 509
653032 742722 504
642294 762864 504
849463 900150 445
734849 751562 424
589156 829142 509
18132 731558 509
142584 488627 449
764338 964332 525
718787 755654 424
849950 945524 507
286992 900871 525
433662 878243 525
688109 720472 504
152260 594498 470
48763 369909 443
783386 979829 525
933527 962113 507
914031 981563 507
137466 875809 525
79748 475439 449
32146 971002 525
525658 854566 525
206232 356361 443
84408 102747 341
764982 984715 525
258494 971754 525
927159 934362 414
178135 544282 470
376609 477545 449
388125 794556 509
348030 580873 470
910971 963570 507
262780 447699 449
609170 636618 509
276484 918809 525
305320 497406 449
206412 861166 525
721947 830399 468
140940 630460 509
544227 717450 509
512696 694494 509
341083 551633 470
489604 852277 525
588000 640628 509
565227 858682 525
166389 179537 347
800178 877084 525
117608 857839 525
704118 761378 504
780365 992858 525
759643 896267 525
331444 647747 509
963582 993703 458
744722 931531 525
637251 914400 525
49101 101081 351
43259 73958 340
502519 526054 470
152315 166593 383
408183 753657 509
558323 719668 509
17583 294599 443
323707 466709 449
70431 962909 525
433583 742433 509
405523 883519 525
320696 379028 441
583773 875228 525
486413 819352 509
832804 858482 525
787252 800052 468
892726 906626 445
799336 898950 525
96665 826618 509
351113 678141 509
515266 930192 525
361010 440993 449
85091 639246 509
878534 884889 370
859038 879495 432
459707 801292 509
323998 859290 525
810367 931858 525
66932 211768 383
675032 895888 525
159981 236358 443
262844 452537 449
257428 860468 525
486185 827060 509
22811 165161 383
665163 673211 442
609763 719764 509
555648 690399 509
19800 913345 525
169941 485839 449
76319 736906 509
710108 739228 424
955924 999766 458
262047 688228 509
98998 981002 525
848999 860487 419
299696 760790 509
98031 548944 470
717246 991523 525
306374 842146 525
170665 900144 525
920666 927946 476
157324 465126 449
390974 892510 525
827590 831965 419
378065 757777 509
472790 825671 509
735800 855146 525
707741 716575 411
780516 803377 468
511540 666339 509
457426 978226 525
812379 899350 525
252662 843640 525
820494 843209 525
557041 710109 509
273912 787741 509
87727 331349 443
971493 974117 383
577941 621130 447
442232 580289 470
600936 768827 509
534787 743607 509
768436 806958 468
878936 981977 507
628937 949070 525
996320 998160 440
232020 929394 525
687114 988379 525
946453 954476 414
631124 748325 504
745361 841713 525
583963 649254 509
359653 843447 525
750316 921968 525
298248 318812 384
162539 376810 443
321243 565347 470
154953 830775 509
897446 997430 507
973693 993340 427
139504 847079 525
33453 602292 470
138562 508527 449
968600 973336 458
658332 979047 525
512706 646105 509
467155 812086 509
331446 695340 509
185754 236326 443
13515 576943 470
303138 885785 525
683781 943783 525
698044 948509 525
748602 993053 525
861219 907664 445
547079 725215 509
392823 454419 449
542896 853569 525
608728 645087 509
636642 665304 442
622432 833783 509
651269 931061 525
980167 991716 427
303781 700994 509
156038 487204 449
675537 724836 504
264294 335320 407
88815 648591 509
464992 848881 525
762321 784574 468
991079 993253 352
808794 962365 525
455012 514361 470
348961 817431 509
771923 896009 525
542849 696361 509
341183 484515 449
226569 948848 525
80877 293296 443
789185 982124 525
947889 979302 458
531201 872204 525
127466 437255 449
951988 981142 458
983568 993398 427
865682 882041 432
255446 310259 407
275719 484225 449
400171 724942 509
49666 724474 509
501783 906686 525
342834 531331 470
820641 987856 525
232490 741809 509
594587 754811 509
810879 811497 344
382315 466344 449
901814 905917 401
499699 910403 525
688487 884797 525
107480 179495 383
476514 835017 509
715180 973469 525
325100 373109 441
558749 733012 509
908811 981624 507
293121 648441 509
694919 779284 504
870021 983823 507
403601 464569 449
658048 762938 504
891272 927514 476
962128 991834 458
503512 707552 509
145864 906442 525
799328 894903 525
666791 881148 525
500501 662928 509
659205 907809 525
679479 992728 525
908236 928146 476
236746 846800 525
395450 518985 470
532562 744077 509
761320 866181 525
22776 107601 354
377364 585051 470
59984 241926 443
835674 996751 525
211621 322854 443
327509 463879 449
451759 585224 470
58208 356330 443
305512 327351 384
464216 515889 470
171036 177262 347
813388 858021 525
54180 604179 470
178632 361248 443
476587 625029 470
917602 969821 507
243595 513810 470
33366 202273 383
8978 654368 509
486785 627246 509
898634 993056 507
77140 356624 443
31657 898465 525
125096 735058 509
632689 980436 525
382691 491660 449
503105 858627 525
248215 341571 407
495519 795423 509
777901 846258 525
344379 941356 525
227622 446465 449
217314 311509 443
532000 739507 509
987589 988143 352
682344 893238 525
414988 707747 509
317629 703328 509
664019 848305 525
95544 343814 443
216851 891113 525
62595 181755 383
417549 907976 525
429028 433155 387
574703 761909 509
894413 948710 507
95630 276867 443
10803 772376 509
930442 994597 507
603344 646172 509
177299 249820 443
293187 390846 441
861020 902793 445
706764 834157 468
531285 543983 408
854862 886336 432
64642 498191 449
345076 854876 525
209367 912874 525
580027 649653 509
827331 940543 525
781779 920227 525
253140 754494 509
194002 573970 470
949290 981228 458
590851 745695 509
455142 803693 509
423611 444792 418
38854 551096 470
681206 974585 525
61849 259391 443
414659 835199 509
90766 229161 386
733118 953664 525
705058 979259 525
928494 939037 445
729078 853326 525
518849 541789 439
391703 699478 509
128250 566378 470
812920 982492 525
354832 402504 436
835616 933950 525
689924 839466 525
937228 962397 507
868173 902086 445
317250 911730 525
59743 809620 509
948369 948699 326
854979 966641 507
691930 794242 504
433368 992420 525
845217 862210 419
906891 992629 507
261845 830831 509
672274 728817 504
996216 998142 440
984220 999258 440
516577 840320 525
589353 849554 525
508991 777933 509
50903 120407 354
510163 572502 470
660304 838093 525
560904 627573 509
302342 838283 525
187626 975474 525
303514 936173 525
927319 971156 507
795480 802630 468
251069 383681 441
621728 653372 509
483671 984998 525
633812 934278 525
570904 875520 525
360675 799543 509
984480 997851 440
532412 651822 509
348370 762581 509
786467 962978 525
47923 807692 509
276681 290635 389
626312 944510 525
472057 998078 525
562988 576237 421
557146 914051 525
141376 196703 383
291517 769197 509
506620 708503 509
282311 467665 449
325360 629113 509
319518 601991 470
317774 610895 470
329253 496251 449
675644 805702 504
2922 43227 324
766579 885374 525
745857 879354 525
610148 937351 525
199275 304326 443
228112 577984 470
557010 770280 509
421301 828278 509
479565 654400 509
477821 933836 525
905674 992098 507
580863 799782 509
592343 613834 403
216148 880710 525
488019 621352 470
877225 953050 507
722969 900682 525
569835 822746 509
126330 245516 443
236830 986192 525
470479 963872 525
85721 211505 383
310314 677926 509
174605 735924 509
281633 534368 470
167019 189889 365
576289 621879 447
761240 835857 468
911381 999423 507
914528 984052 507
324958 898707 525
679912 685767 380
747364 919557 525
522562 961753 525
5199 39524 324
490149 823397 509
