1 10 20
100 200 125
201 210 89
900 1000 174
1 1 1
2 2 2
3 3 8
5 5 6
10 10 7
871 871 179
27 27 112
999999 999999 259
446406 421519 418
211733 479964 449
209314 287919 443
105209 886819 525
768296 476690 509
624983 856775 525
507152 140767 449
894124 369741 525
680845 49683 509
803592 58531 509
161579 75886 383
496945 793052 509
72523 607511 470
838711 35893 525
118099 365948 443
453563 189141 449
434150 322544 449
697021 796972 504
923789 893798 476
145475 458136 449
439679 55628 449
441674 786721 509
889863 550225 525
659688 234642 509
951114 966173 414
578708 752885 509
693786 508989 509
93688 916179 525
585100 928938 525
534553 962131 525
867577 910219 476
230561 656053 509
900512 658214 525
317865 677429 509
971865 515473 525
67915 117116 354
429892 762613 509
933684 938516 445
31100 37730 324
578652 394082 470
921017 188702 525
727234 962231 525
242982 225559 443
343515 238981 407
102643 702085 509
664812 711245 504
6315 264747 443
440823 481324 444
457158 557666 470
589474 162424 470
830050 741181 468
937512 308732 525
789179 530815 509
194196 121277 383
264065 238017 407
361692 480363 449
812544 984265 525
375843 912797 525
463286 281520 449
598361 979770 525
915148 598945 525
460377 274056 449
367995 852684 525
70657 197107 383
799572 709882 468
290646 452163 449
650533 59840 509
672692 224776 509
435915 5054 449
799683 31467 509
621052 632488 509
363212 34838 443
391104 375396 436
173581 527598 470
262439 46396 443
968314 489341 525
621518 513004 452
442094 77944 449
116647 840468 525
158834 333195 443
419341 990844 525
558241 162422 470
924871 455992 525
339662 889448 525
187317 66856 383
925005 451276 525
178078 158081 370
3222 913366 525
35427 783770 509
369823 15171 443
940814 368151 525
500717 438323 444
617299 905434 525
944020 655778 525
822622 761285 468
508254 399939 449
742165 446199 509
815911 517038 509
93956 938051 525
605999 214635 470
193942 627559 509
207099 460153 449
235662 9531 443
315015 414014 449
182891 879797 525
19873 435845 449
176847 244989 443
489608 235588 449
518431 778593 509
422675 114499 449
952334 820983 525
31195 682621 509
861177 199738 525
831168 727858 468
640551 810889 504
368488 808742 509
959528 220946 525
168204 547313 470
407919 884410 525
410705 575812 470
472525 402118 449
431035 513432 470
986226 912173 507
640359 18492 509
894606 128697 525
988184 253342 525
276339 609281 470
759808 445379 509
167043 709026 509
701779 72450 509
153896 401509 443
863821 447685 525
446927 817985 509
507154 992847 525
550975 977352 525
240401 229479 443
567561 456119 470
970535 829591 525
609555 242150 470
758521 816963 468
888500 392875 525
400321 899967 525
602867 228422 470
35154 22641 311
637718 540786 509
892038 241220 525
885964 331062 525
64050 941646 525
998685 887424 507
347263 5313 443
623957 671486 509
211219 812183 509
630042 32703 509
55855 282828 443
591509 799072 509
149724 297056 443
921632 474270 525
201146 932291 525
615807 418338 470
104515 208207 383
413390 773619 509
343625 486194 449
215331 478923 449
517335 897298 525
425953 843471 525
523972 283706 470
776541 310685 509
390663 350326 436
47390 1008 324
911798 144053 525
564378 649069 509
9133 130024 354
654503 441484 509
558645 128202 470
248196 211090 443
708750 999272 525
319921 824674 509
521277 654765 509
584948 945478 525
197137 684510 509
327637 717579 509
496805 204357 449
555857 774117 509
411719 567156 470
402723 406209 405
203528 832108 509
409472 900621 525
905862 457801 525
213152 807404 509
277371 850587 525
693802 139048 509
632113 536295 509
974745 267491 525
24284 612512 470
951356 334560 525
696038 606475 509
197366 383665 443
101160 986883 525
202807 651604 509
470964 353710 449
835018 813826 450
199315 612377 470
585196 203980 470
393320 247296 441
838766 503592 525
228449 651742 509
352757 307855 441
405428 798909 509
994076 234499 525
787184 222772 509
2472 924457 525
232791 30847 443
128157 412378 449
401529 710793 509
536775 501784 470
3863 36182 324
390244 780688 509
44206 808331 509
637936 67164 509
284125 467036 449
616594 504493 470
699322 345954 509
747846 433138 509
143637 21497 375
246371 686256 509
565907 539678 452
777131 331260 509
819215 519834 509
346189 925899 525
525078 233424 470
180963 167956 365
469415 822205 509
892375 939938 507
5796 815525 509
271565 102800 443
202720 478061 449
848368 587023 525
367823 161750 443
323984 809394 509
123413 182638 383
996510 569111 525
274947 947817 525
142019 227019 386
997212 900831 507
595579 167114 470
634738 138377 509
762624 926579 525
565890 182763 470
142645 351486 443
354877 276079 441
514167 929322 525
441548 219925 449
537666 698151 509
935792 105279 525
429860 407104 449
194033 32272 383
529855 294198 470
624970 591264 447
436632 862952 525
703283 441006 509
26879 774580 509
255489 144817 443
286546 691146 509
255336 197964 443
453395 520030 470
569567 350 470
576138 868685 525
354925 248918 441
728277 273334 509
693572 282636 509
262665 598372 470
133905 819342 509
791734 267848 509
508569 484399 426
500491 787382 509
758212 510848 509
521623 392715 470
52132 990821 525
76366 669214 509
778025 58292 509
14057 875196 525
407627 32838 443
207234 968546 525
552929 953252 525
64798 84093 351
198187 217176 386
781321 839359 525
431206 164775 449
262925 436117 449
728259 843221 525
162239 785033 509
335513 971140 525
736155 853146 525
3015 36571 324
341587 66257 443
628400 633137 385
249157 659478 509
504658 433821 444
974511 80037 525
981950 70865 525
9474 480766 449
711347 883741 525
877170 887329 445
548021 843777 525
668601 832432 504
959951 688357 525
164434 631225 509
930428 998596 507
524839 542966 408
53258 278450 443
615320 563853 447
490998 819185 509
30572 491883 449
756457 600827 509
908930 388252 525
717783 580749 509
683049 409805 509
89222 206004 383
153291 589690 470
831494 346065 509
650656 959635 525
144494 480677 449
903296 502985 525
538227 611728 452
366255 472517 449
650600 956707 525
9323 60576 340
176622 335150 443
189427 847565 525
988968 929808 507
146548 842171 525
872067 947138 507
771752 469380 509
725435 48456 509
873003 182178 525
246643 699468 509
793436 735207 468
179089 100588 383
419660 992346 525
22474 465156 449
76920 580372 470
884499 689148 525
383801 965306 525
2998 100173 351
23916 147273 375
753568 928526 525
672101 517891 509
871422 851659 419
822945 399284 509
549196 708334 509
621067 452522 470
638393 310935 509
229194 436596 449
10288 350295 443
899621 895998 370
805719 393980 509
524272 548135 452
274639 679497 509
523739 284533 470
534788 748910 509
284522 217597 443
216929 675773 509
305725 473687 449
807967 502061 509
520761 180268 470
731185 611873 509
269762 865043 525
779684 487953 509
892844 67380 525
854256 584335 525
142806 455283 449
11417 896104 525
339254 426966 449
296666 170260 443
379477 669383 509
653404 60379 509
228591 658828 509
962218 609358 525
314518 531167 470
38961 362231 443
203424 767317 509
961588 741124 525
927153 779884 525
605765 646548 509
71891 186214 383
665399 260697 509
339333 187739 443
6853 97511 351
434885 372880 449
71435 205198 383
710139 673022 504
200494 790115 509
964125 83031 525
566937 49198 470
797909 350405 509
918386 522443 525
732516 806123 468
271849 649041 509
461361 220842 449
850414 513490 525
362690 775258 509
589200 333406 470
590598 354096 470
858176 336672 525
876938 645897 525
789668 773455 437
55349 707043 509
261051 995092 525
704140 304353 509
626891 867792 525
939884 988298 458
804649 918107 525
272029 423163 449
359563 141851 443
362632 380349 423
448287 565191 470
490871 750405 509
917395 818565 525
447445 949359 525
72968 511911 449
590810 740437 509
929752 102013 525
688003 281754 509
531472 405246 470
650607 892257 525
961620 235304 525
348738 555507 470
813822 855737 525
118208 802299 509
46367 787610 509
155367 241545 443
56667 447939 449
684524 283942 509
503607 709059 509
364793 572404 470
931273 46221 525
57197 504070 449
498340 39771 449
113554 528841 470
808739 152600 509
639766 675480 442
743615 819051 468
561657 61123 470
754513 74990 509
44987 723025 509
281526 77543 443
977532 353575 525
406663 65995 443
672299 730317 504
363978 377635 423
408834 173120 443
574537 486673 470
99103 930674 525
973411 230145 525
902998 953170 507
504549 500276 426
41170 69200 340
270231 961446 525
32386 90570 351
668950 328321 509
773954 358775 509
294924 525931 470
749497 835319 468
773685 324957 509
464240 415455 444
29312 934197 525
724299 581448 509
539123 567848 452
923538 725983 525
69413 397375 443
187037 525448 470
566694 645126 509
526866 906409 525
310112 285291 389
497399 930008 525
972399 175616 525
556160 611288 434
73743 208343 383
645866 30007 509
747689 84091 509
610718 824723 509
758380 50313 509
477296 27853 449
223935 503814 449
704438 845135 525
778678 644593 504
878974 859105 432
167045 905344 525
952710 544420 525
48902 443234 449
137939 354800 443
262695 565998 470
627496 306796 509
678355 669099 385
243443 83933 443
344168 735452 509
9699 301411 443
39400 502262 449
766656 171983 509
175244 831709 509
59517 465979 449
276054 496297 449
251353 69288 443
104404 708962 509
170117 708449 509
943128 269716 525
295331 765884 509
110280 845087 525
752742 33163 509
349101 121427 443
133206 139855 344
137705 12636 354
117373 602591 470
954485 250679 525
347909 79801 443
375606 413324 449
422988 992908 525
136446 289577 443
8626 928035 525
445477 569337 470
97843 595317 470
81393 791301 509
446039 825286 509
424872 891616 525
35132 887666 525
274008 962922 525
669303 757681 504
531385 357165 470
860533 736649 525
532411 43790 470
707458 209153 509
296983 925100 525
22978 361003 443
111248 424195 449
163912 140161 383
395632 171072 443
624304 782815 509
554760 321519 470
36875 490081 449
478976 375904 449
218253 858087 525
689810 635438 442
834544 421983 509
306263 680780 509
334869 973677 525
469598 23534 449
583524 395434 470
918546 681733 525
128132 965722 525
424967 857047 525
225937 613727 470
81176 682831 509
172767 395868 443
882378 80965 525
235739 872616 525
180283 707315 509
773500 695168 504
432609 31352 449
173391 863693 525
816639 211288 509
392952 722564 509
940169 746053 525
727773 244082 509
696766 29618 509
434285 290951 449
196299 958880 525
396666 549485 470
459418 240039 449
42332 525896 470
60679 932486 525
454426 642046 509
878408 550994 525
282172 826910 509
819645 497832 509
470743 268804 449
464812 386179 449
45639 347375 443
612315 206877 470
178006 565175 470
341800 468995 449
982014 3966 525
220394 708879 509
608790 946186 525
434237 291102 449
823388 630309 504
533894 124902 470
996754 730003 525
582806 839510 525
875895 111412 525
522833 960386 525
116786 304989 443
972729 481498 525
584234 158053 470
161540 770265 509
326615 213034 443
936454 197371 525
405965 386517 436
40321 35264 324
828324 209120 509
106191 90895 341
864632 182949 525
221099 427 386
126155 66744 354
143144 838660 525
65148 397854 443
333508 267590 407
764985 48279 509
96447 642073 509
352321 25967 443
784049 315613 509
352052 493345 449
805321 464433 509
391742 116747 443
727674 668152 504
575493 520036 452
384162 224605 443
962706 95313 525
36552 520702 470
140628 458215 449
18529 547162 470
634579 581756 509
330086 625375 470
730800 263030 509
161539 60740 383
933318 932464 370
729530 899573 525
595095 77751 470
530398 141958 470
61164 374912 443
359217 156588 443
692642 400112 509
752325 22639 509
934304 86280 525
795912 578176 509
953416 540751 525
210599 266223 443
669044 831656 504
665699 72790 509
53374 711376 509
858396 17030 525
189935 573760 470
919798 601031 525
156576 376264 443
454501 613965 470
427744 978296 525
118133 883501 525
48636 678413 509
319327 909957 525
246647 451100 449
509265 497088 426
738671 179323 509
740252 641195 504
291877 581454 470
312290 197854 443
583021 819266 509
852455 782516 525
164470 253274 443
956096 250017 525
866883 562306 525
304543 566917 470
197985 57291 383
809873 793340 468
698868 751696 504
369737 403594 436
478743 692563 509
144827 633651 509
470033 15757 449
589445 249270 470
947032 571740 525
137794 714902 509
475829 748397 509
564147 260198 470
623130 404774 470
567545 793175 509
709306 750623 424
5494 394025 443
244711 140186 443
187936 493302 449
981922 953273 458
27387 917515 525
697115 830359 504
641650 421606 509
728220 41607 509
712695 704405 504
556439 130186 470
308535 346339 441
Traceback (most recent call last):
  File "RunCollatz.py", line 31, in <module>
    collatz_solve(sys.stdin, sys.stdout)
  File "/v/filer4b/v38q001/cperez/cs373-collatz/Collatz.py", line 121, in collatz_solve
    v = collatz_eval(a[0], a[1])
  File "/v/filer4b/v38q001/cperez/cs373-collatz/Collatz.py", line 51, in collatz_eval
    length = collatz_recursive(x, cache)
  File "/v/filer4b/v38q001/cperez/cs373-collatz/Collatz.py", line 76, in collatz_recursive
    res = 1 + collatz_recursive (collatz (x), cache)
  File "/v/filer4b/v38q001/cperez/cs373-collatz/Collatz.py", line 76, in collatz_recursive
    res = 1 + collatz_recursive (collatz (x), cache)
  File "/v/filer4b/v38q001/cperez/cs373-collatz/Collatz.py", line 76, in collatz_recursive
    res = 1 + collatz_recursive (collatz (x), cache)
  File "/v/filer4b/v38q001/cperez/cs373-collatz/Collatz.py", line 76, in collatz_recursive
    res = 1 + collatz_recursive (collatz (x), cache)
  File "/v/filer4b/v38q001/cperez/cs373-collatz/Collatz.py", line 76, in collatz_recursive
    res = 1 + collatz_recursive (collatz (x), cache)
  File "/v/filer4b/v38q001/cperez/cs373-collatz/Collatz.py", line 76, in collatz_recursive
    res = 1 + collatz_recursive (collatz (x), cache)
  File "/v/filer4b/v38q001/cperez/cs373-collatz/Collatz.py", line 76, in collatz_recursive
    res = 1 + collatz_recursive (collatz (x), cache)
  File "/v/filer4b/v38q001/cperez/cs373-collatz/Collatz.py", line 76, in collatz_recursive
    res = 1 + collatz_recursive (collatz (x), cache)
  File "/v/filer4b/v38q001/cperez/cs373-collatz/Collatz.py", line 76, in collatz_recursive
    res = 1 + collatz_recursive (collatz (x), cache)
  File "/v/filer4b/v38q001/cperez/cs373-collatz/Collatz.py", line 76, in collatz_recursive
    res = 1 + collatz_recursive (collatz (x), cache)
  File "/v/filer4b/v38q001/cperez/cs373-collatz/Collatz.py", line 76, in collatz_recursive
    res = 1 + collatz_recursive (collatz (x), cache)
  File "/v/filer4b/v38q001/cperez/cs373-collatz/Collatz.py", line 76, in collatz_recursive
    res = 1 + collatz_recursive (collatz (x), cache)
  File "/v/filer4b/v38q001/cperez/cs373-collatz/Collatz.py", line 76, in collatz_recursive
    res = 1 + collatz_recursive (collatz (x), cache)
  File "/v/filer4b/v38q001/cperez/cs373-collatz/Collatz.py", line 73, in collatz_recursive
    res = cache[x]
KeyboardInterrupt
