1 99 119
9 3 20
99 3 119
1000000 999999 259
999999 999990 259
999999 999870 259
989260 989899 352
175721 175972 272
257017 257343 301
988541 988704 308
755325 755511 362
67357 67487 237
506366 507094 382
813337 814043 344
115169 115493 274
59878 60084 304
510897 511540 320
108838 109154 261
185183 185588 303
782688 783287 300
918820 919254 339
321166 321685 291
694977 695745 367
522837 523028 302
965959 966389 365
338480 338900 291
843155 843812 282
662437 662714 248
393745 394409 361
23545 24211 251
250177 250926 332
288287 288364 327
509111 509474 302
888491 889194 326
948892 949683 308
783717 784462 331
227826 228558 355
650137 650570 341
207829 208380 280
868812 869601 388
250429 250617 288
512905 513408 333
690336 690994 336
153912 153916 171
4437 4775 197
958736 959474 308
697042 697177 305
168420 168730 228
805623 806233 375
867769 868009 251
325955 326321 247
135128 135852 313
102404 102606 266
389022 389603 436
10605 10901 255
37424 37823 306
810943 811521 344
477452 477565 245
641802 642142 416
470811 471489 307
329261 329990 353
201955 202738 342
603993 604254 372
916473 916663 308
204915 205615 355
423444 423797 418
231705 232199 306
376124 376901 423
966876 967084 277
761408 761463 300
184267 185059 285
693799 693961 305
429488 430053 281
498847 499174 245
634676 634812 310
919346 919871 432
879933 880224 344
893718 894121 295
323064 323668 322
257379 257852 332
239186 239871 306
595519 595911 328
643008 643020 173
256213 256244 257
387582 387648 268
392581 392960 286
598292 599071 328
320724 321270 371
509557 509726 258
829636 830416 344
957345 957541 352
264895 265517 270
806603 807213 344
373325 373969 348
856948 857171 282
192933 193215 329
535926 536607 333
222239 222423 262
149149 149752 326
975208 975920 339
913679 913827 352
177487 177876 316
451693 452256 294
50588 50974 278
941617 942179 308
392544 392595 162
665143 665811 442
768840 768868 181
401016 401699 387
106507 106592 279
583026 583444 266
388227 388505 299
810499 810983 406
69208 69821 299
267220 267396 314
80440 80593 214
663603 663917 292
105891 105900 173
838552 838558 207
39714 40217 306
459113 459308 232
543159 543369 253
639513 639579 279
807504 807612 238
543627 544221 284
470677 471183 307
283380 283630 327
976897 977506 334
483390 483856 289
429486 430001 281
712713 713351 318
7913 8238 252
532237 532596 302
681252 681312 292
699130 699890 367
753034 753502 424
148576 148722 326
823597 824138 375
104139 104471 297
204219 204461 311
740774 741169 362
58799 59158 273
65344 65946 268
555940 556306 315
692715 693489 367
98213 98891 266
778561 778906 256
111903 112512 323
672289 672818 367
729368 729449 243
355704 356436 348
332344 332838 260
54171 54413 260
966469 966763 308
954928 955518 308
559438 559887 284
131885 131991 287
27709 28397 259
591224 591919 297
789551 789889 300
963885 963939 383
72416 73091 294
113790 114420 305
123007 123200 256
681973 682079 323
769857 769949 225
665300 665434 230
91185 91210 209
529054 529076 271
945189 945576 352
986734 987529 396
323403 324026 291
647781 648136 341
366115 366797 317
383169 383461 299
252454 252679 288
663593 663965 292
368740 368976 317
787397 788045 362
677740 678532 336
809322 809489 269
996900 997493 352
546484 547007 452
113144 113440 261
69419 69822 299
220015 220501 324
102696 103408 310
27641 27782 259
179473 179867 303
20036 20683 243
231968 232629 337
629486 630012 279
309794 309912 203
785045 785260 300
352539 353023 335
897130 897542 339
679814 680227 336
420324 421000 312
723578 723992 274
760497 760897 331
517353 517543 333
259367 259692 270
25666 25865 233
260601 260747 226
654742 654952 323
101893 102530 310
698424 698647 305
561962 562424 284
468765 469515 351
399511 400206 374
214818 214911 249
46302 46492 283
648365 649067 385
998599 999216 396
240396 240895 368
281473 282054 327
534874 535523 302
667379 667718 336
20896 21327 256
433713 434145 294
956440 956585 246
604458 604905 297
332812 333473 335
896222 896787 370
290269 291054 327
795725 796205 468
771168 771783 269
412619 413024 343
456738 457473 356
956815 957348 321
596301 596684 372
529098 529157 271
834242 834923 313
149333 150073 370
64486 64983 268
268548 268863 257
751770 752148 287
776919 777016 300
337090 337710 366
719246 719780 305
466471 467130 369
610140 610626 341
283159 283438 358
478869 479560 338
545418 545790 346
887329 887739 282
44832 45141 314
3763 4312 202
316486 316760 353
917618 918175 339
286104 286779 314
872342 872703 295
530112 530816 333
781519 782278 362
591804 591859 235
626879 627269 279
397182 397478 299
642184 642438 292
692717 692941 323
336288 336492 260
235112 235865 306
425249 425455 325
931403 932085 277
972477 972500 246
112074 112418 323
513390 513742 258
427290 427699 299
743884 744216 318
185807 185991 316
844343 844940 357
112320 112842 305
385268 385996 348
387399 387659 286
459509 460239 307
794404 795067 300
157297 157543 277
373313 373770 348
915027 915447 339
980464 981217 427
929293 929940 339
182673 183360 334
884781 885024 295
742800 742998 318
969096 969408 321
195339 195585 360
702515 702531 155
845105 845739 401
406577 406834 268
860965 860992 220
569895 570199 253
346914 347569 322
322571 322766 309
679321 679883 367
853146 853290 357
213653 214068 373
333672 334127 335
203872 204139 280
681171 681323 292
588638 589372 297
741648 742131 318
543127 543813 359
887879 888450 401
341906 342700 353
224859 225328 368
784093 784670 313
505825 505844 245
518890 519078 439
618066 618553 310
915699 916049 233
928059 928225 383
840285 840452 357
76658 76830 307
394042 394169 255
979971 980008 215
391368 391677 299
856168 856647 375
431128 431564 312
746071 746401 256
327817 328456 322
192693 192861 347
940883 941180 339
244392 244735 244
503839 504146 333
680683 681347 336
770035 770326 331
821978 822197 344
954156 954825 277
454893 455606 338
644004 644229 261
660450 661007 292
725651 726292 318
772051 772371 269
748081 748173 318
508358 508407 333
571161 571733 359
974339 974928 334
581225 581522 328
567552 567760 346
461383 461775 307
498040 498752 351
189918 190673 329
208219 208796 311
623270 623804 354
37215 37234 156
779841 780484 344
589684 589977 297
197793 197844 236
810004 810192 238
328167 328449 260
444409 444573 263
653670 653931 385
452265 452290 263
934150 934585 414
950317 950975 414
612549 612658 279
376383 376554 286
569303 570075 359
330434 330576 291
178126 178675 316
50923 51017 203
343606 344337 304
62492 62619 255
384407 385048 330
526130 526871 408
543773 544383 302
724692 724715 212
204852 205059 280
29932 30379 272
718732 719336 318
979602 980228 290
72700 73044 263
962596 963034 383
858755 858891 370
566706 567399 359
89546 89641 240
73525 73778 294
100678 100801 266
648608 649329 385
817209 817463 313
235374 235709 306
126648 126943 331
925627 926265 339
680871 681461 336
369391 369923 361
879424 879833 357
503061 503511 271
34962 35471 280
315209 315238 278
477158 477626 382
368688 369338 348
39453 39732 275
836866 836903 313
37334 37646 306
716162 716655 305
23723 23786 220
87342 87774 271
884987 885722 370
259409 259519 270
3075 3159 186
499862 499938 258
131941 132545 331
731704 731792 336
305418 306201 278
848756 849512 313
550595 550687 240
385248 385377 237
798283 798508 300
320085 320222 265
534985 535631 302
329927 330032 291
587890 587977 328
510965 511406 302
666347 666887 323
256380 256758 332
92811 93506 315
177158 177281 334
747807 747865 248
45632 46055 239
767272 767946 468
322473 322615 309
195231 196019 360
576901 576948 209
892856 893450 326
981842 982225 321
800900 801085 256
26323 27019 308
485424 486027 338
23719 24392 251
26283 27007 308
741886 742292 349
925157 925840 339
197346 197526 267
762003 762426 256
745552 746291 349
614320 615003 279
695946 696554 305
871389 872012 432
309509 310219 340
858984 859109 251
477181 477366 276
663402 663855 292
812649 812919 269
241675 242120 275
562633 563299 359
515232 515545 395
294172 294546 252
251604 252087 257
980302 980794 383
761605 761916 362
154830 154894 233
890597 890850 326
232765 232923 200
207170 207205 311
419714 420030 281
113375 113557 292
275131 275878 345
277216 277566 283
184174 184366 316
548837 549593 328
623614 623735 354
713998 714222 305
191609 191975 298
637053 637328 310
903054 903556 264
748792 749205 274
615804 616335 372
832621 832729 344
879205 879424 264
512049 512340 258
685985 686629 336
380993 381715 286
615855 616602 372
931882 932290 308
980230 980550 259
514819 514932 258
512874 513500 333
423064 423573 312
820475 821102 313
979714 980178 246
85223 85358 289
781457 782240 362
854079 854829 419
891019 891672 326
77926 78418 276
126190 126320 318
255558 256344 288
569746 569751 103
942365 942823 339
412139 412689 312
894549 895065 370
983850 984565 352
793330 793898 375
271618 272166 270
805796 806171 300
138472 138549 251
145340 145391 264
853747 854387 419
865466 866209 388
756803 756823 181
57957 58153 211
271135 271893 270
877077 877263 357
401878 401912 268
269930 270281 407
640391 640837 416
181183 181566 241
262204 262543 301
56344 56888 291
239633 240378 293
780953 781481 331
436851 437393 387
807121 807294 344
9027 9702 260
319027 319428 247
693817 693996 305
575525 576222 346
761478 761687 256
895889 896257 339
443570 443663 232
828793 829397 375
472643 473077 338
224551 225068 368
723071 723486 349
673603 673664 292
796905 797097 375
669661 670286 336
480647 481343 369
470218 470612 276
830660 831153 251
911500 911596 233
31953 32146 254
701802 702246 274
572263 572719 372
63679 64231 255
350856 351155 273
44846 45316 314
603747 604314 372
523923 524541 302
446517 446583 188
103412 103704 248
175437 175818 272
637590 637860 354
669000 669047 261
813132 813290 282
205691 206478 342
863018 863090 220
401520 401951 299
702361 702525 274
895591 895894 326
279523 279770 283
898813 898876 370
218189 218542 324
778250 778796 437
515781 516167 258
501668 501877 289
544752 545145 271
441793 441876 188
131622 132257 331
190298 190319 223
12026 12630 263
63692 63795 255
110641 111023 261
726680 727371 349
131668 132343 331
63337 63715 330
376769 376913 330
793685 793698 269
702171 702187 274
350685 350690 198
43553 43746 239
870127 870862 326
757500 757660 287
725035 725059 199
603794 603806 235
107778 108514 279
734936 735697 424
970170 970872 458
468005 468569 382
130414 130830 331
406753 407375 343
733202 733519 318
236636 236835 306
701652 702430 274
4603 4819 197
129215 129876 300
826157 826633 313
832601 832890 388
843740 844472 357
807244 807818 406
109790 110516 310
379170 379814 361
178219 178548 316
722185 722325 349
510633 510793 289
28726 29249 241
846276 847036 313
150918 151122 264
915961 916393 339
264991 265224 226
576305 576701 328
183669 183963 241
796587 797105 375
768488 768626 256
171410 171588 272
314059 314245 278
397102 397113 193
516831 517363 302
92278 92853 302
763486 763907 318
775939 776600 331
132532 133115 331
360735 361237 366
75880 75971 263
157980 158427 308
899896 900439 370
930882 931523 308
326786 327182 291
648416 648467 248
49439 49869 296
873988 874777 388
634761 635274 310
871749 871750 101
988510 989282 321
615005 615725 447
224797 225338 368
518517 518780 271
618156 618453 248
180952 181268 272
594332 595002 328
62185 62353 255
424772 425315 356
256017 256156 257
759499 759558 194
427504 427591 219
921154 921700 339
698549 698703 274
646829 647378 310
58664 59027 273
77185 77962 245
323589 324309 291
593417 593936 297
189827 190477 360
436835 436935 294
277362 277936 389
981991 982383 321
363108 363364 273
231656 231845 231
535810 536224 271
205619 206393 329
353055 353733 304
79860 80653 320
16969 17758 279
789624 790035 300
333531 333880 335
677197 677731 292
280880 281346 327
179142 179327 241
48435 48901 265
357851 358183 379
814386 815105 313
441421 442044 294
885616 886058 326
103494 103668 248
789977 789990 269
175679 176450 334
661648 662244 292
458747 458787 170
777413 777598 269
724657 724808 362
727714 728174 318
746855 746855 150
904836 905295 326
223737 224351 262
294983 295418 358
978713 979471 352
75322 75549 263
329425 329782 309
367410 367836 255
100 489 144
408795 408808 162
161554 162166 290
309000 309758 340
889850 890044 326
40651 41094 288
551834 551878 191
652705 652715 186
676689 677387 305
22725 23028 238
228262 228263 200
568260 568678 315
67266 67863 312
232112 232640 337
421720 422327 356
85614 85874 302
841732 842139 251
194411 195036 342
132209 133008 331
472011 472169 276
777045 777808 393
263906 264561 332
202583 203111 342
660379 661032 292
745169 745321 256
171381 171718 334
882032 882415 295
545262 545664 346
640152 640342 266
780632 781216 331
85957 86519 302
650120 650564 341
894540 894915 370
131885 132475 331
969663 970021 321
116989 117727 305
51632 52408 278
120555 120564 93
811309 811651 251
524629 524956 364
284169 284440 283
50714 51488 309
424124 424497 281
277961 278400 345
12000 12452 263
241588 241908 275
80732 80940 276
791235 791625 344
146430 147192 357
238213 238397 275
418529 418927 312
770658 771447 349
338031 338155 335
114092 114312 305
830335 830416 238
977587 977825 321
109311 109649 292
46487 46617 177
244333 244450 244
679992 680317 336
369311 369403 255
499914 500277 364
67299 67633 281
320325 320540 296
675456 676179 385
935832 936538 321
731643 732294 380
344701 345320 304
996374 996386 259
530536 530564 209
351314 351977 379
160281 160750 370
492086 492524 276
508497 508809 258
858920 859676 313
534561 535025 315
893527 894287 295
424957 425595 356
571291 571739 359
682256 682609 305
223477 223947 293
741833 742186 349
86832 87265 333
580627 581388 284
184201 184532 316
541827 542626 346
372970 373252 286
316586 317179 322
976913 977503 334
266954 267303 345
957840 958102 339
428774 429298 281
432654 432957 387
919122 919583 339
612043 612644 297
282345 282531 283
559328 559832 284
445981 446310 294
477893 478329 351
941224 941465 277
178508 178553 303
481154 481721 369
441034 441338 250
599468 600160 372
923798 923972 308
548328 548652 222
627754 628073 310
632332 632666 328
519047 519097 258
464395 464694 338
998997 999108 277
206899 207496 311
430087 430387 312
795446 795491 163
736477 736965 318
720640 720841 411
542691 543050 271
70407 70975 281
69591 70210 281
759137 759924 362
145480 145491 145
700015 700274 336
231385 231980 324
110294 110655 292
529413 529788 302
880238 880923 326
328189 328914 291
112916 113210 292
131469 132147 331
124762 124860 225
904540 904541 127
590654 591122 359
129106 129375 300
7384 7664 239
923668 924180 370
687533 688112 380
427914 428290 294
313665 314060 309
277250 278039 389
847017 847769 419
793934 794336 331
581759 582182 328
206856 207078 280
905230 905295 233
628245 629040 235
435372 435976 250
279687 279961 283
983720 984142 383
134013 134478 269
707161 707842 274
169253 169736 290
86454 86797 227
353698 353932 229
369636 370359 392
333993 334084 291
938154 938595 308
236644 236762 306
468384 468556 382
976857 977433 334
813350 813729 269
132229 132964 331
633649 634143 323
613026 613587 310
115040 115731 349
406632 407121 343
797069 797388 344
804688 804952 300
175006 175297 241
16659 16999 266
990939 991400 321
152177 152232 202
987419 987923 352
995821 996260 365
280343 280904 314
903957 904194 264
21216 21958 269
15424 15652 253
652684 653305 336
620944 621152 279
20427 20634 243
980151 980192 215
789527 790311 300
357686 358265 379
915370 915845 339
444289 444619 325
982987 983225 383
206302 206877 373
240544 241247 368
738956 739190 424
606279 606769 310
27488 28282 259
897887 898583 339
157066 157675 339
275329 276110 283
615318 615995 310
430604 430810 281
275183 275315 345
888894 889227 326
545502 545605 315
901470 901745 339
688016 688081 261
210966 211039 311
259669 260314 345
261727 262114 288
372068 372710 286
369716 370014 286
684317 685113 279
215496 215500 218
876199 876910 326
486836 487381 382
243191 243385 319
706409 706510 186
117874 118304 336
963523 964240 383
311753 312051 278
541662 542334 346
642596 643153 354
156866 157366 308
955610 956024 339
939162 939859 507
660699 661102 292
935779 936457 321
514992 515029 258
137536 137790 207
248219 248807 288
730794 731496 318
973272 973684 383
962212 962539 370
841765 841953 238
692172 692462 261
645790 646076 310
909934 910627 476
534144 534560 346
304690 305138 278
216080 216494 386
21238 21290 150
211316 211718 311
512951 513512 333
723294 723432 349
593864 594594 328
35434 35917 324
242245 242813 319
474813 475588 351
649698 650121 323
597356 598029 372
34940 35453 280
336543 337240 322
489425 489782 245
517706 518234 302
526155 526575 408
66715 67156 268
578359 578399 253
395123 395461 312
794676 794709 238
619915 620330 266
246247 246708 288
195000 195417 298
730924 731470 318
330408 330431 185
371782 372065 317
529772 530301 271
892791 893301 264
541392 541597 315
10636 10834 193
767493 768086 468
75888 76354 307
290688 290915 327
418721 418794 281
626044 626820 509
56927 57319 304
19450 20241 274
620160 620841 372
393129 393666 361
354912 355377 379
66720 67424 268
533302 534093 377
798919 799464 375
722402 722702 287
492374 492965 426
140835 141294 282
459573 460011 307
588709 589124 284
89891 89971 240
15223 15394 240
753875 754266 287
321242 321556 247
723312 723576 349
638678 639258 323
118753 119521 318
989703 990368 290
319463 320157 322
599860 600385 372
829923 830216 313
877568 877920 357
988116 988872 321
491641 492386 320
447678 448049 325
690414 690604 336
173063 173499 347
770590 771233 349
648284 648896 323
770891 771575 344
274448 274453 221
926382 926975 370
777380 778061 269
26212 26865 308
279841 280398 345
828069 828119 282
37474 38001 306
347317 347907 273
848751 848925 313
688500 688934 274
849701 849922 357
418032 418228 281
455153 455188 232
29114 29405 272
482043 482125 276
424310 424872 312
770143 770304 331
904396 904496 246
186358 186430 179
257339 257757 332
714227 714379 274
389261 389896 361
158474 159039 308
223782 223919 218
750859 751645 331
714806 714898 243
298828 299027 371
236142 236627 337
602756 603092 266
1711 2192 180
797012 797273 344
81341 81821 258
345280 345586 273
50899 51268 265
883003 883501 264
93841 93949 253
251041 251662 319
556496 557227 346
267837 268456 270
358325 359035 348
821739 821758 313
771140 771901 269
127448 128029 287
682060 682144 243
563205 563894 328
635808 636240 310
895339 895677 326
86342 86767 271
742968 743234 287
569960 570484 377
594167 594289 279
666697 667463 367
35630 36108 324
708977 709687 336
412033 412677 312
128649 128801 331
602675 603162 266
987618 987649 277
20845 20857 150
198191 198261 205
348631 348943 260
809043 809047 207
574436 574736 328
609653 609687 266
928842 929160 339
424848 425401 356
530510 530787 333
50343 50484 234
871038 871743 282
774581 775077 437
502648 503372 289
619875 620183 266
201705 201834 311
27763 27764 153
166287 166527 334
978297 978728 352
6527 7161 257
874922 875195 264
420099 420842 343
728492 728842 336
609723 610333 341
566413 566570 222
259748 260474 345
187791 188379 316
94551 95295 328
298784 299533 371
239784 240280 275
909576 910070 308
194190 194307 267
382172 382191 224
521570 521573 165
634928 635186 279
640833 641005 297
309770 310421 371
838060 838820 344
807537 807715 238
989999 990489 321
121859 122462 336
991070 991120 290
328070 328470 260
766394 766786 300
954102 954120 246
508563 509022 377
559933 560247 284
308808 308926 234
330369 330379 185
741483 742214 349
655672 656269 385
841408 841440 238
926326 927069 476
424995 425398 325
914247 914489 264
211432 211602 311
1272 1839 180
231678 232057 306
370799 371196 348
1677 2178 180
86427 86988 271
185887 186329 316
225670 225777 231
467483 468148 413
803942 804574 331
236364 236728 337
665523 666156 398
129152 129323 300
801172 801611 344
493100 493527 289
99698 99812 328
470317 471107 307
850382 851059 357
256201 256945 332
106542 107013 323
778452 778967 256
864242 864658 326
821199 821695 375
445445 446106 325
220074 220253 293
322767 323138 278
496330 496467 245
124711 124812 225
822150 822919 331
920934 921687 339
144171 144287 326
331351 332028 353
201664 201794 236
22602 23107 238
968868 968910 277
994280 994921 365
514994 515032 258
520256 520530 302
153830 154023 308
780352 780494 331
923674 924080 308
602783 603501 279
741002 741776 318
212087 212354 280
336758 336779 260
10577 10681 255
74117 74503 294
300121 300281 234
111909 112615 323
492240 492631 426
958961 959560 308
806975 807167 238
328460 328862 291
349641 349892 366
859338 859340 145
321274 321410 247
712110 712613 349
672636 673017 261
628046 628646 279
702760 702791 181
83123 83216 227
427609 428137 374
127420 128038 287
670940 671666 323
927521 927594 277
989187 989479 290
153333 153784 308
24953 24992 202
446213 446815 325
607281 607552 341
168894 169156 334
136055 136783 313
827243 827733 419
54120 54748 260
486875 487053 382
900445 901011 401
205345 206029 355
255009 255295 288
616117 616725 372
379588 380096 361
161848 161861 184
696777 696812 336
46613 46902 252
98170 98213 191
108482 108598 261
2459 2846 209
712870 713480 318
91132 91501 333
510741 510744 227
819111 819726 300
835446 835871 313
124282 124798 287
736261 736762 318
674767 675027 230
153397 153420 264
624182 624540 341
394061 394189 255
534724 535484 315
968243 968952 321
248804 248804 151
407239 407417 250
234284 234709 293
426886 427407 356
422763 422963 281
290126 290884 327
754783 755434 318
673 817 171
34083 34560 311
557187 557649 284
103557 104253 279
857854 858465 282
75701 75900 294
391333 392092 330
223289 223824 324
97589 98009 297
176669 177399 334
249591 249761 332
760136 760543 380
278754 278929 283
71787 72540 263
414013 414580 374
393298 393988 361
14754 15037 240
559965 560369 359
398270 398663 374
48008 48628 265
283221 283821 358
765733 766169 287
319971 320201 278
940364 940576 277
910365 910734 295
839081 839477 282
20470 20900 256
603251 603955 297
862077 862662 326
158621 159324 308
63620 63741 255
120517 120727 243
825947 826458 313
44426 45064 283
443355 443862 250
907515 907985 295
710751 711274 380
835883 836396 282
9676 9678 167
544288 544995 315
391537 392209 330
390314 390964 361
398313 398620 374
573137 573545 315
838589 838823 344
52231 52398 278
939207 939225 277
781564 782202 362
5554 5633 236
761329 761792 300
164861 165494 321
894500 894637 370
779614 779950 362
931914 932651 308
503363 504160 333
993338 994131 259
871987 872697 326
388774 389520 436
252852 252865 195
752613 752952 305
1413 1964 180
750508 751145 331
616555 616959 310
766299 767077 300
129770 129802 225
488947 489069 307
584009 584062 222
686565 686591 212
250232 250866 332
862854 862959 220
673549 674009 292
555230 555590 390
240201 240576 293
327072 327422 322
499290 499722 395
583892 584377 372
798809 799532 375
261104 261220 226
67508 68233 312
761221 761679 300
283878 284107 314
856822 857610 357
331682 332166 353
234979 235358 306
343183 343564 335
318531 318960 353
294669 294927 265
369424 369942 361
346742 347483 322
867196 867319 344
445887 446319 294
404290 404740 312
317277 317631 309
508376 509113 377
544869 545452 315
811712 812402 362
830828 831518 419
311709 312077 278
941229 941958 339
463586 464356 307
788073 788375 406
640422 640998 416
210440 210877 324
419828 420474 343
635453 636131 416
597439 597651 266
270696 270761 270
615059 615762 310
476214 476479 276
621190 621374 279
469795 469986 307
242510 242629 213
513631 514043 351
499148 499824 395
179629 180215 303
557413 558118 315
847272 847720 419
658930 659593 323
152161 152921 308
882541 882569 202
320996 321746 353
870828 871434 264
236473 236560 306
677066 677305 292
94822 95105 328
559840 560588 359
44753 44962 239
271187 271487 270
218402 218520 293
28807 29097 228
154983 155313 264
126674 126720 225
467954 468409 276
578379 578673 253
834269 834619 313
254017 254269 288
405486 406078 361
964871 965172 277
182229 182683 316
142093 142259 220
204658 204831 205
912970 913660 357
467283 468036 413
111445 111865 323
40347 40464 226
77779 77937 245
494847 495084 289
536523 537159 377
773578 773602 225
319094 319222 247
515424 515997 302
664850 665389 442
64863 64895 224
165877 166345 352
185537 185986 316
119518 119958 305
587806 588464 328
855399 855525 375
704559 704898 504
938166 938219 277
666445 666585 261
983795 983872 383
102840 103198 235
774677 775092 437
138483 139257 300
535573 536047 302
442189 442356 263
169796 170223 290
244378 245069 275
121464 121472 212
517312 517950 333
174881 175226 241
567886 568333 315
645178 645853 310
47750 48177 252
968284 968367 277
29404 29611 210
45772 46511 283
161110 161376 246
27572 27840 259
142323 142969 375
871470 871638 282
152904 153369 264
232061 232223 231
436805 437025 294
940246 940691 383
115287 115622 349
51292 51577 309
267462 267884 301
891690 892480 295
804062 804427 269
386760 387384 268
867020 867679 344
140545 140789 313
144606 145260 264
196075 196544 267
143277 143480 282
875621 876002 432
649910 650374 292
980159 980306 246
671363 671539 261
384531 384665 211
578089 578546 346
241041 241770 275
77963 78121 276
195000 195683 360
217947 218087 262
183137 183266 254
172544 172908 303
141397 141512 282
858516 858872 251
567519 567887 346
341252 341293 260
791900 792010 269
850299 851089 357
449967 450561 369
276472 276602 283
956721 956969 352
511643 511803 302
979174 979366 321
595999 596695 372
705194 705887 336
891201 891615 326
59882 60101 304
541662 541802 346
743087 743139 287
487515 488092 338
593652 594052 297
206302 206963 373
186905 187048 223
297274 297970 327
817073 817188 269
666216 666222 186
718326 718333 212
940560 940793 277
868573 868963 326
802279 802610 388
888995 889356 326
643090 643751 279
25414 25815 233
427913 428530 294
112336 112381 199
72279 73072 294
602222 602390 266
664030 664257 367
42560 43219 257
754583 754912 318
598633 599092 297
92439 92808 302
995461 996139 365
681197 681379 292
342938 343577 335
876488 876528 326
603815 604226 266
681557 682332 336
262586 262609 270
66597 66908 237
902910 903534 370
217293 217645 249
261905 262432 301
804744 805133 300
921075 921090 308
57719 58038 229
652122 652870 354
23497 24031 282
408867 409101 312
232917 233104 306
358787 359586 317
69348 69737 299
561307 561785 271
584460 584946 359
902922 903435 370
716662 716671 199
740380 741006 362
592097 592651 297
164672 165110 308
348000 348369 335
958616 958862 277
647582 647947 341
546089 546101 178
476002 476364 307
403763 403897 237
754669 755451 318
523642 524372 302
7008 7701 239
154658 154985 264
37275 37538 306
654777 654972 323
789120 789331 406
660175 660821 323
873718 874049 326
537921 538515 346
657770 658501 398
141202 141872 326
962415 962902 383
516314 516376 258
790214 790822 375
477433 477737 307
20185 20251 212
461892 462601 369
663553 663566 155
606432 607081 310
137511 137669 207
926765 927262 476
469255 469361 276
373497 373594 348
312977 313223 340
497174 497774 289
694570 694688 230
427557 427805 374
513007 513647 333
209905 210022 280
770361 770437 238
143577 144051 282
429852 430087 250
992453 993015 352
548745 548745 165
515034 515476 395
870068 870483 326
45224 45608 239
648496 648689 323
758336 758647 362
289557 290070 327
641635 642110 416
916708 916954 251
539414 540113 346
212257 212462 262
610706 611482 354
822591 822882 238
571351 571503 284
185178 185462 303
971233 971640 352
757950 758369 287
342899 343422 335
365605 366339 335
930479 930866 370
718653 719081 318
330471 330818 322
337223 337381 247
149998 150716 370
120092 120428 318
790408 790529 331
791466 791565 225
333504 334280 335
98876 98900 173
550040 550775 346
779736 779746 362
736955 737698 380
74914 75243 307
445199 445250 219
915358 915597 339
482886 482932 214
900755 901331 388
532275 532822 377
140363 140942 326
652473 652864 354
835702 836077 313
396223 396390 330
279982 280130 283
328480 328554 247
820757 821141 313
167135 167682 321
590138 590500 359
801048 801774 406
495355 495745 320
685298 685878 349
158180 158889 321
624112 624229 279
250838 250887 257
238439 238471 244
980835 981061 427
591241 591299 235
265526 266230 332
217984 218617 324
750575 750916 318
941014 941241 339
226380 226650 368
968177 968553 321
5379 5905 236
582268 582356 191
633035 633562 354
194464 194931 298
638811 638833 217
49011 49343 234
545066 545787 346
63655 63728 255
602326 602662 297
151074 151323 251
361664 362046 273
390989 391727 330
545076 545614 346
372294 372876 242
875590 875708 432
464785 465570 369
867704 868451 339
754603 755309 318
921464 921935 277
889502 890257 370
947270 947898 295
232625 233080 293
890932 891530 295
259639 259655 182
672326 672583 367
299560 300098 371
851992 852125 326
591948 592675 403
558879 559350 284
716211 716858 336
584711 584756 178
907202 907429 326
638204 638321 354
35369 35695 324
507077 507832 333
143440 144010 282
811946 812415 362
547086 547273 240
621878 622154 279
465628 465893 307
900151 900736 401
377022 377549 286
620642 620972 310
563169 563628 328
798868 799604 375
972483 973245 321
125876 126330 318
196747 197228 267
685172 685460 354
409817 410259 449
769269 769354 393
827320 827921 419
966250 966325 215
639248 639818 279
70133 70355 312
606040 606050 204
944398 944778 383
990089 990199 290
5603 5891 218
307726 307905 309
226904 227137 306
663736 664363 367
548047 548389 315
90445 91086 271
882851 882915 233
395040 395505 312
471758 472034 276
295164 295779 265
403307 403990 343
505306 505972 364
660246 660862 323
456210 456247 201
763983 764061 256
286189 286423 252
490013 490521 320
729401 730012 318
850479 851028 357
405782 405788 206
682685 683181 305
715150 715810 305
136494 137015 313
909954 910721 476
786355 786357 163
939679 940117 308
973072 973530 321
35407 35837 324
288923 289250 345
167467 168249 290
562173 562960 359
700462 701157 305
284501 284582 239
743141 743827 318
95900 96390 297
685763 686315 274
40419 40523 213
398481 398818 268
234296 234343 275
807363 808123 313
543176 543387 253
893189 893888 326
374686 375256 361
454900 455550 294
985097 985303 427
429417 429540 250
781948 782714 331
699344 699673 367
698511 699298 305
29143 29856 272
651171 651918 336
606113 606669 328
705347 705974 336
794043 794213 331
404710 404875 268
624646 625175 341
136177 136748 313
304115 304764 309
702744 702823 181
645261 645712 279
895173 895383 264
30543 31277 254
695153 695510 243
805558 806347 375
221264 221831 355
458705 458809 232
785610 785733 375
628758 628763 204
225859 226344 293
727726 728290 318
414523 414652 374
774640 775212 437
57617 58272 273
936075 936320 277
768419 768962 331
936125 936712 277
734705 734935 287
628865 629100 235
40576 40666 244
772709 773266 393
188058 188618 316
361913 362520 361
313522 314209 309
882628 882958 313
113861 114549 305
537136 537362 253
352476 352817 304
149349 149396 233
499950 500177 320
982932 983527 383
601283 601728 403
995689 995713 290
154771 155089 264
115940 116123 305
239980 240063 200
515937 516552 271
950962 951269 308
471731 472180 276
69345 69436 250
676655 676667 168
705103 705465 380
330948 331725 291
787277 787683 331
793673 794278 331
800523 800629 269
380655 380997 299
93595 94264 284
384022 384562 330
190509 190780 285
418235 418513 343
887354 888092 401
531310 531492 346
221309 221840 355
914369 914595 264
10363 10575 255
555453 555613 284
58243 58282 229
357135 357516 273
189617 189961 360
971488 971738 290
502092 502628 426
711554 711893 274
456879 457537 351
26373 27058 308
214661 214737 218
82858 83110 289
812109 812265 357
91119 91677 333
946493 946593 339
853193 853409 357
229379 229487 262
1040 1258 182
10407 10497 255
865588 865861 388
301452 301660 265
94093 94471 284
894773 894871 220
459600 460014 307
414468 414806 374
917629 918075 339
988318 989032 321
68533 68657 237
786314 786783 300
141801 142156 313
142456 142579 220
808718 808931 313
204318 204821 311
847629 848220 326
254205 254516 288
894199 894321 264
445187 445971 325
658197 658630 354
991594 991781 290
424573 424711 312
562910 562957 253
561345 561413 222
391035 391831 330
969793 970380 321
250452 251029 319
544384 544586 307
250064 250075 138
810517 810626 388
334191 334618 322
737912 738442 349
803371 803742 300
748988 749672 393
501274 501991 320
845180 845840 401
138415 138534 251
490510 490938 320
343296 343870 335
440916 441509 263
56354 57112 291
614545 615054 447
258480 258532 301
454936 455661 338
72363 73108 294
834560 834966 344
149371 150166 370
316085 316140 239
37684 38037 262
207240 207363 280
458740 458862 201
928486 929243 339
879880 879987 344
948421 948765 326
529390 529890 333
31291 31989 285
517110 517251 302
907689 908462 370
426369 426883 356
432597 433071 387
9195 9427 260
272917 272951 146
183046 183681 254
447335 447577 219
370236 370769 286
8990 9240 229
858421 858722 251
515062 515808 395
271289 271811 270
387208 387337 268
932621 932720 308
32218 32270 192
13786 14574 258
45070 45798 314
537324 538027 346
272474 272902 314
688726 689010 292
79544 80029 307
314130 314736 278
372275 372810 242
891846 891946 295
273570 274239 358
154659 155164 264
241553 241975 275
228454 228975 306
340091 340599 304
641313 641313 217
729140 729510 243
827540 828308 313
952835 953004 277
928597 928883 339
782412 782923 331
705487 706025 336
372363 372512 242
990054 990624 321
688029 688696 274
417528 418074 312
814648 815282 357
212063 212720 355
878204 878777 326
328276 329071 335
473953 474046 276
658989 659692 323
627951 628183 279
900007 900171 370
754796 755097 318
525535 525588 408
893967 894038 233
917689 918126 339
275668 275864 252
500260 500645 364
487753 487769 201
717589 717686 318
378725 379400 361
306415 306586 309
674424 674427 199
60997 61209 255
564286 564757 284
489814 490409 307
149229 149847 326
332759 332908 247
401837 402245 268
884558 885060 295
685575 686207 274
293242 293404 221
243286 243868 319
140624 141208 313
483738 484070 307
963137 963481 277
952492 952760 277
868375 869040 357
554892 555129 346
707390 707655 274
195254 196021 360
714207 714449 274
833267 833951 357
806568 806733 238
948907 948969 246
250343 250909 332
175704 175903 272
298389 299113 371
424021 424518 281
41935 42290 288
724726 725304 274
755520 755960 362
828881 829180 375
524475 524619 302
502746 503399 289
680419 680657 292
46509 47254 283
916493 916604 308
18276 18791 261
677629 678280 336
618601 619099 310
646414 646680 323
1317 1803 180
429358 429902 281
493622 494188 351
455109 455756 338
284959 285445 376
147478 147917 295
750617 750763 300
461789 462498 369
840839 841344 344
311065 311758 309
920168 920880 339
995779 996160 365
795494 795623 225
979196 979956 334
89035 89812 315
592486 592906 328
878963 879070 313
85384 85441 258
540060 540232 227
334293 334586 322
945946 946310 352
254630 255407 363
750695 750716 137
730116 730702 380
477399 477851 382
68546 69014 237
733354 733915 318
248006 248440 257
60411 60791 273
917160 917642 383
762518 763020 331
810099 810380 238
360870 361455 366
404777 405340 343
605547 605616 297
753124 753144 181
844522 844850 357
700950 701718 411
341375 341609 260
449490 449894 294
237550 238128 319
28259 28354 259
662839 663151 292
597498 598266 372
615816 616559 372
852709 853378 357
875852 876474 370
175387 175448 197
536833 537205 377
421876 422199 356
688360 688766 274
637909 638460 354
933653 933860 370
794857 795132 269
969766 970408 321
135019 135778 344
800272 800407 318
594945 595178 297
59604 60292 317
635362 635870 416
416881 417415 312
992023 992467 321
179 344 144
693407 693603 305
680138 680523 323
384301 384521 330
9941 10152 224
519372 519614 302
583101 583825 434
566979 567094 328
207134 207634 311
759892 760538 380
680096 680871 336
664574 665092 323
94756 95442 328
193250 194044 329
624090 624696 385
162946 163509 246
135279 135357 269
878949 879654 357
403491 403845 343
217528 217802 249
520728 521095 320
802575 803223 282
606183 606705 328
151881 152223 277
630989 631071 248
315312 316103 322
226179 226810 368
226879 227210 306
