1 10 20
100 200 125
201 210 89
900 1000 174
1 1 1
2 2 2
3 3 8
5 5 6
10 10 7
871 871 179
50 50 25
999999 999999 259
1 999999 525
811000 850000 525
652856 31031 509
588156 595604 403
797677 283492 509
336906 213531 443
544810 856807 525
960350 176520 525
717318 56345 509
893716 392347 525
858484 628862 525
300492 589487 470
675452 675314 261
8753 473345 449
63250 154370 375
701095 671374 442
193360 992855 525
539408 771291 509
524821 682380 509
583164 406670 470
940153 531681 525
559979 117882 470
997612 37897 525
705791 230520 509
656234 40606 509
47875 466416 449
404125 495285 449
538386 326903 470
704751 756224 424
548623 27954 470
795164 422685 509
687779 38909 509
440754 135064 449
620097 52869 470
94101 795242 509
995385 144641 525
343770 750555 509
217825 693937 509
781078 97920 509
14573 74868 340
600898 568996 434
470823 577718 470
9928 712709 509
810763 980358 525
255404 314357 407
175041 36997 383
611930 77090 470
277303 466554 449
728776 169647 509
955162 500227 525
913095 841536 476
618930 40806 470
565356 248341 470
713624 609542 509
877781 388878 525
694484 219505 509
762074 694477 504
411031 302230 449
720018 138040 509
597905 939732 525
786495 566621 509
772720 258605 509
786519 680241 504
39863 711321 509
652464 911473 525
242870 229175 443
570823 764202 509
114412 310174 443
451692 81427 449
466933 100178 449
178382 699352 509
470577 757267 509
548703 331634 470
980212 433295 525
801187 84835 509
524919 270234 470
562203 606385 434
720750 378376 509
605230 740150 509
138654 508190 449
666050 868713 525
521061 557702 452
404427 163706 443
685485 455248 509
791034 997903 525
436122 455668 400
509442 192024 449
681436 725187 504
150520 256017 443
352228 64751 443
644627 914452 525
944690 583859 525
223571 672600 509
537421 49440 470
369535 153098 443
574797 36742 470
555270 349702 470
70290 912379 525
137607 726450 509
327639 85003 443
894060 859831 445
259744 275260 407
773873 315741 509
726289 952700 525
26179 122562 354
273625 343913 389
694083 793207 504
374347 105597 443
80873 307191 443
530701 573653 452
152326 84037 375
683241 679964 336
800546 815137 406
179777 745816 509
497283 239270 449
216351 788049 509
956367 861187 507
623275 756761 509
276041 698196 509
11637 612861 470
554807 36188 470
852210 485510 525
422308 1569 449
28420 542828 470
54145 231845 443
381298 896216 525
937063 240252 525
214711 181460 373
267192 652879 509
116534 877970 525
663587 196523 509
46027 999702 525
715589 597702 509
334716 977600 525
831085 207633 509
13582 9914 276
963704 762227 525
108148 423354 449
416603 836775 509
864226 799668 525
770432 716275 468
343681 353632 441
275911 564931 470
330363 698339 509
815661 62947 509
623925 426973 470
656138 50582 509
434077 71246 449
478964 3669 449
281432 539365 470
563457 506087 470
930334 405799 525
921002 340953 525
92514 329720 443
688332 631579 442
181353 723914 509
575880 794039 509
907900 149151 525
901449 324398 525
831225 740668 468
881317 580401 525
594051 896428 525
776989 526329 509
634457 464301 509
119743 278723 443
480132 940348 525
869995 651820 525
439658 623032 470
641074 508196 509
485696 332085 449
41242 443666 449
433757 442464 400
533694 979460 525
895209 701578 525
640082 821265 504
813684 909395 525
246596 603662 470
125731 117108 336
725311 91689 509
47301 855528 525
28489 317477 443
653572 398008 509
104652 486002 449
106102 578594 470
85938 410536 449
870547 471525 525
335273 648096 509
323329 928940 525
18950 136303 354
696588 282196 509
590982 246400 470
427441 109148 449
754287 506573 509
382873 882984 525
27541 940474 525
266467 475250 449
368632 932878 525
50010 993998 525
334283 807118 509
376070 516439 470
266127 291512 407
454814 579195 470
616606 455129 470
720539 708833 411
364676 298507 441
363303 263410 441
639432 156815 509
895988 624907 525
82376 76035 351
583722 794493 509
622914 229376 470
341432 291007 384
450415 647826 509
240332 850865 525
365129 682453 509
189981 909389 525
252014 923368 525
951973 361772 525
12381 429201 449
317485 862259 525
137500 60909 354
807680 982552 525
235708 641426 509
770369 124500 509
943668 566083 525
823193 345191 509
215403 147407 383
675208 490435 509
990866 829574 525
674269 631318 442
905773 776217 525
149568 255863 443
219185 460749 449
394989 117548 443
557065 482331 470
75323 66134 325
497267 601896 470
954010 53882 525
475655 80028 449
380060 845100 525
477784 659297 509
764458 182938 509
428211 788538 509
554839 907186 525
230532 777917 509
796049 36465 509
804568 716655 468
302259 545993 470
269693 719802 509
239288 883502 525
397958 737869 509
953163 515710 525
989995 177936 525
352506 648587 509
963149 139203 525
935368 450822 525
838998 77362 525
490657 228937 449
12095 20311 279
448744 484544 444
230571 737932 509
239277 626613 509
201521 799915 509
513402 40824 470
287351 650308 509
686092 925607 525
768825 515834 509
914975 885535 476
653737 700986 442
357858 66367 443
6961 812377 509
506826 41622 449
238100 386377 441
480579 873193 525
470706 926712 525
773120 427362 509
830378 866502 525
261107 59287 443
9370 608992 470
390169 171830 443
954433 913086 507
458477 594699 470
957126 25077 525
185276 555310 470
976018 304121 525
770840 529740 509
83160 631411 509
8934 669776 509
49268 614843 470
293523 929709 525
837873 312435 525
941539 326282 525
850981 57983 525
673898 362379 509
374519 642404 509
342355 433401 449
933249 585020 525
248733 911117 525
941264 340563 525
429990 522334 470
66056 153570 375
979104 786276 525
566501 118566 470
126304 622120 470
272860 648155 509
58005 897034 525
675679 879514 525
596181 355822 470
991680 789068 525
499795 944645 525
630701 21450 509
809325 781171 468
176409 354899 443
618466 809250 509
603196 956649 525
408097 513443 470
358448 503688 449
626428 31676 509
858172 730116 525
760507 758930 380
775790 206846 509
408013 331380 441
838945 948994 507
344282 608257 470
874335 273728 525
671860 124984 509
970847 592741 525
329515 990618 525
820207 690262 504
53631 751102 509
545645 789001 509
293744 234481 407
368111 161856 443
199410 542663 470
135363 73058 354
353917 4099 443
273360 797559 509
353920 590494 470
878747 691455 525
290677 435959 449
879014 219120 525
458128 111640 449
324274 272843 389
37713 586913 470
853862 4506 525
439609 712340 509
99144 7240 351
436441 884668 525
591143 163612 470
724357 696122 504
78939 227924 386
734248 990061 525
539621 633306 509
633649 559293 509
408560 517029 470
206379 864133 525
94585 309807 443
834091 238555 509
337610 173710 443
939490 735037 525
208353 187442 373
854738 537369 525
770160 996090 525
595486 841208 525
391550 759603 509
348922 698057 509
804715 632109 504
483265 272262 449
973648 526460 525
449445 909765 525
880517 621448 525
715264 561053 509
60668 776593 509
676234 782451 504
11978 355780 443
31652 635744 509
268294 70706 443
554960 85120 470
977162 729011 525
455876 27034 449
550231 325334 470
550291 633383 509
543893 847299 525
113611 214721 383
779895 881840 525
135838 309929 443
906045 880892 445
378424 525877 470
75475 308139 443
485743 69780 449
189207 721599 509
330649 463551 449
254328 511343 449
956791 841983 507
776825 943303 525
742350 965141 525
832533 870171 525
679062 807305 504
723325 142121 509
900620 543250 525
86205 15370 351
344034 552606 470
535676 648149 509
665814 523264 509
393122 916369 525
220704 98996 386
432660 177364 449
583493 810575 509
930458 220924 525
680585 678279 380
747362 571081 509
360193 581468 470
152670 534550 470
678727 825763 504
344008 991602 525
38598 438957 449
224965 154591 386
59380 280408 443
17831 832166 509
276512 948146 525
921421 210069 525
691169 419973 509
306149 549463 470
82862 25219 351
280018 16622 443
722956 686351 504
960105 324559 525
650530 563557 509
305748 268186 407
140840 65576 354
432345 620788 470
804926 364807 509
755701 699331 504
553497 16074 470
98530 231749 443
58840 535423 470
292792 171341 443
357045 175931 443
694640 317980 509
517526 769295 509
55619 432280 449
75011 743945 509
10097 988139 525
927091 631268 525
296669 398395 441
986751 785549 525
665749 687169 398
277560 883410 525
330672 196936 443
914772 370793 525
669264 479684 509
533827 172763 470
984711 242125 525
812767 271692 509
875862 137911 525
410626 371879 449
715985 169678 509
51507 864874 525
363870 930227 525
421816 748811 509
720284 928462 525
550415 176326 470
907488 589038 525
798711 338692 509
785562 643077 504
349993 492457 449
53910 397625 443
600292 336314 470
845983 429928 525
321958 671721 509
150078 562875 470
240438 270783 407
171360 426149 449
484062 85669 449
955541 387257 525
832055 281551 509
254772 693414 509
771420 83910 509
850461 43472 525
253568 332560 407
942359 915339 507
31644 240957 443
643799 157622 509
490433 80465 449
992674 272690 525
136971 955337 525
318857 556542 470
567222 545100 452
79316 611441 470
174346 41392 383
747258 803922 468
342002 94117 443
140875 245847 443
207339 90178 383
184688 94009 383
382616 712618 509
317195 16048 443
749042 119770 509
171832 821712 509
678108 519699 509
338805 371904 441
737620 968990 525
623902 370066 470
744454 273729 509
883728 875524 432
309434 430268 449
668784 43730 509
663982 109632 509
388804 664566 509
254399 816109 509
841022 35134 525
974400 871238 507
376858 513287 470
719597 320116 509
720285 106395 509
652090 995315 525
398588 588645 470
371140 153949 443
18527 11021 279
799657 50385 509
306042 542004 470
359155 396416 436
292507 753869 509
201135 810260 509
356547 27862 443
703836 98365 509
209515 217395 386
255423 875801 525
831080 274789 509
40404 652222 509
47528 688683 509
707422 217895 509
625308 487733 470
60383 3770 340
546352 692801 509
866916 488114 525
710517 934229 525
295352 121518 443
952992 855127 507
131833 584405 470
186668 842316 525
924807 355876 525
532122 703915 509
349784 73813 443
408089 883677 525
881704 589165 525
583040 57172 470
921870 545571 525
250679 928453 525
913258 778920 525
856438 875523 432
625467 585943 447
372709 492538 449
482445 498107 426
249123 865988 525
582799 211447 470
967331 554475 525
350274 829782 509
171952 422012 449
648526 561904 509
600529 830724 509
837039 34293 509
61447 519146 470
379404 270745 441
399219 321641 441
318632 253084 407
440084 189288 449
35249 830325 509
138286 800567 509
537078 331930 470
343623 868136 525
822070 611375 509
333580 181576 443
269331 46088 443
540496 617145 452
281446 449821 449
574516 421165 470
466220 881097 525
668257 720001 504
317149 526270 470
415666 66035 449
90653 232970 443
102191 563394 470
398668 576958 470
403317 801 443
924472 207680 525
96113 724375 509
958898 666543 525
825547 861622 525
758974 86254 509
581279 801973 509
335076 151824 443
885542 7084 525
27683 231262 443
46643 285996 443
748293 716423 424
336602 651001 509
819662 207909 509
859947 237926 525
301070 134696 443
615708 504715 470
327638 981921 525
673412 905252 525
245255 308333 407
39748 587913 470
922309 211324 525
198912 909638 525
787595 374973 509
906571 287190 525
370969 888808 525
397665 561089 470
910344 567335 525
91469 552975 470
269629 93090 443
821355 817767 450
877436 711589 525
549064 641225 509
433172 259504 449
346213 182565 443
237112 323100 407
766235 928342 525
97765 375384 443
138366 673568 509
683864 612039 509
997566 534929 525
545114 990606 525
918034 156649 525
153170 11313 375
569352 563953 421
233396 523795 470
437915 859674 525
415851 483229 444
116080 424503 449
628002 861111 525
833452 237195 509
808560 722612 468
281968 588605 470
623070 133642 470
902194 383848 525
278613 8638 443
833337 571471 509
690985 701342 442
98165 771373 509
639868 805288 504
76920 737899 509
533584 507145 470
324053 597291 470
282477 837119 509
409556 826305 509
842923 417247 525
809486 532098 509
284061 822963 509
767531 624564 509
132250 802875 509
923958 875173 476
800233 922004 525
532378 976919 525
768648 509879 509
256252 613272 470
939225 943000 507
342196 210224 443
718250 543150 509
431721 793268 509
289375 126482 443
403335 154488 443
738238 218305 509
350944 296418 441
163863 625404 470
67484 517273 470
286798 32975 443
950750 367771 525
381959 11950 443
706294 832558 468
50796 993210 525
419580 264686 449
531486 151779 470
11023 105093 351
299894 615720 470
193322 631545 509
882806 824891 525
43807 466400 449
604049 727232 509
951604 3822 525
139027 216435 386
420311 309423 449
943598 176104 525
193406 887248 525
629859 45486 509
29663 199959 383
726857 293709 509
266569 976627 525
845437 672623 525
780894 878702 525
193127 393947 443
82093 783230 509
492324 131420 449
234544 4027 443
805909 463616 509
63071 792556 509
53123 306620 443
535663 100858 470
550894 384749 470
355754 7046 443
561969 947449 525
13036 94678 351
683603 17428 509
705143 151786 509
643500 598367 509
866996 476077 525
455217 70506 449
931079 706311 525
38687 641562 509
150733 351887 443
387649 372966 423
404341 952350 525
784669 795771 437
723192 672703 504
155969 44160 375
257078 820738 509
345893 76212 443
617838 198384 470
623805 804146 509
254298 74584 443
62430 68630 330
389349 694472 509
738186 725498 424
36362 242327 443
562074 310362 470
462666 851423 525
334087 320406 384
559945 914825 525
361748 516757 470
460550 607233 470
250012 568453 470
305974 565832 470
380467 375105 423
102203 312871 443
781116 533004 509
970694 695489 525
142663 481594 449
233542 44226 443
448996 506606 444
564363 735476 509
163401 965950 525
268604 784816 509
431707 868851 525
216049 783537 509
795932 867052 525
560622 259780 470
969970 269473 525
305789 59163 443
372112 618117 470
512487 388993 470
907587 461509 525
335054 662377 509
13275 177006 383
865258 881631 432
876020 236587 525
194334 703392 509
615008 533547 452
132918 364357 443
723826 789153 468
685120 269401 509
599338 847845 525
843332 553420 525
523128 850936 525
725921 751105 424
206191 564005 470
85573 781122 509
537287 385666 470
396168 471571 449
532879 456150 470
454886 39268 449
252525 516949 470
934103 710239 525
898899 293510 525
251853 138402 443
981952 116357 525
133961 911047 525
504624 278309 449
439387 364062 449
354210 844525 525
886452 558652 525
747652 302787 509
231465 756396 509
359036 668071 509
358342 251460 441
618837 203862 470
86733 146579 375
688324 677198 398
498058 177015 449
767191 431601 509
110100 39371 354
484217 421571 444
387746 537021 470
835428 933774 525
533191 211965 470
698723 187621 509
896075 448145 525
953027 379845 525
328552 98693 443
446998 966999 525
844702 698496 525
65123 847506 525
245619 546035 470
620205 187581 470
80395 459562 449
844574 590610 525
526623 913733 525
646480 466430 509
633629 496576 509
79736 989893 525
868508 321645 525
878832 742979 525
732282 600644 509
460768 694157 509
262677 451025 449
116744 153590 375
669346 292939 509
434028 270829 449
388077 899525 525
967003 433732 525
690605 831101 504
654878 616075 509
962371 726738 525
927802 367515 525
216719 746771 509
760866 325295 509
980719 726579 525
371005 960044 525
460374 457752 338
9295 174145 383
680772 269010 509
57414 544489 470
801703 405353 509
83684 293709 443
725518 259535 509
934275 503879 525
145862 248820 443
705994 434178 509
315347 183737 443
235755 332669 407
655757 577340 509
831509 32110 509
322644 258642 407
197949 543619 470
529329 866450 525
169861 613187 470
21002 94542 351
154758 773524 509
290689 846365 525
622271 459605 470
222827 477716 449
589017 337963 470
814952 57683 509
629718 574682 509
428516 542587 470
573398 5385 470
398313 289981 441
914438 399464 525
182366 745870 509
59621 584301 470
402720 489910 449
652404 446265 509
224763 407816 443
41210 462490 449
315652 888940 525
628849 388905 509
227159 12824 386
338704 725780 509
698985 347485 509
700086 826038 504
634121 391710 509
22576 28258 308
312056 515419 470
582631 686591 509
847457 513195 525
755817 957901 525
521206 448136 470
246354 653574 509
774249 185092 509
951319 112735 525
909700 988634 507
768174 956333 525
246758 592416 470
925661 445029 525
714587 959704 525
472030 51900 449
527190 70181 470
616044 600045 447
719309 903130 525
35118 107289 354
626610 477038 509
511356 474056 426
312649 93772 443
818066 474445 509
862826 100231 525
657040 730440 504
97237 172587 383
74027 66950 325
523501 757550 509
194932 535811 470
313875 402310 441
896643 107087 525
193696 53460 383
644032 153677 509
429310 448829 400
230477 800216 509
634020 190042 509
847571 293825 525
952044 664901 525
172136 862708 525
890962 628180 525
257434 90937 443
801995 126498 509
724635 288918 509
173695 777608 509
475592 715025 509
823269 610603 509
425944 882258 525
216954 530223 470
587998 707751 509
182942 874506 525
965114 526882 525
496587 479667 426
552610 809053 509
70962 942201 525
191368 235998 443
160372 432495 449
597289 932949 525
652922 786821 504
502962 437698 444
24497 415410 449
55694 90739 351
86373 616013 470
45200 62507 340
171385 330363 443
685050 240863 509
29761 449987 449
343784 191962 443
78588 906110 525
132636 627200 509
413041 848490 525
455079 999215 525
893732 883741 445
23792 210113 383
76917 310806 443
134628 180526 383
149398 611503 470
466874 885647 525
374759 348334 410
556385 465597 470
345456 723963 509
570505 706712 509
731962 867053 525
809355 320227 509
390794 428541 449
296438 403469 441
824507 536284 509
717815 780170 468
772727 443680 509
706724 141600 509
256722 904601 525
474213 10558 449
132035 18754 354
829887 493190 509
537407 542164 408
43903 512364 470
919283 440628 525
452991 235574 449
67934 718604 509
499416 126883 449
968010 923382 507
19044 556392 470
641701 417749 509
251950 439381 449
546944 336958 470
878457 967191 507
375651 192724 443
438377 175894 449
381898 907058 525
846290 993726 507
483457 260416 449
624156 374876 470
985879 527081 525
80272 780318 509
162754 383203 443
580353 158973 470
