1 10 20
10 1 20
1 1 1
999999 1 525
1 999999 525
403539 869235 525
717330 610285 509
757174 21544 509
130883 438065 449
97190 460448 449
848654 348235 525
974804 394668 525
171524 957035 525
223718 477785 449
104629 964693 525
379909 90904 443
996001 172190 525
496700 671187 509
893174 139044 525
708224 383403 509
241974 706464 509
809432 16154 509
606136 764325 509
463347 669972 509
418099 546049 470
547546 782506 509
750133 690866 504
723534 85997 509
137034 509219 449
827832 27162 509
585524 424017 470
627106 889291 525
974693 857123 507
330026 356748 441
340948 705552 509
700593 389448 509
559078 872802 525
160417 945801 525
664550 360969 509
566554 757436 509
545044 455349 470
469951 710487 509
816452 164727 509
896643 994011 507
999898 609912 525
501261 631811 509
430845 301097 449
274222 858496 525
531895 851629 525
13294 381494 443
654964 936696 525
618649 157178 470
767245 645432 504
716343 34546 509
559084 831013 509
569605 165233 470
65632 155679 375
104881 304121 443
658274 629753 429
319488 782737 509
719073 693580 504
826213 415247 509
848784 405903 525
840950 651696 525
972030 511751 525
79061 435654 449
609403 238776 470
145077 186448 383
748717 135226 509
596787 722147 509
875275 619431 525
365100 794816 509
642440 126297 509
788836 887206 525
111264 952869 525
249027 831112 509
806581 466044 509
340696 467443 449
908590 684026 525
650084 768004 504
724923 629003 504
781280 869965 525
815704 944163 525
608788 323811 470
614289 981653 525
265972 139135 443
422716 736408 509
442239 816504 509
791357 329249 509
680594 364623 509
570767 767036 509
950747 173545 525
687990 556810 509
22374 740480 509
218000 132447 386
286121 795174 509
338769 46434 443
914443 787377 525
624793 642623 509
12746 872861 525
140010 408040 443
614988 9520 470
760972 620223 509
663208 486583 509
764603 257426 509
691867 244972 509
609243 912023 525
440260 225186 449
83255 722174 509
555646 436923 470
419476 551992 470
366705 92130 443
965244 162684 525
295461 184467 443
365773 281922 441
713125 167983 509
85233 342108 443
506066 200090 449
69482 918673 525
292762 581890 470
98908 956155 525
202238 120399 383
803523 573330 509
255451 470997 449
69361 694128 509
660115 424210 509
769341 6183 509
777024 533025 509
57722 627161 509
769616 660759 504
820737 13653 509
492107 160023 449
975474 550192 525
157917 223932 386
548189 380987 470
635449 548964 509
515748 969409 525
812619 734333 468
518249 831203 509
166154 85173 383
82307 50582 351
121369 425355 449
218719 721969 509
178597 347018 443
819053 306063 509
324034 353135 441
328313 589703 470
112128 631782 509
110002 723808 509
555270 344500 470
744371 595045 509
473849 409517 449
51053 167996 383
856284 475309 525
891143 930727 476
594035 487620 470
114141 716010 509
715027 318423 509
628341 238158 509
320816 669712 509
136229 354621 443
434524 94091 449
895327 74150 525
927526 79253 525
179448 592654 470
722538 799566 468
109218 469751 449
653110 36750 509
464102 978711 525
128669 460226 449
302882 984509 525
411024 108073 449
463700 660114 509
511850 475748 426
290111 50956 443
416926 494017 444
965694 842213 507
893694 154187 525
937048 470065 525
62615 219276 386
347688 418756 449
345486 765829 509
651637 378828 509
198035 363250 443
22611 255020 443
618339 637804 509
375016 87106 443
39924 236786 443
398526 436056 449
944152 998458 458
165117 308701 443
225837 357996 443
287841 928056 525
700844 585712 509
447946 657072 509
398516 917122 525
14996 822864 509
718387 943725 525
771191 30205 509
514229 794463 509
745268 219726 509
8259 146651 375
398276 362361 436
594072 300792 470
859939 510604 525
909081 889853 445
375432 186204 443
320606 187164 443
232543 483807 449
873886 447259 525
861209 275501 525
597089 891473 525
463357 68897 449
588009 928414 525
136155 884494 525
468477 794735 509
309121 822857 509
66099 890799 525
216114 590509 470
314646 234311 407
527511 69798 470
301472 541502 470
680300 175316 509
273161 363184 441
422981 986339 525
992120 567370 525
886815 514768 525
579705 885132 525
32203 638963 509
560845 706640 509
380038 146346 443
106914 236198 443
769352 552743 509
590932 395568 470
290182 552796 470
971635 757133 525
313913 863946 525
993710 159407 525
470140 375909 449
833710 281171 509
589218 884138 525
448140 549959 470
242969 563730 470
847240 842741 401
651711 431578 509
708533 726992 411
661915 360276 509
762254 888962 525
499327 850870 525
481955 78993 449
663908 586776 509
996227 742172 525
64100 856111 525
956383 488367 525
605560 132972 470
824951 51359 509
27127 959641 525
189401 916480 525
995701 488597 525
76107 923014 525
771811 103187 509
192507 156460 370
180894 78439 383
861045 42045 525
425295 842575 525
895876 848638 445
147209 771885 509
38906 339995 443
997940 658428 525
961274 274283 525
320368 97411 443
722127 50202 509
680652 688119 398
943977 483075 525
947431 608099 525
368631 853742 525
437000 310916 449
462387 6108 449
563771 882761 525
740375 976256 525
157622 504960 449
160543 235351 443
993198 184726 525
788658 933255 525
478706 307765 449
349436 547048 470
575444 923104 525
250143 106598 443
3344 22599 279
184627 717372 509
359344 256291 441
288032 372536 441
614733 361021 470
649069 378054 509
411169 205578 449
219234 66130 386
91511 994973 525
138424 875971 525
765990 194833 509
962863 346891 525
660157 552285 509
502425 510655 382
791516 462558 509
111172 336497 443
3703 724696 509
723758 717172 411
223031 396560 443
520208 795090 509
72257 160862 383
193219 212790 373
629279 309992 509
965373 719295 525
144341 271231 443
231155 553099 470
739445 571167 509
935344 943547 507
393237 906336 525
766965 258884 509
748238 788080 468
458224 757051 509
937360 512941 525
497918 406009 449
903362 206494 525
797704 615259 509
218925 532913 470
246879 212246 443
932176 316815 525
111469 173293 383
779614 274319 509
937231 149651 525
528675 473157 470
791195 988147 525
740931 836057 468
359298 71511 443
993352 347646 525
467098 381479 449
399370 918886 525
863624 752696 525
970091 134262 525
63359 17002 340
761945 823842 468
742363 980929 525
737787 744155 424
917026 18908 525
512647 830177 509
50699 433218 449
861218 750906 525
382761 491428 449
441701 267865 449
728444 328677 509
354633 246749 441
923423 142806 525
918378 397709 525
245069 878324 525
30473 703648 509
674787 931836 525
332317 147396 443
693455 365505 509
501048 716917 509
571330 377005 470
974022 907213 507
48758 786864 509
151618 64856 375
351884 350513 379
228968 684979 509
690010 528557 509
342270 274258 389
546162 832356 509
711387 789471 468
990315 374810 525
72193 739320 509
605411 284570 470
359046 343191 441
843490 721695 525
329338 694940 509
457721 121444 449
700625 469892 509
128167 703542 509
746443 426565 509
409125 76041 443
807888 695929 504
494380 853692 525
756632 671907 504
520994 66323 470
788491 39958 509
200440 147571 383
566866 472177 470
356513 10403 443
632902 119971 509
398181 724717 509
189716 830669 509
952078 985233 458
33549 993787 525
471801 936434 525
48529 867942 525
608759 170531 470
569885 702611 509
22649 857779 525
470118 51772 449
178279 448723 449
186408 460856 449
157896 660387 509
247512 513265 470
597866 854516 525
74531 476055 449
941392 243366 525
497817 61003 449
247866 702454 509
955196 618312 525
556947 988629 525
508252 909921 525
528587 765182 509
833313 64903 509
126388 122070 331
556239 487679 470
660964 811529 504
182039 110423 383
907910 311196 525
415482 550671 470
659075 167444 509
69308 147610 375
513305 303591 470
156374 864374 525
484438 924075 525
176419 590449 470
265260 591624 470
560000 334171 470
845853 842637 401
39182 275937 443
501249 899055 525
426254 118354 449
736724 898807 525
845929 46482 525
550080 762774 509
765599 505397 509
308387 889851 525
86544 632226 509
249296 107959 443
846366 268652 525
458972 137572 449
650008 617817 509
885191 521308 525
22896 766308 509
961785 349987 525
893973 421246 525
314763 87869 443
476749 653113 509
743957 949145 525
999134 661357 525
111379 85925 354
244048 852764 525
774816 809340 468
275700 200545 443
303139 772342 509
600688 494930 470
672252 158565 509
793681 609033 509
248077 789625 509
577284 847636 525
388414 649548 509
756536 909901 525
576013 499403 470
232930 386024 441
792013 54735 509
983200 544456 525
402230 80862 443
181053 177245 365
199827 583045 470
335893 400301 441
366279 947010 525
696002 30966 509
84889 566302 470
608683 475254 470
974057 957427 458
53481 201567 383
786787 851809 525
542576 589808 452
550165 186513 470
170920 680267 509
3972 411545 449
760858 129223 509
521038 311737 470
304264 478976 449
494115 455154 444
783025 931547 525
374 774719 509
527783 709410 509
488098 302282 449
512266 812186 509
20884 146578 375
16625 315945 443
818932 274435 509
42156 630005 509
766102 563313 509
30597 955624 525
28253 450642 449
235014 61119 443
739155 992867 525
304532 687233 509
192319 345640 443
285952 759022 509
545036 105624 470
98912 939221 525
994778 539654 525
62048 237278 443
26556 88639 351
564698 444347 470
303440 455459 449
20258 888987 525
342464 554521 470
363896 594044 470
532962 166704 470
81709 261540 443
771499 910687 525
781492 481027 509
565315 121911 470
256006 262272 345
134945 25000 354
542487 672999 509
328833 206316 443
110860 433857 449
996356 544261 525
841655 150977 525
742247 846555 525
784147 671418 504
178927 997875 525
321430 169249 443
574451 729653 509
402925 868482 525
41271 30526 324
104734 864892 525
400572 791413 509
61816 500095 449
215973 263240 443
702450 139312 509
85999 490055 449
543266 857809 525
396685 157092 443
787576 591808 509
484238 154460 449
901238 804397 525
14194 114656 354
415534 350698 449
605610 428120 470
526828 846939 525
487217 746166 509
752398 688271 504
211054 773383 509
679579 510090 509
298928 894780 525
611659 68852 470
783828 307255 509
413268 255062 449
136484 403264 443
906113 168478 525
280715 470632 449
9746 399563 443
751313 87991 509
234174 970793 525
563569 745902 509
100105 551025 470
583899 492088 470
378224 561430 470
419374 897951 525
497113 561394 470
54441 279549 443
204794 58405 383
86761 134762 354
49331 457340 449
749093 210057 509
494931 127749 449
847648 610346 525
338614 188757 443
267362 159213 443
564340 898786 525
738156 16692 509
356602 747976 509
533919 503803 470
552395 293088 470
733575 461840 509
12517 731113 509
954265 334834 525
310267 568040 470
134345 541617 470
646478 607386 509
529869 175837 470
613909 631865 509
726663 478730 509
759058 168902 509
421824 36210 449
76314 102157 351
204441 403963 443
11030 442213 449
122182 862313 525
668402 117577 509
235217 57491 443
213901 413071 449
256550 14660 443
677779 813897 504
264969 902206 525
364316 532409 470
420760 41014 449
281471 598217 470
352854 155363 443
224579 725142 509
73057 506097 449
465682 940533 525
734028 13546 509
690247 154972 509
800558 591601 509
764400 37354 509
7293 418701 449
624578 178863 470
127951 498481 449
629280 871679 525
918663 627615 525
658497 450700 509
414458 83045 449
657845 124418 509
631327 263246 509
391441 975422 525
89393 467230 449
595885 450479 470
875294 460043 525
141217 535672 470
999544 367304 525
985981 852201 507
349411 127681 443
572363 681814 509
242014 174930 443
524166 344928 470
6098 320394 443
642465 772363 504
170781 549608 470
873744 565982 525
11905 866547 525
352509 246042 441
309769 794604 509
825661 306793 509
208850 988651 525
628960 54296 509
232699 557549 470
219941 389891 443
69357 518182 470
174489 941492 525
729979 822122 468
287401 324663 389
495164 95121 449
282752 471634 449
234640 941380 525
930282 160917 525
993418 806404 525
202673 123694 383
289711 695496 509
89462 799521 509
339357 158739 443
546981 265925 470
259674 725134 509
580185 353711 470
991035 829613 525
226117 885570 525
733427 745493 424
346081 265627 441
493902 157761 449
89633 852858 525
802108 944239 525
159832 604249 470
47706 925804 525
747892 415820 509
523618 584427 452
725228 220383 509
506305 366892 449
576834 880438 525
378956 965940 525
694190 357423 509
782713 363762 509
921489 893978 476
946886 990279 458
991697 212339 525
208945 222193 386
288410 414047 449
324073 287768 389
847947 48992 525
631070 795348 504
386204 164336 443
225146 773566 509
421741 521217 470
732570 486115 509
920783 158440 525
33780 587096 470
822663 903992 525
798058 332482 509
210465 609137 470
321754 8186 443
405778 320481 441
838357 200023 525
581562 985914 525
81202 632719 509
395358 321802 441
124156 950798 525
893611 751195 525
204676 777902 509
383491 153186 443
181405 529499 470
489072 926731 525
771262 752429 468
685119 426883 509
591453 711967 509
311150 901096 525
98475 961227 525
264273 230196 443
222270 868562 525
173333 541866 470
119894 764734 509
28204 123534 354
382853 25183 443
425671 737896 509
469922 688250 509
371732 534159 470
868218 326276 525
51157 607494 470
247457 836327 509
95839 92875 328
860435 107319 525
311062 285039 389
2328 98230 351
290440 62888 443
984236 111128 525
44980 370964 443
878476 624546 525
497520 115349 449
902820 449015 525
551382 308125 470
564014 669199 509
751658 30049 509
33582 719587 509
124168 539661 470
771555 207664 509
719752 234404 509
462240 287299 449
935245 979453 507
763150 274244 509
117203 149227 375
39881 13736 324
583897 808435 509
413495 503247 444
396327 508999 449
329578 882627 525
727720 292028 509
594120 567027 434
422708 830158 509
755924 179032 509
317180 746521 509
90418 132569 354
407783 828926 509
622545 196520 470
236549 789382 509
28401 95677 351
10628 895003 525
613077 523692 452
751192 692210 504
321889 949456 525
704159 297205 509
26799 328870 443
135196 188689 383
218329 987619 525
280301 612254 470
546922 358309 470
762634 87821 509
584241 539667 452
815333 337055 509
535079 870532 525
525932 405448 470
279080 839497 525
384290 585244 470
528813 951996 525
778968 256714 509
162303 194545 365
799548 817316 406
581042 530119 452
527302 504506 470
813145 67710 509
672346 627644 442
153146 56831 375
43280 695028 509
472964 828316 509
637985 529967 509
804158 95728 509
219260 24012 386
159341 859252 525
27901 239070 443
472452 199307 449
494998 240330 449
805745 259320 509
52955 702685 509
340944 670362 509
179662 987639 525
663534 550786 509
333494 166317 443
57527 904468 525
825207 771356 468
110390 157550 383
685109 588845 509
941056 486973 525
732968 949489 525
692244 836603 504
36727 956984 525
315528 319710 353
935446 469005 525
250594 731889 509
732694 718156 411
384584 238413 441
265145 837674 509
370912 19662 443
973815 937786 507
924697 325907 525
235123 351431 441
673764 685884 385
703043 636150 442
160012 893919 525
473428 394260 449
415445 433816 418
484170 525064 470
782505 143605 509
564907 354628 470
578601 237197 470
453545 825688 509
664825 674814 442
88075 118669 354
348244 359676 379
713044 268870 509
816431 850170 525
639602 250690 509
351462 126655 443
721016 812924 468
239896 443755 449
172871 264222 443
46624 70720 340
192249 539303 470
882029 248267 525
853031 171320 525
374821 723862 509
803626 237532 509
231452 104964 443
791547 906694 525
181326 172216 365
614191 130451 470
980138 866491 507
685094 803833 504
730130 654175 504
943190 714251 525
566364 921719 525
616304 621127 372
817228 301160 509
276487 633275 509
550586 910840 525
591729 294121 470
514422 771467 509
337755 368248 441
222335 420230 449
905921 862910 445
118980 947048 525
289679 233268 407
767251 64875 509
693891 586278 509
916594 630116 525
76460 362701 443
844877 260599 525
609849 86586 470
561907 901442 525
287120 799792 509
934241 355641 525
414634 508024 444
129145 32940 354
562104 546418 452
27661 728559 509
183851 425351 449
848758 516264 525
241202 719111 509
469758 383837 449
631770 373788 509
949554 711961 525
961125 338324 525
566720 317860 470
475776 147063 449
747223 937518 525
346879 258923 441
401569 452157 449
520196 477918 470
685783 156711 509
341642 190539 443
255667 200582 443
949835 537982 525
363927 559668 470
920217 741316 525
926965 746327 525
938044 311266 525
337987 203656 443
720923 738842 424
847310 384143 525
708413 256200 509
892414 153186 525
800725 295340 509
676399 804013 504
843853 419344 525
114630 363941 443
106156 197506 383
578735 222026 470
236444 752116 509
484736 716184 509
123354 339002 443
107218 104648 354
87016 771356 509
772168 900135 525
469347 425005 444
17053 177140 383
554458 22097 470
204440 800139 509
190654 747446 509
181005 417841 449
705226 471495 509
843702 63047 525
287382 850372 525
781898 711588 468
255076 765248 509
191408 242769 443
488906 719304 509
673546 616466 509
257947 22324 443
645250 193309 509
735650 355186 509
484153 878583 525
36466 965956 525
567575 211994 470
696667 392839 509
275392 333804 389
649913 317242 509
7551 474900 449
967111 973775 458
757601 422031 509
344420 210804 443
159553 75878 383
747711 847896 525
748388 278115 509
831921 297459 509
434114 811257 509
195340 959687 525
324934 206177 443
450220 59290 449
412623 878893 525
296634 168901 443
245997 632432 509
582432 685670 509
920140 121953 525
386677 854250 525
268411 579491 470
750517 174674 509
7394 591242 470
540850 128638 470
837976 269565 525
954868 435017 525
172385 535506 470
662454 939529 525
443320 794336 509
166747 972182 525
841088 564727 525
477636 724623 509
815684 471088 509
366404 78281 443
537988 942174 525
556690 175058 470
99256 222133 386
254450 441033 449
918505 829664 525
762538 889551 525
10898 602695 470
926524 782549 525
999496 97300 525
466263 402741 449
679433 971021 525
983601 68219 525
148830 40547 375
915700 282062 525
304554 239834 407
404638 33498 443
966900 822454 525
919892 461991 525
238519 678699 509
969487 32666 525
818366 788088 468
173647 161535 352
587833 120000 470
303458 210398 443
471933 962836 525
615640 778437 509
487783 702066 509
102979 701228 509
457345 35571 449
55927 115073 354
835769 78264 509
764143 222097 509
328704 607243 470
767393 84951 509
778382 243584 509
778828 650316 504
316271 461899 449
