855590 899261 445
615632 792486 509
424342 650068 509
593742 117606 470
744347 648272 504
63502 717388 509
276272 606045 470
960693 447958 525
586809 891293 525
254987 80158 443
945910 160514 525
861168 563091 525
270740 417244 449
774758 896448 525
139016 780115 509
978315 229093 525
675049 340762 509
311208 508770 449
531862 48193 470
87171 76982 351
330801 939578 525
24166 658241 509
962802 359718 525
928565 908040 476
742056 608763 509
790356 411378 509
676704 471738 509
119616 576125 470
999500 420818 525
191693 808701 509
957197 51141 525
344352 601215 470
784631 453656 509
273773 940027 525
555022 280409 470
674531 420632 509
142415 248778 443
136924 822216 509
935394 216325 525
241812 106236 443
682119 849456 525
195923 531565 470
302092 117455 443
825141 546519 509
127764 765946 509
853861 929402 476
360295 27584 443
959095 672575 525
798189 999354 525
377853 257709 441
808360 704880 468
415518 225894 449
265089 295051 407
18489 47516 324
221612 668033 509
556539 425510 470
642769 276181 509
72790 211075 383
933829 256359 525
686797 101672 509
98577 698916 509
449331 376827 449
15609 651058 509
523680 96461 470
141223 902895 525
879913 778870 525
561177 505639 470
953421 100558 525
380483 460925 449
648887 193616 509
173615 232711 443
533126 456694 470
235704 42868 443
392575 669773 509
359001 86911 443
642269 365660 509
244378 619487 470
825758 49815 509
521151 279377 470
296102 804880 509
312619 614177 470
926683 636431 525
623027 47584 470
152061 103278 375
272655 394271 441
875272 295279 525
889618 415632 525
927102 932349 383
232405 382144 441
383031 57038 443
606380 846816 525
474445 463124 413
949440 487528 525
703312 112714 509
217035 271179 443
41111 503810 449
918712 584640 525
482009 962281 525
789327 235273 509
409585 41231 443
440761 906171 525
443261 649245 509
783514 142543 509
176904 466294 449
223766 997297 525
516267 635023 509
618659 589376 447
445156 230724 449
369805 200724 443
226911 916214 525
244371 95946 443
122885 222064 386
645806 452746 509
347329 277151 441
46251 195752 383
258882 664368 509
304385 755898 509
495308 298187 449
722917 746231 424
218016 906361 525
513755 612722 452
709400 83585 509
334238 826851 509
653546 20620 509
156855 759450 509
99167 536506 470
969259 126452 525
403820 180539 443
301433 480127 449
335275 592713 470
305507 872567 525
7326 26611 282
101452 544882 470
422066 373430 449
90594 671058 509
171619 502392 449
994261 455948 525
304015 466520 449
718892 700037 504
951501 257512 525
553922 296378 470
778459 669745 504
258911 870224 525
648512 985073 525
112584 106914 323
499459 942716 525
950069 145743 525
117574 550969 470
663535 357839 509
936282 555775 525
271442 382599 441
61127 239079 443
936929 328233 525
862852 335610 525
688697 432207 509
875944 70700 525
721795 851151 525
385714 16176 443
535915 22356 470
286169 634403 509
265470 710443 509
909133 45859 525
341139 312048 384
634261 142434 509
137037 797165 509
389721 418118 449
705688 226968 509
884368 659992 525
888477 434287 525
363771 16167 443
79186 158596 383
197450 945877 525
642999 730907 504
115111 13919 354
261598 147517 443
345624 336759 366
772472 254364 509
594209 83680 470
361914 191202 443
233063 570501 470
239816 399356 441
727647 482778 509
75025 52471 340
81304 903296 525
337677 70653 443
893782 192074 525
790039 961523 525
103361 894454 525
454196 512329 470
745134 373325 509
500272 102758 449
694370 488777 509
739885 678280 504
748574 208470 509
260074 911343 525
88623 833821 509
631457 368675 509
990201 179436 525
290211 85841 443
421064 684143 509
458863 101871 449
720542 901447 525
381721 951534 525
863416 171096 525
269698 232925 407
411617 89458 449
218084 382135 443
569872 346241 470
59354 788320 509
702423 377772 509
736048 516914 509
222958 375804 443
828666 189331 509
452708 502287 444
98345 198925 383
271695 590861 470
953351 9506 525
64489 573484 470
110356 365432 443
870913 199233 525
255662 290564 407
414797 327408 449
155781 822504 509
74191 333307 443
59926 1382 340
613427 407350 470
848485 571016 525
193097 31502 383
55161 288280 443
276426 740202 509
960073 100852 525
793933 43982 509
136137 21569 354
738480 394232 509
754907 943410 525
347254 358401 379
410944 857606 525
989462 350416 525
839196 742633 525
287817 114085 443
285348 744702 509
22790 9324 279
22665 309319 443
168113 733169 509
294288 540994 470
683210 798698 504
861174 208581 525
179688 587518 470
316501 284060 389
424897 303919 449
878330 438080 525
126506 556051 470
985538 33130 525
422105 798010 509
244015 364577 441
264419 395880 441
832224 633732 504
102651 388373 443
172881 534749 470
638375 938334 525
841266 555120 525
844207 766764 525
348516 886664 525
646584 370712 509
684196 124989 509
638509 789227 504
921812 204188 525
626675 118810 509
477472 564145 470
801996 830849 450
966279 361123 525
946591 950205 383
563787 57583 470
479105 282607 449
253685 779157 509
595156 277909 470
771104 398475 509
890541 144675 525
858321 587892 525
23457 77340 351
807748 657197 504
670258 72908 509
690507 578611 509
683158 268419 509
255421 45463 443
237566 85666 443
783028 42674 509
541167 592975 452
902636 920796 476
864051 782447 525
683643 775176 504
124612 792343 509
827626 525724 509
378756 661027 509
314333 504393 449
853123 257279 525
419551 58668 449
438472 440885 400
497057 234831 449
86944 222430 386
990309 123149 525
662187 583754 509
511629 283373 449
471585 990730 525
725667 992478 525
216308 508577 449
398692 51415 443
784172 901978 525
60055 133722 354
414849 677755 509
871994 147334 525
369819 89149 443
644279 892074 525
744214 427997 509
770831 184022 509
923278 877073 476
504076 826905 509
267656 860636 525
305883 617431 470
513069 366811 470
943420 535987 525
561139 706432 509
70507 968563 525
214180 210774 373
542461 862786 525
186888 211256 373
616922 335756 470
105274 929102 525
271664 623801 470
562577 762219 509
36873 851933 525
658157 860920 525
427585 990677 525
517033 304517 470
348845 170632 443
525624 54390 470
183983 186663 329
635 875406 525
67138 277713 443
127712 518968 470
106092 797490 509
247428 379677 441
970865 536479 525
743643 303144 509
345216 660996 509
263250 132652 443
399139 136723 443
618172 57708 470
273692 38004 443
273838 905597 525
553655 876512 525
501053 315631 449
777054 443108 509
84069 926968 525
691175 606154 509
679 666178 509
115762 978564 525
731200 412498 509
225991 137856 386
589167 782592 509
924064 904503 476
993061 438141 525
722352 97944 509
895246 943723 507
858335 915312 476
610243 779822 509
349216 529627 470
395131 738886 509
509399 786282 509
697378 809702 504
149707 16639 375
64650 198051 383
313541 633783 509
446810 280549 449
558658 312663 470
751030 607921 509
515197 811584 509
807647 877334 525
805462 294689 509
823231 688886 504
385020 738919 509
201247 487032 449
137548 565914 470
486708 543897 470
248006 558002 470
518543 367282 470
29488 111759 354
705108 582232 509
323510 306110 384
207645 555096 470
727906 781915 468
757831 741513 424
982833 11633 525
644816 144797 509
98915 908445 525
952234 439595 525
581270 314544 470
24759 402744 443
989047 164715 525
685166 652788 442
547849 699417 509
497068 445170 444
896627 887682 401
71954 184051 383
109184 386457 443
80232 147570 375
708756 530074 509
490521 255969 449
696103 784140 504
283043 551820 470
566407 200800 470
265116 888555 525
417128 125435 449
831996 708270 468
990583 109635 525
978324 745549 525
665885 799131 504
624320 522717 452
900543 48265 525
584567 372250 470
98077 994647 525
533394 831307 509
712349 930499 525
943558 652242 525
975858 335382 525
522892 553656 452
825325 586282 509
669668 781015 504
895714 619327 525
603806 489335 470
539506 856576 525
878852 135030 525
702442 335166 509
669041 289533 509
899636 126637 525
225634 584255 470
326125 713139 509
976592 499085 525
988931 435213 525
372972 24844 443
922764 588042 525
842375 483342 525
282961 259818 407
314007 985174 525
71526 598692 470
571655 323741 470
113287 998418 525
32550 678023 509
125549 764353 509
524905 22437 470
423109 815243 509
668121 404469 509
988469 576932 525
933003 576039 525
45524 269902 443
116117 832519 509
587015 830971 509
441169 666825 509
583271 650417 509
509652 209732 449
699902 734165 504
291727 417518 449
900344 836293 525
229916 723819 509
211138 856794 525
376627 537141 470
898897 341267 525
289157 84058 443
68185 847771 525
825518 66715 509
886062 857543 432
646928 901117 525
725287 957574 525
635470 600199 509
964101 144498 525
487876 196001 449
213517 545040 470
981747 340664 525
713705 985844 525
528793 507879 470
582083 563057 421
82972 736237 509
392225 38640 443
274931 511383 449
253690 434896 449
373252 926651 525
408116 973104 525
773896 247123 509
702692 279857 509
730475 735185 380
444982 506416 444
230607 43073 386
657296 337604 509
322882 195173 443
781432 659607 504
283954 381689 441
697546 533719 509
154744 458604 449
169530 563234 470
222978 433242 449
452660 781344 509
475880 145285 449
107718 233096 443
733589 751291 424
829791 893385 525
131306 939079 525
905857 279155 525
307309 880303 525
613816 423034 470
695661 976466 525
199845 466460 449
562539 905059 525
931680 382949 525
725955 538698 509
745656 243583 509
81292 600533 470
282554 226775 443
609256 606953 403
186191 763284 509
360188 319142 441
509754 271789 449
605532 336926 470
405313 61752 443
318914 198855 443
44044 86654 351
239279 210212 443
197455 133751 383
668587 739842 504
223060 44363 386
121004 640346 509
772660 689036 504
722552 742661 424
727821 671558 504
334941 477540 449
919957 24844 525
781929 939820 525
72876 26368 340
20683 839109 525
469472 835951 509
710033 442877 509
626739 756126 504
814976 735540 468
453954 663872 509
248673 386007 441
645407 143244 509
953822 584359 525
883572 52399 525
859213 755228 525
365609 335176 441
40626 920931 525
318012 151755 443
222880 50790 386
217499 91357 386
459906 771150 509
409668 183125 443
225611 980333 525
474079 368389 449
971131 651430 525
943475 487648 525
494893 253391 449
99094 383098 443
711121 394039 509
384710 515503 470
919052 495695 525
604207 681087 509
926731 924629 370
691398 203339 509
452277 35661 449
581194 508528 470
660940 316686 509
324581 567008 470
809637 734112 468
435987 29294 449
202496 328292 443
74061 109232 354
721680 784583 468
502783 556877 470
334738 216072 443
218228 297939 443
573602 337142 470
324654 762545 509
110145 263204 443
201538 745374 509
928023 765113 525
538597 278020 470
542467 400246 470
803156 163988 509
785342 38502 509
105246 394227 443
536251 39047 470
479985 598123 470
745773 404611 509
436439 62287 449
649098 772827 504
378562 505001 449
79254 866614 525
78886 344339 443
352818 172549 443
533628 259724 470
817994 507083 509
132737 802816 509
481502 271305 449
851325 790676 525
974426 623294 525
909002 775447 525
52557 888042 525
157014 106863 383
302846 232406 407
4469 893958 525
502073 701243 509
482732 596822 470
374124 319004 441
454904 527178 470
36627 276040 443
506617 303867 449
223118 352286 443
792474 342437 509
883575 700142 525
488412 43996 449
968821 750136 525
266763 297320 407
784634 931299 525
176531 557839 470
311357 428338 449
64278 264971 443
828181 929241 525
707005 364264 509
443979 52886 449
741077 355439 509
776884 701779 504
812799 816468 375
59138 237 340
344529 588883 470
127483 101135 354
250222 933076 525
474785 333225 449
389979 72635 443
569786 353681 470
596997 757621 509
942034 232725 525
610517 823719 509
627402 991025 525
768686 582359 509
152856 233554 443
255221 359682 441
54590 965402 525
721012 507767 509
122671 514791 470
318941 632169 509
877058 33022 525
160920 949550 525
166805 554792 470
788050 366245 509
114841 510427 449
222758 827501 509
441732 971281 525
932626 173012 525
893194 317992 525
233400 23005 443
998121 170015 525
594892 670779 509
364546 13819 443
823080 273310 509
400780 123923 443
361602 855166 525
599035 773262 509
22469 883786 525
672447 560370 509
259889 203222 443
635243 353152 509
295790 554049 470
391318 61570 443
916179 666033 525
42267 23845 324
192658 527800 470
503020 367298 449
312612 764476 509
772283 281856 509
553627 223864 470
784267 224127 509
358321 835720 509
767423 697222 504
711649 90888 509
702296 433295 509
499694 903476 525
373192 659452 509
855049 976109 507
231294 87724 443
698745 733970 504
390113 433107 449
242320 673417 509
102995 935487 525
37527 463575 449
306369 796358 509
701505 753779 504
403038 965402 525
26398 723529 509
635596 161273 509
265145 400771 441
916025 41004 525
485334 369894 449
655837 652736 385
980259 818313 525
467733 704731 509
874005 71422 525
772566 401557 509
202570 566268 470
832171 110316 509
739218 461061 509
392456 888682 525
707676 992247 525
883901 428976 525
797143 39107 509
28376 963511 525
276980 655169 509
647171 956629 525
788561 759857 468
574599 80072 470
696900 156008 509
886109 139041 525
839529 790182 525
941993 95014 525
497409 449723 444
50043 992917 525
993471 342708 525
839771 983326 507
483000 158993 449
894869 181607 525
26217 550711 470
733622 797916 468
615044 238867 470
842158 418995 525
624370 96194 470
252048 433303 449
935681 711900 525
883979 459819 525
282395 801695 509
779087 519506 509
537153 869696 525
70659 830629 509
168534 136331 383
104946 834202 509
149062 970816 525
770013 7344 509
507981 604894 470
759390 660862 504
257813 469776 449
270913 218501 443
195152 922611 525
586279 285629 470
836629 313432 509
266554 369654 441
272801 462139 449
975817 910645 507
113834 852120 525
350341 935340 525
517919 408623 470
366250 250409 441
814861 544741 509
966567 518012 525
354666 660834 509
802498 838282 525
315244 199497 443
917120 783408 525
913765 505688 525
488502 822420 509
14146 290562 443
413895 973715 525
886576 582228 525
32057 972352 525
400463 145137 443
167166 934342 525
454489 381754 449
854431 881481 432
531618 836285 509
602275 215921 470
267834 348918 441
966000 485007 525
109869 708524 509
5667 815439 509
314370 240312 407
923166 855969 476
509355 125029 449
536910 61233 470
104693 814432 509
409893 161478 443
357275 499194 449
225483 122359 386
106089 471685 449
278680 945701 525
342985 455044 449
153792 180659 383
131814 495180 449
476813 154779 449
790147 568206 509
819275 134384 509
78522 486656 449
11323 727932 509
238962 80376 443
660296 496976 509
724719 336870 509
244942 69819 443
657364 162373 509
971845 568983 525
973683 222955 525
260236 775926 509
56756 919526 525
688796 375197 509
932854 126818 525
710375 312846 509
728827 875990 525
500064 373778 449
195793 406553 443
853599 254018 525
487932 37699 449
668472 949304 525
472648 878592 525
811607 689873 504
107252 854294 525
55326 247660 443
292857 2895 443
396417 394411 405
434588 605222 470
616757 312970 470
798638 319690 509
650898 828384 504
478352 789874 509
186392 799244 509
333694 992157 525
23038 432146 449
219035 11114 386
322130 207182 443
809184 570687 509
906473 751408 525
741348 25904 509
460274 19767 449
34950 796378 509
997833 669177 525
800755 970968 525
328535 502623 449
427197 385095 449
252280 182276 443
306212 309438 371
61470 557183 470
517208 487517 470
435470 302912 449
416705 739220 509
812992 898692 525
333351 187636 443
723311 347901 509
40892 700710 509
615495 292395 470
881343 332980 525
284703 331271 389
588758 448015 470
481948 288769 449
312460 981356 525
330577 937884 525
297290 481790 449
777179 886612 525
160877 994326 525
669594 649797 442
185120 878588 525
665030 674893 442
712707 800188 468
235964 62311 443
466255 84696 449
512792 707653 509
596713 420199 470
15112 487115 449
5814 453618 449
591193 867822 525
930409 495890 525
90891 521139 470
996702 885084 507
507829 590174 470
913566 12704 525
626064 244910 470
932091 914952 476
56485 306390 443
782270 266935 509
479653 105205 449
986281 684027 525
366486 686056 509
204637 483378 449
597944 126768 470
991785 217180 525
78657 185872 383
305411 513583 470
195238 390238 443
132391 172292 383
318159 682335 509
346087 641478 509
440094 268148 449
163554 681314 509
467636 700885 509
925560 360823 525
897574 28649 525
923798 420653 525
414403 313117 449
538826 379441 470
138850 423667 449
501811 823307 509
618649 460214 470
266462 726536 509
823885 532671 509
982529 42783 525
564245 939712 525
920971 720722 525
216617 726564 509
761264 195984 509
50559 902381 525
268904 558942 470
146501 345232 443
82405 123568 354
819209 308439 509
924308 501802 525
925793 34149 525
771552 856956 525
566310 909322 525
305423 955892 525
209844 312355 443
80374 633713 509
93986 511662 449
284475 527950 470
479650 689292 509
183920 285931 443
822455 210788 509
596814 198402 470
506747 353100 449
42463 63055 340
587809 680620 509
862236 279648 525
219040 669038 509
671988 282858 509
476428 986846 525
712888 360548 509
943055 989746 458
248710 903626 525
317849 527641 470
970126 171213 525
47418 340394 443
924226 424308 525
507286 189063 449
813254 933091 525
113205 24681 354
756093 193011 509
268905 617577 470
331595 250932 407
179587 306466 443
289533 979222 525
363106 549640 470
123418 216056 383
968613 780809 525
231447 876681 525
814025 587364 509
295747 727047 509
776049 712331 468
464329 563522 470
832786 998269 525
812790 169068 509
153737 76885 375
927822 968396 507
653435 421818 509
49174 164397 383
143301 731359 509
554929 568399 421
849257 498917 525
234318 179145 443
330052 229587 443
293349 239308 407
596443 364114 470
822734 308272 509
829994 395880 509
203915 126123 383
174448 276169 443
887389 252035 525
112958 491866 449
338375 240172 407
337617 173911 443
782930 922391 525
534924 18543 470
838527 772173 525
418886 770672 509
17031 754640 509
529729 38055 470
459559 970542 525
155884 615314 470
541621 199836 470
976216 746022 525
289663 612782 470
87689 746452 509
684859 391719 509
590903 889312 525
572542 998990 525
112655 247669 443
241773 275972 407
293902 751706 509
589681 87728 470
593993 768068 509
