444915 961057 525
771596 768855 393
398674 42676 443
939630 721521 525
124985 425266 449
409500 962829 525
419005 777936 509
933789 859142 476
525 631981 509
546284 388870 470
28029 559446 470
204021 46367 383
264409 454576 449
857689 517328 525
103980 828060 509
137302 769673 509
160969 441319 449
422492 679993 509
698149 146260 509
596478 300691 470
753353 966217 525
742985 749192 362
975593 546118 525
807795 540001 509
517955 383079 470
313363 734554 509
623067 410365 470
209668 882680 525
381107 188194 443
362086 307660 441
684006 406770 509
775187 106284 509
128412 667674 509
579065 735097 509
794849 873774 525
968685 260820 525
42704 223497 386
943516 737334 525
72925 853288 525
575094 439978 470
163725 603226 470
966467 183806 525
960881 362483 525
270303 964700 525
262523 399720 441
817717 961528 525
663001 103179 509
974598 175016 525
314637 472249 449
34170 439581 449
876193 555956 525
96683 432021 449
801715 722066 468
761956 160918 509
462212 705922 509
608088 546010 452
61503 394649 443
689468 756657 504
95508 7437 351
111461 340594 443
572288 864952 525
231887 82208 443
846373 938636 476
659848 835247 504
554770 377555 470
921186 735566 525
852120 35070 525
533202 63049 470
81325 611371 470
450183 321784 449
480965 452405 444
688765 186520 509
496750 244565 449
373839 763709 509
972903 263337 525
477610 389106 449
624676 672015 509
73676 105662 351
871410 210730 525
918364 778105 525
709742 554015 509
473316 450968 444
989400 107663 525
572700 949362 525
403111 312360 441
574317 199186 470
350015 337309 441
545238 340679 470
555008 788202 509
60964 787158 509
562013 856525 525
432136 239341 449
859179 208347 525
718795 465740 509
660701 522071 509
647796 558257 509
704074 658097 442
385232 656487 509
735158 303214 509
133949 441125 449
702800 954995 525
816317 527093 509
147156 615485 470
491666 100461 449
677478 80741 509
236181 177874 443
488775 743312 509
594181 314784 470
156293 455528 449
788787 252722 509
768771 674919 504
506006 527894 470
617417 785633 509
876731 312355 525
44805 118457 354
209720 938215 525
359347 262581 441
890859 492258 525
884119 282380 525
591808 166875 470
343891 626968 509
151982 218424 386
153839 105065 375
683478 67721 509
914016 944812 507
27830 98266 351
972500 205029 525
167450 676199 509
849705 582878 525
410853 301216 449
26510 520112 470
548832 275742 470
278315 983467 525
129219 439990 449
1699 436779 449
739816 440962 509
107122 522659 470
321531 715693 509
309040 184221 443
885422 624590 525
326169 135367 443
148349 540275 470
552361 306470 470
997806 597394 525
695536 769239 504
187053 691446 509
241939 722138 509
379565 139470 443
796690 662736 504
833848 181431 509
27649 29166 259
556583 945741 525
125992 500399 449
976241 673143 525
336311 760750 509
317321 890328 525
967659 141769 525
531082 639287 509
440806 74865 449
605865 257694 470
563809 114478 470
716423 400979 509
461988 890966 525
434074 510102 444
186422 845992 525
259311 167238 443
159114 452893 449
939697 530084 525
159042 702615 509
739548 262919 509
113686 567124 470
136967 900781 525
68426 140937 354
58677 93846 351
336250 242297 407
60530 38967 340
16843 825038 509
635246 573924 509
51272 620590 470
975229 489636 525
323423 605672 470
812702 877649 525
465058 918529 525
457003 969717 525
594562 747605 509
34424 391581 443
94591 818963 509
891038 524968 525
163692 706221 509
403783 248669 441
760686 145160 509
451810 935275 525
40271 546428 470
396329 783703 509
511752 215336 449
300906 130919 443
839324 120545 525
166156 969485 525
8293 733608 509
631400 702075 442
850612 714819 525
594233 278660 470
801641 620762 509
873696 568894 525
469214 292346 449
478957 510973 426
453967 533478 470
644538 34654 509
673086 898563 525
320668 142297 443
840317 306793 525
288774 687199 509
320769 924165 525
631858 111649 509
671949 234264 509
256822 743373 509
244873 515942 470
858734 902234 445
455845 345105 449
41170 166386 383
978323 364889 525
218456 558156 470
989121 283120 525
510436 580748 470
928482 382729 525
175560 345344 443
503324 94465 449
41015 329947 443
820677 946700 525
64170 949183 525
345496 806434 509
236942 460970 449
772672 464975 509
4202 230655 443
980908 186848 525
530134 188664 470
438491 47835 449
809090 734984 468
604188 75307 470
731094 176628 509
326999 500429 449
38414 11801 324
792528 439177 509
924433 511242 525
799102 590108 509
819384 984992 525
988468 903917 507
785838 810529 468
784442 383060 509
508928 751697 509
108999 609170 470
740985 402756 509
253147 834107 509
803813 373510 509
544444 314379 470
618905 921576 525
490998 537534 470
854688 71577 525
938110 591884 525
73639 32314 340
50240 259671 443
669873 571397 509
382394 163513 443
562587 845677 525
980410 254933 525
527820 296069 470
691411 727702 504
13402 727061 509
970069 119299 525
474286 345650 449
971303 917209 507
453054 130066 449
825058 299346 509
547683 456583 470
82242 373441 443
79541 786265 509
564262 26680 470
285048 854525 525
858132 183260 525
633106 881047 525
439759 225981 449
278079 424886 449
880846 438703 525
866944 647361 525
157323 166426 370
827446 244829 509
210871 343425 443
827406 199887 509
2317 880408 525
966694 532700 525
321361 394828 441
230577 691494 509
398505 444697 449
270322 518475 470
971221 102769 525
923584 684854 525
210115 720087 509
926492 670953 525
682304 567405 509
668688 618797 509
444867 822161 509
815560 704180 504
732202 498052 509
134579 405585 443
195355 308264 443
500053 443643 444
941485 191410 525
73845 492255 449
144412 422140 449
519455 873428 525
715066 459270 509
24985 410599 449
503420 185484 449
612318 85673 470
909840 212402 525
389202 259827 441
744958 76705 509
240243 485394 449
321378 234026 407
108795 186168 383
302386 802233 509
429412 231940 449
790301 10780 509
961614 877876 507
750176 252388 509
16469 700626 509
333520 321255 384
246443 912584 525
261555 212457 443
34456 263409 443
53957 994898 525
820725 499643 509
345750 550647 470
252868 858402 525
300820 986731 525
723644 277348 509
908920 343413 525
834457 757974 468
596670 67308 470
305469 1709 443
940924 788080 525
820779 344007 509
446951 996081 525
723856 631731 504
579094 661730 509
346800 492133 449
199383 981441 525
642502 111089 509
749036 125592 509
2322 98042 351
349477 406848 436
274454 678706 509
742560 566920 509
603648 98633 470
484069 610735 470
210264 391592 443
624615 755769 509
141894 778601 509
19918 813422 509
59982 487335 449
718164 254235 509
95417 27200 351
928823 154481 525
958974 192224 525
111354 104979 354
902487 128416 525
593774 174063 470
257004 929222 525
89374 778727 509
35802 864246 525
539423 827410 509
361443 204214 443
885960 188008 525
975324 896022 507
242559 467770 449
413892 610617 470
710264 39108 509
484043 794426 509
192132 80962 383
670424 972154 525
213837 208902 355
224722 404700 443
833043 451679 509
514424 12728 470
939626 570256 525
984188 186382 525
675905 941669 525
88302 235828 443
564728 873706 525
177336 831004 509
256385 310208 407
9087 894053 525
623689 511275 470
658439 660545 354
107800 159699 383
213465 520076 470
282085 454814 449
870046 527783 525
679979 974795 525
687894 998148 525
317060 793055 509
782217 808749 468
491116 805467 509
704991 510369 509
546282 169681 470
793689 420579 509
106460 157539 383
375280 504050 449
9897 242730 443
394529 114750 443
640711 586141 509
673189 103351 509
623166 199025 470
310261 799478 509
477578 992784 525
4612 328899 443
255739 912023 525
851541 425907 525
746045 482412 509
408405 651322 509
327477 603773 470
633206 780095 504
567214 351250 470
290378 397635 441
838192 413638 525
920218 108185 525
170198 42774 383
570171 870666 525
113386 340131 443
240466 954944 525
275503 431883 449
734333 827334 468
325242 588307 470
139703 123819 344
642783 693048 442
559681 814752 509
521421 885383 525
461823 594745 470
953746 229004 525
720986 199380 509
45132 960723 525
816508 708795 468
756865 854278 525
463586 14738 449
997288 642111 525
870390 738317 525
148911 919779 525
699441 943168 525
804169 815819 406
569303 3199 470
548418 597466 434
754090 260880 509
945341 633637 525
506928 453151 444
347957 741501 509
307925 434756 449
38372 210953 383
956165 890788 507
934916 689481 525
43185 169707 383
825040 172499 509
635703 251240 509
328701 404552 441
963231 410320 525
464752 805904 509
160382 147161 383
179174 472755 449
670439 130479 509
989776 96242 525
25005 504035 449
160877 747672 509
927366 993328 507
457474 152335 449
746427 553158 509
748943 529385 509
211786 794861 509
531580 328579 470
530837 653956 509
962320 593849 525
887616 254011 525
452656 652796 509
690783 126548 509
103693 991014 525
384608 413395 449
381494 492329 449
415970 142127 449
549853 306328 470
589996 304023 470
299517 172964 443
684514 662186 442
615878 164865 470
202020 565523 470
255287 965707 525
813813 739144 468
661969 452295 509
803976 287085 509
593945 96857 470
791077 775571 437
545074 560758 452
179104 256475 443
894549 893269 326
406355 289075 441
116494 424172 449
886848 108387 525
635594 816049 504
624322 198089 470
440370 226617 449
389015 648504 509
699536 969762 525
924419 41468 525
182156 115375 383
874863 318428 525
351324 866934 525
618170 326291 470
140405 500157 449
119229 263593 443
440150 60316 449
436461 314754 449
210658 574950 470
27700 974904 525
110878 842531 525
579538 279042 470
22845 818205 509
94083 810348 509
284733 559310 470
49166 774643 509
50266 155693 375
739158 237574 509
611990 315123 470
106859 996993 525
742541 464861 509
78630 511590 449
639174 992956 525
145965 86529 375
448398 355077 449
975138 600378 525
12714 872731 525
556939 910261 525
906130 435977 525
879010 40789 525
624694 318819 470
606249 462212 470
777754 366580 509
991538 362168 525
577728 476483 470
797939 217732 509
331232 807931 509
816405 203101 509
432862 365800 449
259293 124633 443
302579 96054 443
181908 872862 525
332122 314097 384
898658 453013 525
460173 582978 470
427922 662355 509
773982 364256 509
164727 127495 383
193818 213909 373
565888 406180 470
38220 751065 509
598353 508828 470
641082 902536 525
456187 239010 449
765835 286496 509
731254 659058 504
930680 544200 525
744832 560635 509
285027 120045 443
2420 2797 209
866538 810305 525
883495 303521 525
876585 251097 525
665367 173788 509
278996 433319 449
19368 108929 354
568166 883636 525
875467 825303 525
996473 937034 507
658350 307748 509
642568 168945 509
717888 321907 509
675650 859475 525
392989 781434 509
744324 802456 468
302632 63385 443
327619 259491 407
91044 978791 525
899022 809181 525
207183 557410 470
173290 624637 470
871196 917743 476
534913 309772 470
396283 109471 443
637387 996774 525
39268 589076 470
243365 238431 368
754873 905248 525
821256 115184 509
607996 168624 470
552144 664139 509
212489 476194 449
417733 207393 449
405316 17164 443
547078 545933 452
129568 287405 443
464257 529358 470
872748 80393 525
343749 233591 407
772337 940655 525
260682 340049 407
163409 632950 509
256 622836 470
175847 572247 470
177409 736157 509
674579 885659 525
666302 382940 509
160166 241683 443
376226 4119 443
628945 807482 504
603880 4231 470
135478 968489 525
159614 140985 383
346218 702037 509
102315 13272 351
883824 549349 525
584534 707619 509
935523 234340 525
119904 839357 525
995896 340383 525
618849 324255 470
371045 32143 443
435406 812009 509
23403 66893 340
923361 756986 525
114464 440423 449
571745 596503 434
566864 541151 452
484100 378895 449
43038 905502 525
207096 42440 383
811828 736936 468
980003 649156 525
751824 766345 424
135363 470009 449
220402 179947 386
771339 799746 468
598448 297528 470
641533 419015 509
674122 988197 525
171592 656576 509
893014 249985 525
595565 692520 509
461435 804537 509
637282 599785 509
513908 302825 470
788681 945976 525
547514 151244 470
115906 898439 525
218227 393403 443
235968 654741 509
608053 198906 470
592288 241531 470
998007 936048 507
964962 819916 525
448275 80351 449
283562 892910 525
403983 982303 525
16376 271181 443
503110 113576 449
994041 441348 525
459282 802667 509
242615 495825 449
569766 353784 470
321249 911040 525
478672 985958 525
581176 965622 525
523588 162542 470
667703 536590 509
986547 377338 525
773957 290648 509
246189 82629 443
256573 176384 443
454709 500809 444
817687 964769 525
426951 343206 449
227107 359071 443
509288 668587 509
981559 18091 525
584388 645209 509
364358 149579 443
671114 986356 525
722101 294276 509
469612 337210 449
429278 270092 449
278818 500929 449
231536 178563 443
743094 55107 509
625184 82039 470
87535 11157 351
904939 651640 525
465359 689503 509
532267 68947 470
783841 65547 509
421103 48177 449
126440 923598 525
986739 786510 525
704484 987716 525
31578 616731 470
496464 372382 449
132420 180039 383
987070 619253 525
499497 69128 449
176288 776165 509
964256 469818 525
194637 666396 509
115516 500559 449
538326 850783 525
955266 654144 525
233281 236358 381
60182 988087 525
756634 143151 509
851794 568508 525
417945 823987 509
849640 22015 525
368592 854476 525
458272 35699 449
672534 964680 525
577012 70926 470
782605 650211 504
713160 42455 509
149406 771877 509
910411 348207 525
144110 138912 375
512022 256081 470
567749 821044 509
285410 227478 443
26341 170996 383
351549 494427 449
793079 822279 468
245027 216081 443
275874 39385 443
531294 607157 452
283123 596224 470
139853 263526 443
606296 468133 470
31008 490450 449
415182 177883 449
921509 816575 525
751368 17276 509
577049 229287 470
393173 988963 525
430421 470264 444
191803 143619 383
629490 45124 509
911315 875042 476
579009 99316 470
771872 956324 525
619823 930064 525
449477 300519 449
799615 912438 525
525331 188376 470
19031 95528 351
487732 792284 509
27794 199524 383
434215 442477 400
856567 84524 525
924917 358851 525
204213 110536 383
673144 621398 509
104666 15546 351
561344 996679 525
671417 76294 509
371206 949044 525
317123 434509 449
240382 276615 407
641201 292639 509
538459 489460 470
671975 432850 509
321462 798985 509
910676 125219 525
734831 225845 509
711310 407938 509
824621 228123 509
154841 991154 525
848975 372688 525
879740 561829 525
9397 448500 449
878972 651798 525
948451 67752 525
632688 795055 504
633843 857893 525
480216 735317 509
490557 29794 449
963051 340481 525
542204 794132 509
253150 433218 449
223893 980022 525
976188 338629 525
559191 679688 509
147512 285818 443
432433 823672 509
362434 571336 470
73457 19792 340
143969 179816 383
529387 561222 452
205056 449914 449
281368 703590 509
209001 392783 443
715612 470235 509
635792 293150 509
712407 329395 509
554314 371636 470
883104 50687 525
349399 238415 441
67585 953703 525
623886 636993 509
860495 780922 525
273265 659614 509
478227 280760 449
472865 339883 449
788464 631637 504
434627 966343 525
659639 268700 509
466454 329129 449
174353 270297 443
258618 767852 509
111987 333711 443
733504 399515 509
10334 517067 470
61847 620181 470
262257 500559 449
686706 832554 504
482093 593738 470
268753 174810 443
302117 745306 509
808529 524980 509
223336 694230 509
178326 314831 443
29663 293528 443
534197 56799 470
553222 838876 525
826610 416378 509
491262 563230 470
967117 180589 525
339718 722266 509
782884 400714 509
422252 741351 509
506546 139526 449
716756 424039 509
890908 567901 525
751419 799783 468
930537 667501 525
757768 590891 509
798575 472507 509
982734 646374 525
742519 114688 509
551715 460143 470
877231 853982 432
730852 858833 525
935789 775878 525
927928 366747 525
945890 66582 525
151906 460439 449
132964 214308 383
930978 64282 525
295048 61333 443
926442 504092 525
828590 301588 509
954079 205701 525
268675 629393 509
58851 306654 443
841371 748057 525
162266 826133 509
862425 266133 525
493622 641382 509
137449 399729 443
623198 979844 525
220400 76740 386
373841 523336 470
463022 202583 449
845483 851363 419
520373 474756 470
274101 140247 443
73653 206348 383
413487 346699 449
806196 346750 509
163320 775594 509
634163 675731 442
235481 532346 470
399432 216269 443
703877 124805 509
611676 410200 470
376861 374504 423
827328 985096 525
975937 423321 525
527165 112423 470
857941 138399 525
914469 621834 525
526070 631378 509
927982 595886 525
180687 777735 509
780072 233326 509
920796 327548 525
73718 471853 449
32022 879966 525
615778 373043 470
129097 239448 443
691804 536837 509
383826 108244 443
555874 150596 470
543870 404783 470
64067 478767 449
312710 425963 449
606427 343072 470
871761 622563 525
978845 229055 525
319749 194898 443
392501 322855 441
3231 174049 383
229728 732639 509
171283 462048 449
32523 367046 443
848079 158582 525
581022 94940 470
165563 191484 365
884340 910933 476
219887 601733 470
702299 818121 504
775334 773231 437
93627 3627 351
703823 342584 509
377663 418375 449
707039 138843 509
428345 156628 449
629605 861477 525
873495 96246 525
969035 360276 525
327590 448862 449
752512 448 509
714671 617609 509
826842 340663 509
466481 157594 449
56645 394354 443
176841 807947 509
388676 799075 509
620436 559213 447
366675 725387 509
215273 998362 525
828504 589792 509
875957 505143 525
571033 295389 470
451909 900716 525
767139 690516 504
702327 74797 509
996071 593339 525
580860 350556 470
66179 898436 525
640818 544132 509
975194 892281 507
527958 399902 470
970596 780042 525
822885 123433 509
882399 355564 525
905647 350054 525
891641 84270 525
842556 422969 525
692000 563940 509
645866 110217 509
387299 33954 443
653668 490771 509
258735 83058 443
45498 458699 449
568231 436209 470
190632 16828 383
827694 586685 509
429130 94239 449
736 954705 525
994081 501310 525
840908 145855 525
145508 779193 509
325876 888838 525
122730 494419 449
287890 566670 470
675136 912448 525
402329 848457 525
934056 413006 525
673707 441283 509
364311 401522 436
325746 255222 407
331029 725581 509
48839 940832 525
520144 538790 408
982918 165924 525
813131 647388 504
984323 408362 525
810876 728629 468
403476 657972 509
31368 622846 470
11754 676173 509
