195793 175976 365
214271 788390 509
595977 822826 509
130142 60268 354
921388 255598 525
664839 705208 504
782051 531104 509
323113 767434 509
581467 673339 509
773039 724337 468
712032 92627 509
658730 38253 509
249621 141774 443
989853 470902 525
61454 945459 525
250916 232150 381
218250 741594 509
39297 424753 449
828944 867907 525
413060 359525 449
893796 729731 525
187479 623948 470
745702 287897 509
629155 704158 442
753672 397471 509
748323 988148 525
142058 72604 354
793795 999911 525
217556 300790 443
806836 417239 509
11151 3589 268
889231 831176 525
516192 673346 509
515939 20902 470
637154 176734 509
965789 319849 525
883839 648175 525
509203 293907 449
544139 753861 509
783917 824022 468
327165 947099 525
170544 982932 525
172298 254121 443
953128 249726 525
522336 788695 509
584114 809309 509
256764 312523 407
202275 734255 509
250728 892451 525
343832 207721 443
761236 706879 424
206684 211036 373
876944 537397 525
791407 252338 509
483364 607656 470
583289 639319 509
549069 559731 421
92427 453044 449
512532 482430 470
17933 876630 525
172299 505075 449
576842 493677 470
394215 333643 441
675477 888433 525
831733 66050 509
128150 36639 354
432571 603689 470
350772 241761 441
152748 138714 375
991137 674636 525
645190 422213 509
515389 636483 509
637196 401385 509
196776 678265 509
608603 678111 509
749031 79955 509
856428 204688 525
585521 842475 525
905253 859207 445
434199 887985 525
915548 636769 525
604687 582572 434
656361 176993 509
509340 121118 449
188838 527584 470
519003 83910 470
185861 172001 365
66859 627775 509
6799 77251 351
724154 462534 509
599029 532815 452
486185 160217 449
682132 28146 509
179675 226554 386
898122 554500 525
751327 714899 424
423599 864390 525
702135 172147 509
182579 882155 525
231685 365046 441
311762 843981 525
558737 343299 470
794166 827264 468
452409 54383 449
676585 803332 504
945142 226432 525
92020 211092 383
324038 962188 525
884057 736603 525
257852 27839 443
747818 941510 525
404960 138170 443
676613 399412 509
281476 4825 443
619181 210827 470
779940 344205 509
157253 695780 509
626680 385448 509
691115 580838 509
516314 793464 509
341102 202928 443
311439 337674 384
275822 800112 509
212148 159248 373
631247 333777 509
816583 357853 509
214233 16913 383
202894 651468 509
33391 319664 443
843367 948353 507
684138 69700 509
42286 691207 509
648786 754986 504
243844 642969 509
592888 809111 509
155266 818492 509
269555 149644 443
896826 676169 525
522421 732776 509
662438 990025 525
66953 39127 340
735536 831800 468
557995 278888 470
30173 36908 324
128836 215165 383
298199 308879 371
148800 101659 375
950293 383880 525
530638 92385 470
495081 183353 449
509683 214614 449
331430 912609 525
60299 333339 443
738987 142753 509
717022 344255 509
413457 738203 509
832347 452145 509
320685 885302 525
68788 970000 525
906818 950846 507
67477 703327 509
769542 709993 468
887362 76692 525
698191 573428 509
870220 639631 525
700826 126636 509
893359 924776 476
639544 267977 509
967051 872609 507
183766 696821 509
884669 434619 525
571239 377194 470
790170 100516 509
249200 342904 407
42311 114445 354
954159 168486 525
830712 992410 525
427561 397360 449
519555 61683 470
498959 833903 509
467744 807992 509
910540 832919 525
973824 1233 525
398830 523674 470
80774 68451 351
548526 625065 447
444518 677470 509
321438 245402 407
395801 342899 441
756014 947493 525
267834 771363 509
691482 719688 504
574144 908019 525
839476 750411 525
355673 307132 441
978825 411294 525
398687 430750 449
443315 692766 509
705849 905300 525
462459 885814 525
887057 367971 525
238888 404514 441
55597 223981 386
85352 984463 525
6636 975714 525
352922 141470 443
415327 696982 509
953846 428872 525
40514 451501 449
964442 735964 525
771286 781938 437
690353 24739 509
881820 182407 525
897346 301924 525
192048 243191 443
388307 940931 525
359039 756711 509
282679 411140 449
279526 316460 389
763579 475373 509
2408 194550 383
691241 776138 504
965900 673769 525
656567 84490 509
608017 886796 525
501968 339975 449
466063 6874 449
780284 216419 509
345452 419638 449
173870 755277 509
363447 598204 470
359978 264163 441
393124 8179 443
768209 510194 509
481892 162718 449
874506 70296 525
974625 972145 383
957007 621899 525
9107 183009 383
501009 692466 509
225282 679316 509
433801 268273 449
184984 150584 383
841373 57346 525
237474 15408 443
871850 161598 525
521763 28200 470
567220 138940 470
747541 878345 525
699751 171984 509
615997 591048 447
296777 338613 384
916265 529369 525
991487 355717 525
550857 260738 470
141497 810148 509
563496 126794 470
533818 945533 525
192837 129936 383
755463 598052 509
549970 418615 470
278892 571867 470
139272 264511 443
656741 457008 509
807333 961135 525
208304 887620 525
630788 711278 504
455661 494182 444
193175 320882 443
813422 669533 504
237250 311568 407
809889 866116 525
87895 325809 443
973271 234192 525
760170 169125 509
302320 126126 443
153041 550289 470
183845 383111 443
265658 961668 525
838642 991589 507
852201 299560 525
310366 142895 443
212108 741972 509
47976 500368 449
999356 695550 525
964688 568502 525
138066 524110 470
335871 273079 389
280996 764877 509
312276 549710 470
533339 395836 470
825099 586882 509
294130 630978 509
900108 704871 525
734605 197629 509
997838 105598 525
281588 879865 525
407526 77687 443
377066 360062 423
276336 241816 407
495854 489795 426
774040 175733 509
331725 629825 509
723014 781343 468
366946 802275 509
266532 244826 407
268844 347097 441
530765 392645 470
390218 426444 449
979795 750238 525
402517 155628 443
813933 931102 525
662746 979429 525
850427 416064 525
172786 151215 383
40184 406688 443
48000 779332 509
346171 694142 509
131655 492397 449
440682 305249 449
573158 286774 470
245819 226648 443
484465 446784 444
494312 362460 449
534572 555381 452
622255 156817 470
539814 278550 470
115011 49259 354
768752 979440 525
308946 467438 449
810041 164397 509
701556 402957 509
80839 80198 320
501549 972916 525
565076 393366 470
984287 473825 525
23875 415946 449
700431 908141 525
507389 392821 449
683473 566761 509
263660 986496 525
486035 364963 449
90836 801150 509
625412 961608 525
86665 416862 449
108639 300323 443
450321 632570 509
807640 83268 509
549270 806284 509
88737 714748 509
42248 631935 509
53273 974532 525
589261 966307 525
755730 39613 509
373734 163195 443
203581 302482 443
5919 244785 443
900853 925945 476
897010 820202 525
882020 258073 525
152122 533875 470
955158 117958 525
813327 117722 509
355352 405735 436
960962 496282 525
18572 673209 509
278134 468206 449
932044 882860 476
366425 146566 443
556537 162027 470
190462 866263 525
628319 940409 525
372441 839885 525
195590 252919 443
526998 480860 470
675352 478210 509
935830 99316 525
624938 839225 525
117766 403795 443
496361 936028 525
177502 911604 525
252578 105359 443
822771 668005 504
70381 105150 351
632314 757302 504
63159 5723 340
897754 562701 525
936171 968388 507
580460 305495 470
909949 981695 507
684562 413529 509
142803 669159 509
958385 178532 525
913039 234272 525
613644 395687 470
849533 769029 525
153854 969119 525
127702 247204 443
876756 103721 525
415855 356319 449
461253 71863 449
426433 92723 449
330254 95265 443
663573 325013 509
202414 9939 383
409548 708920 509
256123 319653 407
255880 120491 443
653216 724296 504
743483 363552 509
127732 151707 375
737482 324488 509
874295 832285 525
20829 913561 525
846251 276862 525
331270 799857 509
748941 507342 509
363467 219028 443
293231 373847 441
631058 445522 509
629555 996038 525
744424 660164 504
805222 62723 509
606765 861172 525
777974 83427 509
954976 120604 525
135121 503859 449
416067 594951 470
939228 582389 525
800554 669844 504
52301 27431 324
296806 608282 470
966502 984062 458
596040 591461 403
453967 635634 509
304340 245341 407
697614 755635 504
583940 62471 470
321125 169849 443
39797 333413 443
74056 357177 443
118323 398393 443
327609 713459 509
424220 620520 470
152258 819240 509
233203 226361 443
565198 615977 447
262595 283964 407
771941 591499 509
838765 942599 507
182659 127863 383
212049 554204 470
223251 935326 525
525909 734246 509
447053 191369 449
533 148770 375
138089 611918 470
258151 522907 470
289918 812702 509
279561 63054 443
856252 521852 525
725162 790060 468
487490 443400 444
171537 416765 449
867997 459065 525
784494 816609 468
724894 314730 509
227323 167793 386
571735 427787 470
612943 346885 470
282674 987384 525
409599 864527 525
861677 8998 525
991857 826661 525
476533 948858 525
876094 974492 507
786014 289524 509
274179 606095 470
714877 757896 424
296069 620287 470
233763 384269 441
123134 669653 509
872694 55950 525
709832 899010 525
651757 943359 525
412325 583623 470
862439 519498 525
606953 998929 525
730281 235846 509
442053 809596 509
558003 414409 470
645936 148280 509
88189 777492 509
502259 620361 470
498579 385197 449
32594 421288 449
53642 763850 509
204882 239303 443
901726 113257 525
897196 501490 525
555946 548988 421
48396 290257 443
110082 758786 509
788230 713866 468
526832 405297 470
376918 87043 443
453386 130767 449
455826 148549 449
955884 578401 525
283054 201020 443
198168 27706 383
189739 844058 525
85478 635124 509
56990 343004 443
39785 890173 525
967513 887077 507
915936 72969 525
831160 137542 509
436246 909669 525
191370 350879 443
58007 321580 443
378777 474142 449
601359 366994 470
816728 889702 525
783360 749277 468
999912 13708 525
803167 5172 509
217926 529723 470
209676 667472 509
626709 782007 504
201453 336207 443
671428 470270 509
583014 444327 470
575772 726411 509
943094 135543 525
644521 856628 525
187121 920185 525
724226 144755 509
80982 42900 351
828214 573633 509
164364 366095 443
816660 955742 525
96062 662367 509
801943 903342 525
384784 198625 443
894124 190717 525
254012 567971 470
118946 2851 354
990606 577884 525
779885 688515 504
657592 985852 525
347863 839661 525
889682 917790 476
488708 639395 509
3826 423771 449
821472 399353 509
181605 142072 383
677159 760341 504
2311 669247 509
460240 424982 400
751364 155691 509
662103 56914 509
33195 236476 443
684838 404663 509
260588 63147 443
426463 327699 449
822702 37496 509
565768 353134 470
230031 54303 386
748180 365909 509
108601 693800 509
867914 375538 525
637981 73566 509
317588 594454 470
745295 406359 509
605350 986713 525
273150 151794 443
281545 203737 443
890190 160416 525
3395 84574 351
56852 333464 443
448229 576926 470
413485 623214 470
585585 857884 525
648060 832382 504
939813 883754 507
659838 888450 525
437352 291024 449
644363 764164 504
811280 941061 525
122859 922605 525
512910 779098 509
428370 402043 449
21047 860790 525
86586 25745 351
761647 872060 525
215387 802536 509
628276 241417 509
96650 192547 383
554053 395097 470
879595 78017 525
385197 295497 441
196244 123756 383
307311 722807 509
18304 129198 354
969679 376965 525
556077 880131 525
686395 336317 509
405651 782409 509
790101 713358 468
458945 449364 387
869342 824501 525
23509 932126 525
547840 811959 509
800535 923291 525
998583 972042 440
572402 965867 525
37982 840148 525
837841 668201 525
432594 463627 444
104722 294816 443
497861 733179 509
259626 940766 525
843041 18086 525
964565 740640 525
121174 89797 354
807415 690860 504
492802 226861 449
373716 685374 509
257660 178893 443
408425 900122 525
840637 157396 525
601253 832960 509
844972 691823 525
704391 860606 525
222597 110960 386
956565 557343 525
38885 470922 449
249782 917569 525
66548 284664 443
186285 415492 449
570735 643390 509
226930 597535 470
47313 852616 525
17647 427660 449
290845 981678 525
62292 929252 525
93963 791513 509
947799 842693 507
749900 345791 509
212747 419631 449
426044 853578 525
806620 791918 468
619876 120087 470
441317 171698 449
679080 761497 504
986990 477178 525
601171 557918 434
776901 746543 468
438909 515178 470
629239 343885 509
333911 728319 509
426347 214588 449
440467 553470 470
443036 600701 470
859698 177127 525
969137 501183 525
488875 386813 449
62843 52242 340
856117 933317 476
516618 290739 470
378162 195052 443
939628 241541 525
143288 829448 509
224324 336673 443
395516 913271 525
131522 688836 509
559453 615780 447
691844 826535 504
138122 93992 354
492809 137388 449
351570 299340 441
736590 212852 509
872391 894573 445
496711 652301 509
622285 922680 525
498171 561417 470
896644 747349 525
891132 538154 525
606991 588193 403
412802 309945 449
916673 185043 525
734500 488565 509
329572 636608 509
25330 163113 383
675685 927033 525
149553 162455 383
960799 948434 414
284724 359888 441
524418 323582 470
340627 308389 384
932640 308182 525
995147 207415 525
542036 436408 470
404338 819435 509
376335 980236 525
286740 575674 470
296256 723426 509
687599 303781 509
462815 353847 449
209096 883589 525
824855 469015 509
748841 849600 525
143950 585180 470
896439 582808 525
598162 560852 434
905395 893917 401
772001 218049 509
218765 970627 525
258901 693369 509
479008 23694 449
47082 572974 470
90511 627882 509
460013 314696 449
324986 666263 509
388228 962158 525
790492 572801 509
504660 451172 444
761348 344173 509
437266 653646 509
371437 373712 348
3946 485139 449
779708 738170 468
266501 382621 441
122711 293999 443
86971 483772 449
613917 646486 509
919701 771370 525
222789 232459 443
261629 472873 449
760022 289871 509
862916 49929 525
358016 492447 449
363408 734278 509
340438 735586 509
425057 123342 449
908649 869755 445
626878 536095 509
196866 407039 443
157952 596367 470
377723 560384 470
593274 898341 525
598970 147656 470
783939 372389 509
618699 925922 525
413731 580970 470
3417 889169 525
27670 582187 470
391689 514020 470
820031 627295 504
503412 916193 525
452332 458685 369
230782 976286 525
861058 412125 525
532567 191216 470
134341 9978 354
405838 318522 441
634566 569561 509
713805 984935 525
24234 97538 351
16053 100274 351
671762 293485 509
83351 190882 383
640556 715321 504
207499 785876 509
822998 706517 468
557425 676016 509
398378 51969 443
104130 979710 525
907818 482159 525
773714 494609 509
111113 386819 443
732452 565025 509
290004 296122 358
74665 15927 340
983995 649126 525
69527 62977 330
587392 680343 509
105635 200133 383
99515 120022 354
959770 934770 507
486855 942411 525
610017 363794 470
194573 534590 470
838855 261084 525
226987 777082 509
863556 897511 445
172352 156750 370
496145 13496 449
476950 173037 449
34915 592060 470
650733 359093 509
381637 454097 449
285856 632076 509
930321 561406 525
512119 848615 525
672202 452484 509
511752 974116 525
357017 783884 509
435850 68119 449
446179 564863 470
432055 596962 470
887043 767157 525
77213 721726 509
727273 419653 509
220674 864214 525
53966 857403 525
50994 426962 449
512467 736679 509
74471 104561 351
657525 625234 509
266899 128847 443
588463 296780 470
415180 109894 449
471405 528673 470
736404 480945 509
677928 531882 509
174852 861452 525
34402 346815 443
393557 402167 405
235264 508042 449
737995 347993 509
201599 870262 525
64255 521441 470
193620 109703 383
9671 945128 525
278757 773124 509
521028 636659 509
740765 612047 509
128455 958868 525
204144 128597 383
695392 835695 504
206635 9504 383
153989 494234 449
150198 523081 470
229532 373470 443
813738 209483 509
11301 903259 525
679753 478708 509
848519 200071 525
168094 396148 443
229813 238103 443
202866 350104 443
222269 309878 443
968808 49808 525
856365 952242 507
684086 637676 442
959714 522102 525
720704 305894 509
432942 968882 525
413458 555352 470
559653 308695 470
21626 794446 509
307333 470398 449
430656 822646 509
266623 561704 470
234372 902708 525
279206 715360 509
849394 790098 525
79987 542781 470
254819 823381 509
301555 783236 509
848083 69354 525
642061 100778 509
127419 254143 443
914612 52278 525
537867 418095 470
116133 109509 349
863878 571861 525
153629 769191 509
213369 269698 443
826139 782439 468
334681 156489 443
197901 6440 383
632888 996087 525
423258 986987 525
280036 911456 525
701131 867309 525
521116 169748 470
156183 188781 370
220080 606065 470
838089 94988 525
717492 203410 509
456464 663436 509
466400 581989 470
194339 307899 443
832071 912219 525
750798 368041 509
880178 358648 525
635422 568148 509
80025 749578 509
753317 216869 509
9853 832310 509
64491 172051 383
355557 655661 509
956465 226918 525
420275 203134 449
621219 35542 470
576225 38278 470
14489 369234 443
683293 920130 525
569098 280092 470
414527 465413 444
951054 675345 525
218403 453381 449
664845 584518 509
755944 54735 509
19593 1295 279
918660 148699 525
1350 583705 470
175169 659194 509
694738 739767 504
467927 156971 449
888884 566138 525
862759 127502 525
425845 557752 470
665618 439920 509
687621 58351 509
580660 824709 509
158860 895428 525
657792 979251 525
718927 415460 509
388793 897354 525
524666 890827 525
177931 157842 370
71120 127011 354
210948 767934 509
281388 764868 509
670130 225212 509
847090 234266 525
567513 794990 509
771480 262693 509
846097 120178 525
978314 771929 525
955642 377053 525
576063 109541 470
732574 699399 504
579414 884945 525
803489 389440 509
298092 993024 525
647527 632225 416
108029 238037 443
937922 271741 525
396403 618034 470
744918 693 509
875472 65500 525
366860 683434 509
997429 886842 507
532527 844046 525
999885 579388 525
409574 585940 470
425369 806809 509
606478 236102 470
651928 830448 504
955572 492148 525
353874 30480 443
183084 261834 443
845569 439379 525
574864 325243 470
355677 115237 443
60313 688473 509
818435 344226 509
38355 821511 509
481601 87390 449
269952 390726 441
657792 796286 504
125324 330347 443
727502 638211 504
553319 745841 509
195911 8295 383
872388 960811 507
998560 37920 525
197550 310738 443
869520 937537 476
283074 964092 525
943580 646976 525
435597 369134 449
141885 980946 525
72450 13000 340
129647 720242 509
295192 643294 509
169241 783233 509
491070 484712 382
530004 436104 470
158140 984271 525
323801 547673 470
694376 966439 525
637452 923795 525
833153 295228 509
321247 237123 407
60779 585989 470
51748 807335 509
50439 431670 449
239539 717391 509
771566 60721 509
585140 487069 470
858251 754396 525
133002 303467 443
304658 220110 443
649629 568139 509
111585 280866 443
53378 407721 443
74609 972014 525
918856 121869 525
576824 7118 470
511329 128189 449
754847 187353 509
964011 195648 525
720027 74422 509
88474 623869 470
192810 697927 509
66948 26881 340
636076 364482 509
929545 575391 525
220892 30113 386
448157 105777 449
724841 230512 509
998516 415997 525
711157 89027 509
89032 140019 354
35113 976842 525
250762 723091 509
349875 581117 470
734947 518124 509
343453 426545 449
570597 147007 470
963595 452621 525
255507 743042 509
915089 294294 525
676937 696512 442
543343 190437 470
285322 196382 443
939690 484091 525
760292 211896 509
721351 950443 525
5314 100905 351
381479 249013 441
641550 833770 504
309178 337459 384
247296 633169 509
783521 188460 509
594312 384315 470
875492 735687 525
871700 238341 525
415116 871642 525
935294 442228 525
840863 132575 525
259862 864373 525
255350 354119 441
825671 287806 509
665212 900393 525
425320 859730 525
152389 212243 383
519457 914916 525
193160 287425 443
10168 543827 470
305339 958252 525
45623 360084 443
481802 280185 449
239228 256558 368
431155 667026 509
163229 756126 509
810497 931090 525
725813 950554 525
921506 166554 525
231952 516978 470
345383 667585 509
634222 917651 525
461080 708712 509
839800 314854 525
911346 265835 525
54333 235797 443
479039 593395 470
794150 175278 509
440655 386216 449
990526 330208 525
551128 412612 470
759320 229601 509
997800 704899 525
162332 545906 470
178946 649654 509
738802 197370 509
903389 551671 525
988362 559439 525
396597 616247 470
813509 674068 504
702731 253555 509
437507 560700 470
706688 127621 509
724810 478893 509
312778 599 443
985103 191 525
273232 231922 407
404645 854755 525
247208 99508 443
786047 981793 525
831786 781600 468
216995 65849 386
528881 864400 525
542190 754091 509
422254 291909 449
437182 533331 470
168040 889887 525
42943 415852 449
147924 952040 525
242646 362357 441
137484 20362 354
593443 94448 470
519408 118305 470
473975 955911 525
75222 199595 383
451538 830986 509
671086 158812 509
642839 926483 525
46967 530895 470
624270 148875 470
992088 939030 507
191638 671237 509
677468 933362 525
955301 387527 525
335181 773406 509
803325 255274 509
528747 496454 470
291438 774743 509
244618 305877 407
780738 721457 468
191877 391723 443
777992 530513 509
393570 724910 509
727552 700140 504
667588 429368 509
849440 538897 525
552263 868462 525
297985 102287 443
699516 510896 509
449961 854260 525
56833 32876 340
949493 949872 352
320571 126669 443
300259 929879 525
942258 242066 525
390650 816197 509
10442 919033 525
760214 466267 509
339034 569433 470
119636 22760 354
965803 792847 525
661782 299300 509
825871 265040 509
495027 255318 449
636123 700894 442
337598 971861 525
60738 650966 509
856433 823019 525
543119 550693 452
693367 951509 525
532798 1691 470
736403 430503 509
207288 189848 373
860528 195788 525
108394 119907 349
889349 846699 445
638593 480153 509
215652 842022 525
548100 619330 447
439584 975996 525
964429 133631 525
144217 536718 470
992997 938656 507
318182 703295 509
300987 934354 525
359645 405428 436
861121 884405 432
801025 187962 509
917156 294604 525
748553 583751 509
712997 338254 509
939017 590745 525
8921 694425 509
500095 420731 444
870329 311750 525
144509 546150 470
368487 376535 392
391726 861636 525
157118 645389 509
373766 255760 441
818708 872342 525
270154 438297 449
478991 806500 509
667705 293604 509
