791246 167670 509
126952 225932 386
639867 194609 509
156767 154680 383
518789 894706 525
630739 510331 509
848808 115115 525
856768 107461 525
219973 261533 443
601162 548503 434
411272 13453 449
179944 421283 449
796822 244060 509
382240 411900 449
837884 416245 525
896994 306087 525
171328 962624 525
36650 220773 386
655114 162412 509
740224 802764 468
465693 161706 449
510444 81018 449
388210 704514 509
646043 178591 509
971876 818714 525
307761 917173 525
954724 695274 525
755150 969990 525
765156 6843 509
546634 599870 452
828649 582985 509
638396 722674 504
123259 877068 525
651759 178364 509
665728 982796 525
460780 726303 509
802375 10922 509
484927 733917 509
304112 845551 525
592282 143433 470
441733 29595 449
136278 122126 344
544647 665938 509
295709 820074 509
738673 193065 509
281967 458668 449
526063 702096 509
170238 11341 383
527339 391893 470
940918 548866 525
87989 478269 449
102830 488642 449
291563 726560 509
610717 970898 525
506414 975898 525
781785 570311 509
183084 945282 525
766642 594748 509
928590 888364 476
244892 431383 449
863406 451400 525
212248 653708 509
247055 44526 443
392022 762951 509
911800 278023 525
57325 867301 525
750302 269527 509
653791 84723 509
266935 618106 470
789178 189994 509
146496 929087 525
175197 122041 383
601271 124779 470
445487 209261 449
959449 595105 525
50922 801840 509
867946 831077 525
11678 158761 383
279818 363221 441
801480 326917 509
390218 728263 509
506745 293449 449
744302 28269 509
123064 762553 509
486502 936736 525
185112 760783 509
162322 658179 509
596720 343881 470
230432 865171 525
313856 987625 525
399817 649434 509
365755 132272 443
195834 821507 509
344903 920383 525
342345 857026 525
673010 6663 509
801085 590240 509
500755 868278 525
985474 322753 525
197331 335425 443
55906 736672 509
773253 541547 509
238139 608374 470
423729 797350 509
356201 29387 443
192038 123340 383
974299 427198 525
665190 943052 525
719182 566171 509
504389 746584 509
163787 889791 525
916260 749432 525
292366 887395 525
812592 588348 509
895608 719545 525
303108 511372 449
895937 798005 525
714530 199139 509
975129 759573 525
49159 419065 449
612562 461953 470
410191 296163 449
761989 84761 509
981214 755013 525
104230 411668 449
593933 778647 509
591179 317430 470
986937 478166 525
658304 533814 509
270527 543818 470
930006 384744 525
792767 304674 509
206624 337868 443
928641 471909 525
138658 147968 375
360838 657273 509
946278 276988 525
588352 991893 525
887018 391820 525
514622 382952 470
834712 430374 509
84749 672306 509
495000 614442 470
181494 92423 383
610886 938111 525
261039 505510 449
305359 576027 470
687429 153715 509
312085 484817 449
541281 24233 470
426664 209409 449
987782 458064 525
908940 657702 525
901062 509323 525
369327 243484 441
448774 799815 509
713989 396656 509
832515 873647 525
934366 259902 525
251236 40587 443
275965 320848 389
862099 669289 525
144034 208700 383
562247 858176 525
875305 873000 388
182283 580512 470
378825 932283 525
885892 135171 525
195849 311576 443
829138 55859 509
407545 962928 525
316190 155280 443
223767 44970 386
31637 72743 340
191511 461444 449
395370 498338 449
279520 342430 389
434201 940113 525
497256 964981 525
391904 906100 525
162340 341311 443
4021 574839 470
332427 914238 525
313708 635958 509
776248 182170 509
477027 622715 470
99898 448903 449
130392 640023 509
201706 407443 443
670751 655460 442
366896 989796 525
204461 412420 449
419826 891420 525
334162 969228 525
903972 442465 525
345850 625361 470
641476 487079 509
900599 102955 525
862999 643133 525
931351 7333 525
167803 127648 383
491061 772398 509
249954 336652 407
32464 273457 443
516199 489069 470
919628 805854 525
627456 447942 509
21917 119264 354
37926 871457 525
319996 144388 443
961666 116283 525
608728 604340 403
434107 217473 449
1543 695355 509
338899 234387 407
844258 164897 525
907498 507031 525
138141 54699 354
772330 853951 525
956431 609824 525
476478 10119 449
718224 859949 525
931965 88757 525
491794 453665 444
82051 97179 333
724650 720858 411
223612 236553 443
460534 325797 449
895568 788729 525
129743 822995 509
499189 810424 509
923799 673215 525
572139 258370 470
21430 138324 354
879843 217894 525
320076 918828 525
985188 133487 525
949984 39169 525
533591 467511 470
519248 944942 525
951646 270473 525
625996 162832 470
410283 679710 509
814441 638713 504
556262 751620 509
18000 993685 525
993837 281094 525
319553 265417 407
271366 438587 449
461028 683039 509
906955 950667 507
457204 954550 525
515496 653428 509
568933 449807 470
550683 244883 470
110917 646149 509
60024 581159 470
845933 904075 445
117143 872193 525
179459 440763 449
770575 606878 509
536171 255730 470
105861 75886 351
360780 353765 410
118652 344484 443
116613 466908 449
527096 13522 470
115211 495225 449
665733 783488 504
623040 825950 509
222823 210698 386
147123 558825 470
772185 282384 509
68747 777725 509
884723 273676 525
126333 306051 443
971190 902059 507
661510 755785 504
700711 859641 525
678500 780684 504
349705 384865 423
314653 98452 443
910214 713034 525
184282 942313 525
179821 629024 509
705356 683915 504
591460 131876 470
139867 879994 525
925659 886270 476
520770 451808 470
61246 728240 509
870115 947295 507
641304 321233 509
225915 678831 509
716038 890187 525
317058 201147 443
560714 871294 525
795741 191146 509
684387 461341 509
688009 320536 509
345049 538096 470
88521 898837 525
868301 423063 525
812042 497053 509
824345 272798 509
806761 13673 509
293644 694519 509
394014 557334 470
409316 145502 443
44897 69887 340
805301 21104 509
403805 516982 470
645910 275950 509
996110 234049 525
804887 351263 509
280990 13392 443
995788 612261 525
512908 165878 470
210473 241331 443
491288 985092 525
901414 244288 525
795023 248170 509
278341 694320 509
243422 237614 368
187547 256283 443
483976 223170 449
688402 800002 504
939964 961785 414
643559 675442 442
529727 360565 470
635087 340503 509
194232 853832 525
459457 742396 509
755602 585262 509
396612 883861 525
983320 371273 525
203437 606047 470
920518 116738 525
923108 105080 525
977047 983336 427
224304 727516 509
300605 744899 509
441212 966055 525
493656 865854 525
238901 305823 407
202057 897209 525
770958 231248 509
248773 355091 441
377593 936308 525
608987 405957 470
419764 665646 509
95052 207938 383
816959 450555 509
727003 670052 504
203317 485130 449
345858 385410 441
160541 667711 509
33898 394438 443
991273 861186 507
706460 213792 509
654429 238302 509
614433 590155 403
843907 903550 445
415726 575967 470
937629 262309 525
162405 655226 509
565366 441562 470
387446 716102 509
159891 340289 443
944480 753872 525
187941 563595 470
77330 286443 443
417427 498129 444
929474 961268 507
767716 301184 509
982939 489453 525
513345 617978 452
47826 733394 509
930116 72654 525
877499 184883 525
729028 536438 509
405946 320914 441
569113 704085 509
973865 115243 525
789300 136229 509
523592 104173 470
170428 876916 525
848858 136710 525
165453 291207 443
898209 455252 525
886267 454742 525
639151 770009 504
648700 38858 509
468527 763721 509
74709 964007 525
805970 113219 509
651717 993926 525
593019 503174 470
15135 844294 525
682910 430817 509
957147 732820 525
219866 833426 509
191245 825638 509
208338 623855 470
566169 439600 470
953396 205811 525
869190 292174 525
751811 897509 525
239587 75290 443
506149 4532 449
773692 727264 468
915468 356250 525
547754 496529 470
845206 253851 525
258750 330377 407
442197 55862 449
537226 419694 470
515728 857427 525
482247 914922 525
289276 295372 358
205593 986070 525
527049 834124 509
526031 434784 470
654073 732131 504
886573 133776 525
860571 522564 525
195583 923941 525
423978 201771 449
391946 848787 525
292482 443056 449
721630 493141 509
25235 970686 525
824869 737787 468
652664 873974 525
968540 964897 365
955863 100570 525
848129 78311 525
558526 421373 470
350193 466929 449
929026 914798 476
202618 811917 509
418030 558629 470
91415 320243 443
599744 43842 470
37478 207703 383
764996 640862 504
194540 623358 470
933484 34853 525
951752 593285 525
100375 304532 443
6473 949621 525
487158 164019 449
930017 692531 525
325147 321293 384
750213 598368 509
263830 149378 443
968523 162654 525
93097 653704 509
776690 87 509
654736 695800 442
153698 370824 443
118881 512585 470
765053 338402 509
768363 454902 509
902870 697077 525
511541 916771 525
424636 566208 470
23697 65429 340
751333 134070 509
655359 22722 509
356985 975328 525
800822 134179 509
362122 375293 392
773141 571051 509
437498 851768 525
256611 958650 525
114118 828762 509
668028 561235 509
797006 797906 344
329230 942450 525
393658 271128 441
28128 744519 509
789522 933396 525
904328 443420 525
735655 874339 525
746070 635013 504
647982 368721 509
787024 234811 509
729766 159120 509
328355 846833 525
381742 908842 525
808159 983114 525
790270 194486 509
859833 101103 525
163300 371053 443
799464 39188 509
840021 507908 525
546535 728702 509
362242 589189 470
321986 538936 470
772955 639210 504
719557 57883 509
158197 305128 443
874065 282461 525
823606 18024 509
381908 967466 525
875956 674933 525
793649 131736 509
319185 681282 509
718309 366785 509
865428 534043 525
768232 423662 509
942139 67750 525
420080 21902 449
473479 756645 509
40205 662705 509
92839 222088 386
888767 908659 445
452402 879684 525
614697 468205 470
974690 7279 525
285325 857954 525
683369 733526 504
128115 216842 386
170338 419716 449
649314 701662 442
938429 579131 525
954669 85008 525
829416 977528 525
33204 512059 470
672767 187201 509
998082 744725 525
676138 154418 509
833739 385593 509
613426 613404 235
63763 376211 443
159803 40022 383
204801 62668 383
714574 993950 525
119890 78181 354
967554 397697 525
592788 908621 525
7120 974993 525
680180 571932 509
872980 790081 525
296992 115253 443
788718 512192 509
468534 602802 470
470759 633898 509
939654 671203 525
737384 110770 509
298980 43303 443
228940 833856 509
521324 888192 525
899666 911166 476
217840 18795 386
816271 111849 509
845254 19305 525
906708 468675 525
894682 391831 525
520503 295479 470
430043 281150 449
119860 539100 470
740458 61850 509
936892 600851 525
383179 480906 449
450192 677314 509
734053 688501 504
732489 987575 525
270025 119254 443
459360 66966 449
767174 757113 380
314567 714177 509
349724 250902 441
139528 112025 349
468680 530630 470
785474 670078 504
58868 445014 449
783701 675482 504
398904 474346 449
845739 990737 507
581499 209028 470
902963 462881 525
653698 518446 509
121193 358086 443
775838 543083 509
117688 777308 509
274295 55740 443
505962 191938 449
439632 407272 449
748955 853994 525
763611 609872 509
863669 827682 525
771684 481058 509
267482 773946 509
67745 61586 330
543587 383712 470
875433 827252 525
561525 348386 470
485609 521394 470
978417 514859 525
643842 953168 525
211720 106319 383
492132 142713 449
608152 396000 470
905284 279499 525
511486 476822 426
844200 648321 525
211916 891891 525
917355 746117 525
361943 397966 436
670625 716957 504
149705 49297 375
985894 978382 427
48014 53156 340
832485 563588 509
604941 372211 470
598785 978194 525
861107 749659 525
978300 795832 525
304140 545521 470
686685 341181 509
521862 222708 470
810129 543875 509
405289 491749 449
269447 261235 407
401715 448149 449
143458 349258 443
828510 76596 509
71530 307237 443
814888 35167 509
48535 358369 443
443534 668833 509
604818 660246 509
759940 763369 380
529978 7730 470
343100 685629 509
823627 907727 525
942909 338029 525
849673 986089 507
500421 13907 449
565037 436512 470
679504 977489 525
267050 795977 509
462640 674954 509
910214 176827 525
111985 31174 354
31843 65598 340
853112 311924 525
647615 648084 341
772477 46894 509
612880 509559 470
101754 336428 443
181336 825879 509
656312 898770 525
187414 158092 370
437543 426249 387
463814 646541 509
629596 883925 525
943796 165294 525
590894 327636 470
215720 54988 383
607049 419892 470
104643 704434 509
68674 811329 509
928948 507306 525
883523 916591 476
730097 431620 509
436943 60405 449
753777 333503 509
656439 8367 509
57476 11193 340
533153 946512 525
475973 74656 449
97424 508279 449
310681 187341 443
641919 452307 509
31928 246552 443
554330 111630 470
723709 764320 424
529640 599544 452
945030 752095 525
669755 317971 509
880136 820808 525
761215 614483 509
475994 656713 509
889559 143702 525
257904 780043 509
509597 843769 525
66908 317787 443
156907 580330 470
598161 478895 470
191264 804131 509
564774 426442 470
540453 475853 470
355717 678508 509
538824 621127 452
668089 916321 525
185426 817859 509
27388 165929 383
96723 319404 443
977328 522415 525
873170 112430 525
17513 449624 449
603806 556545 434
303226 966906 525
968868 520132 525
528088 727825 509
778640 830384 468
612497 912332 525
870621 264283 525
982466 925754 507
482275 375791 449
727174 873130 525
434854 217913 449
191561 18828 383
811560 371627 509
657385 866883 525
691040 522142 509
18947 661878 509
435916 566469 470
45557 587644 470
251086 234586 368
880279 397888 525
167666 65906 383
790992 509079 509
636931 405773 509
454658 913174 525
559788 182735 470
613101 655758 509
233169 933779 525
156146 685659 509
648050 160928 509
334635 95630 443
132864 853436 525
1609 401449 443
206254 889020 525
46268 927303 525
861666 182047 525
688815 331618 509
449009 610002 470
972052 918378 507
602380 116121 470
579683 771924 509
506451 640627 509
947447 462665 525
150327 523352 470
356077 243055 441
111232 537983 470
513786 577087 452
366197 396987 436
770084 80443 509
771036 130384 509
933542 566253 525
776379 240542 509
576227 236207 470
545477 286319 470
152887 548985 470
444783 770513 509
952932 8351 525
628295 327519 509
476375 76965 449
790727 317214 509
287322 8245 443
619479 564790 447
675861 68610 509
491692 750372 509
915657 289501 525
446357 108842 449
305882 176550 443
735196 567061 509
952485 765382 525
608691 150828 470
699298 612119 509
697515 304318 509
18050 475951 449
62801 649834 509
74365 416966 449
451233 604221 470
217198 774034 509
476003 672279 509
801208 304576 509
925463 986520 507
897842 276741 525
937153 715365 525
90644 763564 509
886941 249357 525
92027 267229 443
649272 604318 509
440664 995834 525
737226 849707 525
421423 71810 449
813203 41993 509
933222 653698 525
457385 775757 509
838356 293573 525
317547 72009 443
293118 939593 525
482146 841970 525
101130 635354 509
251841 840449 525
961396 990979 458
492668 35405 449
51037 795490 509
67924 115815 354
343468 847606 525
913868 883659 476
117725 321940 443
858835 166280 525
371336 753467 509
119790 448613 449
347451 72282 443
437501 697088 509
896992 833052 525
67011 9367 340
287328 443201 449
267071 696 443
478374 63384 449
980987 836299 525
245743 826495 509
705380 677492 504
572000 758272 509
359072 524180 470
776395 847917 525
487621 490711 382
953674 210758 525
859081 978046 507
110259 811386 509
701455 77447 509
532588 868444 525
80735 296389 443
111106 160769 383
2170 92712 351
14336 821668 509
847861 634994 525
275319 570113 470
418393 483762 444
756994 267232 509
745235 320721 509
113470 2085 354
461753 471459 413
591591 763358 509
195855 420579 449
633316 120678 509
396702 662761 509
768130 98101 509
959654 922218 507
92686 795930 509
970158 413317 525
636384 399312 509
548643 507 470
484535 617903 470
433191 48832 449
271889 319112 389
872999 619242 525
661558 802727 504
42831 672217 509
925371 740615 525
708648 254812 509
988833 908665 507
959227 739715 525
457396 764588 509
644104 405983 509
792081 768812 437
542278 215543 470
344716 307677 384
671528 803843 504
112319 661479 509
704719 305635 509
975055 135362 525
984750 896287 507
69834 831790 509
573450 880876 525
815998 405199 509
112875 388647 443
5363 384288 443
54443 963040 525
657106 342108 509
945489 773112 525
380430 846266 525
457647 20303 449
929053 676787 525
672830 274665 509
955798 967920 414
444650 569604 470
308826 600300 470
375376 664768 509
883367 814255 525
500063 734002 509
98805 524384 470
230386 952452 525
227239 989736 525
868090 770962 525
932323 16932 525
62158 444255 449
952208 95928 525
785181 500289 509
557680 627695 509
350998 365730 410
489485 803680 509
553922 339737 470
842634 238686 525
22564 167812 383
971345 583172 525
446245 702060 509
672487 93285 509
510528 365305 449
115384 968143 525
831076 736655 468
887574 651588 525
590560 787015 509
423810 684328 509
398522 783053 509
405265 624892 470
769061 589528 509
39145 266649 443
58163 127417 354
728233 702351 504
224544 856847 525
606166 767399 509
416469 898123 525
820167 194515 509
679703 265748 509
766391 951819 525
121811 952004 525
186189 902895 525
373205 900541 525
526968 573788 452
679157 774862 504
651883 959916 525
752344 362024 509
4350 405183 443
371729 243651 441
912255 770415 525
253803 141199 443
322075 869558 525
70508 863531 525
82602 381677 443
704471 134239 509
53324 123620 354
776709 10953 509
86957 319274 443
337856 872357 525
80776 714228 509
51697 376102 443
378556 563500 470
558768 845022 525
827140 849809 525
859123 635043 525
438043 657733 509
669887 665433 398
202939 742716 509
907767 515922 525
931792 561457 525
978183 795990 525
363648 898245 525
470580 175907 449
753011 171674 509
301020 485193 449
951822 79768 525
893307 600889 525
229296 666957 509
945587 122460 525
620261 573742 447
669817 497983 509
702078 699383 411
454304 711061 509
974378 648380 525
823925 937204 525
77053 784204 509
418010 233323 449
241717 802202 509
160723 427547 449
317971 648963 509
233457 608951 470
938518 594133 525
583181 847145 525
252839 692347 509
758089 420035 509
770545 875213 525
254713 191799 443
739612 132196 509
942950 978384 458
434953 484690 444
134302 377424 443
910319 750698 525
576298 621568 447
831263 90576 509
461152 30631 449
323708 873748 525
524027 591758 452
402289 821291 509
473505 587261 470
845372 967090 507
656257 310296 509
200491 812645 509
135602 802462 509
472233 572810 470
652416 856144 525
