713711 277068 509
36080 997540 525
377278 520452 470
189191 207511 373
470053 477245 382
571996 416628 470
744844 55575 509
948221 284177 525
722016 447251 509
31898 383821 443
188872 582147 470
457873 947548 525
15017 61879 340
845691 864442 419
319219 10277 443
288859 370483 441
114060 210983 383
385774 855234 525
694982 78235 509
579389 664123 509
705634 772566 468
798251 630496 504
539937 37456 470
763147 418536 509
66010 535558 470
381022 610366 470
285671 256397 407
138881 730298 509
18080 269077 443
329149 406137 441
40842 724609 509
201679 634171 509
132060 891156 525
686765 550528 509
297082 261094 407
281828 423684 449
734286 100053 509
489339 555902 470
5912 393607 443
425159 920482 525
670143 468800 509
676862 885414 525
479199 488809 413
576142 788884 509
14001 42844 324
138065 289546 443
448681 4476 449
358122 201658 443
966887 107024 525
880609 943198 507
300974 993029 525
172104 387672 443
854189 832489 525
874921 395200 525
578327 650866 509
48326 61465 340
224038 443288 449
225608 457979 449
167035 984676 525
249225 932351 525
201946 143984 383
696334 794198 504
153159 983478 525
232417 783193 509
694201 337570 509
466276 233393 449
887028 743659 525
458472 291003 449
283566 148830 443
315835 871441 525
14590 120645 354
364825 22266 443
124787 687528 509
132162 103109 354
903833 614363 525
837515 972205 525
203728 439442 449
581006 712763 509
119022 14546 354
181577 981786 525
609031 963517 525
271972 590234 470
434452 330971 449
211114 17936 383
768295 445155 509
869894 88532 525
160228 32656 383
669647 625464 509
777189 389180 509
971939 909681 507
870792 32745 525
151679 611665 470
291146 832675 509
601697 235164 470
911825 778814 525
925698 983860 507
15814 835645 509
745200 616468 509
120137 672237 509
782398 759124 468
724452 655150 504
406803 869347 525
419352 683806 509
241301 957299 525
855464 999669 507
548939 985719 525
451963 448827 387
646216 69067 509
917147 272527 525
807963 518530 509
399510 995521 525
10034 249033 443
975180 400717 525
943815 624241 525
183643 767887 509
693123 232375 509
376596 144950 443
108139 639041 509
688420 543033 509
566906 314404 470
227939 719367 509
718544 219170 509
599888 696033 509
839202 703411 525
370510 778692 509
236404 899661 525
730981 940607 525
582059 520360 452
142781 281136 443
917790 63648 525
102775 892272 525
98784 755570 509
949763 305046 525
515519 850536 525
806170 435084 509
524636 323384 470
435963 791894 509
465135 621899 470
311312 860855 525
492123 352113 449
842538 694540 525
595613 603186 403
193446 109633 383
938074 866189 476
885445 719162 525
926171 994901 507
955218 283044 525
165861 355161 443
289557 927053 525
978151 920819 507
20646 432958 449
550601 98524 470
655517 302096 509
621834 934534 525
313579 748419 509
170015 553590 470
907704 986997 507
321498 485052 449
201920 377348 443
985428 201452 525
569652 174145 470
161874 293814 443
198815 232719 443
148083 937412 525
410907 706763 509
388125 91323 443
709099 262346 509
269923 517788 470
249031 957189 525
13317 127937 354
94648 936799 525
477463 686588 509
689299 690656 336
429275 424635 374
14330 203676 383
30762 733284 509
969674 319498 525
368490 425909 449
112184 385047 443
451320 948369 525
723097 895684 525
412579 647750 509
451562 501147 444
352043 731814 509
935205 178640 525
461983 989213 525
455223 800242 509
152071 543048 470
969911 999488 458
149208 511357 449
734691 406199 509
628105 632519 385
315151 376263 441
335297 944433 525
287943 783858 509
179050 919846 525
243181 986349 525
633580 773688 504
764751 895252 525
185501 382638 443
158806 854957 525
649592 166021 509
332456 514124 470
190497 177499 365
693552 782745 504
653216 339048 509
286976 813323 509
46918 806300 509
450910 432373 400
992408 518753 525
838141 326087 525
789169 420707 509
686915 572523 509
136989 900922 525
746300 369895 509
992811 288369 525
708126 418687 509
572048 366965 470
323712 422960 449
537842 50912 470
643764 377378 509
671005 981074 525
728783 72137 509
548148 680137 509
727566 504029 509
230578 887743 525
912575 437985 525
682992 840493 525
107384 235900 443
138916 3891 354
495849 55002 449
381164 581257 470
82869 450902 449
621654 581044 447
632625 935868 525
745658 956390 525
385302 194379 443
484575 427415 444
539676 584936 452
186409 489524 449
827198 894474 525
926514 485174 525
585004 687101 509
872578 794089 525
187437 112460 383
417655 267456 449
305106 944508 525
447177 508689 444
933799 781705 525
477015 142590 449
922598 809047 525
811032 862574 525
463073 382161 449
412347 287887 449
932988 171120 525
110312 177719 383
203282 240818 443
438703 48252 449
625672 115559 470
845640 895666 445
168921 411918 449
654544 80261 509
486945 955185 525
629861 856458 525
459086 462733 444
484189 878850 525
218424 248003 443
700017 763883 504
709467 274523 509
979629 395491 525
853733 914869 476
893786 839828 445
620767 997464 525
723147 863932 525
321524 191614 443
161378 109021 383
147753 872668 525
317324 616209 470
263159 252648 407
577230 519778 452
258854 831542 509
355819 881185 525
810812 31408 509
242152 739044 509
115149 837860 525
757883 254719 509
946536 710326 525
961594 858376 507
184699 539101 470
269904 314905 407
348503 743381 509
679066 591041 509
63835 105197 351
769213 941276 525
356492 360567 410
74029 928315 525
569199 929352 525
37133 24248 324
568695 356074 470
668974 188307 509
105259 263812 443
616962 78497 470
791528 584457 509
167280 289281 443
822941 793203 468
899891 209358 525
612560 344247 470
930182 830530 525
697564 203871 509
230154 246137 443
276993 819205 509
725990 732153 380
684396 527919 509
658055 917834 525
336648 554811 470
178190 284978 443
398457 268575 441
970416 560232 525
632121 344684 509
511396 672994 509
268179 453508 449
15745 669165 509
841308 9984 525
781799 468915 509
852269 131242 525
599957 563018 434
580873 835375 509
334183 104186 443
607592 528932 452
359184 248541 441
783783 730104 468
542637 520999 408
368687 394503 436
327657 307912 384
82905 916551 525
639882 904864 525
230104 232605 443
801058 926931 525
279457 249823 407
753737 59338 509
753390 538840 509
435243 112111 449
966988 676325 525
248400 467820 449
794146 849960 525
618489 783269 509
223551 783319 509
370545 498479 449
681087 828773 504
342735 709595 509
761009 169771 509
299708 281717 389
706224 430856 509
392036 488384 449
231734 250175 381
235705 492125 449
601642 20144 470
333749 922075 525
233910 66820 443
261728 103076 443
134286 108293 349
864688 428943 525
946264 62800 525
851763 570776 525
570921 432891 470
727257 671267 504
490182 180391 449
941927 999080 458
920264 724734 525
929833 154743 525
537922 188746 470
848331 609383 525
277111 734520 509
264275 24834 443
98221 440612 449
434422 783109 509
928214 737555 525
226877 170459 386
616542 522740 452
256237 451300 449
113338 141364 349
569510 675513 509
721647 224199 509
704351 857605 525
933277 166064 525
21433 807036 509
885876 948601 507
107199 309248 443
724739 762342 424
302734 608116 470
77143 403871 443
340647 93141 443
752212 831629 468
905040 761102 525
760166 522933 509
807210 376150 509
306925 455082 449
439526 37119 449
154684 290529 443
784475 588157 509
905320 314783 525
696113 906749 525
906789 78319 525
723762 134382 509
198095 530766 470
351084 999982 525
318629 718062 509
758823 811545 468
481464 399091 449
228096 115377 386
619989 212841 470
742334 777887 468
924153 72993 525
672925 99173 509
312073 57846 443
769222 486391 509
245938 838935 525
139890 73604 354
710176 866566 525
750741 352163 509
591132 586815 359
448672 38906 449
604454 572127 434
931005 187256 525
180547 184643 334
551427 434624 470
5006 346329 443
103600 856680 525
308029 659051 509
294927 395447 441
965430 104109 525
871754 682446 525
946756 905664 507
766264 767127 300
90356 966943 525
301648 685719 509
603966 73754 470
691036 66923 509
498535 923823 525
208574 246563 443
106942 980651 525
307171 483937 449
529132 545211 408
652630 121066 509
624682 272406 470
751672 570624 509
19592 499286 449
136804 749768 509
138994 927407 525
884482 284810 525
368311 571093 470
871259 842982 419
113993 804886 509
22525 401996 443
457548 78834 449
627558 116395 509
629516 101723 509
586835 384479 470
38550 735884 509
972294 724392 525
100998 613842 470
276256 736622 509
198194 716119 509
929572 609704 525
943405 773449 525
874239 381914 525
382471 677602 509
305404 90229 443
999171 470147 525
792555 691061 504
521771 691645 509
457648 169546 449
738740 602236 509
56270 159749 383
315233 113987 443
681046 592390 509
600944 903881 525
234438 347278 441
631551 914647 525
629940 551800 509
45756 146677 375
288484 162598 443
177156 900418 525
597970 701630 509
800717 958139 525
561288 37830 470
59815 268565 443
768119 760860 468
186883 387306 443
580952 647205 509
511020 63926 449
861691 885121 432
221549 23997 386
480071 53492 449
624515 995605 525
712114 955535 525
419286 765196 509
67072 665305 509
760671 133329 509
213392 295980 443
371420 146476 443
49413 885435 525
76009 513097 470
549119 712881 509
224728 794115 509
344629 511128 449
525593 579670 452
995023 991202 365
76238 820429 509
636871 469034 509
969293 966632 352
956685 803983 525
978668 496599 525
638192 437297 509
945695 53628 525
534089 32040 470
214899 334069 443
570954 214723 470
929053 531875 525
107270 374365 443
992002 134637 525
914778 485417 525
196383 596699 470
907069 565293 525
327517 956142 525
546120 151829 470
803576 489086 509
749594 308508 509
538489 61920 470
276356 654843 509
976657 981916 427
733116 682627 504
471194 120984 449
409614 270547 441
684648 396915 509
1739 564283 470
674047 973780 525
10483 93950 351
905781 847622 445
924327 498376 525
599564 33499 470
401746 571613 470
804966 310496 509
211852 699326 509
710515 988520 525
741118 584640 509
156617 13538 383
836881 531329 509
670063 688747 398
408160 851349 525
915773 432703 525
727757 173739 509
801959 953861 525
206421 568777 470
172157 371825 443
554317 904046 525
294321 984146 525
850414 614271 525
814968 33396 509
811170 948634 525
459046 443343 387
105596 429681 449
772350 920308 525
13919 215522 383
894214 140290 525
508867 336080 449
395660 439652 449
481054 932704 525
790209 870358 525
248705 923069 525
327109 732059 509
486847 205014 449
258851 800190 509
516287 119267 470
717518 955753 525
788843 811872 468
351836 429347 449
230693 535818 470
93777 825716 509
158621 550909 470
334026 232248 407
515274 984395 525
350263 647498 509
871898 736900 525
287249 749150 509
594457 108180 470
765190 707234 424
433285 315638 449
940419 312492 525
924143 50055 525
35134 496725 449
635195 225949 509
49893 715895 509
18640 721539 509
551063 375751 470
477540 588130 470
92501 115564 354
593183 604504 403
590694 219909 470
73667 240786 443
636377 998489 525
991570 789412 525
840311 618451 525
542828 495694 470
703389 896046 525
572447 557958 421
655882 610100 509
558332 465774 470
475756 407700 449
954059 170242 525
595192 350726 470
582304 595343 434
86107 425711 449
756770 207081 509
255651 130081 443
97125 191804 383
234032 236553 381
447890 650826 509
65874 143975 375
236826 344286 407
615453 950154 525
356587 756509 509
71415 876910 525
821666 478956 509
338368 861504 525
387695 178940 443
393965 612321 470
925572 295784 525
965911 211739 525
885829 698057 525
271662 451876 449
38988 12937 324
111680 314625 443
304425 485636 449
860935 38594 525
830192 102858 509
404974 719088 509
410716 895428 525
123929 773247 509
443244 330176 449
472103 13473 449
196676 826674 509
823550 316729 509
589013 538284 452
813821 116879 509
816184 156803 509
982619 12633 525
760547 944043 525
310503 113827 443
385467 960302 525
45279 953259 525
764993 513244 509
942527 982781 458
100950 956974 525
888491 864650 445
872834 909919 445
807865 769901 468
363154 913218 525
153192 543217 470
503876 796434 509
979575 280642 525
537026 769841 509
87549 938227 525
593263 139446 470
966019 498307 525
293019 97980 443
883284 316425 525
953720 18653 525
617709 192142 470
737867 839152 525
524643 351345 470
935750 715780 525
850752 301480 525
566999 782916 509
395772 927470 525
3088 718256 509
990311 805985 525
684171 619684 509
613995 187817 470
695589 118679 509
520333 89587 470
115671 999722 525
946870 456533 525
125357 722875 509
45400 260186 443
531932 57562 470
651216 252299 509
265500 345350 407
730030 277314 509
985861 53113 525
483402 12586 449
889860 1374 525
907353 799707 525
474109 478204 382
889549 280701 525
737344 375234 509
384741 441487 449
477137 872518 525
61470 350205 443
18128 526770 470
960086 270795 525
739638 642964 504
537228 770555 509
924132 542362 525
885516 851982 432
83162 429708 449
478807 680423 509
328013 893193 525
370379 513741 470
350875 979714 525
590510 385658 470
93921 229483 386
91242 261250 443
549665 251415 470
345684 231968 407
174456 433407 449
817468 321808 509
264702 421544 449
493864 52135 449
744622 835773 468
222118 950274 525
934293 393457 525
465719 285042 449
701725 250909 509
373140 609774 470
21927 313064 443
35481 235074 443
882723 107325 525
149925 259587 443
332470 708620 509
754309 12258 509
4262 345941 443
525794 202303 470
28156 373576 443
775215 357723 509
728195 544466 509
274143 805351 509
175997 599360 470
878249 408366 525
179927 267905 443
258368 730898 509
403125 590663 470
202562 548770 470
251539 107967 443
425529 701711 509
137754 269062 443
345431 776308 509
573994 133780 470
388932 289652 441
914911 960234 507
823993 114170 509
611788 109836 470
61028 789718 509
131123 584004 470
672969 48138 509
614143 485897 470
936138 645051 525
615475 867390 525
968277 337009 525
617664 276041 470
834582 943894 525
99544 338581 443
971765 570828 525
63807 74846 325
76214 210353 383
168505 483937 449
632374 857107 525
13578 806472 509
285023 348393 441
400251 277067 441
522588 182677 470
961644 622141 525
268276 100173 443
503537 343301 449
365633 35723 443
891423 187095 525
245909 512773 470
779020 351106 509
168165 277618 443
999425 213013 525
78545 934029 525
765516 954563 525
756388 119876 509
270215 308309 407
662855 318655 509
997458 937117 507
918581 220401 525
82950 322706 443
68588 526783 470
494808 638699 509
354610 117113 443
166609 741285 509
165895 397811 443
58000 774061 509
858950 773966 525
428635 980728 525
480427 790232 509
788114 939552 525
16892 557704 470
392097 862202 525
565442 484900 470
479402 628726 509
303942 3343 443
35159 775431 509
292061 573135 470
633233 519502 509
675795 461830 509
605444 60384 470
244820 311160 407
267423 242909 407
34891 735641 509
777448 977034 525
608759 302008 470
400046 514724 470
789093 811974 468
615691 184515 470
460075 636259 509
556441 504678 470
444413 658381 509
8540 282095 443
380951 725934 509
285387 394492 441
662664 271827 509
514431 268417 470
471634 676649 509
753692 481908 509
514795 664342 509
807246 726692 468
366827 414119 449
718251 335869 509
134794 393123 443
911259 900892 476
156060 156350 383
672752 28678 509
172134 212433 373
121810 162794 383
72244 973496 525
383039 299459 441
355083 537424 470
655000 865992 525
812244 298893 509
165727 819131 509
760336 539815 509
463346 456153 444
240504 357754 441
2415 611690 470
955013 442834 525
639609 396696 509
739970 470310 509
224762 557199 470
652806 309935 509
923222 465203 525
392342 396154 405
211826 848602 525
155351 588589 470
552711 311403 470
153233 492785 449
704395 943891 525
961507 720636 525
757978 591846 509
669223 545729 509
426444 932041 525
161459 210273 373
977819 22431 525
786306 360464 509
919725 10138 525
687856 667701 398
683784 742403 504
930316 700387 525
265611 638124 509
56130 385028 443
462981 609882 470
545074 215062 470
157291 709554 509
691387 640154 442
51017 600499 470
505165 828967 509
471155 118219 449
816021 988677 525
267728 334658 407
762577 720127 424
736350 808981 468
420425 433383 418
470847 791355 509
924052 776563 525
850793 363910 525
439955 908505 525
335522 642580 509
921694 617950 525
909310 946796 507
270263 579534 470
367283 478706 449
357328 393231 436
210411 121305 383
402339 303406 441
823357 602390 509
988371 935908 507
388653 837038 509
786872 162228 509
319764 929593 525
733950 261850 509
178412 350048 443
45388 198330 383
205398 51892 383
829538 793997 468
163542 304934 443
112719 528247 470
667393 295137 509
283148 986106 525
103481 763202 509
367628 513133 470
92736 473055 449
288570 380749 441
664925 273568 509
919039 866475 476
54561 131986 354
546699 22913 470
874959 734782 525
623694 419959 470
128026 948864 525
1513 490809 449
520830 22861 470
513103 955968 525
588286 880248 525
576550 364633 470
280093 470646 449
389568 682066 509
344461 201718 443
267536 283367 407
657790 957128 525
420636 449966 418
650862 973521 525
80611 211115 383
123313 232345 443
458911 318287 449
983758 334255 525
386605 863698 525
823345 188744 509
302582 667453 509
199362 211908 373
761525 216331 509
996397 775738 525
163944 462173 449
247672 696464 509
625711 115310 470
113774 233922 443
966675 96590 525
675876 766085 504
805232 278917 509
442043 956541 525
730887 921562 525
156816 567073 470
382069 431809 449
58533 205973 383
804869 423493 509
766414 696510 504
419854 283781 449
237467 430876 449
441490 488384 444
135219 397241 443
728090 285996 509
885105 533936 525
40358 442830 449
571108 312290 470
497241 515657 470
333511 386894 441
139743 341707 443
926964 500587 525
838436 231280 525
26146 911522 525
966147 747304 525
454608 751859 509
759881 903032 525
404501 543226 470
705420 329888 509
180767 481661 449
332173 360778 441
794185 139340 509
757767 980498 525
588808 391017 470
649525 698735 442
656944 143897 509
247549 436308 449
254940 29386 443
816661 479345 509
13044 396071 443
967683 321277 525
308606 991528 525
984335 573810 525
385756 180363 443
236274 881111 525
241360 862153 525
764678 478309 509
186066 578151 470
409834 209665 443
750329 182784 509
951210 425360 525
856356 860700 375
612605 293054 470
534369 411327 470