1 10 20
100 200 125
201 210 89
900 1000 174
1 1 1
2 2 2
3 3 8
5 5 6
10 10 7
871 871 179
50 50 25
999999 999999 259
1 999999 525
999999 1 525
603644 312119 470
577207 753738 509
144895 782138 509
558820 217662 470
314688 145193 443
233207 347115 441
558285 252584 470
585762 263943 470
379437 157859 443
74403 862044 525
128042 877753 525
12998 903609 525
928037 731226 525
213058 836801 509
492571 497257 426
104850 223702 386
788757 118989 509
194037 744279 509
218545 405006 443
402696 245708 441
684312 8668 509
490835 218729 449
704522 977994 525
446992 375430 449
543748 111879 470
784663 600810 509
3795 246405 443
77807 826322 509
285581 141920 443
922629 938962 476
142160 487887 449
490367 579574 470
461897 355606 449
251548 882219 525
561849 377860 470
30132 746833 509
772474 124026 509
609447 729975 509
349948 677315 509
21416 501527 449
312235 592448 470
791250 800979 468
18548 839474 525
535047 839868 525
46079 114867 354
340274 568885 470
705317 874056 525
427197 304311 449
918308 691637 525
825702 60227 509
515564 510812 470
814674 581592 509
828346 671209 504
279879 890946 525
715955 324073 509
25371 559361 470
629072 774940 504
884241 444538 525
466281 981657 525
554403 953301 525
557872 926164 525
343832 896294 525
496418 242705 449
827915 17973 509
697318 337214 509
579985 784272 509
696715 548576 509
47281 199281 383
120592 256568 443
971130 399086 525
59692 860553 525
932815 58810 525
934362 924723 476
275843 167314 443
810606 438901 509
969680 407973 525
631059 344024 509
697373 581424 509
887122 399296 525
935769 253408 525
830627 945335 525
411133 753505 509
845717 991697 476
690882 478857 509
642598 579455 509
265764 576956 470
393778 243613 441
940952 246914 525
528214 781580 509
997743 469399 525
365055 350993 410
859336 561000 525
550832 612949 434
126929 800033 509
795636 904532 525
605764 89092 470
696684 253954 509
396513 859468 525
903192 930585 476
901199 11641 525
107185 199376 383
196102 366231 443
732098 88598 509
524872 642498 509
387446 586877 470
925467 691125 525
760251 507659 509
69022 230699 443
287693 257909 407
634468 601504 509
312779 391230 441
722578 883304 525
395618 790613 509
166687 610363 470
14118 389596 443
495038 707977 509
84805 527515 470
802514 897599 525
821621 854028 525
988554 387156 525
449099 913377 525
177986 892281 525
753118 899636 525
814713 114726 509
327986 496820 449
109096 985927 525
737379 412642 509
294561 853490 525
976573 563076 525
909362 490807 525
454553 617587 470
919516 424946 525
64407 292602 443
412302 124082 449
624513 897113 525
86931 390624 443
627177 557987 509
25168 246043 443
313409 288963 384
179664 131692 383
293445 409698 441
999275 101594 525
176600 10545 383
822751 516284 509
835845 429498 509
91840 186657 383
366544 549284 470
832750 883744 525
21905 873860 525
992253 743388 525
878126 98141 525
89770 134184 354
882242 245495 525
956221 103049 525
974868 119103 525
31910 729164 509
287953 755812 509
801549 589509 509
276002 657967 509
986293 391958 525
36396 133120 354
724384 952499 525
610418 534117 452
641705 22866 509
621017 950466 525
134534 626319 470
456301 957419 525
501298 671332 509
204630 717385 509
25303 11840 282
904695 933277 476
635754 563997 509
894062 154580 525
593262 412403 470
351207 501281 449
515791 894281 525
796894 908966 525
429145 342305 449
895304 603254 525
648102 729959 504
883393 808424 525
589282 143629 470
753061 378377 509
401571 578667 470
69590 93718 351
995886 489738 525
901025 319995 525
307641 376788 441
172339 16554 383
446678 208949 449
535606 510770 470
414647 238248 449
276982 262198 407
804116 439694 509
79470 609707 470
151981 703301 509
50821 600232 470
636520 770087 504
895541 166392 525
428148 80443 449
160360 540488 470
552383 956604 525
362097 157194 443
904599 719537 525
194422 200957 360
434577 889178 525
611146 402611 470
352889 62963 443
425312 955410 525
411521 696789 509
212452 523773 470
495744 798465 509
463450 429186 444
590457 919365 525
834571 843525 525
661174 113104 509
815204 204310 509
700486 357717 509
82603 331086 443
446256 302092 449
229989 561849 470
934523 125234 525
6914 978494 525
767411 204975 509
904927 132993 525
890415 439833 525
138993 970076 525
624142 886524 525
177822 340679 443
743657 425197 509
924811 451790 525
975491 271543 525
907891 726533 525
31245 609790 470
275864 768339 509
949390 915570 476
416637 936070 525
972599 192958 525
54016 701004 509
49778 236469 443
187214 46017 383
836065 785783 468
611105 206600 470
634374 528061 509
462688 591111 470
918417 556075 525
792252 199752 509
457019 243770 449
680781 498386 509
10965 371438 443
307958 635016 509
198645 228638 386
648153 77353 509
745683 593657 509
456789 800513 509
985062 357566 525
935055 457410 525
813171 482357 509
20314 564195 470
372551 334649 441
775817 560182 509
301335 47902 443
322915 261677 407
718521 576433 509
440448 967115 525
298324 895947 525
613612 87436 470
510934 987173 525
132098 26360 354
446460 459644 387
452556 928230 525
853700 574754 525
257950 59613 443
779780 273833 509
386498 251584 441
420508 566088 470
552049 18161 470
661441 555377 509
930338 878703 476
454743 971878 525
760348 549964 509
845657 957639 476
462804 651838 509
642676 11158 509
729980 199010 509
611286 955860 525
365009 285620 441
478756 708217 509
41958 307850 443
950102 34906 525
484229 938638 525
157285 547466 470
220297 978512 525
641724 547454 509
968572 203699 525
480822 124129 449
843570 961986 476
827772 303054 509
270503 801110 509
698763 259618 509
102563 767156 509
365240 175496 443
964609 229140 525
895628 57912 525
961324 17241 525
579828 459404 470
996703 384168 525
452572 522870 470
573219 376624 470
433797 992595 525
51976 67284 340
177533 189516 365
933919 732946 525
886308 232395 525
660971 99910 509
769109 746655 468
976900 241756 525
634713 517627 509
180262 672989 509
125497 126885 331
855243 785109 525
516323 875510 525
25200 793042 509
747110 402522 509
245445 386676 441
50198 35234 324
221271 111824 386
92403 112230 354
832351 672961 504
708326 93515 509
781470 363238 509
270194 33100 443
557753 496470 470
108847 565787 470
146105 411790 449
351091 556817 470
102931 556687 470
49518 267801 443
906791 642191 525
601986 488148 470
142655 192263 383
687416 685487 398
679953 796560 504
856061 962221 476
98740 619972 470
144778 518920 470
59157 662457 509
751679 900495 525
740965 496022 509
200678 974453 525
967153 236541 525
153488 398062 443
524633 846259 525
821039 471552 509
232493 121758 443
72293 60597 335
803210 151638 509
190175 751799 509
132074 854199 525
361231 462830 449
984218 709427 525
54240 754306 509
224841 501582 449
778296 525865 509
493502 231140 449
406879 19636 443
84658 753495 509
209208 151453 383
674079 76422 509
620676 705352 509
755096 599060 509
585067 270620 470
83822 801132 509
451859 387466 449
688307 271322 509
527621 301439 470
447464 740661 509
468711 187546 449
477744 244603 449
100606 592727 470
540357 3804 470
558855 663566 509
539504 65870 470
760924 831961 468
611550 735504 509
85287 237316 443
980563 232340 525
737124 463698 509
707355 507196 509
250604 850612 525
777826 604612 509
170111 565080 470
472085 637861 509
188098 644029 509
533322 42649 470
497792 421927 444
742450 938887 525
678906 841234 525
979599 235792 525
649152 708418 504
141377 906539 525
597781 613160 403
391415 515910 470
216212 108965 383
656696 580110 509
802462 295918 509
894873 61791 525
12025 868607 525
179259 378282 443
528037 721215 509
790155 557618 509
296225 23656 443
215268 554518 470
537781 31374 470
772453 173423 509
604168 906971 525
687177 831225 504
168289 203851 365
997470 757317 525
3341 748484 509
302315 435192 449
487941 688127 509
796227 392730 509
187417 487652 449
452226 851255 525
332215 586202 470
173351 870436 525
825131 530998 509
856188 559866 525
731100 188746 509
258491 955061 525
56610 561859 470
819434 995559 525
470364 203339 449
508645 899099 525
683883 620193 509
730720 408442 509
707273 331599 509
263401 308502 407
682137 245204 509
706003 806951 468
550795 877839 525
761526 529605 509
298898 2899 443
903096 475395 525
41315 853479 525
771660 503485 509
929951 450701 525
525569 51034 470
777650 443290 509
458520 928516 525
747311 254155 509
237472 280483 407
73260 308692 443
720909 843349 525
928769 110986 525
779932 328930 509
919166 808632 525
444462 728322 509
746288 4479 509
89239 585924 470
733757 910685 525
388509 501519 449
187645 872020 525
998484 295705 525
708078 117626 509
221231 222221 355
541507 32460 470
568215 470891 470
51889 633967 509
779397 170684 509
620738 758051 509
400797 691322 509
182293 941853 525
274458 321681 389
150504 905486 525
523664 291493 470
362078 819252 509
734800 505019 509
227421 157777 386
455478 285149 449
924956 127129 525
923911 510098 525
955345 191946 525
524919 361279 470
801749 692125 504
717400 351895 509
488202 113765 449
638600 97047 509
242964 455394 449
660264 140119 509
87362 699495 509
946059 165660 525
410943 957121 525
720317 265989 509
631838 958991 525
597987 410613 470
397672 473880 449
873219 138991 525
308798 548492 470
901916 97954 525
842461 383055 525
967637 111119 525
807945 256842 509
86285 622053 470
977867 662953 525
303206 749352 509
42367 88087 351
641461 630143 416
891730 144672 525
457396 702852 509
699155 321622 509
900621 728575 525
141176 191602 383
401511 640428 509
948978 235821 525
713625 11578 509
696699 187016 509
343052 20419 443
138256 198574 383
584906 174909 470
73384 78004 351
368484 478480 449
752887 522362 509
497743 44197 449
568546 463025 470
498808 235812 449
163453 114738 383
912100 3996 525
361661 454655 449
771043 111212 509
978484 506333 525
126938 973663 525
827011 413238 509
885272 153872 525
72308 38530 340
847545 287543 525
711590 660969 504
266220 214455 443
26843 522422 470
665247 994816 525
606925 568583 434
881205 21873 525
42839 635033 509
276877 729518 509
90446 720639 509
680432 223016 509
365867 423464 449
854394 216435 525
73580 563736 470
28703 874540 525
896162 767724 525
751737 630517 504
332409 276643 389
729442 153270 509
749564 855477 525
339168 57574 443
655476 61983 509
414540 651187 509
847846 472290 525
907216 603432 525
101776 433086 449
652271 471914 509
365028 696143 509
758491 107389 509
790164 572125 509
347038 470583 449
245610 35941 443
557944 504176 470
797854 998968 525
180272 75863 383
991033 836133 525
711714 588415 509
579936 314864 470
45699 806191 509
230071 799520 509
379035 873227 525
512039 640956 509
406646 883629 525
4913 445549 449
210482 18004 383
412619 311204 449
412733 93149 449
497676 465815 426
519384 213938 470
199123 107048 383
697182 619667 509
253587 382254 441
743681 991412 525
186679 850155 525
221046 2551 386
155113 235143 443
759045 151810 509
280045 61469 443
281189 43232 443
927375 949854 445
140732 336057 443
238094 890600 525
924615 623216 525
40360 448258 449
798216 525416 509
604359 474963 470
377091 935466 525
581756 465351 470
721638 861403 525
931350 181721 525
269705 406756 441
2772 181413 383
425351 514644 470
242344 268185 407
330287 685195 509
694373 361762 509
994992 637034 525
833383 741793 468
173935 968857 525
343270 967004 525
562094 16652 470
755359 77980 509
351449 562259 470
961596 569495 525
818676 524823 509
225134 24143 386
486836 1806 449
772631 390314 509
388538 755298 509
486813 522101 470
391870 898685 525
34073 245794 443
153324 486856 449
709648 968006 525
671183 202190 509
494918 787554 509
350732 213796 443
458001 812543 509
761003 537437 509
610685 629434 509
779462 379615 509
80052 234442 443
869094 800350 525
400141 440134 449
799646 619451 509
420152 809206 509
158879 83290 383
73196 293288 443
990944 497737 525
862091 565164 525
751476 358344 509
140839 746269 509
72899 155036 375
826289 626361 504
514327 804951 509
896235 346359 525
793157 745866 468
892027 282211 525
502851 52948 449
87664 765821 509
667929 316519 509
974070 725459 525
794664 375083 509
308886 736067 509
617493 702750 509
591008 705050 509
492146 527337 470
750059 636441 504
623176 115968 470
636842 902678 525
546874 262196 470
256761 254005 363
370225 220615 443
52314 848822 525
209965 593410 470
923196 410925 525
567987 839611 525
143265 737880 509
475115 275903 449
973365 28785 525
118493 181244 383
260022 477448 449
370658 689348 509
598795 929335 525
8348 221696 386
2850 133175 354
33653 735122 509
53565 623867 470
370467 951552 525
114284 168114 383
62965 174244 383
366950 978548 525
357236 686203 509
789241 69685 509
526889 256496 470
673043 473268 509
5258 449259 449
690874 25543 509
21286 751328 509
353850 991826 525
952103 457156 525
402892 341990 441
358917 582780 470
121821 676158 509
689919 551472 509
87694 396107 443
503054 280779 449
76642 447177 449
933573 698259 525
687501 514307 509
299267 869683 525
779128 794352 437
154052 711714 509
554237 226997 470
545042 836604 509
750188 922914 525
457809 26866 449
914483 505154 525
720082 808131 468
346020 682791 509
539604 301807 470
685676 741185 504
955126 426378 525
550170 94176 470
775044 463075 509
776985 921604 525
395030 540854 470
668830 713848 504
72547 65426 325
947886 115386 525
238710 55265 443
319333 543890 470
691154 144389 509
41581 293460 443
18600 795814 509
318653 808812 509
424708 402771 449
923750 460327 525
863883 452130 525
89383 68222 351
953724 426300 525
116263 455967 449
478471 294322 449
419213 497649 444
214492 492596 449
871691 173835 525
433130 23910 449
241196 460795 449
956843 811328 525
735853 334691 509
13096 269862 443
609250 719673 509
822356 322855 509
348949 996738 525
956776 907897 476
624578 714127 509
439612 589693 470
754191 275172 509
351409 321333 441
84095 638689 509
878464 300579 525
619526 322496 470
143500 597019 470
281233 862092 525
632007 969163 525
956094 336346 525
621040 829635 509
148002 655395 509
464902 604113 470
490473 246546 449
152578 80131 375
401261 411973 449
356111 564673 470
450603 806086 509
129626 794588 509
368417 143118 443
412553 990906 525
397222 600294 470
590053 584258 359
495866 285706 449
714277 446503 509
357850 225342 443
692277 639437 442
737456 59856 509
322056 418870 449
781557 321086 509
31859 580683 470
961394 506792 525
15248 443 276
993309 567816 525
85441 551643 470
624152 520800 452
345434 230657 407
432578 974916 525
110627 61507 354
477566 331609 449
41709 776100 509
984072 246025 525
660129 54656 509
382358 644790 509
402073 555972 470
278276 109621 443
834741 629902 504
495891 990206 525
639244 798882 504
632664 877964 525
154868 842377 525
472954 727359 509
83287 735506 509
581627 463454 470
217392 111998 386
828323 962780 525
768518 563593 509
604563 549166 434
477946 190690 449
247882 566150 470
741101 752561 393
642758 31893 509
941160 387960 525
283226 768888 509
43663 478663 449
187545 553688 470
71398 380958 443
457590 610933 470
847463 385832 525
220928 670677 509
937164 624914 525
76160 267716 443
454465 915620 525
736397 897376 525
237259 800398 509
974302 643201 525
585892 136370 470
676595 716399 504
404423 332229 441
102938 994932 525
856031 710087 525
543510 812084 509
817575 54850 509
771692 20052 509
290863 950513 525
948858 762111 525
726473 381737 509
512799 672208 509
643378 680613 442
156364 37979 383
718755 925605 525
840355 577791 525
612071 447276 470
773158 909593 525
746145 433825 509
1422 995386 525
239022 1267 443
208135 264220 443
224039 143850 386
674463 541933 509
663070 844654 525
882774 715454 525
129610 100306 354
481691 526147 470
351821 457238 449
607453 44184 470
201206 851694 525
340325 178241 443
581786 611065 434
536731 864930 525
486850 854998 525
503674 419653 444
955812 79312 525
202683 673013 509
785118 293650 509
603751 866680 525
10245 949545 525
797407 538742 509
897073 53491 525
418600 732550 509
393434 386908 436
593012 561235 434
816827 618161 509
32302 549490 470
842553 148446 525
924221 960569 476
717320 132311 509
721987 219819 509
912438 791460 525
232408 891411 525
831607 219022 509
553640 25595 470
45906 247899 443
196141 427529 449
61319 760858 509
504770 694158 509
499021 501744 395
646629 283098 509
942261 502348 525
185947 188702 347
640549 79864 509
224255 175858 386
642011 336632 509
887738 26329 525
553936 10033 470
709111 219168 509
883892 360310 525
213837 66288 383
421625 133712 449
149065 22974 375
266348 327813 407
385375 764241 509
909186 989173 476
622772 183653 470
286116 925712 525
529049 116458 470
319022 867712 525
209346 587347 470
951787 645583 525
592094 334459 470
772504 953302 525
45906 123229 354
838761 324203 525
435156 598898 470
879551 291496 525
662034 846942 525
740613 756980 424
638577 66435 509
878208 778009 525
886574 472503 525
65613 425426 449
981905 465973 525
774440 772552 393
102559 936063 525
310045 986058 525
858937 773963 525
435978 247952 449
965378 624757 525
339783 467525 449
894655 491776 525
44797 580411 470
252013 309851 407
541413 448031 470
830412 427493 509
14198 557003 470
951623 410621 525
696839 152900 509
674702 143385 509
179581 159946 370
84675 503743 449
789878 782899 406
675340 421668 509
903805 373167 525
833735 634360 504
235425 738228 509
32498 833814 509
833431 609302 509
583888 130645 470
240150 233256 381
532053 663328 509
49492 670223 509
647311 942444 525
929776 386778 525
600684 739279 509
127783 31740 354
380796 512071 470
295234 979787 525
930483 51035 525
753413 629926 504
538834 327951 470
384205 439110 449
344640 933897 525
315471 604481 470
280557 998058 525
507724 424915 444
847811 198112 525
942321 334040 525
640439 801171 504
377150 992402 525
998372 827443 525
377597 893106 525
770857 569915 509
617066 583953 403
447741 342124 449
67584 408807 443
221747 138952 386
305719 675927 509
628000 920785 525
523810 819073 509
589689 212950 470
990921 827274 525
578463 347808 470
180744 962136 525
442995 165100 449
