21 94 116
43 146 122
52 429 144
89 371 144
34 306 128
32 78 116
62 160 122
60 279 128
5 387 144
80 349 144
84 426 144
90 98 119
84 190 125
26 36 112
14 199 125
44 234 128
67 129 122
54 129 122
98 319 131
79 118 119
14 72 113
52 249 128
2 106 119
13 236 128
78 412 144
80 214 125
48 13 112
53 375 144
17 259 128
28 260 128
67 59 108
73 341 144
68 90 116
15 76 116
97 84 119
81 493 144
100 313 131
33 408 144
80 53 116
75 370 144
52 86 116
78 147 122
7 193 125
18 134 122
7 478 144
58 495 144
87 320 131
24 407 144
76 57 116
32 174 125
40 64 113
26 137 122
82 306 128
16 319 131
52 403 144
96 121 119
78 48 116
71 423 144
24 390 144
39 323 131
86 5 116
91 292 128
80 152 122
85 488 144
97 38 119
37 283 128
45 283 128
49 60 113
4 305 128
61 259 128
66 469 144
86 305 128
100 170 122
10 439 144
61 11 113
66 462 144
95 210 125
56 248 128
96 297 128
57 412 144
42 86 116
7 364 144
50 356 144
64 88 116
57 320 131
16 464 144
65 302 128
76 46 116
95 8 116
80 350 144
84 350 144
26 307 128
53 116 119
29 439 144
16 92 116
94 359 144
16 280 128
30 49 110
9 228 125
99 311 128
13 79 116
100 417 144
83 388 144
82 424 144
55 71 113
61 162 122
86 405 144
4 186 125
60 272 128
30 291 128
80 249 128
26 458 144
13 145 122
14 29 112
84 391 144
36 243 128
97 180 125
26 411 144
43 289 128
44 364 144
34 450 144
12 331 144
20 456 144
54 439 144
49 49 25
38 163 122
8 12 20
39 51 110
73 44 116
6 69 113
88 433 144
100 279 128
56 277 128
61 241 128
72 66 103
2 496 144
87 326 131
30 482 144
52 137 122
9 30 112
88 159 122
46 145 122
76 305 128
39 39 35
86 249 128
35 184 125
37 218 125
100 134 122
67 141 122
82 83 111
28 203 125
61 25 113
47 369 144
35 430 144
67 47 113
34 171 125
72 286 128
85 169 122
16 231 128
73 243 128
27 100 119
12 58 113
91 449 144
75 134 122
33 113 119
29 487 144
57 192 125
23 344 144
16 393 144
30 372 144
1 53 112
48 63 113
61 159 122
96 104 119
40 271 128
90 373 144
81 225 125
86 425 144
54 15 113
40 246 128
30 48 110
85 118 119
48 296 128
22 427 144
37 229 125
24 376 144
25 340 144
15 440 144
71 216 125
63 90 116
24 33 112
56 86 116
50 353 144
17 418 144
70 364 144
93 210 125
35 182 125
36 19 112
9 156 122
89 203 125
5383 3446 238
453 3797 238
6205 1364 262
3103 3443 199
5659 1332 238
8238 7774 252
7275 8904 252
1749 5607 238
8694 3499 262
3665 4956 238
4734 2159 238
354 8489 262
1355 1939 180
2467 8700 262
3120 7776 262
3832 8369 262
4073 7186 262
4740 9148 262
804 6980 262
4996 1700 238
6185 68 262
3644 3788 238
3959 9446 262
1675 4318 238
2860 5876 238
5229 6993 262
2624 9266 262
9133 8057 247
3935 3471 238
1717 4509 238
2385 5000 238
1028 7379 262
1352 9047 262
3578 7720 262
4277 7129 262
5987 1916 238
5048 7550 262
3165 1753 217
2194 6201 262
6152 2725 238
3096 9990 262
9514 5453 262
8326 1179 262
5932 7537 262
6526 87 262
6772 3695 262
2604 5336 238
3231 8871 262
2759 5801 238
7435 5885 262
2806 7064 262
2814 637 209
412 3461 217
6055 7449 262
2577 7990 262
5119 4878 210
2255 9207 262
43 6021 238
1910 9359 262
4401 5349 210
7724 7854 221
2533 7029 262
6677 8099 257
5167 4127 215
2602 3914 238
4874 1152 238
4505 5666 236
6043 8973 262
3449 7357 262
5036 3551 238
5369 304 238
1764 8991 262
9668 1610 262
6645 3324 262
9714 9234 260
514 3305 217
4126 9705 262
4459 4020 215
1839 6462 262
1958 1457 180
1670 640 182
2620 2117 209
5395 7966 262
5629 9838 262
7764 7019 239
8417 8240 234
5852 5725 218
572 7050 262
5723 8068 262
6796 7223 257
4367 3048 238
1970 1761 175
791 9307 262
2427 112 183
4752 3229 238
5002 431 238
8654 734 262
9924 5599 262
1433 4591 238
6728 3893 262
2513 7889 262
2969 6575 262
6559 7807 257
8297 9269 260
3769 2248 238
9475 7194 260
4226 564 238
517 5313 238
3484 5176 238
8153 6748 257
2730 6404 262
5454 239 238
4407 761 238
136 1027 179
6413 8232 257
2288 327 183
4819 9894 262
8585 8225 234
9126 3787 262
2657 8146 262
4002 7242 262
7135 5816 262
9853 4987 262
1024 5197 238
3824 2132 238
4232 7628 262
1747 9894 262
3511 7620 262
7204 2547 262
5753 2132 238
8772 1774 262
346 918 179
9406 7355 260
5333 6889 262
2196 6037 238
3943 6551 262
9144 7790 252
3828 6837 262
52 1329 182
8997 3049 262
3511 2179 217
1213 5941 238
7741 8600 252
583 1489 182
2601 6930 262
7854 359 262
9666 7893 260
9992 8952 260
6583 7110 257
2416 1612 183
6127 3409 238
3406 5287 238
6705 9113 257
502 3031 217
3997 7290 262
3914 553 238
8758 8266 234
6412 9675 260
4829 9454 262
5635 8908 262
7003 5834 262
889 7344 262
8058 3840 262
8400 7760 252
1217 2426 183
2239 4382 238
8330 3090 262
1869 5749 238
9377 9582 198
4696 6047 236
75 6585 262
7345 3153 262
1088 6396 262
8872 7905 252
6823 3324 262
9824 3400 262
9597 3693 262
9967 3826 262
3570 2421 217
8277 8705 234
9936 3355 262
838 4081 238
8 461 144
8741 8295 234
1067 4465 238
9166 659 262
7314 195 262
7840 2357 262
8218 8862 234
5126 4220 215
3759 8278 262
6113 840 238
4228 6273 262
8100 9265 260
4445 3558 238
2859 6913 262
3913 1949 238
7192 6732 257
5295 3238 238
3979 6640 262
6611 6214 244
8558 6279 257
8117 1004 262
4250 2105 238
5079 7714 262
7578 175 262
6329 879 262
4618 9458 262
579 9769 262
1467 722 182
5166 6520 262
1206 3731 238
7167 8501 252
1482 1265 177
1777 5377 238
4100 6212 262
638 9602 262
5946 6638 262
4266 8 238
6628 8321 257
332 7470 262
7207 8719 252
7081 1804 262
9151 5769 262
9887 10 262
8985 6088 262
8123 5566 262
6570 7882 257
4919 9814 262
8703 8756 172
7075 6082 262
179 295 128
3887 4216 189
1078 5805 238
3539 4971 238
8400 7938 252
2076 8054 262
9842 6703 260
5059 177 238
5028 3553 238
8074 9238 247
4609 6456 262
582 4366 238
6828 8764 257
4884 8629 262
2989 4490 238
458 1404 182
1803 4716 238
8555 9917 260
8360 1415 262
4069 1592 238
7876 2046 262
6347 1564 262
4047 4532 215
7210 1410 262
1726 7006 262
5307 3939 215
3944 1206 238
5588 4778 236
814 9372 262
6603 6836 182
4582 9015 262
4152 5540 215
9363 4793 262
9333 7075 260
4898 8833 262
5668 6180 262
8322 9338 260
5758 1046 238
2577 8673 262
3108 7410 262
1264 7876 262
8371 3765 262
9810 8453 260
4521 7111 262
6598 4078 262
4782 8905 262
4814 9198 262
5106 3646 238
8508 6353 257
8065 4240 262
8168 2526 262
2533 8131 262
4672 4746 153
3624 4023 238
1805 9419 262
4803 5703 236
6029 4887 236
424 7038 262
5891 9162 262
57 2041 182
7543 9685 260
3380 2743 217
7259 2868 262
3740 4478 215
3211 4424 238
324 6935 262
3743 131 238
2922 1209 217
3265 8243 262
6349 8035 257
7414 5157 262
1629 99 182
7867 5387 262
4382 1956 238
4750 4856 197
664 4004 238
3957 7687 262
2622 3603 217
7950 9804 260
7737 3607 262
8037 4242 262
321 7533 262
9115 1972 262
215 2746 209
6457 2487 262
1426 3647 217
9009 2836 262
3908 9211 262
8237 4692 262
8392 1530 262
5687 3459 238
7386 8011 252
644 7095 262
7027 8944 252
8958 3610 262
9999 6462 260
4540 8035 262
1261 3556 217
160 2324 183
3650 2585 217
4861 2524 238
4506 4046 215
6402 2108 262
4317 3938 202
7064 4950 262
234 8820 262
4388 5089 210
1219 771 182
2873 8473 262
1636 5394 238
1965 9940 262
3521 4647 238
2422 7775 262
7675 7058 239
9233 8023 247
5966 1835 238
5263 2436 238
3034 8468 262
7645 2144 262
8972 5502 262
3598 9941 262
8393 503 262
391 6099 238
7366 9696 260
4470 3009 238
6551 1389 262
1552 1003 182
2322 6678 262
7382 8298 252
7791 7835 177
499 2338 183
7903 4884 262
6181 2293 262
1653 5734 238
1317 7540 262
9941 5969 262
9365 5621 262
3128 5190 238
2837 256 209
1849 3510 217
9057 6563 257
4271 838 238
1195 6438 262
4584 4703 184
7504 9097 252
9646 2305 262
4058 4425 215
4200 2167 238
6514 9217 257
8768 2678 262
4335 7837 262
60 400 144
1615 9434 262
9371 1029 262
9569 4505 262
6878 7097 257
6925 9571 260
4385 704 238
4497 9639 262
5605 7397 262
3512 1886 217
5467 8938 262
953 3231 217
4687 2682 238
2522 9822 262
286 6346 262
8478 9647 260
6597 1359 262
9554 6312 260
556231 918057 525
415200 836469 509
585755 255244 470
3166 701925 509
348368 459615 449
926311 792210 525
415678 898973 525
865795 128734 525
566155 370281 470
499813 651320 509
309446 464287 449
645329 372990 509
680867 178118 509
135144 702525 509
438035 620577 470
90257 652371 509
190080 620772 470
789958 80182 509
586658 497924 470
597112 24653 470
234433 751335 509
978272 639292 525
402247 448827 449
155300 832317 509
265793 926947 525
625185 928809 525
332850 413067 449
566747 158615 470
647892 465500 509
546238 640155 509
515116 295691 470
770064 514608 509
125064 97228 354
848438 555312 525
830424 801637 450
281952 892927 525
872487 13725 525
152337 943944 525
793460 366355 509
210254 794847 509
500849 340906 449
424803 220742 449
251671 974946 525
502796 196683 449
483748 258434 449
677639 977039 525
726067 592241 509
204724 662625 509
217334 432933 449
246309 485576 449
979921 591475 525
726600 188575 509
400086 333508 441
986030 523355 525
284121 481000 449
784055 889257 525
930352 300868 525
881244 818226 525
881929 478119 525
141081 526912 470
922728 694203 525
952565 516026 525
963259 470871 525
588783 556491 434
232091 463025 449
210567 648865 509
653537 801137 504
278694 502162 449
987555 463008 525
519339 86809 470
476682 832063 509
725330 17981 509
671569 166837 509
484419 63954 449
937244 980576 507
892213 699545 525
834355 708748 468
260221 151234 443
949465 140609 525
154423 432979 449
949773 300214 525
319631 312800 353
591900 377060 470
475245 682682 509
144097 396086 443
963323 521829 525
680987 625500 509
343764 340480 353
59497 666751 509
560202 677833 509
202148 435599 449
42388 758585 509
336857 868216 525
3410 536523 470
100129 58290 351
944255 122395 525
468703 602871 470
943346 131177 525
818838 573456 509
949009 951420 414
946725 374409 525
820370 158435 509
983648 325891 525
865263 212951 525
637259 622440 509
195302 659708 509
407029 911545 525
590826 536198 452
835183 632579 504
952361 282873 525
460776 483120 444
478971 997576 525
929702 808761 525
862692 710431 525
120163 950521 525
890630 616124 525
901122 360221 525
165222 622520 470
361580 461880 449
456664 582052 470
988427 577523 525
402058 634894 509
586147 58657 470
932139 156707 525
496456 407601 449
97526 583086 470
141248 615613 470
61663 698751 509
600693 43519 470
771416 784167 437
745623 876130 525
710272 349343 509
339788 135670 443
828585 667336 504
581525 697598 509
470596 443661 444
153086 454628 449
526636 580580 452
137281 662861 509
452491 557428 470
100921 126982 354
373997 587409 470
890494 808029 525
976991 761634 525
932321 863949 476
120899 508644 449
781509 469073 509
33011 518023 470
386712 319577 441
708816 659510 504
561965 35802 470
841638 657524 525
402168 434688 449
380797 740322 509
848101 446591 525
258111 480733 449
912085 106503 525
835841 402692 509
455605 973654 525
745264 635863 504
679229 904999 525
428697 333626 449
230082 725640 509
730196 142681 509
910265 330889 525
84302 977766 525
37385 836048 509
924658 506815 525
177291 545418 470
584372 304938 470
140513 858492 525
883002 482946 525
340592 715767 509
669350 391531 509
728571 453098 509
402180 672064 509
835741 198034 509
668685 994191 525
341411 989644 525
121046 842426 525
108036 465802 449
21208 98878 351
299389 29988 443
229724 548176 470
356173 439174 449
213059 281507 443
699978 790024 504
808879 185542 509
725407 550875 509
205266 447787 449
709987 530398 509
251729 786691 509
440982 909136 525
353812 594244 470
553914 605793 434
119021 991308 525
145292 405217 443
651106 596319 509
76638 439130 449
599193 173965 470
