1 1 1
911744 795342 525
481590 334829 449
135009 561843 470
484831 243020 449
112811 997481 525
667567 147792 509
980659 448473 525
383529 701421 509
436605 741425 509
602583 337146 470
845879 573430 525
37544 902616 525
247635 910372 525
915196 185795 525
412638 335971 449
124441 731992 509
608018 683970 509
229740 358099 443
322444 494847 449
340179 229920 443
121555 317874 443
410502 718021 509
10258 178226 383
315714 973115 525
301655 57355 443
533756 35910 470
822252 254567 509
754922 836489 468
512033 536975 439
640146 177635 509
176225 558490 470
895012 392983 525
904587 643407 525
48873 906338 525
514696 670178 509
187418 521954 470
485670 613086 470
890143 13661 525
368124 886773 525
372088 32745 443
715177 404679 509
678031 203037 509
44668 53003 340
816366 112067 509
659177 625845 509
225279 122352 386
660550 942252 525
4774 27325 308
249438 307861 407
165913 23189 383
456324 326296 449
979406 215712 525
16124 363812 443
934083 196084 525
74209 23291 340
239535 754608 509
80425 826610 509
229778 918590 525
120819 635598 509
414794 3368 449
515902 405174 470
671027 916178 525
408921 527530 470
930869 168877 525
30532 101802 351
441430 385551 449
665379 150967 509
986899 907613 507
805803 246493 509
318024 40418 443
499372 81096 449
871483 823143 525
575972 432401 470
471418 975907 525
855448 350206 525
144824 255229 443
549153 658547 509
759657 581219 509
481940 630411 509
572800 295393 470
167894 263803 443
74857 340753 443
494646 469755 426
59747 973114 525
384175 930769 525
553719 921094 525
500765 604682 470
20744 264092 443
114188 175251 383
431859 572029 470
438787 221121 449
590597 448313 470
880803 50111 525
910106 707652 525
850897 977420 507
151470 68864 375
311209 340896 384
574977 688384 509
688127 595825 509
434257 207931 449
467209 976542 525
432111 837525 509
936930 545146 525
804613 534461 509
472496 775909 509
420233 452691 418
817385 763761 468
427033 925791 525
299391 26697 443
568263 473334 470
95014 399559 443
239100 691602 509
169339 844340 525
593316 101117 470
312259 660969 509
822678 52930 509
339637 53388 443
252817 810052 509
920746 794265 525
927237 969225 507
753664 786031 468
809780 156876 509
746194 278316 509
256170 232789 381
754485 72872 509
449085 130702 449
760258 601471 509
510762 457248 444
582981 871105 525
164366 474863 449
215641 574227 470
462371 457965 444
93360 580032 470
545373 699544 509
730281 502903 509
194409 124601 383
748759 748048 318
785708 244445 509
687347 495782 509
442584 802261 509
704231 453776 509
73691 960500 525
701427 313642 509
967295 628842 525
494631 547806 470
303423 517491 470
440169 147991 449
397771 747253 509
47908 789125 509
666660 793587 504
54320 126617 354
952329 592455 525
449875 743708 509
251229 238404 368
312928 91275 443
413160 616787 470
715318 106473 509
408255 830142 509
755792 357991 509
264319 760357 509
552199 162506 470
737104 579175 509
417375 82469 449
556952 873310 525
875485 907621 445
787115 471678 509
689942 548029 509
330286 973619 525
519156 437858 470
716880 880446 525
388159 56666 443
22646 515503 470
897276 308495 525
542216 379473 470
544819 723590 509
45021 176510 383
542707 711803 509
311238 32649 443
254805 505571 449
866916 779886 525
186853 851294 525
87420 514676 470
952124 84616 525
690472 656283 442
378562 117731 443
484301 982737 525
859166 67662 525
910564 422068 525
531956 419838 470
375806 293484 441
720097 221682 509
993732 79518 525
492885 342770 449
19372 949588 525
68413 105109 351
669585 20671 509
138537 278984 443
188475 167868 365
159804 954074 525
375578 407878 436
280281 611348 470
888777 4258 525
529181 779429 509
669220 831606 504
594668 410525 470
52404 803803 509
616115 490996 470
112737 655980 509
501463 970696 525
508057 295821 449
907342 590223 525
175944 416485 449
524847 243870 470
585115 683147 509
815426 22267 509
155268 998562 525
104810 527800 470
504160 719171 509
706216 429744 509
12719 247509 443
803517 921466 525
249017 30357 443
932753 828570 525
886902 351526 525
157203 398215 443
696886 649694 442
958566 971267 458
884772 216499 525
492560 268248 449
137863 649984 509
344592 943790 525
811538 830071 450
902711 914049 476
246245 336380 407
212263 188134 373
141137 706726 509
876520 493926 525
926148 643020 525
118164 431247 449
6613 682926 509
722107 94153 509
887333 681080 525
262930 330912 407
546921 548744 377
61321 499002 449
549560 129432 470
216044 13238 383
487917 84363 449
37152 891491 525
751326 711982 424
302669 571379 470
49814 384820 443
56361 151047 375
941468 417210 525
463664 311995 449
685787 807316 504
663318 6350 509
178251 648292 509
385071 66528 443
413357 130159 449
82369 961440 525
595126 134106 470
883945 833907 525
805828 248746 509
222593 842903 525
301888 309195 371
758426 422887 509
264767 647523 509
618418 571297 447
744357 589721 509
558772 611649 434
802879 601903 509
185383 223251 386
404915 760554 509
89366 408136 443
53304 331955 443
715177 943820 525
423717 416489 418
894290 243603 525
857001 739497 525
884663 278485 525
315566 521648 470
132664 619265 470
100244 691722 509
88052 704689 509
473264 187631 449
593151 946552 525
975976 275890 525
469292 734626 509
708279 228098 509
483666 632222 509
97398 583740 470
85742 468081 449
871521 716289 525
549407 678171 509
328784 188498 443
1523 858130 525
656518 716564 504
747270 684474 504
477396 729260 509
960430 218900 525
537585 688404 509
558789 813313 509
571089 61230 470
532770 632613 509
218099 352162 443
185432 265154 443
64206 530108 470
536204 15179 470
648468 288514 509
551769 755095 509
273199 650509 509
675339 864462 525
558803 603080 434
491903 717247 509
366591 218941 443
300990 337288 384
18354 943309 525
898201 399453 525
891339 123630 525
63727 196920 383
483660 843774 525
395056 97299 443
29600 856709 525
714356 628925 504
658214 608319 509
919440 956724 507
192902 751938 509
483745 952809 525
219782 517621 470
286960 524343 470
727732 72864 509
191383 117686 383
8590 841915 525
317391 339414 384
461343 953494 525
921109 85550 525
610629 699326 509
265551 190512 443
750310 814039 468
685205 808708 504
864953 668682 525
263797 132612 443
890485 513138 525
127041 249047 443
14313 73564 340
693604 224553 509
417536 552176 470
671213 139534 509
352007 223546 443
497745 146566 449
929849 824318 525
482199 606868 470
195585 746060 509
669218 467006 509
724929 111542 509
457144 716514 509
30468 887558 525
972241 95013 525
955806 805847 525
892142 123507 525
49895 497024 449
389154 683852 509
198672 331093 443
868953 232802 525
698182 921405 525
559390 506222 470
166142 112023 383
569475 167788 470
392120 39744 443
80879 585973 470
872252 436523 525
312066 393903 441
822807 200221 509
600924 868762 525
294882 113248 443
233991 963946 525
604825 822158 509
109991 974539 525
20106 988654 525
788573 634867 504
703777 938340 525
736598 245776 509
963808 487959 525
956522 425610 525
113863 879414 525
853745 467705 525
760113 522057 509
621684 32914 470
190706 858799 525
784126 193002 509
769158 742010 468
479335 409335 449
563375 88942 470
592541 866049 525
290650 555659 470
715375 696078 504
636918 99046 509
577187 949101 525
183841 669651 509
235713 116396 443
319830 746550 509
479055 201639 449
488042 992240 525
511589 860795 525
841945 118197 525
864140 409318 525
81846 370694 443
985291 197872 525
131317 35648 354
134141 390972 443
635923 201684 509
727609 797969 468
788922 93349 509
995677 344003 525
417487 426559 418
545068 327339 470
200693 281886 443
269954 87921 443
507969 379019 449
569998 75339 470
980402 300894 525
76044 247255 443
374224 962096 525
538926 432187 470
234192 241728 381
872825 723665 525
793527 636205 504
749686 450723 509
390128 504429 449
727755 117049 509
229954 469434 449
467820 950896 525
134464 683557 509
438993 410105 418
785599 231916 509
474334 506854 426
457966 628426 509
487585 980487 525
920124 818220 525
309075 923866 525
322354 63277 443
443383 313194 449
604004 850511 525
646745 407236 509
868675 432527 525
548402 860291 525
671348 321581 509
309299 289653 371
201350 634987 509
42721 71595 340
944890 831143 525
1939 454413 449
606096 123779 470
174363 949847 525
713503 55250 509
533203 983621 525
666047 701432 442
800656 46425 509
482351 234505 449
478908 241199 449
760766 103435 509
276888 20973 443
807577 447374 509
453122 737449 509
791591 194967 509
387421 613141 470
540812 48481 470
787104 738979 468
745749 915438 525
83169 478379 449
876452 678374 525
635683 921501 525
76035 211307 383
11902 668053 509
169245 429966 449
337179 633114 509
410234 841744 525
85515 332989 443
670766 605329 509
968280 863604 507
842418 154755 525
771606 222450 509
474258 378592 449
433546 432711 387
408990 584429 470
671184 307472 509
543078 409572 470
287943 929638 525
780503 503287 509
493512 262424 449
592654 894667 525
670337 291891 509
600533 276165 470
146614 53419 375
324756 431839 449
959319 608771 525
353822 330853 441
822809 388843 509
441269 902749 525
40434 536521 470
336060 569929 470
393765 837495 509
887359 904662 401
578345 850555 525
585267 754465 509
189856 405400 443
677026 655010 442
760467 159006 509
59693 865264 525
361261 942224 525
983557 897082 507
696121 292134 509
541562 298197 470
374089 745258 509
214538 876866 525
231219 44887 443
941199 954463 414
470455 104909 449
67010 79591 351
184840 368874 443
285650 831514 509
627986 448249 509
262931 49527 443
198446 426742 449
387610 343876 441
941329 832328 525
525650 855008 525
457045 978647 525
613409 751098 509
853650 27074 525
349935 292666 441
928401 813734 525
239736 144996 443
685360 361909 509
562891 61946 470
473950 766176 509
865805 587390 525
41489 804319 509
283162 357601 441
653650 355300 509
829202 932186 525
50354 685170 509
373860 77825 443
432689 658360 509
63406 811699 509
550941 914165 525
902685 624638 525
963664 283320 525
149364 303809 443
156235 651767 509
671512 238307 509
3804 430975 449
1183 494966 449
222843 753084 509
437039 890168 525
41224 227625 386
640467 453668 509
493310 746427 509
14192 374080 443
680316 659611 442
968262 817808 525
152182 495401 449
782312 172927 509
375508 456964 449
750271 709553 424
638171 460513 509
994627 964101 458
216821 72573 386
331631 880055 525
769479 764174 468
32569 397132 443
645544 184005 509
877598 164131 525
143178 775073 509
117315 408390 443
438934 751977 509
466393 861373 525
124410 93700 354
702607 890226 525
182998 459229 449
655597 866650 525
134653 648250 509
215856 690818 509
304224 329832 384
845754 797482 525
631964 646869 416
706996 412348 509
309061 719447 509
146393 376589 443
669807 142874 509
322788 938345 525
109077 828201 509
917775 591605 525
691058 489526 509
756512 152017 509
936680 125600 525
169152 797358 509
582135 899242 525
800301 18964 509
280116 246878 407
139028 733905 509
186080 934388 525
419136 492982 444
782883 952409 525
52431 825321 509
675474 310810 509
158447 165389 370
248740 354717 441
227824 614585 470
419478 339187 449
970035 294147 525
111883 418206 449
959481 542398 525
818590 189071 509
965360 113073 525
637205 776639 504
322530 840698 525
872958 17880 525
973930 762629 525
662885 200597 509
821862 750026 468
715438 463743 509
700829 16850 509
289292 857163 525
454285 869045 525
962632 803743 525
103550 152628 375
437146 590351 470
880439 624613 525
997585 659992 525
885694 933688 476
678336 762154 504
524521 631683 509
807198 394837 509
430276 592659 470
561612 587305 434
99753 531021 470
561707 227926 470
235475 703697 509
901896 202682 525
423020 724392 509
595927 160413 470
373467 878945 525
249888 705698 509
783721 543556 509
589756 416716 470
921856 810594 525
588701 636184 509
709325 265720 509
625459 412331 470
383590 771798 509
454402 189089 449
657600 625479 509
399234 495717 449
692171 773576 504
181493 546699 470
671702 507904 509
891167 676681 525
124209 367456 443
354767 243221 441
270140 675104 509
761792 444982 509
656435 463910 509
590272 150003 470
423741 828648 509
198169 607947 470
906574 549590 525
284802 853195 525
25244 633490 509
402684 166857 443
615511 544398 452
768306 403462 509
251597 806133 509
820277 281962 509
273355 273830 314
299002 315481 384
803700 299176 509
75639 707566 509
144246 501944 449
60191 80041 351
666398 253069 509
456927 140657 449
615365 745656 509
197260 63615 383
848219 854893 419
745965 999432 525
106512 191855 383
670633 73587 509
703443 195614 509
889110 553101 525
210691 660051 509
730732 125538 509
629350 203570 509
753069 18075 509
298479 226997 443
675700 611747 509
584017 553433 434
698490 570746 509
512481 565450 452
98638 138737 354
716771 582538 509
454814 582924 470
229651 29754 386
247542 951750 525
295591 73220 443
41344 811416 509
136993 687107 509
474186 802377 509
843480 643880 525
476170 154432 449
142368 831794 509
968690 105654 525
933992 596005 525
325936 936918 525
860152 893412 445
189555 675351 509
620993 781784 509
774019 321164 509
211597 273613 443
215199 451993 449
382559 329737 441
255912 66288 443
913704 724963 525
852141 996947 507
936038 64572 525
37283 445708 449
71148 754033 509
356293 480473 449
573428 133680 470
267879 685069 509
323874 75280 443
648218 542645 509
169618 379406 443
416958 665508 509
330932 555533 470
277945 203020 443
597158 744704 509
742669 635750 504
558309 630165 509
171694 706121 509
440260 989016 525
901041 738855 525
804989 368578 509
416696 815172 509
891232 413965 525
908079 562467 525
264690 605414 470
96818 396973 443
364059 924267 525
90953 92958 333
857044 17877 525
20925 346419 443
918741 234438 525
91055 879245 525
761953 787009 468
540162 983711 525
639905 458159 509
770620 305031 509
832897 23370 509
326559 916731 525
938123 464191 525
208978 473955 449
998426 504356 525
833235 96736 509
101668 936978 525
515489 988282 525
418617 702594 509
579693 849924 525
866379 54957 525
658585 290242 509
762511 597200 509
504842 879705 525
563217 350041 470
914631 904866 476
317140 242794 407
7775 523743 470
761065 749848 424
531643 273012 470
538048 281939 470
471095 221398 449
740798 2283 509
681912 153956 509
387687 626975 509
367726 194379 443
508296 188533 449
931324 409199 525
362826 206910 443
45238 7365 324
826501 696258 504
659067 780090 504
841484 963880 507
44382 874391 525
902350 636003 525
178668 61142 383
309798 633532 509
304907 395588 441
950653 543913 525
896122 334347 525
866805 592821 525
240799 752208 509
407264 103349 443
522233 23702 470
540291 803672 509
438979 303977 449
88586 128869 354
838509 267554 525
429049 461839 444
512927 727133 509
586552 209662 470
524673 484567 470
982839 336303 525
582888 723646 509
212945 584206 470
699409 832134 504
233046 847542 525
711192 95827 509
903125 292609 525
336305 737674 509
63033 739078 509
748202 427424 509
417684 431242 418
762323 700943 504
698870 589393 509
923240 942170 507
737535 791527 468
2658 385499 443
335708 752474 509
433909 180246 449
646489 575979 509
489481 127962 449
700172 346918 509
55753 895678 525
692568 714504 504
639665 718309 504
441997 226175 449
118946 524464 470
937373 363662 525
708190 678443 504
524918 302556 470
8014 149196 375
44728 820962 509
361039 167244 443
515466 281673 470
556741 676808 509
75512 823284 509
152304 792691 509
597116 634559 509
908055 723172 525
766349 118911 509
29100 910916 525
551422 530581 452
973005 405193 525
130447 358156 443
214658 758294 509
179509 503876 449
885820 533947 525
395627 497611 449
928280 544568 525
564145 458350 470
262231 552856 470
316899 242009 407
718048 692217 504
628394 10311 509
90621 967217 525
938631 761457 525
956361 278269 525
520058 927023 525
59451 270393 443
167066 238190 443
185711 136100 383
304681 976679 525
793547 61412 509
772448 21038 509
466947 278921 449
512380 116525 470
886706 904002 445
196429 865755 525
313693 588499 470
716672 23529 509
251273 28653 443
597063 201690 470
845196 292049 525
744142 984032 525
594662 168283 470
258357 860296 525
246316 962551 525
623618 192130 470
983233 176238 525
288611 821280 509
203957 774970 509
6147 190409 383
516445 933220 525
629389 970244 525
719108 445473 509
997345 456658 525
909961 115256 525
646538 472993 509
882303 280974 525
983087 244237 525
458570 199328 449
883531 773368 525
969761 765413 525
213133 551069 470
176353 704351 509
905517 867254 445
960849 166423 525
942514 437762 525
841441 952345 507
985329 916086 507
625335 436716 470
690919 445390 509
524016 18688 470
575037 360807 470
520219 610224 452
33819 776218 509
44427 596929 470
724449 259716 509
47766 835311 509
586 887062 525
137157 549406 470
535675 690870 509
334952 602643 470
800717 687080 504
976902 852585 507
792136 396240 509
602890 170509 470
239074 470870 449
115510 315273 443
289367 40722 443
475651 415882 444
713195 430613 509
310596 206060 443
964084 608689 525
552603 242636 470
919933 584121 525
440901 718908 509
38015 134045 354
655656 436590 509
810000 362405 509
566683 477976 470
428969 885253 525
651950 473309 509
528830 697975 509
186345 958824 525
984776 444294 525
413808 9097 449
423676 738559 509
864719 392605 525
968171 799308 525
519483 6123 470
431767 840248 525
285484 65394 443
784782 483286 509
131391 584649 470
132294 924657 525
148256 671485 509
587922 534183 452
53594 505077 449
868480 988339 507
811004 195723 509
590317 51440 470
467939 145369 449
125116 240085 443
5298 513776 470
841985 960432 507
220078 368812 443
673752 378071 509
61736 696720 509
784702 501843 509
609912 464943 470
552332 887636 525
235821 196301 443
776534 650437 504
621841 42046 470
471217 319329 449
240111 55423 443
955298 601898 525
8741 537792 470
532158 973377 525
952419 62292 525
161657 249602 443
879497 804359 525
631950 166624 509
212568 682939 509
14616 705968 509
792932 81388 509
2497 11259 268
470685 478472 382
253065 73224 443
103757 102649 310
763041 804984 468
989022 730236 525
380600 871437 525
505084 249282 449
826026 627440 504
63818 311672 443
722772 57626 509
727582 254897 509
875862 952698 507
