1 1 1
1 2 2
1 2 2
3 4 8
1 4 8
1 10 20
10 2 20
100 200 125
201 210 89
900 1000 174
1 1001 179
1001 2001 182
2001 3001 217
3001 4001 238
4001 5001 215
5001 6001 236
6001 7001 262
7001 8001 252
8001 9001 247
9001 10001 260
10001 11001 268
11001 12001 250
12001 13001 263
13001 14001 276
14001 15001 271
15001 16001 271
16001 17001 266
17001 18001 279
18001 19001 261
19001 20001 274
20001 21001 256
21001 22001 269
22001 23001 269
23001 24001 282
24001 25001 264
25001 26001 264
26001 27001 308
27001 28001 259
28001 29001 259
29001 30001 272
30001 31001 272
31001 32001 285
32001 33001 267
33001 34001 267
34001 35001 311
35001 36001 324
36001 37001 249
37001 38001 306
38001 39001 244
39001 40001 306
40001 41001 288
41001 42001 257
42001 43001 288
43001 44001 270
44001 45001 270
45001 46001 314
46001 47001 283
47001 48001 314
48001 49001 296
49001 50001 296
50001 51001 278
51001 52001 309
52001 53001 340
53001 54001 322
54001 55001 260
55001 56001 260
56001 57001 322
57001 58001 304
58001 59001 273
59001 60001 304
60001 61001 335
61001 62001 317
62001 63001 286
63001 64001 330
64001 65001 299
65001 66001 268
66001 67001 268
67001 68001 312
68001 69001 312
69001 70001 299
70001 71001 312
71001 72001 325
72001 73001 263
73001 74001 294
74001 75001 325
75001 76001 307
76001 77001 307
77001 78001 351
78001 79001 338
79001 80001 307
80001 81001 320
81001 82001 320
82001 83001 320
83001 84001 289
84001 85001 320
85001 86001 302
86001 87001 302
87001 88001 333
88001 89001 333
89001 90001 315
90001 91001 315
91001 92001 333
92001 93001 315
93001 94001 284
94001 95001 315
95001 96001 328
96001 97001 297
97001 98001 297
98001 99001 284
99001 100001 328
100001 101001 341
101001 102001 310
102001 103001 310
103001 104001 248
104001 105001 310
105001 106001 341
106001 107001 354
107001 108001 292
108001 109001 279
109001 110001 310
110001 111001 292
111001 112001 323
112001 113001 323
113001 114001 292
114001 115001 305
115001 116001 349
116001 117001 305
117001 118001 305
118001 119001 336
119001 120001 305
120001 121001 318
121001 122001 336
122001 123001 318
123001 124001 331
124001 125001 287
125001 126001 318
126001 127001 331
127001 128001 287
128001 129001 331
129001 130001 344
130001 131001 331
131001 132001 300
132001 133001 331
133001 134001 313
134001 135001 300
135001 136001 344
136001 137001 313
137001 138001 331
138001 139001 313
139001 140001 313
140001 141001 344
141001 142001 326
142001 143001 375
143001 144001 282
144001 145001 326
145001 146001 295
146001 147001 357
147001 148001 295
148001 149001 326
149001 150001 326
150001 151001 370
151001 152001 295
152001 153001 308
153001 154001 308
154001 155001 352
155001 156001 308
156001 157001 383
157001 158001 339
158001 159001 321
159001 160001 352
160001 161001 370
161001 162001 290
162001 163001 339
163001 164001 321
164001 165001 334
165001 166001 321
166001 167001 352
167001 168001 321
168001 169001 321
169001 170001 334
170001 171001 334
171001 172001 334
172001 173001 303
173001 174001 347
174001 175001 334
175001 176001 272
176001 177001 334
177001 178001 334
178001 179001 347
179001 180001 303
180001 181001 365
181001 182001 316
182001 183001 334
183001 184001 254
184001 185001 316
185001 186001 329
186001 187001 347
187001 188001 329
188001 189001 316
189001 190001 360
190001 191001 329
191001 192001 329
192001 193001 347
193001 194001 329
194001 195001 342
195001 196001 360
196001 197001 298
197001 198001 285
198001 199001 329
199001 200001 329
200001 201001 342
201001 202001 311
202001 203001 342
203001 204001 311
204001 205001 311
205001 206001 355
206001 207001 373
207001 208001 311
208001 209001 311
209001 210001 311
210001 211001 342
211001 212001 355
212001 213001 355
213001 214001 373
214001 215001 293
215001 216001 280
216001 217001 386
217001 218001 324
218001 219001 324
219001 220001 355
220001 221001 324
221001 222001 355
222001 223001 324
223001 224001 324
224001 225001 324
225001 226001 368
226001 227001 368
227001 228001 337
228001 229001 355
229001 230001 306
230001 231001 443
231001 232001 350
232001 233001 337
233001 234001 368
234001 235001 381
235001 236001 306
236001 237001 337
237001 238001 350
238001 239001 306
239001 240001 350
240001 241001 368
241001 242001 275
242001 243001 319
243001 244001 337
244001 245001 275
245001 246001 319
246001 247001 332
247001 248001 350
248001 249001 288
249001 250001 350
250001 251001 332
251001 252001 319
252001 253001 319
253001 254001 332
254001 255001 363
255001 256001 288
256001 257001 345
257001 258001 345
258001 259001 301
259001 260001 345
260001 261001 332
261001 262001 332
262001 263001 301
263001 264001 407
264001 265001 332
265001 266001 332
266001 267001 314
267001 268001 345
268001 269001 270
269001 270001 345
270001 271001 407
271001 272001 283
272001 273001 314
273001 274001 358
274001 275001 332
275001 276001 345
276001 277001 314
277001 278001 389
278001 279001 345
279001 280001 314
280001 281001 345
281001 282001 358
282001 283001 314
283001 284001 358
284001 285001 358
285001 286001 376
286001 287001 314
287001 288001 327
288001 289001 389
289001 290001 345
290001 291001 327
291001 292001 327
292001 293001 340
293001 294001 358
294001 295001 296
295001 296001 358
296001 297001 327
297001 298001 327
298001 299001 371
299001 300001 327
300001 301001 371
301001 302001 296
302001 303001 340
303001 304001 340
304001 305001 340
305001 306001 265
306001 307001 309
307001 308001 309
308001 309001 371
309001 310001 340
310001 311001 371
311001 312001 309
312001 313001 384
313001 314001 340
314001 315001 278
315001 316001 340
316001 317001 353
317001 318001 309
318001 319001 353
319001 320001 322
320001 321001 371
321001 322001 353
322001 323001 309
323001 324001 322
324001 325001 384
325001 326001 340
326001 327001 247
327001 328001 322
328001 329001 291
329001 330001 353
330001 331001 322
331001 332001 291
332001 333001 353
333001 334001 335
334001 335001 322
335001 336001 322
336001 337001 366
337001 338001 366
338001 339001 335
339001 340001 366
340001 341001 304
341001 342001 335
342001 343001 353
343001 344001 335
344001 345001 304
345001 346001 441
346001 347001 348
347001 348001 322
348001 349001 335
349001 350001 366
350001 351001 304
351001 352001 379
352001 353001 335
353001 354001 304
354001 355001 348
355001 356001 379
356001 357001 348
357001 358001 304
358001 359001 379
359001 360001 348
360001 361001 410
361001 362001 348
362001 363001 361
363001 364001 317
364001 365001 317
365001 366001 361
366001 367001 348
367001 368001 286
368001 369001 317
369001 370001 361
370001 371001 392
371001 372001 348
372001 373001 317
373001 374001 348
374001 375001 330
375001 376001 361
376001 377001 423
377001 378001 361
378001 379001 330
379001 380001 361
380001 381001 379
381001 382001 374
382001 383001 361
383001 384001 330
384001 385001 330
385001 386001 348
386001 387001 330
387001 388001 299
388001 389001 330
389001 390001 436
390001 391001 361
391001 392001 330
392001 393001 299
393001 394001 361
394001 395001 405
395001 396001 312
396001 397001 330
397001 398001 330
398001 399001 374
399001 400001 299
400001 401001 374
401001 402001 387
402001 403001 268
403001 404001 343
404001 405001 343
405001 406001 405
406001 407001 361
407001 408001 268
408001 409001 312
409001 410001 312
410001 411001 449
411001 412001 330
412001 413001 343
413001 414001 374
414001 415001 374
415001 416001 312
416001 417001 387
417001 418001 343
418001 419001 343
419001 420001 281
420001 421001 343
421001 422001 325
422001 423001 356
423001 424001 418
424001 425001 356
425001 426001 356
426001 427001 356
427001 428001 374
428001 429001 294
429001 430001 281
430001 431001 312
431001 432001 343
432001 433001 387
433001 434001 343
434001 435001 356
435001 436001 281
436001 437001 325
437001 438001 387
438001 439001 400
439001 440001 356
440001 441001 325
441001 442001 294
442001 443001 356
443001 444001 338
444001 445001 325
445001 446001 338
446001 447001 325
447001 448001 325
448001 449001 369
449001 450001 369
450001 451001 387
451001 452001 307
452001 453001 294
453001 454001 369
454001 455001 338
455001 456001 338
456001 457001 356
457001 458001 338
458001 459001 307
459001 460001 307
460001 461001 307
461001 462001 444
462001 463001 369
463001 464001 325
464001 465001 338
465001 466001 369
466001 467001 369
467001 468001 413
468001 469001 382
469001 470001 338
470001 471001 307
471001 472001 276
472001 473001 338
473001 474001 307
474001 475001 382
475001 476001 320
476001 477001 307
477001 478001 382
478001 479001 351
479001 480001 351
480001 481001 413
481001 482001 382
482001 483001 351
483001 484001 307
484001 485001 320
485001 486001 338
486001 487001 382
487001 488001 382
488001 489001 382
489001 490001 351
490001 491001 320
491001 492001 320
492001 493001 426
493001 494001 395
494001 495001 351
495001 496001 320
496001 497001 320
497001 498001 289
498001 499001 351
499001 500001 395
500001 501001 364
501001 502001 320
502001 503001 426
503001 504001 320
504001 505001 364
505001 506001 364
506001 507001 382
507001 508001 364
508001 509001 377
509001 510001 364
510001 511001 333
511001 512001 470
512001 513001 333
513001 514001 351
514001 515001 364
515001 516001 395
516001 517001 302
517001 518001 333
518001 519001 439
519001 520001 364
520001 521001 333
521001 522001 364
522001 523001 333
523001 524001 302
524001 525001 364
525001 526001 408
526001 527001 408
527001 528001 377
528001 529001 377
529001 530001 333
530001 531001 346
531001 532001 346
532001 533001 377
533001 534001 377
534001 535001 346
535001 536001 302
536001 537001 333
537001 538001 377
538001 539001 346
539001 540001 346
540001 541001 408
541001 542001 364
542001 543001 346
543001 544001 359
544001 545001 315
545001 546001 346
546001 547001 452
547001 548001 377
548001 549001 333
549001 550001 315
550001 551001 346
551001 552001 377
552001 553001 315
553001 554001 346
554001 555001 421
555001 556001 390
556001 557001 346
557001 558001 315
558001 559001 315
559001 560001 284
560001 561001 359
561001 562001 328
562001 563001 359
563001 564001 328
564001 565001 421
565001 566001 328
566001 567001 359
567001 568001 359
568001 569001 359
569001 570001 359
570001 571001 377
571001 572001 359
572001 573001 372
573001 574001 359
574001 575001 328
575001 576001 346
576001 577001 390
577001 578001 390
578001 579001 346
579001 580001 359
580001 581001 266
581001 582001 328
582001 583001 328
583001 584001 434
584001 585001 372
585001 586001 359
586001 587001 359
587001 588001 328
588001 589001 315
589001 590001 297
590001 591001 359
591001 592001 403
592001 593001 328
593001 594001 328
594001 595001 328
595001 596001 328
596001 597001 372
597001 598001 372
598001 599001 341
599001 600001 372
600001 601001 372
601001 602001 403
602001 603001 297
603001 604001 297
604001 605001 372
605001 606001 341
606001 607001 328
607001 608001 341
608001 609001 403
609001 610001 359
610001 611001 341
611001 612001 354
612001 613001 310
613001 614001 310
614001 615001 310
615001 616001 447
616001 617001 372
617001 618001 372
618001 619001 310
619001 620001 341
620001 621001 372
621001 622001 372
622001 623001 310
623001 624001 354
624001 625001 385
625001 626001 354
626001 627001 509
627001 628001 341
628001 629001 279
629001 630001 279
630001 631001 341
631001 632001 310
632001 633001 385
633001 634001 354
634001 635001 310
635001 636001 416
636001 637001 310
637001 638001 354
638001 639001 354
639001 640001 354
640001 641001 416
641001 642001 372
642001 643001 416
643001 644001 279
644001 645001 279
645001 646001 310
646001 647001 323
647001 648001 341
648001 649001 323
649001 650001 385
650001 651001 341
651001 652001 336
652001 653001 354
653001 654001 385
654001 655001 323
655001 656001 385
656001 657001 429
657001 658001 354
658001 659001 398
659001 660001 354
660001 661001 323
661001 662001 323
662001 663001 292
663001 664001 292
664001 665001 367
665001 666001 442
666001 667001 323
667001 668001 367
668001 669001 323
669001 670001 336
670001 671001 323
671001 672001 323
672001 673001 367
673001 674001 336
674001 675001 367
675001 676001 385
676001 677001 336
677001 678001 336
678001 679001 380
679001 680001 367
680001 681001 336
681001 682001 336
682001 683001 305
683001 684001 380
684001 685001 336
685001 686001 354
686001 687001 398
687001 688001 380
688001 689001 292
689001 690001 336
690001 691001 336
691001 692001 442
692001 693001 323
693001 694001 367
694001 695001 367
695001 696001 336
696001 697001 336
697001 698001 318
698001 699001 367
699001 700001 367
700001 701001 367
701001 702001 411
702001 703001 380
703001 704001 349
704001 705001 504
705001 706001 380
706001 707001 305
707001 708001 349
708001 709001 349
709001 710001 336
710001 711001 380
711001 712001 380
712001 713001 411
713001 714001 380
714001 715001 305
715001 716001 305
716001 717001 380
717001 718001 349
718001 719001 336
719001 720001 349
720001 721001 411
721001 722001 367
722001 723001 411
723001 724001 349
724001 725001 362
725001 726001 305
726001 727001 349
727001 728001 318
728001 729001 362
729001 730001 318
730001 731001 380
731001 732001 336
732001 733001 380
733001 734001 349
734001 735001 349
735001 736001 424
736001 737001 318
737001 738001 380
738001 739001 424
739001 740001 424
740001 741001 393
741001 742001 318
742001 743001 349
743001 744001 318
744001 745001 318
745001 746001 349
746001 747001 287
747001 748001 362
748001 749001 318
749001 750001 393
750001 751001 362
751001 752001 331
752001 753001 318
753001 754001 424
754001 755001 318
755001 756001 362
756001 757001 362
757001 758001 331
758001 759001 362
759001 760001 362
760001 761001 380
761001 762001 362
762001 763001 331
763001 764001 375
764001 765001 362
765001 766001 331
766001 767001 331
767001 768001 468
768001 769001 331
769001 770001 393
770001 771001 349
771001 772001 344
772001 773001 393
773001 774001 362
774001 775001 331
775001 776001 437
776001 777001 331
777001 778001 393
778001 779001 437
779001 780001 362
780001 781001 344
781001 782001 362
782001 783001 331
783001 784001 331
784001 785001 313
785001 786001 375
786001 787001 300
787001 788001 362
788001 789001 406
789001 790001 406
790001 791001 375
791001 792001 344
792001 793001 437
793001 794001 375
794001 795001 331
795001 796001 331
796001 797001 468
797001 798001 344
798001 799001 300
799001 800001 375
800001 801001 375
801001 802001 406
802001 803001 388
803001 804001 300
804001 805001 331
805001 806001 375
806001 807001 344
807001 808001 406
808001 809001 331
809001 810001 344
810001 811001 406
811001 812001 287
812001 813001 362
813001 814001 375
814001 815001 313
815001 816001 357
816001 817001 344
817001 818001 344
818001 819001 450
819001 820001 357
820001 821001 450
821001 822001 375
822001 823001 344
823001 824001 375
824001 825001 326
825001 826001 344
826001 827001 313
827001 828001 419
828001 829001 313
829001 830001 375
830001 831001 344
831001 832001 419
832001 833001 388
833001 834001 357
834001 835001 344
835001 836001 313
836001 837001 344
837001 838001 525
838001 839001 344
839001 840001 388
840001 841001 357
841001 842001 313
842001 843001 388
843001 844001 331
844001 845001 357
845001 846001 401
846001 847001 313
847001 848001 419
848001 849001 313
849001 850001 357
850001 851001 357
851001 852001 357
852001 853001 326
853001 854001 357
854001 855001 419
855001 856001 388
856001 857001 375
857001 858001 357
858001 859001 370
859001 860001 313
860001 861001 357
861001 862001 326
862001 863001 326
863001 864001 344
864001 865001 326
865001 866001 388
866001 867001 326
867001 868001 344
868001 869001 357
869001 870001 388
870001 871001 326
871001 872001 432
872001 873001 326
873001 874001 326
874001 875001 388
875001 876001 432
876001 877001 370
877001 878001 401
878001 879001 326
879001 880001 357
880001 881001 326
881001 882001 326
882001 883001 313
883001 884001 370
884001 885001 295
885001 886001 370
886001 887001 445
887001 888001 401
888001 889001 295
889001 890001 370
890001 891001 339
891001 892001 326
892001 893001 295
893001 894001 326
894001 895001 370
895001 896001 326
896001 897001 370
897001 898001 339
898001 899001 370
899001 900001 295
900001 901001 401
901001 902001 401
902001 903001 383
903001 904001 295
904001 905001 383
905001 906001 295
906001 907001 445
907001 908001 326
908001 909001 370
909001 910001 326
910001 911001 476
911001 912001 383
912001 913001 401
913001 914001 357
914001 915001 370
915001 916001 339
916001 917001 339
917001 918001 383
918001 919001 339
919001 920001 432
920001 921001 339
921001 922001 339
922001 923001 445
923001 924001 308
924001 925001 370
925001 926001 339
926001 927001 370
927001 928001 476
928001 929001 383
929001 930001 339
930001 931001 370
931001 932001 308
932001 933001 370
933001 934001 370
934001 935001 414
935001 936001 414
936001 937001 383
937001 938001 352
938001 939001 445
939001 940001 507
940001 941001 383
941001 942001 339
942001 943001 339
943001 944001 352
944001 945001 383
945001 946001 352
946001 947001 383
947001 948001 383
948001 949001 383
949001 950001 352
950001 951001 414
951001 952001 383
952001 953001 414
953001 954001 414
954001 955001 383
955001 956001 339
956001 957001 352
957001 958001 352
958001 959001 321
959001 960001 352
960001 961001 414
961001 962001 352
962001 963001 383
963001 964001 414
964001 965001 352
965001 966001 321
966001 967001 365
967001 968001 308
968001 969001 321
969001 970001 352
970001 971001 458
971001 972001 352
972001 973001 321
973001 974001 383
974001 975001 383
975001 976001 339
976001 977001 383
977001 978001 334
978001 979001 383
979001 980001 334
980001 981001 427
981001 982001 321
982001 983001 383
983001 984001 383
984001 985001 352
985001 986001 427
986001 987001 352
987001 988001 396
988001 989001 321
989001 990001 352
990001 991001 321
991001 992001 321
992001 993001 352
993001 994001 290
994001 995001 365
995001 996001 365
996001 997001 365
997001 998001 440
998001 999001 396
