122 193 125
103 103 88
13 938 179
219 234 128
128 679 145
465 729 171
640 640 13
41 302 128
43 526 144
340 340 12
307 307 38
682 682 13
221 221 115
211 868 171
264 875 179
44 144 122
146 670 145
472 472 36
9 9 20
163 367 144
317 520 144
119 119 34
695 695 127
297 529 144
32 305 128
2 136 122
410 410 28
653 653 26
289 289 30
98 542 144
177 177 32
372 458 134
106 146 122
102 102 26
240 240 22
354 354 33
643 643 26
231 231 128
261 261 30
138 478 144
619 619 132
123 917 179
117 331 144
652 652 26
23 874 179
610 610 39
189 189 107
745 745 91
789 931 179
146 146 117
132 282 128
164 164 112
214 214 102
761 761 34
746 798 153
78 81 36
3 3 8
191 283 128
481 978 179
175 175 81
430 793 171
279 279 43
98 98 26
195 327 144
285 660 145
537 801 171
28 28 19
164 745 171
157 780 171
845 971 179
608 608 26
356 356 33
90 90 18
111 111 70
134 483 144
8 42 112
406 406 41
332 379 126
806 806 21
734 734 47
59 59 33
498 498 49
515 515 124
485 835 171
328 612 142
796 939 179
103 103 88
258 258 123
633 633 31
120 120 21
227 747 171
23 47 112
305 305 38
222 222 71
894 933 130
321 321 25
163 163 24
227 227 14
683 683 39
545 916 179
394 648 142
185 185 45
426 551 142
293 293 118
706 791 153
595 597 75
342 342 126
225 905 179
404 404 28
356 356 33
163 163 24
346 346 33
219 219 53
38 484 144
25 25 24
10 463 144
780 862 148
602 602 18
184 917 179
285 335 144
270 270 43
365 365 95
417 417 134
205 466 144
591 591 57
453 453 15
749 749 47
28 28 19
148 148 24
431 505 142
111 313 131
327 327 144
641 745 171
865 965 179
402 781 171
12 12 10
447 447 98
11 612 144
384 689 145
229 229 35
377 377 64
79 376 144
296 296 25
410 410 28
454 454 15
459 459 129
241 319 131
334 334 69
140 784 171
112 112 21
503 988 179
608 669 145
433 545 142
99 99 26
388 746 171
509 509 49
253 253 110
506 930 179
656 656 114
718 861 153
108 458 144
111 111 70
408 729 171
318 318 56
139 139 42
299 299 118
54 54 113
136 837 171
69 69 15
12 968 179
161 983 179
597 626 132
505 505 62
50 155 122
570 570 106
401 401 20
256 496 144
448 716 171
578 906 179
474 474 36
205 205 27
299 299 118
229 440 144
423 423 33
140 891 179
67 761 171
212 815 171
130 130 29
519 519 62
369 808 171
73 73 116
8 8 4
497 497 23
547 952 179
79 79 36
138 253 128
69 972 179
715 871 179
435 574 142
141 141 16
604 861 171
233 284 128
197 293 128
584 996 179
420 912 179
73 73 116
3 3 8
46 52 105
167 997 179
718 978 179
77 77 23
511 625 137
90 90 18
342 342 126
726 877 179
186 186 19
465 618 142
137 137 91
318 318 56
708 886 179
35 35 14
387 387 121
335 684 145
175 847 171
405 405 28
337 337 113
57 57 33
505 648 137
74 367 144
502 502 67
513 513 36
377 703 171
325 547 144
150 389 144
863 863 42
103 103 88
544 673 145
558 598 119
273 600 144
446 446 72
350 642 142
531 531 124
118 533 144
749 749 47
43 43 30
341 341 12
535 535 23
632 833 171
36 193 125
414 448 134
35 35 14
232 404 144
79 483 144
507 871 179
189 189 107
489 489 49
938 971 143
6 6 9
203 224 115
201 939 179
41 687 145
586 586 119
251 251 66
584 584 119
399 484 134
224 303 128
184 184 19
703 703 171
98 922 179
382 382 46
38 38 22
468 851 171
179 962 179
11 136 122
290 518 144
447 507 142
123 123 47
158 612 144
546 546 31
152 152 24
609 749 171
651 737 171
24 81 116
15 930 179
428 869 171
134 857 171
384 384 15
136 695 145
341 342 126
106 106 13
346 346 33
253 697 145
553 553 137
421 529 142
746 936 179
443 443 54
397 843 171
373 373 20
80 116 119
24 768 171
109 109 114
6 942 179
127 127 47
560 560 18
450 513 142
408 408 28
203 203 40
199 735 171
872 872 117
570 832 171
306 306 38
492 492 49
669 992 179
161 161 99
229 229 35
678 731 171
275 275 92
355 355 33
746 985 179
622 751 171
244 531 144
82 106 119
3 3 8
656 656 114
89 89 31
462 822 171
383 652 145
241 540 144
228 228 35
644 644 101
86 456 144
320 965 179
276 663 145
192 192 14
597 921 179
50 296 128
163 163 24
534 669 145
153 400 144
74 589 144
292 292 118
795 795 104
11 11 15
236 984 179
40 40 9
420 420 41
50 418 144
617 762 171
290 929 179
419 419 41
529 892 179
217 620 144
10 532 144
22 369 144
750 910 179
250 250 110
441 802 171
469 469 23
131 131 29
128 128 8
31 772 171
334 448 134
608 608 26
6 588 144
27 27 112
16 202 125
238 238 35
312 391 144
643 981 179
452 452 15
130 130 29
122 233 128
438 564 142
43 731 171
185 185 45
299 792 171
768 768 16
72 901 179
90 341 144
155 253 128
330 565 142
544 596 137
493 493 49
83 83 111
663 663 26
20 20 8
120 120 21
732 732 96
31 178 125
523 523 124
610 610 39
88 114 119
254 254 48
452 452 15
235 591 144
341 679 145
223 223 71
741 927 179
128 204 125
178 178 32
698 698 34
101 545 144
557 557 44
446 951 179
140 140 16
337 579 142
44 785 171
285 825 171
224 325 131
719 857 153
89 89 31
654 654 145
209 209 40
887 930 148
704 704 21
55 55 113
69 271 128
47 47 105
517 517 124
859 859 148
251 251 66
34 34 14
283 283 61
231 231 128
11 350 144
285 285 105
265 265 123
668 668 70
605 605 18
515 515 124
644 837 171
215 741 171
394 719 171
729 839 153
4 372 144
43 43 30
143 143 104
63 63 108
35 997 179
110 286 128
514 514 124
47 52 105
3 3 8
586 586 119
753 978 179
204 849 171
49 49 25
125 125 109
89 425 144
118 118 34
655 655 145
698 793 171
306 306 38
232 232 22
147 147 117
418 418 41
443 664 145
67 742 171
330 779 171
49 845 171
90 90 18
2 2 2
470 543 142
159 754 171
268 590 144
689 747 171
218 380 144
524 904 179
63 338 144
537 547 137
450 450 54
59 876 179
14 931 179
206 681 145
29 287 128
430 430 103
228 228 35
547 654 145
236 236 35
100 384 144
568 568 106
748 748 47
376 901 179
123 123 47
498 498 49
384 927 179
198 198 27
39 63 113
129 129 122
148 148 24
122 753 171
21 55 113
84 466 144
583 817 171
357 357 33
205 407 144
301 301 17
204 640 144
3 344 144
244 244 22
346 346 33
275 275 92
556 932 179
302 942 179
436 436 116
455 821 171
143 640 144
92 92 18
611 611 39
315 315 38
398 957 179
351 476 134
436 800 171
182 182 94
89 89 31
593 669 145
361 361 46
629 629 39
73 425 144
51 51 25
221 356 144
131 131 29
4 814 171
118 118 34
688 688 34
26 26 11
442 442 116
280 280 17
703 703 171
211 211 40
628 628 39
69 369 144
88 648 144
144 988 179
862 928 179
225 225 53
674 674 114
148 148 24
471 842 171
67 425 144
144 474 144
158 158 37
296 296 25
446 886 179
773 773 122
511 511 62
303 303 43
41 179 125
769 769 34
293 293 118
207 526 144
777 777 34
199 725 171
551 551 44
557 927 179
806 926 179
51 154 122
99 211 125
476 476 36
308 600 144
281 281 43
40 40 9
657 862 171
313 668 145
494 571 137
490 681 145
88 88 18
466 608 142
223 223 71
232 481 144
86 706 171
79 521 144
521 814 171
145 145 117
361 361 46
524 737 171
373 971 179
205 324 131
180 180 19
576 576 26
197 495 144
20 20 8
382 762 171
808 974 179
1 1 1
715 715 26
239 239 53
50 163 122
158 658 145
207 207 89
26 614 144
51 51 25
704 805 153
658 842 171
391 391 121
24 866 171
325 325 25
93 93 18
337 337 113
427 703 171
98 98 26
361 361 46
355 627 142
8 8 4
388 643 142
474 474 36
678 765 171
199 594 144
470 847 171
241 241 22
181 564 144
154 154 24
97 983 179
260 260 30
66 66 28
287 333 144
35 35 14
116 116 21
435 443 116
676 809 171
916 981 174
578 882 179
67 67 28
34 662 145
58 58 20
278 278 43
190 190 107
413 413 90
156 156 37
286 286 105
264 264 30
499 499 49
390 628 142
280 280 17
120 619 144
465 465 36
363 949 179
241 701 145
438 438 54
476 476 36
627 748 171
212 217 115
158 338 144
500 500 111
151 244 128
803 803 21
763 816 153
440 459 129
423 423 33
325 325 25
526 526 80
267 267 22
506 510 111
636 840 171
103 785 171
4 4 3
713 713 26
32 32 6
829 829 91
362 362 20
177 962 179
3 943 179
791 791 78
125 543 144
51 51 25
817 817 42
474 531 142
10 10 7
144 144 24
60 60 20
365 537 142
59 59 33
575 647 132
385 385 33
130 130 29
272 537 144
36 36 22
139 563 144
434 809 171
619 619 132
857 881 179
141 411 144
92 629 144
1 351 144
18 491 144
316 398 144
621 627 132
306 306 38
550 775 171
131 804 171
145 552 144
635 669 145
623 667 145
252 413 144
380 380 108
190 784 171
610 610 39
574 913 179
409 409 41
125 125 109
103 103 88
9 732 171
291 443 144
148 148 24
363 363 46
829 829 91
114 674 145
487 487 142
265 265 123
216 674 145
577 666 145
564 953 179
101 646 144
934 994 174
474 996 179
180 928 179
254 254 48
246 246 48
293 293 118
282 283 61
233 233 84
333 333 113
148 604 144
385 385 33
69 69 15
234 234 22
869 969 179
1 1 1
637 637 57
431 508 142
123 681 145
128 128 8
14 863 171
487 834 171
438 438 54
442 442 116
532 532 31
412 841 171
35 35 14
104 104 13
752 752 109
314 563 144
116 837 171
2 2 2
465 465 36
688 694 127
87 621 144
313 313 131
595 780 171
630 630 39
828 859 148
51 51 25
18 18 21
395 575 142
4 4 3
99 524 144
538 538 31
136 348 144
238 396 144
103 542 144
431 985 179
474 557 142
819 886 179
581 581 119
257 852 171
156 761 171
135 135 42
2 2 2
126 126 109
11 888 179
27 27 112
265 265 123
741 741 47
34 34 14
168 168 11
41 41 110
502 502 67
218 218 115
759 759 60
47 47 105
353 353 126
321 321 25
9 9 20
71 71 103
23 23 16
5 912 179
17 45 112
161 161 99
335 335 69
131 734 171
329 847 171
948 948 37
81 81 23
177 177 32
175 949 179
137 529 144
258 258 123
347 669 145
145 987 179
343 343 126
70 70 15
233 398 144
70 318 131
23 758 171
604 875 179
400 692 145
181 181 19
570 570 106
258 777 171
266 266 30
60 60 20
390 806 171
24 24 11
937 995 174
200 523 144
450 450 54
587 587 119
56 506 144
531 531 124
267 267 22
566 592 119
139 139 42
514 904 179
715 934 179
277 449 144
460 460 36
465 465 36
737 793 153
156 156 37
74 490 144
244 244 22
244 949 179
646 646 101
210 385 144
367 367 46
52 659 145
295 295 56
307 307 38
330 330 113
329 778 171
263 447 144
4 4 3
224 224 22
179 179 32
82 935 179
408 408 28
109 109 114
152 577 144
169 169 50
106 106 13
581 865 171
360 784 171
407 497 142
509 538 124
661 745 171
265 265 123
82 445 144
361 361 46
230 647 144
79 79 36
615 832 171
548 548 93
136 136 16
473 473 36
172 468 144
186 939 179
70 883 179
526 748 171
244 309 123
37 997 179
699 786 171
452 452 15
579 579 31
642 642 26
141 400 144
576 576 26
88 88 18
492 492 49
369 899 179
151 999 179
368 368 20
561 587 119
226 571 144
658 658 52
205 205 27
661 724 171
872 872 117
44 928 179
458 458 36
613 613 39
24 98 119
48 48 12
102 464 144
951 951 29
691 713 171
814 814 42
68 68 15
568 568 106
285 285 105
85 85 10
1657 5761 238
8990 4173 262
9919 8024 260
1361 8701 262
4867 9754 262
3473 3721 238
2007 8568 262
8165 4657 262
3892 7984 262
1478 3324 217
3919 6881 262
3559 9745 262
8658 4409 262
6728 9290 260
8295 9030 247
8102 6183 257
54 9306 262
1223 8942 262
3626 176 217
6998 5607 262
859 675 171
9609 2819 262
3567 263 217
157 9064 262
2021 6456 262
9614 4288 262
2031 4157 238
6810 9017 257
5420 6513 262
4369 3646 238
6237 5098 262
1103 2866 209
2547 8935 262
5114 3415 238
247 1602 182
703 344 171
73 4638 238
5008 1724 238
3544 9491 262
3106 3948 238
2860 4818 238
4364 7474 262
9831 3755 262
342 129 144
7204 7530 239
3656 2747 217
6111 7462 262
6864 409 262
9027 8250 247
9303 7245 260
4444 2116 238
8352 6347 257
7927 7316 239
2990 9761 262
9167 6633 257
4226 9378 262
4170 5262 215
9216 3802 262
7294 2398 262
8801 3973 262
1911 2351 183
3767 271 238
6763 2758 262
2502 1086 209
5176 7378 262
4878 7415 262
3247 8891 262
6446 9114 257
5040 4797 210
1420 96 182
4819 7302 262
6489 7372 257
5522 9612 262
890 9644 262
7915 7261 239
3631 4766 238
717 7942 262
4918 1609 238
5936 8422 262
8637 8581 172
3860 7985 262
3696 7339 262
8264 3770 262
3421 6975 262
8654 6786 257
3569 3640 163
3715 5221 215
9940 4300 262
8935 3084 262
3068 464 217
7621 7258 239
7316 7014 195
4817 8410 262
349 4023 238
8027 3828 262
6834 9487 260
4571 1560 238
1149 7841 262
3500 8134 262
4882 2950 238
