7273 9362 260
3225 2119 217
3015 8118 262
2595 5001 238
5185 1986 238
6926 9712 260
1224 6639 262
9892 2463 262
1745 645 182
6342 5735 262
9394 925 262
3228 2769 217
1269 7040 262
8906 6321 257
3503 994 217
3486 9544 262
8106 1989 262
2485 1160 209
9695 5420 262
2909 2708 173
5887 2173 238
7333 4340 262
4464 1361 238
5281 402 238
4469 5819 236
410 3988 238
5158 3058 238
2098 9302 262
5167 6685 262
6821 595 262
7316 9050 252
6763 9824 260
546 1131 179
5290 821 238
4401 4910 197
5512 3017 238
8950 872 262
1454 4793 238
276 1549 182
1976 964 182
1554 3822 238
3848 614 238
6808 1807 262
4187 4047 189
3395 7764 262
307 3295 217
7992 6104 262
5044 305 238
1493 4281 238
8586 7521 252
1875 2243 183
5879 5275 236
9192 1559 262
8763 6434 257
5081 856 238
4524 697 238
9564 5955 262
7893 8705 252
1099 7464 262
1226 1008 182
9300 2761 262
2329 5498 238
5454 6157 236
5196 5631 236
2071 6882 262
2075 9841 262
2920 9997 262
8639 3680 262
5802 3775 236
5889 3891 236
9201 1094 262
6113 565 238
2006 4988 238
1923 6170 238
7379 512 262
2467 5277 238
4440 1280 238
3017 7703 262
634 2816 209
7464 1438 262
9675 6521 260
7312 24 262
2133 8145 262
6899 6298 244
9199 9314 260
3861 1889 238
4738 1450 238
8652 1788 262
2582 3999 238
519 964 179
757 301 171
8875 5546 262
5313 7565 262
8072 3851 262
9345 3395 262
6443 1378 262
7190 3684 262
3581 5626 238
3164 8898 262
7960 926 262
5933 1318 238
3929 544 238
2783 5721 238
9281 6738 260
5566 5503 205
9957 1844 262
7492 8880 252
6630 6122 262
5396 5860 236
5707 2601 238
3702 203 217
1162 5647 238
9052 6422 257
2357 300 183
387 6949 262
2513 1616 209
6006 7390 262
6626 1794 262
8973 5735 262
4883 4139 215
8674 832 262
4337 7405 262
1348 208 182
5847 3235 238
4164 3978 189
5028 6070 236
5501 7979 262
1496 5416 238
9889 5491 262
5838 9185 262
8222 5854 262
8467 148 262
8111 3038 262
1157 3134 217
143 1975 182
9510 8250 260
5640 2646 238
4672 5107 210
9337 175 262
3890 7319 262
8583 4706 262
7433 6773 257
4314 6744 262
8154 8771 234
4728 9632 262
5003 9918 262
511 7921 262
3793 4526 215
6476 5371 262
8020 2341 262
4857 5806 236
4271 597 238
9378 1334 262
436 6011 238
6664 1874 262
5100 8524 262
1583 1904 180
380 3786 238
4962 7974 262
8179 4434 262
3414 5775 238
8096 6358 257
1084 1313 182
1168 658 182
1024 4407 238
6565 4109 262
7743 4304 262
5538 3918 215
6885 9010 257
7730 7608 177
3764 748 238
5801 9140 262
5841 9720 262
7827 7114 239
8760 9017 247
4840 9707 262
5775 6006 218
401 5229 238
9080 6882 257
2580 9172 262
6449 2888 262
234 1322 182
3109 4112 238
7634 6779 257
7301 9296 260
719 4127 238
7137 6866 257
5724 1140 238
4416 3918 215
336 2216 182
4960 4484 210
6685 1600 262
999 2840 209
914 1832 182
9800 5866 262
8432 6360 257
5537 48 238
2281 4574 238
5200 483 238
884 3102 217
6294 1043 262
2509 5059 238
3092 3432 199
9434 2400 262
7634 3494 262
3609 6392 262
2447 9404 262
4756 6774 262
3170 7737 262
1127 7722 262
5038 139 238
8504 3905 262
1285 9301 262
4580 2704 238
307 3580 217
1563 604 182
8203 3247 262
3778 1032 238
1760 2417 183
4038 2620 238
6953 8997 252
336 9791 262
6087 5828 218
8724 8321 234
1955 7933 262
7059 6648 257
4352 3210 238
2817 9093 262
9744 9882 211
6913 3441 262
2003 5377 238
5324 8745 262
7082 2152 262
1776 3443 217
8489 9138 247
5013 5100 179
5770 9373 262
6011 7456 262
638 2961 217
479 3109 217
4047 2856 238
2588 7861 262
6626 8362 257
3407 2854 217
1656 4292 238
3939 1303 238
1875 292 182
2522 8153 262
2101 5891 238
4381 4135 215
5507 4895 210
9386 8340 260
4633 1748 238
7933 7760 221
8488 743 262
5706 7862 262
6922 4271 262
486 6741 262
6342 9424 260
1541 7481 262
3871 5109 215
3453 5734 238
6903 3593 262
7146 3344 262
5248 6722 262
8987 8841 247
9203 7611 252
8794 2552 262
9738 6205 260
3705 2818 217
2935 601 217
1848 3912 238
648 7892 262
2051 9149 262
978 6800 262
5719 8402 262
2266 9362 262
5173 9184 262
6115 9893 262
7391 1378 262
3521 5403 238
2928 668 217
8492 6891 257
5304 3163 238
3952 2556 238
6581 5291 262
9089 4252 262
7005 8927 252
2140 5085 238
1752 5920 238
1337 4237 238
3482 5749 238
4445 9696 262
6206 6268 187
107 3180 217
6446 2050 262
7050 6801 257
3199 3701 207
9874 2611 262
3465 3955 238
3952 4821 215
8404 7982 234
8538 484 262
7806 7311 239
2748 493 209
5865 6499 262
1120 1932 182
3874 9046 262
411 2962 217
9755 7563 260
6324 1282 262
5739 2134 238
7137 3048 262
411 2998 217
1562 9686 262
1601 7058 262
7054 4989 262
3993 895 238
9620 8228 260
1855 8395 262
3818 824 238
3418 9881 262
7673 1184 262
8178 7097 252
1962 8316 262
1458 2483 209
9905 2938 262
6505 336 262
6567 7940 257
2186 3894 238
6183 1785 262
3795 6238 262
5102 8134 262
4074 8259 262
6197 3969 262
7395 3433 262
2890 3906 238
2079 4823 238
4682 799 238
5215 5586 236
1932 162 182
5302 3272 238
2055 2009 157
4892 8070 262
9843 1705 262
3343 3910 238
9981 3104 262
5587 6217 262
8996 6822 257
7754 5709 262
6480 5439 262
2959 8491 262
6930 3616 262
5404 3712 215
6038 5163 236
8300 1637 262
7702 4120 262
7179 2653 262
1272 2402 183
4313 5402 215
5816 8652 262
7421 3165 262
7632 2734 262
2374 5160 238
5683 1328 238
3549 2977 199
1305 593 182
6118 9798 262
6180 484 262
6790 3816 262
6242 1240 262
1358 9862 262
9835 4195 262
725 5190 238
346 4730 238
9572 8481 260
8217 9904 260
5946 3740 236
9093 6152 262
4096 1439 238
7680 2920 262
1847 5796 238
5173 3692 238
8445 8638 203
7766 8996 252
2207 436 182
6449 892 262
5880 648 238
5105 1206 238
6328 5128 262
4321 7333 262
128 7424 262
5083 3480 238
4425 2953 238
4895 2002 238
3572 2738 217
9519 130 262
4972 3306 238
375 9492 262
9704 3159 262
5450 691 238
5868 2839 238
695 6697 262
2447 5472 238
9242 6068 262
3240 1590 217
7871 1735 262
9601 9321 198
8770 2170 262
5150 4775 210
7938 2351 262
7479 3781 262
5780 5379 236
448 5494 238
2947 6300 262
7305 805 262
900 6661 262
1970 3989 238
6952 5811 262
8503 9043 247
8411 2451 262
3913 4724 215
9194 9763 260
764 4545 238
8513 7929 252
2269 7723 262
8194 5668 262
2860 4764 238
770 5533 238
1991 9100 262
3597 3497 194
1351 4828 238
170 6670 262
4899 8467 262
9177 975 262
4338 2931 238
6072 1574 238
7103 8391 252
2229 9565 262
5013 6283 262
3582 298 217
9065 5624 262
388 8548 262
743 171 171
6958 7286 195
9925 6944 260
3162 3455 199
4932 3184 238
7214 6850 257
9988 3236 262
1485 4961 238
1815 9685 262
3973 1922 238
7534 1906 262
5524 7067 262
31 8781 262
4379 6063 236
2104 9315 262
8235 165 262
8942 53 262
8572 6593 257
4862 2199 238
3853 1441 238
2724 7989 262
741 5782 238
7322 1197 262
6968 9469 260
2920 317 217
4757 7321 262
682 8330 262
6732 7135 257
9231 1642 262
2381 9166 262
8397 9327 260
5179 6536 262
194 4528 238
9616 7394 260
806 677 171
9754 5460 262
1324 7358 262
2691 8333 262
6903 5825 262
1342 9350 262
4841 6735 262
717 2769 209
727 1938 182
7264 190 262
3848 949 238
728 1849 182
6732 5040 262
8169 1044 262
4906 1550 238
574 5213 238
6929 3341 262
8390 427 262
2208 4033 238
3692 1402 217
7953 4821 262
9476 8449 260
3935 4847 215
8625 4028 262
9721 5631 262
4468 9467 262
2351 6452 262
3647 2534 217
5801 6715 262
2392 171 183
8279 2501 262
3177 5702 238
659 2499 209
8020 4988 262
8451 2864 262
963 2019 182
6730 380 262
7565 8065 252
5262 3553 238
2469 9568 262
2756 3188 217
3965 9131 262
6151 3801 236
2888 3048 217
9064 211 262
4588 8322 262
1232 4695 238
7510 5233 262
3904 8091 262
1416 3608 217
8537 6977 252
6029 1931 238
3896 362 238
78 2571 209
4665 7113 262
5917 1680 238
1644 4165 238
5853 8578 262
3445 970 217
3925 1635 238
6413 940 262
8138 572 262
1111 761 179
4473 4547 184
5181 1306 238
9014 5782 262
2984 7126 262
3934 5367 215
526 4068 238
9641 2115 262
1013 9754 262
108 8992 262
950 7159 262
1083 4755 238
1245 4313 238
8235 8972 247
7165 6171 262
4020 8959 262
4304 7647 262
5046 9983 262
9468 5588 262
8547 4280 262
881 7156 262
4970 3417 238
3535 4573 238
8868 8829 172
3685 2714 217
103 8293 262
8884 2189 262
1688 9859 262
6482 571 262
1693 5493 238
1738 3604 217
7328 476 262
5136 2621 238
448 7769 262
194 9564 262
6754 6739 182
1834 3599 217
5205 519 238
2593 6490 262
658 8364 262
8334 6347 257
306 3969 238
8667 8619 172
5785 6102 218
6120 4052 236
4577 6196 262
1833 3833 238
9394 4842 262
2058 4183 238
3692 3189 194
2724 8182 262
4871 4539 197
8887 3003 262
6818 7683 257
6439 9342 260
1384 7637 262
8019 6434 257
4080 5946 236
3120 2326 217
9011 7615 252
3636 2456 217
1209 396 182
8350 4625 262
4780 9499 262
6483 6448 169
6366 3623 262
2676 5767 238
9847 6899 260
4011 8124 262
8054 531 262
5972 4605 236
8776 7899 252
6137 8260 262
455 4291 238
4053 6514 262
2730 8611 262
6394 5995 262
4042 6257 262
1581 5293 238
3764 740 238
1615 1150 182
3418 1059 217
2919 3762 238
2981 8495 262
939 1846 182
2165 9482 262
9710 7420 260
2824 4019 238
5667 291 238
6905 2320 262
5023 7185 262
6800 7734 257
4797 688 238
8200 2983 262
907 9379 262
8861 5720 262
8513 2164 262
9396 9422 123
1874 1211 180
4165 7829 262
3387 5244 238
4211 8397 262
6824 1150 262
7724 5441 262
9398 4004 262
43 5429 238
7939 6858 257
5339 1371 238
1393 4013 238
5990 5074 236
7578 1895 262
2252 5052 238
3102 6837 262
9983 5019 262
3191 3575 194
2859 9111 262
4141 5396 215
3891 910 238
7014 4600 262
4950 3352 238
2693 2235 209
7921 3958 262
9379 1166 262
9998 455 262
9051 2020 262
1882 599 182
7135 9451 260
4420 2772 238
3929 8775 262
4992 8973 262
2156 6985 262
3596 8554 262
2376 1793 183
1898 2387 183
4443 4093 215
5628 3182 238
8181 3676 262
5646 8135 262
9013 1827 262
5165 3518 238
4623 7867 262
6374 7880 257
7615 8614 252
3945 8643 262
2758 4844 238
4891 4667 197
8051 6374 257
7275 9585 260
8990 614 262
8652 3214 262
7565 6321 257
5777 4244 236
4873 1434 238
6264 3277 262
3947 7901 262
8925 1347 262
4256 1812 238
1535 9851 262
5500 1593 238
1903 542 182
507 9049 262
6900 9046 257
2306 4449 238
9004 8817 247
1123 8680 262
77 3253 217
2063 4169 238
3690 6481 262
4614 443 238
3185 9083 262
6251 3534 262
8641 2491 262
7027 7220 195
5176 467 238
8411 3002 262
2954 3769 238
2233 9682 262
6383 7875 257
9899 5359 262
7011 1070 262
7532 4187 262
7649 2091 262
629 728 171
7353 4343 262
2960 4337 238
6814 3653 262
8167 1181 262
3245 4010 238
7515 4384 262
8583 5140 262
6481 5709 262
6575 9496 260
3143 7931 262
9823 8630 260
3844 4867 215
9045 4076 262
8413 9956 260
2779 1396 209
3155 5219 238
8596 5066 262
90 8482 262
8386 5119 262
2261 2235 139
9205 9427 260
6573 8458 257
9358 5938 262
464 1396 182
8497 2030 262
7974 5176 262
5673 2740 238
3743 6849 262
1733 478 182
2569 2517 178
880 3076 217
925 2637 209
7279 8688 252
3448 5296 238
4227 3661 238
1144 1390 182
3198 4635 238
1164 759 182
402 9042 262
5710 2934 238
9589 4143 262
6941 9981 260
3137 880 217
3906 7246 262
952 5048 238
1732 6419 262
7060 5888 262
8647 3546 262
4908 3259 238
5007 9121 262
867 4659 238
4835 8282 262
3995 5589 236
5101 4171 215
2247 1430 183
3934 9684 262
3181 6881 262
589 2830 209
3418 446 217
4592 7165 262
8928 6368 257
8579 8961 247
1499 6907 262
7653 3823 262
9249 2751 262
4723 9991 262
9767 2230 262
6764 8385 257
9984 5718 262
9667 2729 262
7872 5364 262
7075 6388 257
2543 950 209
3789 5966 236
794 5954 238
7276 4258 262
2227 3720 238
8250 9205 247
1864 5224 238
2347 3727 238
7409 8402 252
5911 1415 238
9123 6601 257
3878 8506 262
6034 5122 236
4323 8151 262
5475 4799 210
7203 4986 262
2207 8002 262
2415 3811 238
2371 5392 238
2236 9602 262
1060 3988 238
4508 1058 238
8241 2141 262
9838 575 262
865 6262 262
2352 1525 183
5402 3759 215
676 566 145
3283 6909 262
945 5944 238
6418 1355 262
6736 9193 257
4031 923 238
9031 3887 262
9562 5725 262
2851 6497 262
2312 9178 262
2110 4283 238
9560 2765 262
800 2498 209
5315 9263 262
6241 3765 262
2786 2590 191
8428 2699 262
1802 5066 238
3552 9407 262
6546 5052 262
7296 7301 164
3477 9283 262
7754 3736 262
6483 3531 262
2229 7601 262
930 6636 262
163 5942 238
8897 2349 262
5414 396 238
4237 7123 262
1647 5547 238
4221 7802 262
5473 9581 262
760 7838 262
6980 4034 262
6327 7174 257
2646 3395 217
4260 286 238
7164 9280 260
8993 8448 247
198 6568 262
694 1790 182
3584 2453 217
4866 2959 238
1476 6386 262
3746 884 238
5165 3610 238
9440 6821 260
6359 63 262
659 2636 209
7522 2627 262
7188 6270 257
9317 9366 198
4977 2177 238
6864 6476 244
9978 7967 260
3433 6250 262
2408 3462 217
1768 333 182
1869 553 182
5694 5032 236
1975 5302 238
6544 1000 262
9999 3300 262
8546 3109 262
1998 1737 180
622 9879 262
2910 7094 262
6739 5346 262
590 3008 217
7626 7120 239
9600 700 262
6084 3290 238
4044 9110 262
9136 2019 262
4568 365 238
9049 3776 262
9759 8446 260
8395 9927 260
8701 4716 262
5926 1972 238
2477 3417 217
9595 4018 262
1801 9860 262
8691 7420 252
3057 1055 217
6127 1584 238
4632 9931 262
9882 9164 260
7623 770 262
8299 3193 262
4980 5537 192
743 752 140
5022 3040 238
1283 9773 262
383 2800 209
39 3967 238
644 912 179
1533 616 182
5817 1739 238
7097 920 262
3165 6945 262
1379 2064 180
4645 1168 238
8271 3141 262
621 3632 217
4158 6020 236
24 1352 182
9869 8012 260
8344 8416 234
9787 1100 262
857 2660 209
9049 3898 262
5240 2353 238
458 5357 238
3986 7599 262
9721 5592 262
1639 1083 182
1161 9108 262
1613 1744 180
6503 8984 257
7760 8946 252
2508 4824 238
8983 3526 262
9312 503 262
1410 8801 262
8408 4681 262
5455 7564 262
1584 4842 238
4764 6769 262
8595 1669 262
2903 2996 217
4791 9058 262
4034 1841 238
7574 2304 262
1090 1710 182
7510 1690 262
166 524 144
9450 4024 262
3300 1296 217
3714 7637 262
5695 584 238
2094 3833 238
6421 4044 262
5632 946 238
9909 1875 262
3150 7188 262
461 175 144
8711 2138 262
5026 1750 238
6109 7895 262
4105 2318 238
7392 1614 262
3826 9219 262
28 410 144
9012 2664 262
3337 9659 262
4979 5657 236
9440 8238 260
1918 9144 262
1485 5575 238
805 9820 262
4847 8989 262
1368 5250 238
6925 9763 260
7307 9999 260
3843 1503 238
5910 4723 236
4921 6872 262
3784 4507 215
4837 1185 238
4203 9044 262
1031 6732 262
5266 215 238
386 4605 238
8351 1637 262
3259 7004 262
7138 7424 239
889 102 179
