265874 598277 470
383584 785030 509
4449 594712 470
526043 250818 470
604274 545382 452
502791 560333 470
552643 459858 470
300770 324789 384
421794 483266 444
459866 280519 449
226423 301406 443
867875 283886 525
700766 19156 509
203411 719839 509
52882 103466 351
360169 99774 443
195486 962800 525
865367 493471 525
709504 900861 525
424286 760712 509
657750 342861 509
827313 103032 509
302279 861348 525
968910 707535 525
45943 46556 283
732702 372997 509
845771 17089 525
386254 77435 443
91432 334684 443
302079 663950 509
629496 740871 504
954671 329872 525
518480 956402 525
137002 366932 443
26446 666215 509
577465 384109 470
585386 677859 509
597902 292212 470
583469 465760 470
800174 349964 509
692269 224419 509
909785 580017 525
630577 749240 504
707083 989701 525
964857 724188 525
587089 253920 470
429641 949263 525
673477 668086 367
924416 747050 525
655032 223333 509
893549 461835 525
522457 214583 470
542583 387488 470
569703 316676 470
624579 184451 470
800148 407429 509
33007 828224 509
285216 171861 443
583734 22199 470
925945 289003 525
655516 746197 504
526778 370689 470
684700 145659 509
529932 807003 509
688603 168480 509
564967 375253 470
254119 338071 407
272392 930757 525
882100 506959 525
931141 894611 476
593579 468327 470
193527 570148 470
550715 624099 447
769811 567454 509
764932 94682 509
928163 860978 476
654017 726287 504
465369 934799 525
649608 735919 504
448995 257203 449
24551 100679 351
295299 976349 525
658637 302992 509
998127 76970 525
572870 761403 509
636364 466393 509
938189 724537 525
556617 488734 470
685262 382755 509
684779 476232 509
557137 436902 470
946014 730556 525
70651 865322 525
108272 538619 470
787794 366870 509
391351 444847 449
230279 334139 443
702608 24431 509
691388 92480 509
389914 846393 525
974159 933744 507
850899 188464 525
792817 881945 525
253000 609458 470
257090 54980 443
875444 789012 525
974567 701674 525
315306 445532 449
44914 688153 509
583565 806312 509
535525 941278 525
278234 196748 443
628865 865106 525
880167 584860 525
122012 420125 449
122969 551356 470
88495 961361 525
761898 685723 504
141707 693022 509
942076 919794 507
851186 321726 525
712057 144544 509
638519 177528 509
919605 27321 525
999517 127232 525
141634 570004 470
88906 682204 509
758912 830861 468
979294 732420 525
748213 242264 509
882621 884414 370
326546 714225 509
32321 924728 525
344216 272940 389
106400 814217 509
914338 865335 476
558187 200312 470
945081 831573 525
479364 691295 509
103273 445133 449
619247 573730 447
88883 707445 509
524963 951917 525
868971 246049 525
747270 492777 509
14296 136559 354
430755 272461 449
846923 805007 525
813341 805299 406
303147 354104 441
660734 853617 525
308524 89656 443
451743 228730 449
870498 490665 525
993425 29765 525
276910 53265 443
987035 42479 525
704603 762596 504
734472 434968 509
46731 222954 386
487534 826552 509
460323 816974 509
165337 814266 509
349578 214459 443
383369 128816 443
727685 31316 509
787317 536980 509
496398 789172 509
112960 734562 509
942938 309396 525
864359 663993 525
730201 42208 509
424632 117225 449
63853 60740 335
455604 42525 449
521496 796555 509
342032 140149 443
316434 232085 407
416154 265051 449
510687 143550 449
759097 512480 509
256146 171137 443
628716 106369 509
202091 415932 449
22134 658832 509
977606 377454 525
777857 522091 509
180119 684320 509
540129 683589 509
615023 780645 509
330753 384616 441
9291 786795 509
122392 2616 354
18199 329494 443
313656 569269 470
713668 509692 509
852635 290244 525
234541 352704 441
960235 650061 525
564602 806608 509
366413 446791 449
325231 138794 443
717242 668694 504
831484 177020 509
168250 406793 443
649898 575257 509
777841 121481 509
863384 127118 525
92069 903999 525
238990 319224 407
648942 980338 525
519706 809817 509
872669 275595 525
155396 197549 383
977947 844420 507
69695 92921 351
694928 269756 509
235898 70964 443
319516 955305 525
661859 449256 509
408883 280398 441
167113 44498 383
554333 588771 434
499967 505443 426
537570 200098 470
134241 107571 349
459860 484529 444
178951 776132 509
21741 882180 525
868211 606210 525
716765 199204 509
6196 590194 470
329221 463468 449
908304 42107 525
677894 528580 509
977104 586398 525
878210 868314 432
252845 918630 525
201629 19529 383
596960 656585 509
547674 42523 470
423846 493317 444
283062 1276 443
30193 37467 324
542611 988841 525
3553 89897 351
219646 33667 386
943090 493490 525
654992 571611 509
195119 831791 509
897513 739275 525
687791 494312 509
760478 467012 509
409659 413532 449
161939 337121 443
677486 761492 504
352549 885715 525
181380 797192 509
660665 370444 509
968091 344639 525
944639 422574 525
8685 618708 470
60071 987389 525
846994 298367 525
349657 582630 470
879462 850601 432
428502 766756 509
169033 536696 470
412249 107138 449
846502 650716 525
441486 351146 449
545210 817725 509
893978 531540 525
750273 899773 525
746125 855131 525
527858 881320 525
445855 341200 449
199786 503455 449
102445 872625 525
671669 631273 442
18838 875474 525
748133 538418 509
827714 436927 509
814241 850790 525
18960 595923 470
400283 325414 441
878780 825716 525
123395 480870 449
221108 258477 443
802282 732389 468
55438 720044 509
172877 36421 383
960024 616722 525
3145 766173 509
9033 220444 386
203420 551881 470
558972 573657 421
371075 728507 509
902592 329969 525
997004 758431 525
877395 458473 525
567521 699803 509
430044 568457 470
897019 192584 525
975943 960331 458
787430 309738 509
477630 250733 449
785837 161087 509
260804 962270 525
777849 50904 509
48456 223840 386
870108 217561 525
496835 782952 509
846497 809323 525
50697 107894 354
616569 928236 525
649783 31454 509
980892 671303 525
677616 78931 509
316615 395013 441
853573 881524 432
979482 53680 525
563581 13183 470
947146 358985 525
552983 933333 525
538277 869287 525
253449 752985 509
118396 11072 354
650554 238945 509
879739 745284 525
22436 114621 354
173742 370207 443
165910 126786 383
592808 623539 447
744436 716036 424
388785 365450 423
919514 230543 525
661035 560916 509
652684 577647 509
776197 330453 509
510668 412609 444
113225 964494 525
52030 983239 525
891214 823160 525
348879 15201 443
681160 822352 504
119233 141488 344
185025 662249 509
196347 443247 449
921471 981641 507
674798 12943 509
390568 123880 443
41873 641857 509
174122 959898 525
454180 775126 509
428042 474633 444
687565 899274 525
491082 812345 509
52138 628801 509
227082 817807 509
997614 497799 525
211881 89627 383
556483 891020 525
350430 400092 436
946424 277613 525
29653 147643 375
474252 129098 449
918515 380380 525
286425 156273 443
252027 476731 449
166626 800265 509
244899 670658 509
960830 856677 507
186009 369133 443
930552 635679 525
560086 921783 525
381361 85980 443
480947 66395 449
631395 344697 509
923741 247683 525
250676 326713 407
919811 261034 525
589035 944695 525
244789 920696 525
390505 666365 509
807352 971285 525
597507 420773 470
154588 143577 370
370103 72248 443
909971 831312 525
168851 641085 509
328140 989577 525
80513 520216 470
568538 736160 509
653746 117995 509
503127 673321 509
733862 889335 525
813686 629616 504
144121 468048 449
137043 645595 509
838682 587373 525
518326 412101 470
741912 14243 509
564308 135811 470
454752 44582 449
601983 337488 470
256784 95329 443
636144 386637 509
372115 384023 423
656763 419986 509
866445 872217 432
457105 316077 449
935338 543415 525
696663 841657 525
145023 772958 509
145118 17262 375
405417 171947 443
622914 961770 525
189057 560503 470
421782 840708 525
907155 403735 525
572828 411112 470
259984 58891 443
742103 795323 468
907274 137564 525
547390 929543 525
171345 234366 443
902331 446016 525
839661 420666 525
607703 194880 470
805983 865339 525
569598 637878 509
494854 515455 470
672780 964989 525
188869 972173 525
149601 714209 509
327797 496367 449
28757 28877 228
145085 896973 525
839644 626287 525
862891 440049 525
849931 773910 525
78660 784353 509
592510 500259 470
860037 7970 525
97833 292342 443
494318 584280 470
342197 913964 525
435598 668462 509
393935 663480 509
632344 23627 509
235432 631122 509
612655 343192 470
176556 243356 443
948960 858701 507
953370 119714 525
573143 733818 509
820472 856125 525
445464 357596 449
956113 819160 525
508071 122811 449
916171 213142 525
11077 422517 449
454089 525320 470
151531 760558 509
500259 953566 525
112910 521629 470
74499 785771 509
533159 8787 470
913628 21317 525
863179 302151 525
820126 112798 509
912761 377074 525
920908 981774 507
585433 72700 470
276398 532748 470
400418 559311 470
654333 30317 509
832987 462951 509
130421 820288 509
96811 133488 354
846617 975569 507
522015 419439 470
539769 220163 470
77717 379041 443
406539 933001 525
948647 972075 458
932602 529435 525
700268 62153 509
509165 456888 444
564643 206662 470
496914 671369 509
523023 926070 525
962495 344466 525
340371 991931 525
206722 358397 443
315514 379494 441
594813 386672 470
560844 318425 470
566131 584509 434
775211 636157 504
481791 186826 449
600044 179529 470
502904 602360 470
952578 341517 525
285962 230196 443
589427 621149 447
764710 158694 509
541431 716257 509
429157 657348 509
694194 846548 525
207584 844574 525
559487 614499 434
642080 189537 509
789315 604647 509
255168 922225 525
403290 152512 443
621011 703306 509
202415 769748 509
327404 918550 525
959494 673810 525
815256 426742 509
15600 609990 470
265418 306362 407
808615 655223 504
906897 963283 507
684016 278583 509
537174 966247 525
449357 301416 449
746074 316432 509
969208 967249 352
221976 885181 525
269698 462758 449
407303 418394 449
820087 533367 509
440440 697983 509
756297 158389 509
92308 415844 449
787509 119606 509
687333 338098 509
726196 231639 509
970167 948876 414
862024 15806 525
289956 265146 407
331164 761370 509
520687 604893 452
421125 18832 449
535101 441119 470
952396 75817 525
621004 810188 509
891294 494756 525
716068 598590 509
999224 752656 525
203665 569334 470
597570 333570 470
235968 337061 407
753025 437325 509
501262 345183 449
6402 336934 443
276729 521028 470
657248 199928 509
644678 395684 509
51253 514657 470
385719 214457 443
418197 201680 449
650036 843854 525
14630 832300 509
803226 649012 504
595906 779929 509
185294 359694 443
236772 903291 525
768515 419498 509
990189 928977 507
121208 458844 449
55271 746664 509
576472 872278 525
284705 877639 525
510070 872075 525
622183 195548 470
343579 552607 470
42727 184580 383
264660 780226 509
641088 120353 509
624248 323057 470
289941 549069 470
108315 787531 509
804183 74147 509
652590 462471 509
308674 268360 407
127787 493490 449
226633 219382 368
380144 95872 443
962274 381159 525
379336 931645 525
949023 659556 525
96004 433396 449
608959 742611 509
644682 26354 509
541423 105276 470
524177 388394 470
454636 292959 449
583465 998417 525
957600 571815 525
418975 217184 449
988761 533988 525
562313 144675 470
537311 800977 509
248772 27897 443
729171 336176 509
891038 199625 525
288987 217318 443
49869 775315 509
721396 42369 509
666734 183862 509
590717 107982 470
928924 746310 525
510037 103127 449
527033 587642 452
694472 88554 509
56889 745941 509
17605 813643 509
608482 166392 470
979808 381053 525
864573 916006 476
111197 764744 509
601929 803080 509
855610 184787 525
2356 501333 449
97326 23057 351
348268 298714 441
48753 335489 443
786762 662735 504
907247 760893 525
623214 336603 470
284495 185016 443
148507 706444 509
623032 497154 470
542672 852594 525
728692 242743 509
421611 333811 449
32036 891115 525
386295 668861 509
616803 512122 452
237775 470746 449
63136 952852 525
100789 206994 383
309408 258457 407
110277 192494 383
625180 741901 509
304678 544720 470
377726 659077 509
128599 467398 449
383288 525464 470
226754 708865 509
233258 73976 443
978488 283741 525
285401 348202 441
114227 543792 470
625349 691193 509
576066 488105 470
568877 218913 470
171568 75230 383
800187 865357 525
414082 209655 449
530812 860610 525
582810 313148 470
113664 672603 509
206605 292144 443
284228 828263 509
185990 647534 509
133170 635307 509
956297 969324 414
810636 988605 525
396207 966762 525
758679 461145 509
93064 881175 525
421307 394898 449
27332 745098 509
866819 113028 525
166284 304327 443
169726 434294 449
993846 837032 525
908993 419862 525
781329 54912 509
490764 872433 525
257110 986501 525
328543 353174 441
93335 564593 470
658901 381872 509
29751 500048 449
982253 122381 525
92494 64324 351
71369 315597 443
679139 354907 509
588909 500871 470
418916 552637 470
657547 198630 509
546736 987248 525
905325 709338 525
473728 599906 470
792109 777350 437
171244 360652 443
636274 786137 504
179340 22935 383
118314 531453 470
151042 794768 509
272380 240805 407
596464 97644 470
218520 159627 386
169974 499765 449
651628 443659 509
112609 438984 449
252485 789713 509
124576 787617 509
633850 910853 525
885673 896249 445
958235 263043 525
294537 843999 525
440512 24197 449
95326 468570 449
148152 284509 443
968625 499197 525
521718 327233 470
796013 810757 468
37848 443592 449
346907 179446 443
322472 900479 525
603938 966948 525
112085 150666 375
630594 63072 509
778781 782913 362
734171 363358 509
40603 941604 525
956324 366551 525
724930 46689 509
456668 868293 525
328487 645120 509
157355 776149 509
416185 343646 449
215212 576455 470
645526 363905 509
554561 102271 470
238735 629718 509
898724 799444 525
246430 738597 509
960549 70433 525
463145 898497 525
342595 517654 470
284749 450697 449
188234 395888 443
39423 186099 383
619516 626390 509
653427 103156 509
111495 705297 509
298587 321404 384
723563 35796 509
110505 796362 509
878358 549319 525
505506 124554 449
834663 919930 525
729609 54341 509
278770 647759 509
445573 218034 449
58220 939332 525
147176 275699 443
559095 598414 434
725447 376105 509
821086 71455 509
995449 39029 525
438421 853104 525
820244 46532 509
413924 421937 387
284832 406718 441
995668 261867 525
773569 284590 509
384486 361341 423
83437 829589 509
886992 876488 445
763213 853587 525
77808 859791 525
516058 375452 470
552960 695638 509
417295 164365 449
989645 831596 525
36690 117197 354
765312 51924 509
817436 807108 406
73506 313655 443
652995 384351 509
24754 473506 449
244107 632848 509
498529 562896 470
250092 334598 407
229308 257833 443
870595 206510 525
794554 792255 437
464198 90996 449
280902 168878 443
40218 830101 509
535775 603842 452
518852 378990 470
121173 1314 354
114010 800571 509
690335 811472 504
921975 987486 507
385670 877147 525
826162 345445 509
995998 471096 525
607743 182555 470
673870 583213 509
766488 868105 525
804481 525442 509
939957 86545 525
929337 799548 525
143359 719090 509
644099 859585 525
170087 343709 443
661590 109906 509
209448 232701 443
344933 273730 389
168943 818341 509
392484 98581 443
449906 185801 449
594038 171508 470
346805 377848 423
751786 341999 509
58146 687080 509
412845 240932 449
414520 929205 525
916362 838331 476
250372 701126 509
769315 231478 509
284970 542606 470
824454 423332 509
907992 123237 525
166737 927641 525
352100 913487 525
476841 400807 449
661558 988005 525
757300 812942 468
80735 73673 351
366520 974202 525
241947 399848 441
821545 174495 509
762425 309305 509
468426 924928 525
216812 423104 449
576465 180121 470
257291 83110 443
341979 580903 470
752668 800061 468
103032 19561 351
70962 561448 470
743492 269626 509
956037 846979 507
142842 325771 443
155722 649217 509
70690 386095 443
985191 147502 525
692237 236221 509
279021 120798 443
801585 21724 509
68158 814086 509
680178 540759 509
26637 359488 443
512076 450208 470
230173 653459 509
862125 942117 507
137476 869494 525
651161 995306 525
694562 456307 509
406870 421401 449
1600 263549 443
45273 672076 509
749683 466800 509
486158 538976 470
821488 107720 509
618198 704782 509
9608 512189 470
723716 398660 509
875557 584644 525
484661 293970 449
283205 719901 509
32021 832140 509
471575 580646 470
826673 482628 509
227100 470784 449
426576 605795 470
111069 596668 470
146966 680736 509
310384 105166 443
655341 664447 429
226938 925162 525
602334 117179 470
881186 746589 525
812030 439045 509
398979 205279 443
580721 378278 470
516911 386205 470
359625 571869 470
886908 657701 525
489943 535324 470
37309 186005 383
807381 224689 509
323138 17980 443
279382 368690 441
517830 936447 525
23791 460138 449
443978 454175 387
52111 785752 509
262217 739115 509
33764 814651 509
771705 492845 509
905055 591544 525
93372 619983 470
781521 672181 504
628470 204088 509
947542 350129 525
171530 187297 365
956631 23596 525
582501 983478 525
271256 720518 509
254879 434320 449
454660 402450 449
764320 280053 509
724693 172189 509
371445 28558 443
885961 683628 525
97618 459969 449
785214 725031 468
607094 898497 525
194024 729089 509
872919 724797 525
695029 862406 525
134950 260551 443
412839 265867 449
251089 189956 443
310742 430320 449
315075 629780 509
250664 682355 509
580868 521487 452
552373 903443 525
794978 799672 468
107245 463533 449
164101 910285 525
955830 576411 525
407163 587306 470
89118 888413 525
459682 718083 509
546168 951792 525
693233 566215 509
712702 576716 509
630892 215516 509
913921 554193 525
147721 239461 443
23507 183362 383
933916 273842 525
945462 677073 525
339239 600569 470
944033 351316 525
774739 192732 509
506384 289055 449
453983 398721 449
105327 49045 351
985339 484235 525
662758 633745 429
55992 549461 470
840849 636110 525
763222 714151 424
154352 215507 383
676642 293636 509
869918 890176 445
142472 930955 525
447442 249862 449
634211 273267 509
510097 746601 509
144629 453032 449
849750 802781 525
113041 70043 354
257919 818233 509
574731 915250 525
667229 831582 504
488306 669386 509
220145 159632 386
465848 721533 509
133043 322833 443
349955 926575 525
901074 566121 525
205052 134935 383
288779 71513 443
794789 711981 468
868974 559067 525
823799 705 509
962419 372718 525
519355 269672 470
223830 272159 443
526240 742122 509
214614 886338 525
801218 337092 509
125897 192110 383