97473 135055 354
662078 859226 525
412199 184121 449
379856 763546 509
252566 22816 443
752753 859795 525
488846 749898 509
910891 211163 525
792641 476284 509
536069 772812 509
602931 759923 509
58424 451796 449
957690 16382 525
620604 910745 525
204645 353206 443
318651 63943 443
517625 454108 470
925607 12407 525
495254 783693 509
4455 893949 525
79673 110628 354
264108 263054 407
719643 155820 509
417634 675852 509
813430 855936 525
788483 371696 509
659943 667650 442
265285 126803 443
879791 490612 525
769780 777945 437
369811 485750 449
570650 354874 470
614948 245724 470
7834 381934 443
604697 691179 509
819036 524853 509
418584 101553 449
666658 292096 509
177683 306430 443
81401 327423 443
300431 932226 525
817100 590088 509
773504 391876 509
17171 285473 443
616337 981309 525
618536 18090 470
526719 146831 470
517818 459626 470
966309 19365 525
881626 468916 525
638290 384296 509
881651 368501 525
894358 637466 525
222295 993885 525
37724 155411 375
637620 265320 509
241521 196054 443
862693 463560 525
221987 156176 386
38565 192561 383
237892 460268 449
428318 681408 509
578510 266581 470
558623 647689 509
368608 754121 509
702829 321212 509
772519 1175 509
686320 646898 442
981080 517173 525
231502 783386 509
921497 488960 525
196629 757755 509
385535 4560 443
108818 499301 449
152306 216183 383
769279 561016 509
347565 76567 443
308888 989520 525
304034 496861 449
322510 642124 509
164730 2462 383
467797 155066 449
149882 405580 443
333208 965408 525
625473 366484 470
641420 77417 509
115246 119512 349
839650 190571 525
983262 361860 525
865622 704721 525
758419 304463 509
73381 798570 509
111920 75920 354
21339 272140 443
673312 356922 509
87754 92006 333
285975 878070 525
609879 582434 434
82161 868572 525
793518 462451 509
120566 722509 509
126421 129728 331
771391 324143 509
97758 789612 509
246642 676806 509
596215 125378 470
10216 595436 470
462811 8890 449
92720 776237 509
353451 459562 449
436269 141825 449
953239 852812 507
210650 440678 449
538294 473256 470
224046 43034 386
978230 551966 525
814619 404786 509
964781 358162 525
999664 302170 525
866382 923828 476
947870 50282 525
239991 372394 441
707351 579360 509
446694 914269 525
555922 348096 470
384076 290973 441
119019 720965 509
669498 424114 509
57384 899586 525
730424 390720 509
844503 136410 525
901557 40086 525
422930 202520 449
871512 742227 525
556837 975532 525
588340 665525 509
318470 153987 443
123803 12031 354
887234 129346 525
944393 180038 525
417977 363998 449
868929 274777 525
293440 968538 525
321782 326027 384
143652 410398 449
152031 275935 443
486734 409009 449
615533 899982 525
174914 430419 449
241753 843575 525
746049 841082 525
388758 964068 525
375695 475239 449
359398 788148 509
656079 575523 509
660745 431595 509
832906 341851 509
711632 299346 509
156174 182229 370
221455 149324 386
228083 10574 386
296304 123831 443
274937 321458 389
657572 741051 504
145805 316983 443
801269 831474 450
529194 67543 470
60280 880500 525
163357 218664 386
377758 994238 525
472225 652121 509
623145 254910 470
900328 737099 525
810875 864957 525
28091 166537 383
2249 478889 449
21752 180902 383
34479 457534 449
642363 458674 509
498078 67089 449
776472 163288 509
85744 582137 470
881604 258839 525
869340 213594 525
1747 672027 509
596869 63887 470
172635 190072 365
778925 20467 509
818040 478146 509
90950 195084 383
516009 238923 470
55657 7189 340
161240 127546 383
117984 663143 509
575351 717444 509
755741 196099 509
290438 981386 525
490702 430206 444
228977 429391 449
892616 56010 525
553877 196244 470
611936 605148 403
33443 780626 509
591065 527167 452
966237 819604 525
941111 289013 525
725694 867886 525
171186 553797 470
738102 624605 509
943110 835558 525
958547 205117 525
511015 1798 449
553723 256033 470
986706 379639 525
290134 482258 449
461951 160119 449
319048 966951 525
584435 973466 525
573660 733566 509
210545 953302 525
174652 320596 443
740176 468267 509
39005 364679 443
319528 242221 407
388215 60901 443
450854 902959 525
854322 852848 419
1728 702286 509
544476 767793 509
536002 901335 525
838487 193589 525
302982 913814 525
622608 118248 470
22785 804860 509
941993 39117 525
745146 340076 509
52153 591832 470
953495 315298 525
975017 592488 525
418576 66432 449
388479 112676 443
387396 582455 470
236215 354417 441
704298 568526 509
167309 572173 470
559968 902738 525
152 536395 470
782239 962458 525
967632 539883 525
441744 54966 449
497776 911893 525
588535 153268 470
982903 200434 525
667981 491534 509
648008 696552 442
111533 745523 509
346097 555120 470
85284 359664 443
950920 754197 525
895211 294459 525
128369 909323 525
173424 120668 383
889021 863465 445
619024 22585 470
268333 527556 470
831650 580092 509
876884 600170 525
231341 959203 525
635930 859896 525
215865 758371 509
760349 531608 509
429763 706426 509
895217 216155 525
219722 750416 509
970760 844335 507
663494 992585 525
802285 400573 509
51512 202474 383
811178 756642 468
549148 341733 470
641610 603015 509
875580 224130 525
931641 162719 525
230622 727916 509
239367 196028 443
301918 34134 443
192267 946767 525
180310 649096 509
437092 167162 449
954745 488266 525
260251 694739 509
854399 14699 525
479972 77432 449
867194 759470 525
806276 22666 509
740872 382738 509
433164 252680 449
270689 865725 525
606659 347464 470
177680 701572 509
688226 928851 525
186687 333850 443
224632 800414 509
21931 43538 324
985710 859745 507
162614 510482 449
613029 155798 470
365979 45270 443
288187 344592 389
459452 559646 470
274605 355382 441
130007 506998 449
867158 287002 525
568535 553056 421
74198 830138 509
307911 341023 384
678478 16018 509
373217 744994 509
195079 381595 443
880261 725644 525
475186 146596 449
33093 967964 525
651914 232268 509
540381 241982 470
842774 128217 525
637504 758061 504
875722 209913 525
670733 529347 509
865037 52946 525
570528 500766 470
419926 195016 449
494533 484785 426
929391 212171 525
833416 220644 509
885276 12377 525
567848 588393 434
205333 248407 443
141482 968221 525
537710 109768 470
293577 812438 509
639063 892839 525
199370 717455 509
94528 826855 509
891118 271917 525
102357 463429 449
504001 756269 509
555495 857414 525
564240 455341 470
46634 204307 383
254263 990355 525
406939 89389 443
579800 175646 470
650874 506766 509
586408 825927 509
70069 601502 470
372515 605331 470
208677 654222 509
906592 833848 525
562545 468437 470
880703 375145 525
620304 134597 470
73534 309952 443
230573 408137 443
898603 828807 525
506339 64957 449
823668 657636 504
655463 724586 504
290522 887646 525
88709 213917 383
455556 46544 449
431683 502306 444
932464 654121 525
431714 50146 449
934916 17756 525
399490 255638 441
33731 173163 383
224293 987239 525
260187 129484 443
108172 187108 383
291994 413557 449
698173 797727 504
101569 78665 341
360422 21413 443
293361 285343 389
556124 97687 470
910210 915627 401
291836 108201 443
561907 186123 470
164402 505271 449
601275 696752 509
153432 831743 509
904318 924455 476
986294 988735 396
28699 317891 443
652008 311660 509
291490 597865 470
605725 200652 470
718115 796792 468
703675 753969 504
494177 777490 509
914464 981394 507
499622 174028 449
585988 61511 470
758448 133166 509
22138 552032 470
632137 859175 525
852437 979683 507
137396 427024 449
436135 228321 449
946115 777499 525
495397 97524 449
629766 520984 509
578598 305559 470
935070 807331 525
599754 165218 470
929583 504686 525
472696 66208 449
806772 364199 509
654719 296079 509
401324 591301 470
543390 82099 470
708146 782708 468
916447 196631 525
27946 21531 308
372893 198305 443
479447 219654 449
458663 738257 509
172682 711349 509
774525 266070 509
903477 427200 525
347639 397133 436
502622 671589 509
651013 290391 509
160431 327792 443
575057 373461 470
995050 265734 525
796417 884674 525
517433 124237 470
664280 640622 429
770467 175163 509
979708 990355 427
270171 876538 525
891474 959126 507
959859 868341 507
78725 109019 354
621038 429442 470
75622 294597 443
181490 363500 443
687982 56265 509
580508 759899 509
687646 951917 525
556846 930210 525
79431 49955 351
150627 309029 443
998 550780 470
205924 740901 509
427879 566923 470
218579 107818 386
820298 994839 525
792643 725644 468
791395 516284 509
461835 249885 449
106619 488414 449
697456 105462 509
420437 288779 449
149439 496349 449
676043 580972 509
758844 224464 509
547222 692136 509
422772 830257 509
445676 104982 449
840687 830221 525
817091 431388 509
799682 94922 509
649716 345513 509
915073 58157 525
759739 117195 509
78737 40454 351
567515 819373 509
902042 709497 525
459742 959921 525
740764 824937 468
998458 628774 525
615961 145986 470
800399 955814 525
86000 167971 383
208717 620303 470
362954 910247 525
637619 85916 509
483309 364751 449
54386 118111 354
693166 221453 509
794480 615133 509
492611 278255 449
820840 426950 509
780022 831654 468
218798 461071 449
820918 497011 509
420688 567726 470
75720 814445 509
499224 505457 426
485467 298289 449
544175 772668 509
882104 514342 525
535964 659101 509
673176 597227 509
908521 949901 507
452623 867488 525
981862 973766 427
554215 188622 470
787655 891643 525
383304 948020 525
139176 408505 443
222674 861103 525
130418 392920 443
55629 799621 509
390997 167453 443
556984 240269 470
282421 257392 407
665534 209855 509
700577 386740 509
201094 131476 383
602238 550088 434
184041 160153 370
345538 535578 470
625599 272982 470
27356 394787 443
387922 40533 443
187249 329538 443
730164 631505 504
207426 915193 525
349805 401853 436
976489 989822 427
784268 643949 504
605122 239999 470
180190 81189 383
838439 360502 525
150845 788541 509
584723 954276 525
151808 232493 443
887592 552877 525
634192 552571 509
675979 448335 509
957466 570942 525
295725 716416 509
897184 229837 525
805989 572516 509
113963 528713 470
877369 199784 525
14235 579588 470
418812 927806 525
533470 986381 525
451601 966197 525
393791 876378 525
39565 168179 383
141590 562000 470
881339 232850 525
633822 531441 509
755897 674837 504
262307 713634 509
976063 58950 525
578970 343320 470
595072 279533 470
605195 229855 470
71593 833710 509
231913 655495 509
101574 866368 525
800578 910763 525
188228 720774 509
617681 478687 470
205137 753100 509
611505 620277 447
223135 260511 443
163564 842604 525
664136 91977 509
436082 523766 470
229132 146791 386
566437 23333 470
492469 730025 509
16465 122417 354
698971 944806 525
193401 984232 525
717508 356698 509
169484 610482 470
944547 282557 525
616247 122240 470
827137 669824 504
194452 22545 383
937849 155814 525
204736 548065 470
195613 610813 470
57162 135342 354
306615 415865 449
130118 33383 354
689450 188459 509
147650 958260 525
702006 286947 509
985744 961053 458
702425 662751 442
488706 673240 509
8595 762094 509
875764 950065 507
223491 64293 386
907907 271640 525
645229 304893 509
99228 671042 509
195933 842376 525
34671 58109 340
737956 80782 509
633857 704661 504
838529 734472 525
40481 852827 525
684060 256120 509
961202 858008 507
500971 176163 449
796199 999694 525
569335 304364 470
684046 338535 509
514105 377103 470
296643 681725 509
376158 178294 443
196805 447493 449
716394 183355 509
215717 439000 449
659001 696955 442
927386 8288 525
146208 610899 470
97202 852059 525
439281 308026 449
114787 230287 386
576861 600187 434
956736 800203 525
136756 520653 470
340167 281941 389
44745 845712 525
217495 314741 443
768049 837798 468
685758 711709 504
314921 791916 509
102832 906035 525
406167 90452 443
390421 167869 443
79785 442977 449
32313 644584 509
830682 437053 509
868903 621877 525
21715 411002 449
960271 266945 525
458158 446499 387
370276 893935 525
295893 879551 525
171523 63860 383
446601 983074 525
348749 484862 449
826495 744495 468
586965 442178 470
445029 815661 509
337397 70496 443
430082 12037 449
824379 546550 509
274555 843990 525
203137 632510 509
471601 854581 525
943258 990308 458
730952 643652 504
589416 258217 470
116547 729709 509
180107 298733 443
630091 450428 509
469300 344796 449
410318 115414 449
659863 776248 504
629828 817178 504
975615 570878 525
635405 482131 509
180795 180792 73
89399 534295 470
772918 767582 468
40411 319039 443
576613 436202 470
828006 213634 509
358745 592311 470
410294 613296 470
659380 690453 442
142042 153289 375
663480 286188 509
419324 270200 449
560251 352841 470
84827 586799 470
142263 659338 509
879664 181152 525
224638 395938 443
353074 719573 509
824266 649354 504
724469 726188 362
856498 102213 525
466669 340851 449
368633 949901 525
179025 648732 509
67521 532895 470
162779 991133 525
796829 558176 509
546412 16294 470
513859 302955 470
161867 753664 509
307424 588344 470
320910 769471 509
341638 396202 441
337041 51491 443
162817 978421 525
725859 651409 504
843527 414569 525
161409 427177 449
133517 14240 354
953530 696643 525
321462 211072 443
552881 265547 470
859174 926958 476
440193 967478 525
907253 928208 476
856251 522336 525
774208 732092 468
322954 995780 525
831001 111106 509
350712 142551 443
853534 405522 525
697929 658945 442
575847 205836 470
250949 657977 509
881817 266595 525
614420 979004 525
19160 329388 443
784705 384873 509
539161 817737 509
950305 380156 525
506453 316588 449
364237 962277 525
948633 51786 525
202954 938564 525
552826 292254 470
966666 566468 525
7399 88215 351
40332 751057 509
126871 900704 525
741726 675959 504
288416 245769 407
116290 251032 443
594793 790679 509
994863 821258 525
560440 45157 470
940334 621579 525
109349 406389 443
164261 825121 509
617328 646807 509
949361 605843 525
444782 817332 509
466668 465533 369
233374 739639 509
985422 516244 525
255129 798873 509
127727 202807 383
504104 346184 449
536810 522413 408
17904 149620 375
95710 676417 509
848392 775926 525
599502 44535 470
791979 83549 509
43560 82538 351
647817 976981 525
521251 216771 470
551736 688438 509
537729 703000 509
824519 813095 450
865012 522142 525
682419 131437 509
608413 252301 470
125683 994452 525
643503 560207 509
170734 433272 449
589554 565220 434
458509 694384 509
485476 559381 470
39530 407064 443
295674 540946 470
114855 785210 509
568964 325162 470
440988 368472 449
639918 753255 504
511272 662361 509
554018 243972 470
480424 665294 509
217611 774860 509
332230 429919 449
203701 326609 443
187753 621526 470
860112 75269 525
204490 334856 443
484179 194296 449
987559 253339 525
412414 209518 449
496528 429561 444
801527 526748 509
581406 230096 470
656918 908095 525
818051 419587 509
127164 335770 443
634685 48368 509
383198 893578 525
125541 994526 525
328544 616647 470
858916 176451 525
199388 642425 509
276932 133296 443
435329 738420 509
547940 121306 470
815896 679634 504
714630 660998 504
742690 106476 509
624514 760976 509
734686 900661 525
281374 267159 407
274343 920818 525
717045 251912 509
430457 669785 509
638611 412166 509
11092 892358 525
674979 813299 504
828153 322452 509
816447 613022 509
871185 373214 525
128679 840137 525
150445 773970 509
793870 745173 468
551976 138734 470
165837 979724 525
919209 231003 525
624122 394443 470
732805 708514 411
571924 786314 509
934465 361999 525
966549 962890 414
796597 506209 509
773034 156890 509
651851 142122 509
157247 904197 525
643047 419402 509
303859 437723 449
581857 723394 509
750891 899034 525
365165 723831 509
859139 640826 525
982364 491078 525
144158 479314 449
739643 679486 504
823646 366826 509
597913 665342 509
229039 424606 449
130535 800876 509
654910 639659 416
977400 862799 507
959752 782937 525
922599 137546 525
495693 493509 395
721943 613494 509
814691 718666 468
634389 546586 509
141734 133900 344
465114 875018 525
771661 240096 509
337582 982681 525
783128 549019 509
945254 58811 525
606181 713398 509
707982 147324 509
322146 514011 470
998113 610903 525
431901 495118 444
443829 62452 449
639416 972219 525
978676 907970 507
164280 954648 525
987652 989420 352
116476 492086 449
457864 107066 449
791754 94058 509
119296 15175 354
208325 199698 373
509580 100315 449
573179 774982 509
664270 179364 509
954907 844701 507
174124 84374 383
635715 779673 504
636149 809436 504
409336 189104 443
80667 594489 470
546799 82424 470
637022 796480 504
691976 323693 509
696266 169260 509
686810 337250 509
86679 230301 386
980393 421187 525
868526 313200 525
592052 821954 509
250635 580985 470
269099 713638 509
995389 724127 525
686334 62124 509
579851 159701 470
780561 805145 468
59953 538225 470
576396 900061 525
691783 128746 509
363150 852965 525
263363 381363 441
160385 365502 443
236053 964974 525
51848 860129 525
205616 987855 525
485845 207711 449
187625 553806 470
319320 19178 443
574775 232584 470
650770 363965 509
721947 905011 525
831752 241193 509
794649 941500 525
168274 371966 443
602020 686527 509
668243 687890 398
607191 378658 470
797187 612977 509
225632 675215 509
408551 953313 525
687927 189260 509
433378 613456 470
150668 353656 443
947301 775260 525
558335 606244 434
790083 833215 468
28809 487819 449
785440 834645 468
624376 11119 470
333383 950924 525
88919 255634 443
384281 795239 509
230123 180367 386
871971 819311 525
546906 125459 470
270985 623414 470
336487 483386 449
450271 35401 449
998808 990922 440
741591 586801 509
29177 744262 509
533972 605286 452
317433 47856 443
322077 767889 509
976497 633695 525
526509 211516 470
558341 837304 509
817255 300761 509
242723 966604 525
376230 112428 443
451241 920654 525
276659 715541 509
196643 98479 383
72272 954238 525
423025 24 449
28273 239389 443
564999 793091 509
766090 703270 504
121615 617015 470
582595 837393 509
581481 356766 470
838665 896451 445
517458 103684 470
896126 398492 525
909474 331502 525
95696 968988 525
576623 122965 470
450855 661682 509
164688 674366 509
41208 239395 443
468540 339959 449
52791 399827 443
838288 616175 525
841769 752180 525
89583 269747 443
961047 445512 525
633667 959681 525
840990 888724 445
56418 600586 470
845220 568867 525
738893 663113 504
905637 892403 401
780562 47739 509
609451 657025 509
950929 348538 525
127836 497196 449
542107 363962 470
512941 234760 470
468278 679582 509
14581 765314 509
80061 421752 449
167516 916587 525
221028 584988 470
723890 949539 525
300378 628639 509
111388 422307 449
951047 548529 525
247784 1190 443
640437 340308 509
582786 645941 509
666314 757304 504
55424 343118 443
613427 51061 470
930136 950832 507
801117 899172 525
399089 326342 441
208029 116891 383
982998 166573 525
438704 139459 449
473223 963812 525
410204 904407 525
934954 400655 525
587573 887546 525
145183 334888 443
258107 584885 470
904305 885251 445
774433 981261 525
494824 314171 449
32361 659581 509
757371 638462 504
941802 870997 507
989602 679986 525
490803 396975 449
349962 435331 449
935050 321033 525
537954 435083 470
69901 998020 525
659090 104092 509
900986 966136 507
562188 168429 470
535754 677938 509
738490 669982 504
372727 667467 509
643927 189033 509
572959 126182 470
809114 873639 525
779713 743109 468
247820 316540 407
189092 692488 509
24059 634081 509
723222 719172 411
404039 37068 443
6354 936316 525
101209 345086 443
902843 173055 525
204276 847849 525
501253 897182 525
789923 799931 468
68019 63239 330
911314 333835 525
897082 50370 525
173177 368607 443
716869 307080 509
615667 981336 525
35794 328891 443
790445 173755 509
196345 573831 470
176121 832860 509
446733 549779 470
826306 991337 525
289307 258019 407
113946 765264 509
457616 538829 470
66096 561550 470
83127 514069 470
700637 619221 509
506463 293736 449
601117 249753 470
455194 796338 509
662427 596280 509
159778 21148 383
12324 761348 509
55383 804069 509
163582 67118 383
288100 181212 443
351506 986704 525
427455 265719 449
902660 887894 401
665614 413971 509
941475 581450 525
474151 265609 449
782844 199548 509
401776 99241 443
544137 900746 525
904741 871510 445
222471 188113 386
126328 451134 449
391269 455152 449
956947 531764 525
278168 724021 509
524793 941995 525
768907 95719 509
718986 946001 525
582644 779184 509
432229 782405 509
206146 613476 470
546152 853687 525
252786 510514 449
328275 86875 443
798337 949222 525
667274 377994 509
487420 245080 449
410937 349621 449
59763 942709 525
492050 842246 525
632204 11047 509
838961 395477 525
332339 891492 525
541025 323523 470
616495 370192 470
215928 727351 509
382992 164688 443
444893 961907 525
524613 998125 525
244778 507730 449
17482 753312 509
189868 257824 443
252414 400448 441
55175 791957 509
172946 175749 347
950199 589104 525
366622 157560 443
743217 337005 509
978766 918137 507
662440 259938 509
533945 543212 408
72363 483964 449
29458 153025 375
914283 932688 476
591415 680543 509
313819 890784 525
64039 162541 383
944816 652013 525
182225 773373 509
403080 769396 509
675975 260565 509
865383 50374 525
195921 237338 443
592092 386631 470
780894 194715 509
73730 273667 443
348182 47415 443
698658 594280 509
758794 371181 509
680822 549668 509
611085 375870 470
147848 726108 509
580572 680449 509
828601 837061 419
420792 87555 449
823390 104931 509
341653 607256 470
863749 432668 525
601194 756866 509
243733 874680 525
785385 311933 509
841491 737720 525
473929 226725 449
752705 663119 504
311294 465797 449
650913 735169 504
887243 697405 525
576599 697367 509
13869 450639 449
521772 123004 470
31288 734662 509
94063 193848 383
950976 465219 525
842230 873862 432
321838 71333 443
623106 762003 509
396722 321300 441
474560 269718 449
830615 112427 509
771052 325958 509
861362 173824 525
473552 224701 449
143668 943760 525
219562 81575 386
310367 513740 470
616940 298214 470
165141 426234 449
387101 507014 449
423820 135754 449
