256870 12721 458
989373 728063 540
273075 175777 458
237174 990136 540
40878 135490 360
607710 446379 491
597885 637113 527
866169 171898 540
814938 255320 527
620412 894760 540
405299 232666 465
71789 244905 458
792953 740041 486
686610 869454 540
151743 663460 527
700275 411282 527
698042 651070 466
694175 949443 540
678779 164616 527
724809 606421 527
342932 420937 476
421353 437597 433
760484 139290 527
470929 534652 491
222872 343117 458
193295 670971 527
787983 626471 519
263879 246803 425
404905 275651 465
941553 163392 540
706596 416924 527
925115 378300 540
209428 283980 458
102057 559016 491
179842 489761 476
7748 329657 458
403604 235548 465
122134 453635 476
175735 56173 389
616408 308452 491
333928 973452 540
896832 158141 540
818353 55534 527
661731 293196 527
259084 687773 527
668513 904525 540
364092 595570 491
174689 480285 476
426707 933815 540
870515 321767 540
252696 327775 425
939875 355704 540
173423 925844 540
837403 75324 527
702809 772607 519
838121 815877 540
987934 938234 522
384359 149328 465
240535 653046 527
778040 80982 527
126834 658031 527
124331 277631 458
212468 159961 379
894285 332231 540
854580 697815 540
908732 760212 540
853654 322644 540
572788 650161 527
741466 133211 527
165554 859421 540
103212 716075 527
558417 728960 527
151273 895435 540
636722 951132 540
267371 550248 491
316320 415020 476
102175 270191 458
134364 832415 527
742421 651677 519
272287 189669 458
859766 911075 497
93950 249860 458
49237 686926 527
37613 138068 360
576531 183539 491
29939 13616 314
282935 172311 458
397070 61097 465
318759 219371 458
336835 146951 458
384197 448719 476
875395 245200 540
156908 10971 389
379344 919453 540
373075 561678 491
949751 15 540
417063 487790 471
643022 68943 527
250156 518422 491
827009 425112 527
468962 447706 471
616209 133158 491
360989 98954 465
94807 825242 527
662312 109488 527
228880 724690 527
122651 556475 491
124687 891545 540
389429 822483 527
903548 882727 457
807056 755096 486
127443 543784 491
382953 630119 527
258297 330351 425
152394 629682 527
46391 40812 323
522997 168886 491
28225 993739 540
891883 41066 540
60602 144242 384
671795 313317 527
954282 372563 540
497683 665484 527
568439 42982 491
392177 208264 465
344512 877265 540
59130 566488 491
511141 683587 527
779840 701406 519
822479 792975 483
25944 37163 333
605979 660598 527
710964 13813 527
467050 527103 491
669011 934322 540
258181 94774 458
398473 372906 460
31704 331142 458
902661 34391 540
580514 265469 491
7588 679731 527
117738 437365 476
357169 30171 465
590636 468686 491
831001 226276 527
181001 296503 458
894871 443149 540
194796 388784 465
336082 976660 540
513390 299874 491
694955 874223 540
644848 304063 527
599970 19052 491
256608 499066 476
448690 237090 476
156495 524051 491
839921 34730 540
550474 463696 491
372170 176180 465
209208 218438 392
491990 127765 476
197416 703415 527
426893 271106 476
369357 523507 491
177526 152692 389
743657 993838 540
884864 109513 540
574417 459128 491
647653 134253 527
208197 382060 465
955590 587444 540
700925 403596 527
994233 83903 540
663979 296255 527
251275 3806 458
572150 671039 527
448057 903281 540
714949 215449 527
91655 138413 360
549887 392927 491
89326 596738 491
180863 727850 527
484516 56659 476
203686 919560 540
132196 290751 458
19947 231034 458
454213 822815 527
769542 355807 527
668872 798011 519
126433 811610 527
868830 402372 540
811935 466635 527
17650 896432 540
27712 895325 540
640628 109472 527
240415 711804 527
666249 99988 527
320822 500914 476
860218 130866 540
231143 708544 527
151454 311840 458
817782 256571 527
457704 705042 527
723486 118551 527
59132 995127 540
294323 93287 458
77950 316424 458
694335 853086 540
708424 52292 527
275289 101404 458
737062 6859 527
243230 860576 540
391312 136711 465
96525 688468 527
588554 430120 491
929947 244637 540
45032 169939 389
294330 177143 458
839484 390837 540
341370 243648 425
111273 125135 355
392464 663824 527
67055 751912 527
153149 563295 491
852390 90349 540
958403 684387 540
59743 415293 476
762626 34276 527
442189 463698 471
341939 911052 540
224333 733182 527
421199 684423 527
491147 244339 476
116197 708745 527
394155 340390 465
470048 893902 540
634448 599176 527
218054 359729 465
471282 500791 444
58614 936236 540
331570 200029 458
530654 505536 491
821307 460737 527
363231 896261 540
542555 948454 540
151615 786201 527
662638 658911 363
324491 4187 458
217952 62241 392
312287 141072 458
924716 472317 540
138339 89316 360
464953 720776 527
415582 104407 476
269869 412384 476
731127 657803 519
509534 948595 540
618688 284210 491
738592 55956 527
530547 681654 527
732172 632707 519
502759 880780 540
120067 75074 360
282041 585556 491
477129 70293 476
503770 533940 491
308149 737394 527
374193 226214 465
613996 336860 491
101107 40499 357
850462 397723 540
420177 802596 527
983129 364156 540
499000 302386 476
289196 527034 491
163670 288552 458
834667 622781 527
79332 937482 540
523502 853569 540
158833 442766 476
614787 818156 527
784170 400756 527
255098 495631 476
783548 230891 527
739390 912224 540
842159 788226 540
809003 543868 527
65803 661406 527
330375 625278 491
989925 895926 522
622476 612884 471
407864 980177 540
640886 434462 527
235017 56071 458
773127 310341 527
537296 997512 540
514149 880690 540
838143 654645 540
802813 756514 486
446244 1543 476
725547 620911 527
950137 510152 540
920602 792886 540
168653 919407 540
207018 951754 540
428862 128712 476
332058 378188 465
181685 27324 389
483199 616597 491
642414 764804 519
476289 352431 476
804500 297800 527
19123 451711 476
532252 213570 491
538299 233383 491
543665 34122 491
79208 787052 527
920995 718886 540
652836 785621 519
688392 547013 527
361260 505667 476
801149 683096 519
421829 607444 491
954903 657218 540
489492 228365 476
141543 234998 458
282217 420116 476
110281 68692 360
271244 934301 540
316573 789431 527
72841 761632 527
265340 558085 491
73571 970251 540
806252 291876 527
11646 461535 476
134846 104702 360
407348 676060 527
537949 573244 473
821064 942627 540
727614 675099 519
955308 637438 540
310863 39544 458
459522 605143 491
82979 260375 458
532697 181612 491
966840 252217 540
64012 760972 527
909775 818781 540
179236 366547 465
278841 378721 465
228237 727187 527
64187 233412 458
218268 517726 491
180579 445002 476
639915 888694 540
101025 455732 476
58545 93034 357
183062 2716 389
255539 377535 465
256421 43943 458
177062 776795 527
53389 502984 476
660887 533731 527
2823 501833 476
475453 511325 444
512963 272730 491
570171 379 491
801136 854745 540
5723 469063 476
110689 781542 527
805118 807749 421
740252 741335 405
153195 402160 465
972405 332759 540
660641 408130 527
726685 667370 519
974021 27611 540
234149 349704 465
853087 742875 540
833271 941035 540
722062 438194 527
943685 719769 540
185872 428808 476
26800 59695 349
778893 629286 519
306244 51817 458
418235 213434 476
121982 982642 540
115604 492450 476
91434 91263 318
291313 310928 395
701047 816102 519
160429 910872 540
704116 278243 527
69397 779504 527
463499 738767 527
224925 96589 392
910047 171441 540
169365 718269 527
462338 95030 476
961704 646413 540
424426 792418 527
584603 235192 491
9373 7201 272
798928 928090 540
319553 39742 458
163416 865189 540
854789 593071 540
763485 121496 527
611575 300914 491
43969 718982 527
270071 85604 458
651211 958447 540
315762 870903 540
415812 239407 476
401627 977003 540
996561 197960 540
7776 724744 527
647108 698179 466
502581 678838 527
467116 635443 527
213507 697475 527
647204 986084 540
324268 148533 458
402670 938014 540
596164 291084 491
651200 924048 540
996468 397407 540
115742 561151 491
436565 217743 476
419329 127885 476
729468 501768 527
528405 955582 540
469458 573195 491
322479 506554 476
199229 962178 540
723119 474720 527
69179 815379 527
861687 789067 540
275457 395557 465
279303 879003 540
429214 106681 476
862521 54984 540
287282 714804 527
578514 27193 491
245972 969618 540
900520 147933 540
347441 903842 540
259491 517166 491
209471 623008 491
203778 517184 491
608239 818268 527
269563 978263 540
492320 231876 476
521727 596653 473
62949 903035 540
484752 468375 434
27039 555309 491
56170 855558 540
375180 561913 491
948197 828498 540
684140 366616 527
150578 69684 384
477191 233999 476
149889 94177 384
454209 884529 540
387528 808327 527
287482 579400 491
171253 95629 389
534360 376680 491
282701 900385 540
306921 741740 527
158919 715165 527
214747 149842 389
294565 240805 425
618644 790038 527
402047 89517 465
436337 783313 527
52023 471888 476
279533 706760 527
754564 202997 527
731196 810051 486
18077 745246 527
3766 529120 491
650357 551629 527
91218 615781 491
478055 149173 476
914553 18508 540
812144 7870 527
99839 362616 465
991011 980855 448
664480 678321 457
448239 514821 491
178257 600239 491
472993 465340 437
561489 767865 527
186574 701110 527
308882 421951 476
236027 510667 476
558828 66350 491
433013 292044 476
568829 299194 491
351724 535945 491
726466 12401 527
511501 821064 527
369220 735965 527
455014 158419 476
465561 347176 476
894724 450752 540
540899 268137 491
915659 194807 540
42801 18522 333
626079 734449 527
556922 41942 491
377156 484156 476
122040 122859 327
963859 570892 540
863307 737982 540
150534 732590 527
974213 668485 540
79271 809063 527
491223 835007 527
689688 782411 519
362450 915030 540
811447 217839 527
360942 924894 540
737623 885370 540
666564 165908 527
948447 899886 522
518983 990096 540
487390 21818 476
596175 172696 491
119519 498176 476
938131 29167 540
97542 799436 527
375181 367549 410
422807 756345 527
27660 333777 458
328872 677228 527
835425 200713 527
143771 679188 527
926162 303474 540
622985 877127 540
566962 845310 540
205682 998824 540
665038 740887 519
980238 830688 540
577798 795494 527
889224 438253 540
262694 436236 476
919488 770819 540
668295 3617 527
532193 856236 540
55647 322756 458
63298 485510 476
491116 493262 444
976228 481804 540
370656 110734 465
79748 643208 527
84058 731133 527
827111 580090 527
448078 247746 476
258726 368521 465
272097 735563 527
359987 870237 540
635238 28459 527
707258 908027 540
346910 919709 540
927311 122772 540
863648 957800 522
137324 172751 389
42429 421192 476
423796 917435 540
651683 913591 540
298904 106102 458
509859 163810 476
847267 265399 540
409832 374078 460
492789 706224 527
40800 739762 527
19838 390154 465
602742 816582 527
833818 421669 527
258466 628359 527
234424 548920 491
251336 539259 491
703977 283613 527
256240 552409 491
584857 276025 491
760197 903971 540
37891 805288 527
388244 76343 465
417679 515699 491
32723 184329 389
549090 777656 527
263046 319302 425
484653 301348 476
203384 724616 527
902948 410383 540
356751 745169 527
755395 928475 540
663016 664666 379
218503 596097 491
427917 446133 415
109059 451944 476
415163 714807 527
994601 323056 540
502548 932928 540
617200 573408 471
506083 447519 471
64892 750408 527
989792 994963 380
655662 158057 527
779117 423569 527
432202 790994 527
20975 866625 540
162644 941777 540
635636 410160 527
913954 370423 540
702945 407671 527
26263 538176 491
418156 50338 476
638899 985750 540
542295 292595 491
346170 852037 540
232804 169815 458
130031 288366 458
160529 148665 389
568593 451526 491
503264 435977 471
180644 705786 527
598688 472138 491
672101 562886 527
465495 408346 476
865202 391619 540
165721 729017 527
330700 67039 458
281745 728300 527
921085 673999 540
293470 387312 465
549491 167551 491
914922 17145 540
806716 256735 527
449340 693782 527
482752 353968 476
739596 51616 527
369970 914608 540
652641 521968 527
600424 791318 527
477318 720974 527
545826 419353 491
548324 491023 491
736874 198192 527
800555 988973 540
392118 331208 465
735217 554458 527
722829 795578 486
664667 869604 540
654967 364338 527
224126 706991 527
356795 255938 465
757394 460799 527
788549 810622 483
851965 445937 540
340582 256294 425
778100 770322 446
593949 464474 491
461415 75042 476
389533 337883 465
366918 88650 465
677837 565393 527
614651 575038 455
442892 629974 527
172424 94503 389
313516 948089 540
967688 973430 467
794419 183427 527
733120 390931 527
635216 150350 527
421164 713958 527
77489 784903 527
749944 240798 527
139158 195753 389
746066 789565 486
746582 717131 439
309501 68254 458
168578 390717 465
954625 819353 540
51322 470719 476
827628 90256 527
524620 719755 527
604374 426692 491
406813 363478 460
902919 579651 540
594425 802879 527
899591 315399 540
874142 128483 540
326968 907700 540
34965 573230 491
532066 874574 540
715271 130747 527
550444 278583 491
843488 147648 540
469094 683302 527
584665 713661 527
625668 441366 491
108770 649071 527
646808 639501 431
192698 542790 491
986657 545909 540
88441 601807 491
551995 853236 540
738705 54783 527
692185 140237 527
977134 111234 540
266453 282168 419
210447 537749 491
308257 36562 458
500743 858587 540
733576 662880 519
725337 709486 429
683877 162232 527
716646 537997 527
826093 536950 527
697421 865303 540
45207 205091 389
329487 599031 491
734768 358764 527
193137 810698 527
992416 184058 540
748416 114829 527
522208 950131 540
475236 281526 476
185193 509957 476
88132 976619 540
453641 994750 540
348746 953261 540
819698 986497 540
937932 719831 540
945632 937609 522
265195 318261 419
709355 314243 527
83984 723391 527
852847 907084 457
403798 25502 465
896161 794533 540
901342 176308 540
536901 233898 491
53248 885012 540
854203 158487 540
254535 302485 425
102094 838761 540
613610 974603 540
324777 353237 465
979623 591439 540
239009 612306 491
63334 447119 476
350001 374178 428
908271 94039 540
329015 777958 527
253905 104322 458
980026 991342 448
923717 924294 382
250543 272628 425
875397 56305 540
970871 510051 540
225328 126473 392
668386 688324 416
251904 881446 540
270080 968061 540
575003 896545 540
483770 560732 491
579406 469711 491
915603 620251 540
80719 173084 389
14865 408330 465
567866 296017 491
394849 636422 527
423968 39629 476
722734 113600 527
414810 756790 527
431114 215166 476
370520 498206 476
310034 494410 476
785458 735996 486
975863 840517 522
212169 620153 491
148035 820274 527
869367 429652 540
702198 985165 540
890987 358931 540
571044 831036 527
180173 637678 527
90993 411799 476
914854 321834 540
110934 650589 527
899191 53964 540
648201 247472 527
382527 967220 540
553241 926879 540
229322 566106 491
137331 222585 392
64572 135400 360
946329 100640 540
889423 370147 540
215442 246576 458
740187 392776 527
154538 443457 476
753933 447944 527
517121 419282 491
330144 901791 540
82247 869762 540
287114 235201 425
549844 525362 473
842079 132972 540
688753 679594 416
391301 912588 540
729365 315839 527
721021 884114 540
892510 277610 540
292677 712283 527
108985 492115 476
743262 655300 519
813759 615384 527
819261 266501 527
32230 480673 476
855300 481612 540
24924 750676 527
538057 404719 491
698169 46678 527
220566 5995 392
110040 50419 360
50330 893678 540
217387 14840 392
205770 880479 540
981849 220712 540
484581 49983 476
321096 10179 458
210139 59780 389
601564 757007 527
42193 346935 465
185288 298703 458
271746 866935 540
86705 666875 527
877052 571596 540
404568 93726 465
46278 782021 527
160104 150365 389
281466 578823 491
945780 484013 540
856480 931699 497
423096 488696 471
897481 721158 540
105369 591434 491
965465 723694 540
933247 23237 540
386167 527211 491
266093 219179 458
716967 840491 540
138544 123390 344
929518 997480 522
546783 36900 491
8179 212469 389
721616 219672 527
898911 540550 540
618736 757440 527
836751 809750 468
909632 401018 540
842645 802846 540
767079 87859 527
356287 507414 476
158615 259218 458
448418 534564 491
208915 340211 458
998442 576416 540
179658 494017 476
841418 270484 540
459608 420796 433
798591 182795 527
89089 557923 491
693912 768766 519
313703 134787 458
600131 139789 491
292419 312391 405
174018 969886 540
493123 834410 527
571955 757805 527
172725 941417 540
728581 785201 486
190809 130524 389
730452 221899 527
413153 307170 476
847622 349326 540
888250 448830 540
439027 602907 491
478789 972310 540
381243 8935 465
316101 834235 527
377440 104417 465
567582 716794 527
668056 868646 540
671336 884530 540
663345 537668 527
128970 790329 527
161210 292373 458
487292 939638 540
229243 34526 392
714205 22309 527
907568 638290 540
230071 951668 540
686645 898717 540
287757 955648 540
118603 114644 355
223429 286300 458
146492 507254 476
218801 229264 380
448981 770872 527
615720 511953 473
983965 449296 540
640004 56560 527
703227 422225 527
673037 168420 527
136877 566395 491
312135 976207 540
685438 413935 527
543218 473459 491
931490 959234 522
434133 898165 540
818753 66563 527
951424 130774 540
204309 268010 458
694896 889168 540
244228 474073 476
716569 97469 527
895639 776756 540
877517 231107 540
351386 318010 465
928070 373510 540
524792 475042 491
887751 254073 540
393289 284626 465
734066 628793 519
713020 448646 527
690220 424516 527
986801 214496 540
648956 981463 540
700001 166536 527
321555 216417 458
253428 362553 465
96129 704778 527
322482 997113 540
620428 815980 527
736789 626098 527
689194 582391 527
743547 829591 486
58803 437634 476
246111 889216 540
55091 508832 476
902928 166503 540
787634 931397 540
825269 531419 527
120978 372207 465
566309 631811 527
416862 496979 471
859354 795291 540
574204 410717 491
270677 393017 465
943023 444710 540
548852 369122 491
240940 237168 383
562088 825235 527
895939 98529 540
886419 267357 540
945127 692106 540
193969 13672 389
3313 785276 527
75794 419842 476
544254 688309 527
710564 159453 527
628474 763241 519
369241 835067 527
629912 5091 527
858484 988405 522
373581 627285 527
894370 780168 540
881593 981282 522
747070 607742 527
89541 772135 527
697422 364981 527
278769 954003 540
684041 290103 527
589809 6983 491
593660 108525 491
717646 791610 486
163258 726219 527
525031 876971 540
483090 366128 476
901424 980818 522
576693 745695 527
741739 914313 540
215501 544780 491