10000 16 262
729 81 171
216 8 125
9 59049 340
10 8 20
125 117649 354
7 8 17
1 81 116
100000 262144 443
27 1 112
9 7 20
125 343 144
64 625 144
3 16 20
1 1296 182
5 2 8
16807 4 276
343 243 144
81 8 116
125 100000 351
16 2401 183
125 1024 179
625 64 144
6561 1 262
343 9 144
16 729 171
1 1296 182
1 4096 238
729 6 171
1 4 8
64 531441 470
1000 125 179
1000000 1 525
262144 32768 443
8 36 112
1000 729 179
1 100000 351
9 125 119
1 512 144
32768 1 308
8 7 17
7 10000 262
10 1 20
1296 9 182
1 10 20
4096 9 238
729 6 171
64 100000 351
4 7776 262
4 16 20
100000 1 351
7776 1 262
2401 343 183
4096 1 238
262144 256 443
15625 8 276
343 1 144
64 2401 183
6561 7 262
100 49 119
1 8 17
25 343 144
46656 1 324
16807 100 276
27 7 112
1024 100000 351
7776 81 262
4096 9 238
5 7776 262
1024 729 179
49 49 25
25 10 24
8 512 144
5 81 116
15625 343 276
262144 1 443
531441 7776 470
59049 729 340
512 729 171
2401 7776 262
36 4 112
262144 5 443
16 729 171
256 16 128
16 343 144
2401 343 183
27 2 112
32768 9 308
8 2 17
343 729 171
32 64 113
9 36 112
1 8 17
1 25 24
512 125 144
729 64 171
1000 6 179
1 216 125
16 27 112
2 1 2
59049 27 340
4 3125 217
27 4 112
100 81 119
9 2401 183
216 125 125
64 4096 238
100000 64 351
1 5 8
25 49 112
531441 1 470
8 1 17
125 16807 276
2401 1 183
16 256 128
117649 216 354
10000 3125 262
25 49 112
36 15625 276
4096 1 238
16 3 20
49 100 119
729 32768 308
81 343 144
8 1 17
36 1024 179
729 32 171
4096 125 238
2 81 116
16 64 113
100000 729 351
16 64 113
81 729 171
8 64 113
64 1296 182
3 4096 238
6561 3 262
100 1000000 525
16 59049 340
2 100 119
4096 16 238
64 9 113
625 117649 354
243 10 128
10 16 18
1 2 2
49 4 112
7 7 17
4096 16 238
4 100 119
64 729 171
8 3125 217
216 8 125
81 59049 340
512 2401 183
1 32768 308
100000 512 351
32768 7776 308
27 1000 179
1024 27 179
9 8 20
3 9 20
27 7776 262
256 7776 262
46656 117649 354
5 10000 262
59049 10 340
9 64 113
1 1 1
27 27 112
10 3125 217
262144 27 443
729 1000 179
6561 59049 340
100000 216 351
9 27 112
16 100 119
243 8 128
1000 16 179
6561 16807 276
81 1024 179
16 59049 340
6 81 116
81 8 116
64 27 113
4 32 112
100000 243 351
81 9 116
5 36 112
3125 1 217
729 10000 262
1000 64 179
9 4 20
262144 100000 443
1 16 20
16 6561 262
512 531441 470
4096 8 238
16 343 144
36 4 112
625 729 171
625 1000 179
81 1 116
125 117649 354
32 10000 262
7776 8 262
9 4096 238
1 729 171
32 6561 262
1296 4 182
10000 16807 276
4096 1 238
6561 343 262
100000 8 351
7776 9 262
1 64 113
262144 4 443
262144 2 443
2401 2 183
1 4 8
531441 36 470
8 1 17
10000 2401 262
6561 27 262
4 1024 179
1 256 128
9 5 20
8 5 17
16 512 144
6 125 119
1 2 2
49 4 112
100000 59049 351
100 32768 308
32768 49 308
27 1000000 525
9 243 128
16807 27 276
16 729 171
10 8 20
100 729 171
3 2401 183
10000 1 262
9 1 20
243 216 128
100 36 119
125 117649 354
46656 7 324
25 8 24
1 10 20
16 1 20
6 256 128
4096 15625 276
117649 729 354
216 59049 340
1000000 10000 525
100 7776 262
36 1 112
729 36 171
1 8 17
9 6561 262
64 243 128
1 46656 324
2 10000 262
1 64 113
64 5 113
2401 8 183
7 4 17
64 64 7
1296 1 182
3 1 8
216 512 144
117649 4096 354
9 4 20
625 343 142
36 3125 217
1 1000 179
4 6 9
32 531441 470
117649 262144 443
1 3125 217
25 7776 262
1024 1 179
16 64 113
1 32 112
256 531441 470
7 4 17
64 9 113
15625 4096 276
1 15625 276
4 15625 276
256 1296 182
512 1 144
1 27 112
16 32768 308
1 3 8
64 1296 182
10000 343 262
243 8 128
4 64 113
49 1 112
32 9 112
9 32 112
7 81 116
36 1 112
3 100 119
10 81 116
1 117649 354
243 1 128
9 100 119
59049 1 340
10 1 20
125 100000 351
9 262144 443
6561 243 262
16 1 20
16 8 20
729 16807 276
729 1 171
1 2401 183
1 7776 262
7776 216 262
1296 4 182
1024 16 179
27 531441 470
16 1 20
46656 59049 340
1 64 113
10000 32 262
117649 512 354
9 7 20
4 32768 308
46656 1000 324
6 1 9
216 729 171
9 36 112
49 1 112
100000 64 351
4096 64 238
8 3 17
16807 10 276
36 2 112
343 7776 262
125 4096 238
7776 1 262
125 10000 262
262144 117649 443
9 10000 262
243 25 128
27 100000 351
1024 27 179
7 1 17
1 46656 324
125 729 171
4096 729 238
32 16 112
4 1 8
4096 1024 238
4 8 17
1 6561 262
7776 1 262
9 7776 262
1 4 8
729 64 171
3125 32 217
64 1296 182
5 36 112
512 16807 276
1024 6 179
256 64 128
1 16 20
16807 512 276
262144 1 443
1000 3 179
32768 1 308
4 10 20
36 531441 470
216 729 171
8 46656 324
1024 6561 262
100000 10 351
729 117649 354
64 1 113
2 117649 354
512 125 144
3125 729 217
4096 1 238
1024 1 179
1 81 116
1000000 16807 525
4096 256 238
243 1296 182
1000 8 179
1000000 100000 525
46656 625 324
1 1 1
7 729 171
1 1 1
46656 7 324
512 49 144
6 2 9
4 4096 238
9 729 171
1 1 1
1 81 116
64 2401 183
512 343 142
8 9 20
262144 729 443
9 1 20
36 7 112
625 16 144
16807 243 276
32768 81 308
64 343 144
3 1 8
15625 256 276
32 16807 276
4 64 113
216 1024 179
64 27 113
729 1 171
1000 1 179
5 10000 262
32768 125 308
4096 36 238
1024 25 179
1000 100 179
216 8 125
1000000 10000 525
9 32 112
49 6561 262
81 216 125
512 1 144
2401 81 183
1 10 20
6 256 128
25 625 144
32768 8 308
1 343 144
46656 9 324
100 1 119
8 1 17
729 1 171
243 32768 308
5 9 20
531441 100000 470
1000 1024 156
8 125 119
100 25 119
32768 64 308
1024 4096 238
64 64 7
4096 262144 443
8 10000 262
81 10 116
1000 625 179
4 100000 351
4 64 113
10000 1 262
1 243 128
6 262144 443
4 1296 182
1024 4096 238
8 343 144
4096 256 238
125 49 119
32 1296 182
4096 10 238
2 4 8
46656 9 324
81 10 116
32768 16 308
4096 4096 13
16807 81 276
64 9 113
5 16 20
8 1 17
27 1 112
6561 531441 470
15625 1000 276
4 100 119
3 4096 238
262144 1 443
1000000 1 525
2401 10 183
81 9 116
3125 7776 262
625 27 144
262144 216 443
1000000 16 525
1 15625 276
1 25 24
7 3 17
64 32 113
1000 1000 112
4096 7776 262
4096 81 238
4096 216 238
3 100000 351
3 32 112
7 216 125
6 32768 308
1296 8 182
16 46656 324
1024 3125 217
16 6561 262
46656 3125 324
256 729 171
1000000 32768 525
46656 3125 324
2401 5 183
64 9 113
9 59049 340
2401 32768 308
262144 7776 443
1 1024 179
1 36 112
7776 7 262
256 15625 276
10 1000 179
9 1000000 525
9 1000 179
100000 32 351
46656 729 324
16 1 20
64 64 7
81 531441 470
10000 1 262
1 16807 276
2401 16 183
8 1 17
512 16 144
64 729 171
1 7776 262
81 1 116
256 1 128
5 4 6
4096 1 238
2401 36 183
512 1 144
216 1000000 525
7 16 20
216 4 125
100000 6 351
1 8 17
256 15625 276
1 117649 354
64 6561 262
81 3125 217
9 59049 340
1000000 16807 525
1 117649 354
531441 6 470
117649 9 354
262144 9 443
2 125 119
27 5 112
1 2401 183
512 46656 324
1 9 20
1296 216 182
64 1000000 525
10000 1024 262
59049 16 340
64 81 116
125 256 128
1000000 16807 525
1 4 8
1024 5 179
64 81 116
8 256 128
1 32768 308
49 1000000 525
2 3 8
15625 46656 324
16 7 20
3125 1 217
2 64 113
1024 100000 351
64 15625 276
9 100000 351
531441 10 470
531441 7776 470
7776 49 262
3125 25 217
81 1 116
7 1296 182
100000 59049 351
729 1024 179
4 4 3
59049 625 340
531441 1024 470
27 4096 238
100 100000 351
729 16807 276
729 125 171
531441 625 470
1 1000 179
125 117649 354
5 9 20
256 1296 182
64 15625 276
1 32768 308
4 3 8
4096 3125 238
25 512 144
125 81 119
125 256 128
16 100000 351
81 4096 238
32768 100000 351
3 16 20
262144 3 443
64 1 113
64 49 113
15625 32768 308
4096 1000000 525
46656 4 324
6 16807 276
10 10000 262
4 243 128
1 100000 351
7 1 17
1 117649 354
4 6 9
4096 5 238
8 1000 179
125 1000 179
3125 3125 124
8 1000 179
10 100000 351
262144 5 443
9 1000 179
27 32 112
16 512 144
6 7776 262
4096 8 238
512 6561 262
531441 64 470
8 81 116
7776 9 262
49 1000 179
81 262144 443
16 729 171
6561 117649 354
27 81 116
4096 1 238
343 1 144
25 100000 351
10000 5 262
46656 4 324
2 9 20
1 4096 238
6561 4 262
243 100000 351
6561 1 262
243 8 128
1 729 171
1 262144 443
243 4096 238
46656 9 324
125 3125 217
64 9 113
100 1000000 525
4096 16807 276
3125 59049 340
117649 64 354
2401 59049 340
81 3 116
729 4 171
32768 8 308
1 4096 238
625 512 137
1 625 144
4096 512 238
531441 36 470
262144 49 443
64 343 144
531441 8 470
1 243 128
10000 256 262
256 36 128
2401 100 183
3125 256 217
216 15625 276
100000 125 351
46656 32768 324
6561 10 262
49 81 116
1 32 112
3125 46656 324
6561 64 262
117649 343 354
1000 1024 156
16807 32768 308
2 1296 182
3 9 20
343 1 144
10000 8 262
36 59049 340
125 10000 262
3 36 112
27 64 113
8 49 112
81 256 128
7776 16 262
7776 36 262
100 16 119
1000000 5 525
1296 625 182
100000 6 351
1024 6561 262
216 3125 217
8 16807 276
59049 36 340
3 3 8
10000 32768 308
1000 256 179
117649 4 354
15625 25 276
81 64 116
1000 64 179
4 262144 443
16 9 20
3 1000 179
6561 1024 262
256 3125 217
100 3125 217
27 16 112
1000 81 179
1 81 116
625 1024 179
729 7776 262
16 32 112
3125 4096 238
9 2401 183
49 64 113
729 16 171
7776 343 262
1000000 117649 525
16 64 113
531441 46656 470
64 100 119
4 4096 238
15625 64 276
1000 4 179
1 1000000 525
81 10000 262
1000 59049 340
15625 1 276
531441 9 470
256 531441 470
46656 49 324
4096 6 238
729 117649 354
4096 256 238
4096 64 238
59049 512 340
64 729 171
1 32 112
25 46656 324
10000 46656 324
243 1000 179
1 7776 262
9 256 128
243 10 128
7 3 17
5 6561 262
25 1 24
25 1 24
46656 531441 470
7 625 144
3125 100000 351
117649 1000 354
100 81 119
1000 36 179
1 32768 308
3125 1 217
216 1 125
512 625 137
16807 32 276
16807 625 276
81 7 116
6561 4 262
1024 100 179
59049 625 340
36 1 112
49 1 112
343 4096 238
4 32768 308
2401 27 183
6561 25 262
64 6 113
64 9 113
1 1 1
81 16 116
1000 729 179
262144 10000 443
262144 1 443
49 64 113
100000 81 351
100 6 119
16807 4 276
49 4 112
36 9 112
3 8 17
1296 4096 238
16807 59049 340
36 100 119
243 4 128
1296 8 182
81 7776 262
216 4 125
729 262144 443
15625 1024 276
1 125 119
1024 5 179
4 64 113
262144 27 443
81 16807 276
1 1000000 525
16807 125 276
15625 1024 276
81 46656 324
25 6 24
512 9 144
32 49 110
4 1 8
1024 1 179
100 256 128
243 1 128
6 4096 238
1 6561 262
3 256 128
9 117649 354
4 100000 351
5 3 8
9 81 116
125 125 109
9 343 144
16 1 20
1296 9 182
7776 1296 262
81 64 116
27 46656 324
6561 9 262
2401 531441 470
1000 6 179
1 6 9
46656 343 324
5 1000 179
16 2 20
1 2401 183
64 125 119
81 343 144
7 5 17
1 5 8
6 16 20
36 7776 262
46656 9 324
262144 64 443
1 49 112
81 8 116
9 512 144
8 343 144
16807 343 276
16807 6 276
46656 1 324
7776 5 262
27 729 171
100000 531441 470
2 729 171
10000 125 262
15625 7 276
4 15625 276
5 64 113
531441 1 470
1 25 24
6 10 20
3 27 112
100000 1 351
6 729 171
625 216 144
27 10000 262
8 64 113
2401 8 183
16 729 171
4096 100 238
100 3125 217
6 216 125
1000000 4096 525
4 3 8
81 4096 238
9 1000000 525
15625 1296 276
3 64 113
625 81 144
5 243 128
49 25 112
9 81 116
625 4 144
1000 9 179
1000000 64 525
262144 7776 443
81 216 125
25 1 24
64 7 113
243 1296 182
2 1000000 525
2 2 2
1296 262144 443
25 2401 183
10 625 144
2 2 2
7 81 116
36 729 171
1 531441 470
1 8 17
1 100000 351
81 125 119
7 81 116
3 4096 238
5 1 8
1 243 128
1 262144 443
25 216 125
4096 1024 238
16807 216 276
36 1 112
512 4096 238
216 16807 276
4096 1 238
36 81 116
1296 100 182
1 3 8
27 27 112
2 3 8
1 9 20
8 729 171
262144 100000 443
216 100000 351
1 16807 276
1 1 1
1 1 1
117649 6561 354
25 1 24
100000 1 351
46656 46656 40
16 16 5
2401 46656 324
81 343 144
36 100 119
729 1000 179
64 243 128
343 1000 179
1 3125 217
1000 5 179
81 32 116
15625 6 276
512 4096 238
243 1000000 525
81 64 116
2401 32768 308
4 512 144
1000 15625 276
1 4 8
64 5 113
4096 10 238
100 7776 262
2401 46656 324
8 100000 351
625 64 144
1 25 24
9 9 20
4096 49 238
49 8 112
100000 10 351
6 531441 470
10 3 20
8 216 125
729 9 171
531441 9 470
625 9 144
9 10 20
6561 15625 276
32768 125 308
1000000 16 525
729 7776 262
1 6561 262
46656 6561 324
4 16 20
81 1 116
1000000 64 525
531441 625 470
100000 343 351
1 1000 179
125 10000 262
5 6561 262
243 2 128
