647974 327422 509
174014 474886 449
44348 604259 470
606229 217609 470
524767 765383 509
526641 906945 525
48031 699475 509
648932 716961 504
239378 451478 449
602447 610711 403
445580 356020 449
143017 465421 449
55868 479293 449
500591 963723 525
55590 713692 509
575592 83321 470
145080 534502 470
185172 936642 525
633740 865490 525
678961 97109 509
437241 998664 525
457065 885701 525
342614 381906 441
531931 609936 452
861453 961391 507
944068 241981 525
209559 985926 525
342666 743838 509
128281 307000 443
499493 969845 525
148123 828622 509
169642 629427 509
948449 894225 507
248053 164380 443
691176 51641 509
872947 221958 525
971774 390589 525
298186 700415 509
619838 756041 509
278309 101198 443
98087 654798 509
375071 15378 443
235417 722163 509
984139 671880 525
462059 190505 449
781534 250728 509
466347 719452 509
82618 863022 525
588467 358725 470
453911 498422 444
13604 197596 383
958672 872256 507
757058 236715 509
961480 902804 507
911724 254718 525
616375 808383 509
226422 589047 470
30549 104251 351
113509 915838 525
509345 800940 509
335942 736725 509
125902 415943 449
197739 331657 443
196811 202189 342
465411 676932 509
989037 846389 507
677269 124544 509
406396 188904 443
93977 383446 443
331031 17254 443
389939 321396 441
514948 578118 452
863693 929901 476
846168 699930 525
274255 565867 470
366207 716913 509
805566 298431 509
913641 754294 525
180206 183897 365
590994 335541 470
154597 953491 525
793643 762622 468
378766 637607 509
438570 219042 449
364950 51585 443
861483 369946 525
700263 765936 504
368705 541255 470
155903 697654 509
543134 341397 470
307820 298046 371
836826 539384 509
183078 431661 449
463907 305432 449
689353 402833 509
70338 181321 383
335725 181046 443
631942 12595 509
328868 336279 366
163855 82449 383
440975 748594 509
895288 707605 525
765469 652276 504
115362 600616 470
76065 586452 470
444314 248014 449
191119 762428 509
458406 223400 449
418068 534753 470
731505 526611 509
179535 801011 509
695312 659374 442
571887 102192 470
733488 945914 525
957290 936084 507
240223 680602 509
468438 167979 449
564979 609337 434
609128 296326 470
902618 700618 525
508424 591756 470
281600 619179 470
484109 478248 413
334743 693027 509
245530 58016 443
336454 237898 407
302292 132102 443
247600 344840 407
261823 332231 407
427487 321589 449
457652 588576 470
234125 624800 470
751745 595633 509
963791 720811 525
844061 17770 525
915870 169683 525
246022 325473 407
670916 904334 525
15161 64454 340
7776 450445 449
653389 476782 509
438485 358753 449
74797 487307 449
80533 647290 509
56304 393341 443
282949 392842 441
176087 425153 449
992398 706951 525
950306 466823 525
515776 363280 470
149007 165602 383
559458 204263 470
356016 41113 443
192922 752477 509
182888 434138 449
186997 696715 509
280578 351438 441
878164 596028 525
743917 672904 504
808436 871592 525
284248 591319 470
758168 124059 509
3558 517434 470
644821 909557 525
789582 233907 509
483450 932234 525
762770 897588 525
798682 360233 509
40090 862966 525
206775 252154 443
550829 472681 470
202444 26177 383
3851 85446 351
195639 54143 383
251241 990592 525
544001 640695 509
908361 705624 525
323339 503758 449
931958 446992 525
233880 187275 443
315417 64567 443
740337 89151 509
581051 684387 509
986169 506046 525
797208 339773 509
622413 883659 525
607644 32630 470
472151 854546 525
520573 253976 470
850608 509262 525
40884 802743 509
941871 781899 525
72281 38342 340
641555 473350 509
130266 422469 449
942472 722288 525
466199 203608 449
164697 906385 525
852509 51252 525
816307 979465 525
467006 940786 525
20370 376178 443
852874 994054 507
536587 165922 470
152940 245001 443
450740 311309 449
337442 984114 525
241203 189511 443
981018 243747 525
706594 115430 509
315302 6047 443
850716 787718 525
188316 230682 443
330855 674342 509
764941 626153 509
600510 591599 403
804448 719705 468
148345 597269 470
597258 739739 509
493083 411734 444
968299 791132 525
599544 982688 525
832136 871027 525
598081 20175 470
85473 680308 509
39086 327060 443
28079 354594 443
872454 379185 525
451196 79681 449
723598 661792 504
794206 392776 509
866764 416276 525
287953 143029 443
314358 929047 525
441456 401531 449
899132 630482 525
382544 10135 443
687279 673771 398
773689 384448 509
965964 315529 525
502146 830717 509
806761 752563 468
721096 4752 509
286267 676438 509
871051 241488 525
315586 603877 470
426917 668180 509
280017 328603 389
426087 668043 509
673021 807516 504
116497 815849 509
722850 464697 509
399726 270780 441
981197 569810 525
500106 199581 449
265993 88342 443
122449 793409 509
68489 783078 509
783942 754479 468
282671 436632 449
554332 342860 470
249591 626904 509
547764 867090 525
174275 426984 449
395828 616031 470
342979 3335 443
420864 152234 449
631488 137072 509
334744 920208 525
11654 252729 443
473294 671117 509
138028 868700 525
218850 38342 386
426049 750227 509
347132 637570 509
203925 668636 509
648005 974073 525
785633 384476 509
782370 23557 509
118100 655264 509
695758 566197 509
966522 712894 525
35666 702017 509
941579 389210 525
335780 32855 443
741198 79749 509
591066 706899 509
850728 968383 507
60745 972622 525
668869 670173 336
24254 863822 525
349090 206278 443
593176 343643 470
254836 597719 470
602880 550193 434
575480 275622 470
549063 724689 509
100376 390820 443
469146 372722 449
390775 92124 443
160868 988181 525
676697 386072 509
583745 978998 525
374130 466914 449
27162 384862 443
88138 730856 509
981409 884885 507
406281 660729 509
634602 567349 509
23460 388588 443
611109 656666 509
469284 672415 509
223348 232566 443
15952 876445 525
330221 375297 441
924151 975961 507
917741 939149 476
117276 737111 509
720855 17783 509
676670 366762 509
278248 732090 509
522242 362328 470
912248 523869 525
901119 657369 525
484496 431501 444
816486 468222 509
296994 234693 407
872780 810543 525
943657 481577 525
363478 261709 441
247710 100723 443
982080 293110 525
541460 240324 470
410698 619238 470
504305 676124 509
151999 273979 443
407241 207269 443
202403 468497 449
274904 165225 443
337784 33547 443
725852 757797 424
985965 118387 525
40013 206069 383
283620 188281 443
846202 852526 419
761950 438552 509
151297 124042 375
286214 502422 449
137195 250366 443
410966 49258 449
769762 476584 509
139434 509623 449
683919 296548 509
878687 725623 525
565332 942974 525
872615 739059 525
919139 242433 525
302445 478894 449
840633 886254 432
829663 346530 509
721531 428745 509
671197 133026 509
649131 979533 525
479868 886814 525
126215 28735 354
231799 622405 470
290878 746975 509
672306 66757 509
729488 469947 509
99052 656686 509
787137 538271 509
680322 828340 504
350393 798695 509
593050 275283 470
974587 360053 525
508210 937933 525
831104 262973 509
804229 455375 509
283503 63293 443
430039 708338 509
838780 439498 525
430238 126236 449
79130 351494 443
967117 612679 525
266590 943534 525
866877 674394 525
376050 622480 470
270970 540915 470
162546 988249 525
386280 205318 443
795430 356492 509
684113 385119 509
833436 906767 525
658188 355075 509
399522 274272 441
285706 296628 389
746717 731109 424
453440 429524 400
480841 497632 426
846253 271329 525
431566 25985 449
451527 481823 444
763 164309 383
597702 957203 525
997345 504989 525
952524 765739 525
558031 103097 470
196143 935291 525
463525 140483 449
814501 820770 450
891863 200953 525
230475 642123 509
757376 843410 525
803026 453391 509
322656 687729 509
97734 901880 525
481972 602039 470
511996 310881 470
138545 447859 449
533464 357049 470
471452 551349 470
867640 934054 476
324936 646656 509
532929 918406 525
223725 31197 386
194116 305296 443
564514 759052 509
991500 955353 458
114552 870486 525
756934 31923 509
272434 295358 389
735821 321008 509
164452 651285 509
504402 649220 509
658023 667309 442
171173 571848 470
810294 947045 525
939554 512603 525
828264 316899 509
551738 434403 470
409674 511329 449
16541 444657 449
303192 211358 443
559105 796418 509
328088 152628 443
612626 822306 509
444820 286345 449
714998 857836 525
994226 387487 525
755387 804972 468
594993 421831 470
107360 72101 354
217986 515827 470
592509 523886 452
512577 427752 470
586959 760375 509
984142 834258 525
459236 551145 470
958860 573169 525
662687 974316 525
292214 40498 443
36841 457282 449
58713 15577 340
446709 401616 449
645874 982297 525
335725 763709 509
935396 467014 525
287614 499507 449
921365 786401 525
196093 719107 509
49639 285011 443
363060 23269 443
14862 681461 509
308238 818652 509
494867 661516 509
359194 245368 441
883492 353810 525
969407 426997 525
404821 684783 509
834877 880193 525
321143 425863 449
763355 693915 504
271187 366508 441
613491 999895 525
466436 971380 525
917334 72574 525
903342 431590 525
650077 657938 429
796767 499470 509
923597 400239 525
845184 301040 525
25062 650700 509
198455 799641 509
117256 621409 470
348765 941520 525
244995 100387 443
64535 873708 525
310393 32107 443
136339 818431 509
398642 451636 449
656225 645936 385
870396 971075 507
980971 552039 525
788989 843297 525
505491 37409 449
548887 550724 346
552615 690019 509
911670 620108 525
303555 961355 525
453433 85737 449
209668 524673 470
697658 986457 525
317540 195917 443
721340 634703 504
928311 980099 507
717232 527599 509
355521 835289 509
371108 356406 410
883698 294489 525
796105 913143 525
764223 147057 509
648095 288704 509
118109 53864 354
6143 845787 525
239260 854699 525
888068 50928 525
559839 600198 434
708247 376712 509
224436 77998 386
535254 869292 525
542356 885754 525
117921 619884 470
224440 252850 443
940033 144635 525
530837 137408 470
49908 908600 525
963830 718083 525
455769 90887 449
31926 844291 525
586484 340702 470
889302 734398 525
395295 464604 449
981697 208801 525
932814 571027 525
144025 127826 375
335485 380198 441
9533 829930 509
1208 147150 375
482394 914496 525
992134 369591 525
612267 722849 509
7859 621575 470
208910 941211 525
489145 40446 449
744836 840440 525
49355 750456 509
587717 598729 403
795773 542288 509
713086 338456 509
649427 952863 525
109160 795903 509
87012 956962 525
331206 40022 443
205738 692025 509
633595 1607 509
725929 348364 509
283781 201791 443
923898 165384 525
337242 641149 509
986100 556743 525
575901 83084 470
399477 398862 330
754557 650253 504
576914 171951 470
766187 527086 509
823705 845839 525
394101 589111 470
884991 691586 525
349956 601923 470
545387 939346 525
543086 453067 470
117469 505631 449
690617 45982 509
628605 683552 442
212333 519213 470
625212 546376 452
691093 907010 525
11689 37955 324
622226 167121 470
205202 240735 443
451163 835367 509
911700 59272 525
898836 679551 525
274562 42476 443
816970 223924 509
522606 157053 470
637833 420496 509
310039 605524 470
348379 453634 449
761007 938611 525
122077 400302 443
171655 200995 365
18495 839199 525
538265 913468 525
539543 814168 509
737842 625667 509
308003 571720 470
730618 504749 509
837465 323227 509
47265 252546 443
979501 835437 525
607016 798045 509
392927 968793 525
977865 805840 525
221309 607152 470
259268 686244 509
156156 905925 525
19656 216445 386
652591 849893 525
703354 887580 525
366434 233765 441
632164 361279 509
992150 550931 525
615933 83427 470
694488 124750 509
92369 223082 386
946560 958578 414
690253 128343 509
942851 960043 414
20137 472629 449
174326 590123 470
139506 798616 509
598368 131574 470
144435 495163 449
809594 731098 468
628223 73352 509
479045 756349 509
50590 471223 449
117384 588623 470
31890 709774 509
387045 177310 443
626692 741766 504
443863 947271 525
491600 139726 449
461514 960714 525
327146 431592 449
253207 639991 509
435371 238450 449
3355 233797 443
303548 466111 449
173747 180802 365
527261 362916 470
283733 227172 443
846995 591247 525
438030 463933 444
697324 991569 525
793172 466893 509
159216 551996 470
896071 450161 525
754342 874215 525
765449 135994 509
458495 947150 525
175030 510937 449
654692 782294 504
353666 603382 470
262167 338927 407
860078 14623 525
516552 983699 525
374183 567197 470
917815 707115 525
537467 699811 509
870528 628112 525
486008 733536 509
637960 423534 509
963683 741043 525
843842 451269 525
587666 134718 470
713567 621961 509
195815 819604 509
815120 561834 509
548393 817420 509
333177 426542 449
186368 697655 509
276851 628281 509
844557 417518 525
914430 167535 525
888676 229764 525
378370 333872 441
735911 47770 509
495168 999042 525
341824 887570 525
652698 284813 509
976570 157660 525
695803 958719 525
737468 886572 525
415076 452495 418
710500 791948 468
359444 402015 436
676028 905613 525
312787 867003 525
435100 452505 400
640412 812031 504
453788 947620 525
771749 192917 509
365683 844097 525
293004 609242 470
464625 656657 509
874912 192290 525
659861 303830 509
334664 973202 525
391948 462565 449
532756 83884 470
571015 648058 509
912798 656552 525
321143 340773 384
1052 199613 383
128104 874595 525
489926 890175 525
41207 143752 375
29086 858914 525
259249 702359 509
718496 380316 509
635018 774516 504
136200 340713 443
304567 296368 371
721531 436904 509
135656 695684 509
442195 410083 418
992037 294937 525
98698 108076 354
978308 773444 525
365634 585890 470
478213 61455 449
440174 128467 449
718090 791602 468
164129 767675 509
690742 520737 509
826161 891691 525
445664 988799 525
944263 601093 525
225716 322928 443
148550 72804 375
339302 336204 366
742934 287320 509
730132 759087 424
577612 561934 421
220856 240109 443
92984 870031 525
745926 329379 509
601354 490463 470
111208 138920 349
767329 711621 424
52308 534755 470
15410 544299 470
43526 452662 449
978833 223515 525
187359 771992 509
732511 511529 509
733274 116993 509
523089 611504 452
207719 648702 509
61272 103924 351
127654 336292 443
659762 200359 509
510721 365409 449
418765 699015 509
116006 894574 525
320723 779620 509
558944 662497 509
771991 413823 509
849105 943646 507
881562 887886 445
906958 763565 525
405177 586205 470
4951 18664 279
617783 528526 452
8497 945995 525
91043 398273 443
626402 862318 525
380390 88078 443
989257 357454 525
268907 386351 441
592151 974791 525
642603 920379 525
64622 146782 375
144212 977933 525
570260 240954 470
607701 526275 452
848339 830515 525
390536 969442 525
253425 161283 443
319229 622679 470
60743 934682 525
774815 665113 504
871617 531085 525
952710 199722 525
735089 211374 509
871256 6267 525
885519 394038 525
523932 609583 452
371793 687071 509
15901 295800 443
121635 599183 470
957495 717150 525
168964 590510 470
48513 632670 509
272381 31768 443
214871 694191 509
348414 873646 525
453186 981152 525
915478 381575 525
472518 821340 509
141582 15109 354
479561 857808 525
467491 362498 449
10907 271395 443
5023 704808 509
114150 898084 525
871379 700575 525
120307 138626 344
824947 405090 509
852758 98548 525
657678 886891 525
444472 612985 470
408232 871181 525
62527 841593 525
642294 417888 509
913500 252619 525
326325 458966 449
954224 969168 414
171751 397356 443
813852 869116 525
125163 614845 470
781091 743669 468
309815 703728 509
914814 208083 525
26613 160146 383
473277 97480 449
95928 942910 525
183381 696153 509
838234 538105 525
590858 881738 525
446771 404954 449
76026 611096 470
851448 731878 525
548803 511328 470
260973 91642 443
427666 53981 449
809544 877473 525
447753 984975 525
980004 417990 525
590988 715382 509
270046 835 443
771113 919101 525
124944 838935 525
381217 481780 449
43240 743351 509
296023 56054 443
561444 373435 470
66772 762538 509
694636 243001 509
192053 973796 525
91019 27695 351
894962 679339 525
21772 893017 525
970059 152854 525
444717 378083 449
164625 191503 365
137410 573433 470
185294 265977 443
558825 756090 509
890258 902574 401
122598 697482 509
787739 395169 509
807771 248582 509
632736 596003 509
154149 237523 443
353274 164417 443
925141 315471 525
764399 709450 424
947529 193385 525
634205 215470 509
900839 175245 525
444480 303489 449
771381 966903 525
129952 253215 443
286808 424873 449
267481 45162 443
831336 138680 509
100872 605871 470
865580 220992 525
124175 843303 525
37239 884983 525
468614 127897 449
992862 693727 525
109951 140828 349
987284 123349 525
442419 958651 525
862885 172231 525
591949 886705 525
151051 899779 525
300051 877587 525
351216 722922 509
933613 923661 476
298049 461123 449
469076 477956 382
966187 339436 525
828312 439387 509
168118 712747 509
983373 117330 525
182522 870498 525
843475 769160 525
147713 687969 509
617153 436449 470
526651 409429 470
406062 36098 443
427480 253919 449
921883 247033 525
366470 644608 509
71232 355258 443
783495 684208 504
736818 421508 509
234669 165710 443
284781 165475 443
310133 962929 525
824452 451726 509
396734 328348 441
637282 837936 525
57316 824336 509
516476 96004 470
751038 476604 509
977493 416537 525
93424 820880 509
461229 599797 470
635437 475503 509
912583 268310 525
646860 44035 509
373654 490899 449
292294 749674 509
586307 62050 470
793034 876237 525
685021 295730 509
155965 401618 443
427422 277944 449
929809 519335 525
22614 907208 525
72833 575743 470
198711 50393 383
827174 427866 509
243580 214763 443
221305 207868 386
635638 759620 504
450854 491135 444
94196 342997 443
540809 182660 470
693838 59196 509
103495 866565 525
575822 488867 470
315980 916550 525
206844 632261 509
119004 286314 443
21573 911953 525
856024 935074 476
126791 291495 443
490704 661824 509
597436 176831 470
167743 677354 509
231616 871657 525
176359 646954 509
694784 878319 525
837706 922017 525
187841 795030 509
697090 524380 509
254090 231556 381
451646 423551 418
915632 572091 525
588761 389661 470
323196 581955 470
186648 995946 525
718714 890790 525
965440 103944 525
295201 837269 509
190930 522493 470
78874 347880 443
190372 699270 509
881390 685571 525
271581 694020 509
517713 716884 509
773517 190741 509
919109 755256 525
518119 574078 452
522989 294333 470
72540 75460 325
123247 79810 354
705940 16282 509
902980 666619 525
495179 678644 509
98911 227217 386
970823 349049 525
226615 977190 525
