1 1000000 525
9 1 20
1 90 116
1000000 1 525
684 861 171
522 656 145
348 613 142
854 78 171
24 278 128
728 816 153
372 67 144
624 911 179
783 937 179
519 641 137
82 253 128
676 927 179
622 326 144
636 722 171
476 614 142
524 571 137
458 37 144
677 208 145
788 655 171
954 257 179
629 746 171
1000 545 179
986 68 179
918 406 179
484 141 144
815 782 135
305 788 171
15 593 144
334 546 142
542 123 144
932 845 179
860 873 179
868 857 148
34 85 116
863 150 171
817 933 179
646 418 142
924 963 174
849 560 171
572 523 137
80 821 171
782 638 171
955 790 179
276 558 144
876 60 179
14 52 112
943 501 179
736 211 171
549 136 144
410 766 171
556 294 144
314 57 131
201 355 144
225 728 171
804 576 171
110 768 171
604 529 137
104 378 144
246 732 171
282 555 144
493 318 144
876 857 179
158 795 171
114 550 144
999 694 179
479 690 145
53 855 171
575 58 144
47 914 179
515 657 145
826 76 171
691 660 145
83 78 111
617 987 179
533 967 179
196 897 179
413 818 171
770 613 171
427 922 179
384 591 142
502 481 142
320 672 145
786 558 171
130 149 117
635 136 144
71 814 171
94 751 171
337 551 142
981 351 179
322 558 144
413 175 144
604 323 144
147 866 171
498 904 179
724 206 171
327 381 144
30 539 144
300 644 144
929 847 179
174 815 171
8310 1622 262
5562 8057 262
4015 8009 262
9314 3405 262
46 478 144
1370 4550 238
8245 9758 260
5393 4992 192
3587 1815 199
1999 9836 262
3463 3072 199
3537 1439 199
768 5210 238
4320 7707 262
1078 9903 262
3120 202 186
2183 885 170
7298 3845 262
549 7505 262
321 729 171
4901 8841 262
555 470 142
8071 8740 234
7740 1784 262
2476 7602 262
9762 4068 262
8603 1798 262
8225 4895 262
4269 9009 262
8446 3051 262
3092 6338 262
3661 4957 238
4462 1057 238
252 8834 262
8916 5578 262
6439 7469 257
6161 5481 236
3999 2004 238
7226 1527 262
7065 2474 262
8899 2070 262
8648 9110 247
4118 4998 215
615 7816 262
6858 2073 262
8520 6970 182
511 8075 262
1094 5253 238
2660 4655 238
2089 6937 262
6496 4483 262
4643 4079 215
8736 2808 262
2871 5509 238
3344 5668 238
7022 9453 260
1516 4799 238
35 5264 238
9213 60 262
9776 2305 262
6476 1781 262
7661 927 262
385 9 144
5881 8393 262
9574 2239 262
4587 8660 262
6502 8275 257
4587 6714 262
9729 5112 262
8768 1219 262
5011 3892 189
8403 9442 260
5666 9072 262
6489 4653 262
6589 2287 262
4476 1140 238
9473 3809 262
9623 633 262
3719 3175 238
770 2955 217
8997 5459 262
479 7482 262
698 4684 238
2256 9900 262
5051 596 238
5691 80 238
5272 8971 262
4692 5909 236
2008 676 144
6834 5358 262
9952 5008 262
4244 1797 238
9859 7403 260
6159 148 187
3981 7758 262
8394 5574 262
4553 3522 238
9305 8196 260
8673 7679 252
6793 3898 262
34483 45498 324
19232 45719 324
47267 73751 51
87932 31131 351
86730 35192 351
65536 26450 340
22329 35860 324
15909 54222 340
8865 50423 141
77295 32050 351
16658 98415 351
42682 33758 324
30407 78250 351
75040 3283 51
77848 44286 351
15680 41752 324
38721 13496 324
9445 28527 308
31320 48233 324
46642 63984 340
73924 97322 351
61645 54368 335
61141 64797 330
52650 41160 340
64795 24412 340
84035 61567 351
67252 52259 340
52503 44377 278
7898 97685 351
44065 11398 324
81091 28366 351
35940 93488 351
52407 41655 278
76644 97651 351
10668 6340 255
61549 77843 351
89053 12048 351
32615 66061 340
47763 6292 324
98821 54804 351
10955 9733 255
68961 64091 312
69005 45939 340
10385 10998 268
60040 46577 340
4105 70887 51
19385 91 279
81599 82740 320
77035 93992 307
60468 14812 340
67726 42659 340
56095 88405 351
35146 45780 324
11487 16895 276
31905 66946 340
76027 79256 351
83712 96775 333
34913 94455 351
55809 71089 51
2344 250 183
10731 27788 308
21502 55878 340
66494 29178 340
65723 4143 340
25755 95363 351
22902 55575 340
38184 46430 314
33488 94262 351
92041 43008 351
68683 57609 53
56811 13619 340
24422 78407 351
58611 20606 340
72277 38883 51
94486 98385 328
3 74033 51
56583 70378 51
40830 98581 351
74184 43644 51
80966 9951 351
91850 54265 351
3054 49708 324
95197 3731 351
93700 27115 351
20837 80221 351
93241 99163 328
21952 47769 324
68434 8056 340
26142 29424 308
74431 14537 51
13137 59769 340
11043 7685 268
15621 99395 351
61835 48571 340
35723 29403 324
80615 64946 351
8148 68670 340
92501 86051 333
96943 64110 351
41538 16363 324
627408 592620 509
710588 780678 468
470496 85836 449
180424 55121 383
3387 594869 470
802036 465876 509
222580 900542 525
268074 589416 470
237865 701971 509
49780 382136 443
55421 29754 340
109454 106340 323
978468 859997 507
302513 781783 509
38874 204296 383
973217 284780 525
318380 944583 525
409961 295112 441
221320 253730 443
375285 382218 423
540456 3018 470
561704 101094 470
485464 255888 449
321122 111931 443
417457 503107 206
584378 986089 525
118395 624297 49
756311 654024 504
989712 192451 525
684333 438020 509
684191 986719 525
951201 73068 525
192398 515143 470
568531 67123 470
495242 227826 449
322489 683256 509
609268 996949 525
735189 237512 509
265733 844473 525
316004 348641 441
102062 414973 449
565249 90202 470
937601 548208 525
550583 188626 470
241628 129162 443
159486 584404 470
399139 409919 405
178959 287784 443
215504 357124 443
101113 964602 525
398406 181579 443
834717 264519 114
646066 417847 509
794762 453802 509
425742 459638 312
430316 457498 400
343838 173177 443
386342 257312 441
355434 343195 441
759669 342627 509
309297 142738 443
82480 177756 383
569582 750634 509
746959 350819 509
811951 434256 509
217859 797448 509
757586 723626 424
496018 416353 206
74699 225103 386
993900 227525 525
252570 154590 443
907440 152489 525
818268 469764 509
429989 955145 525
468046 996089 525
956941 711468 525
399115 215654 443
114091 526669 470
761973 505796 509
748227 271620 509
642481 856665 525
249308 570907 470
539334 407832 470
198509 342995 443
887546 841772 445
731179 549412 509
830335 688278 114
147429 237992 443
61882 922610 525
511525 18849 320
189391 212299 143
280673 220202 443
810199 480616 509
742362 29013 509
89475 767294 509
8394 393552 443
555467 396522 470
782449 996105 525
10411 77680 351
761817 520816 509
410018 942902 525
890873 542330 525
598508 815620 509
938255 601768 525
296841 265831 270
727638 269271 509
65016 243754 443
969828 565974 525
875004 994217 507
379886 603479 470
822235 554154 509
150666 587232 470
447800 148261 449
984602 669037 525
453798 275019 449
642736 721799 504
937140 657132 525
713657 420106 509
588812 835380 114
215317 716250 509
922298 596114 525
761815 595789 509
135020 122439 163
608823 166262 470
632119 406853 509
464128 939928 525
774163 530546 509
633425 960292 525
265385 123448 443
526528 553784 452
357724 943494 525
338550 331706 366
597680 339957 470
920068 792857 525
379689 578941 470
257452 332233 407
718647 793811 101
29049 252683 443
560449 38781 470
900437 821185 525
447756 209004 449
812871 343369 509
961495 734814 525
368388 929581 525
570676 146809 470
502570 193641 449
106442 940292 525
876082 809852 525
714330 787787 468
799173 284771 509
35416 884031 525
775221 100540 509
265756 655999 509
524604 421859 470
792092 779452 101
141037 401905 443
858627 404057 525
337186 438525 449
928685 532360 525
26069 820182 509
651859 535806 509
220522 45309 386
960726 53022 525
228585 86269 386
809950 694129 504
801916 83789 509
597623 598879 372
674937 671631 367
805759 39209 509
248906 696849 509
453490 562759 470
168079 480716 449
200663 829320 509
638751 799333 504
826711 516171 509
591546 860845 525
675537 550686 509
286178 659011 509
298206 692712 509
49113 834693 114
960330 753181 525
840453 290934 525
667293 24264 509
98609 652248 509
758298 683182 504
471016 318151 449
226152 723216 509
523079 198356 470
154581 363997 443
353316 737272 509
985635 944921 458
212642 897632 525
493451 458512 444
284009 132931 443
225640 996690 525
328987 608583 470
247519 627199 509
648111 290109 509
535940 617239 452
17366 955447 525
610289 561210 173
762466 483615 509
283934 357574 441
291633 239068 76
663018 941761 525
152823 92840 127
167095 717977 509
128343 803909 509
270934 810305 509
329652 943715 525
257653 604275 470
328462 591562 470
820013 908177 525
480355 833823 114
466506 970601 525
969224 926217 507
953534 709761 525
333135 517979 470
182643 316212 443
735310 904833 525
989161 874142 507
294329 248669 407
812931 76595 509
277108 539159 470
345306 277482 304
267226 884976 525
753518 557440 509
847285 709661 525
376649 139660 443
698522 109773 509
369131 580611 470
97798 528912 470
754092 248179 509
147867 598054 470
498742 572621 470
53212 467051 449
92665 634926 509
663793 70118 509
246992 136603 443
205953 974489 525
863846 718364 525
409101 656516 509
254857 830571 114
221383 344166 443
57513 164312 383
210469 255356 443
77505 533959 470
892770 335764 525
279107 954243 525
232765 505606 449
282013 459828 449
260873 436407 449
590531 783896 509
384226 727737 509
405597 780440 509
331449 537889 470
555712 199507 470
233532 688632 509
177619 526781 470
618934 678948 509
955457 192239 525
432888 918795 525
681371 400016 509
270707 664622 509
269658 460385 449
224111 701099 509
833010 479893 114
371250 906786 525
444894 336678 449
565564 408758 470
335718 682501 509
747401 399118 509
733568 792986 101
78766 761100 509
514697 895796 525
414650 973580 525
859774 684363 525
985945 445089 525
475709 376708 449
820876 378513 509
933737 818068 525
659903 699651 442
71098 895758 525
510426 722612 509
332900 399523 441
578938 59864 470
776151 381357 509
627061 746728 279
153023 105432 127
87542 986438 525
595956 946041 525
908336 74829 525
553036 50758 470
273233 170617 443
776758 582155 509
187965 518425 470
211373 844822 525
463095 732903 509
293156 604944 470
491743 601846 470
190764 243566 443
463228 743182 509
714447 200324 509
791873 732075 101
545198 786144 509
196626 967233 525
666834 726448 504
851435 314098 525
270123 560272 470
961070 558153 525
538861 783536 509
867339 633304 525
200142 939426 525
913621 743188 525
350580 336660 441
323986 375406 441
949299 170684 525
467610 319313 449
480637 494643 426
736154 760171 57
172150 632645 509
308879 689981 509
939617 892722 507
119075 678716 509
704661 764902 305
911207 313909 525
502029 257139 449
519005 146359 470
758375 732550 424
397204 298182 441
863653 386286 525
758122 107028 509
407317 932515 525
664235 247920 509
297898 651254 509
467841 983929 525
387010 833060 114
533020 628286 509
935800 392919 525
795522 166571 509
365075 593518 470
544000 618637 452
927153 601190 525
560654 897210 525
985575 344441 525
425222 300027 449
285256 930532 525
363818 329009 441
107111 407909 443
829241 215667 509
905987 569818 525
654504 882193 525
948603 333558 525
690869 874273 525
966058 865125 507
249342 242645 350
494765 222136 449
949052 618552 525
618174 536526 452
806911 592272 509
508895 614273 470
137817 154953 127
429156 897198 525
941194 455262 525
939524 147389 525
970641 306635 525
701397 705984 504
838210 493550 525
660601 360919 509
445541 145080 449
223212 175025 386
961507 433311 525
258943 817112 509
902389 430313 525
771521 362966 509
477332 232866 449
720320 402075 509
268294 901984 525
835978 318178 114
702416 667159 49
736832 781230 468
691576 966133 525
878039 532001 525
230747 299026 306
875851 401743 525
791976 182588 509
280366 694682 509
799490 565425 509
373924 671331 509
674673 652759 442
930461 908919 109
622906 415267 49
456820 260692 449
516578 681458 509
724357 999900 525
398139 403733 387
474581 748315 509
988436 962857 458
163280 737873 509
233611 690416 509
501281 251360 449
857067 340695 525
181949 358561 443
647076 521977 509
188625 77787 383
506669 365630 449
259629 375226 441
725253 319782 509
570557 113993 470
192516 725169 509
265069 369312 441
680411 531249 509
147507 304405 443
153527 231154 443
164401 985419 525
510442 939862 525
675642 100199 509
298935 303241 234
729757 711920 411
158262 92069 383
572417 682013 509
848643 855353 419
448603 22341 449
797303 229915 509
180157 575409 470
610673 804118 509
175098 967273 525
759671 637623 504
411153 67629 449
905509 300861 525
868702 698570 525
409944 184453 443
819291 190812 509
135734 215418 280
818177 826945 450
151280 348742 443
781144 347608 509
323248 937087 525
735027 802415 468
501812 3267 449
664131 892284 525
581098 452000 470
948984 482439 525
848411 289622 525
475859 325798 449
173367 11210 383
932158 50910 525
537298 22364 470
987509 262978 525
54175 149392 375
876045 702663 525
244557 818847 509
781783 163702 509
725935 131437 509
805761 554605 509
541365 42338 470
750023 933438 525
732949 96055 509
417324 45710 449
435649 961173 525
560 428054 449
496722 176184 449
234778 587426 470
458835 446546 387
384304 137498 443
814698 801682 83
584771 907402 525
947487 27238 525
859168 482434 525
98976 490497 449
723818 57575 509
985028 448524 525
164277 957675 525
54916 238295 443
774861 491592 509
660267 755699 504
706344 37120 509
986435 995904 396
57980 176314 383
602814 669714 509
780063 741231 468
35351 263289 443
583934 128891 470
370076 949105 525
763140 432132 509
977672 597538 525
925497 141115 525
643823 659213 429
703997 678800 274
437372 269204 449
886007 180335 525
913422 409713 525
642604 677364 442
914503 276890 525
888895 945892 507
519835 426899 470
695653 823644 504
621991 103111 49
918948 368393 525
166170 61680 383
45215 40254 314
64562 77265 351
10475 2820 255
76669 88046 351
78495 19525 351
12120 72468 51
10361 91318 351
33733 24810 308
72780 36143 51
59778 28 340
1107 14355 276
86716 77014 351
51076 52568 340
99365 74558 351
21154 63987 340
73098 67900 325
57925 40269 340
93382 57687 351
32634 20374 81
97156 34396 351
26415 45685 324
904 16057 276
86698 95665 333
98702 53960 351
31146 55553 340
7236 29381 308
1989 49558 324
82020 70358 351
28931 93978 351
49249 10079 324
49679 57406 340
63436 74354 51
33167 92485 351
73703 87132 351
61105 67711 330
2698 10071 211
50005 17013 141
48231 3271 324
5637 21297 140
14236 65326 340
4671 82187 351
91584 64745 351
14966 52362 278
6353 19187 279
28621 73632 51
93705 42187 351
41090 17237 324
93534 36993 351
46580 42324 314
2799 70768 51
59468 46832 340
66435 7891 340
68985 5272 340
598 60433 340
64314 48063 340
34292 20211 280
72438 96035 351
84167 45918 351
63414 34404 340
67985 28843 340
22055 70883 51
27896 92522 351
31832 35573 311
77847 74225 351
80612 95732 333
15862 5567 276
65859 78902 351
33837 52737 340
70962 21056 51
77571 49793 351
51759 47294 314
95697 86650 333
4369 28886 308
5493 71924 51
2273 4026 238
37991 58104 340
14474 41162 324
4082 55529 340
48303 28468 324
88250 65434 351
12975 52093 278
30995 22067 308
47102 9168 324
90923 3837 351
29452 70080 51
88700 94630 240
59706 6737 340
22370 19179 274
90857 30215 351
40465 50612 141
6299 32026 81
50623 14278 141
56837 49477 340
59495 92439 351
11602 32827 81
88069 47843 351
84418 47276 351
62942 4275 340
36880 54292 340
86650 54687 351
3190 6172 262
329 3816 238
7344 1399 262
8271 843 262
123 2211 170
1019 8311 262
8116 1063 262
7420 3335 262
9689 2911 262
9214 9079 198
3653 4639 238
6169 9076 262
2650 7419 262
8168 6711 257
2066 4002 238
2832 329 209
9593 1341 262
883 6377 262
388 9863 262
2413 4996 238
2993 9698 262
3350 3207 181
8461 279 262
3259 4714 238
4455 3153 238
9554 981 262
8234 3876 262
4727 8462 262
9185 9301 260
4560 2282 238
6266 6827 244
8943 9652 260
4174 2347 238
9364 2334 262
4192 5191 215
4481 479 238
1873 8093 262
7199 1642 262
8761 3700 262
1442 7983 262
9470 644 262
1219 7964 262
3131 4009 238
6931 14 262
1250 833 182
2123 6559 262
1028 8099 262
1839 2700 209
8887 6549 257
7974 6803 257
3273 5406 238
4385 7556 262
3587 2213 199
1897 2428 183
225 4496 238
5928 9645 262
6161 3165 187
7389 3979 262
3847 1131 238
7677 9466 260
214 2719 209
9465 7805 260
8415 3246 262
176 2741 209
4712 8166 262
9369 778 262
9176 9071 198
7362 969 262
3458 7499 262
4529 1965 238
1014 7712 262
2392 4873 238
7644 5172 262
6548 3455 262
4644 2944 238
1281 5463 238
145 625 144
7841 9607 260
6071 2589 187
7765 1534 262
1557 3300 199
1154 3939 238
1615 3805 238
3609 2082 199
7211 7619 239
7819 3187 262
1774 4952 238
2839 6329 262
4737 8293 262
1197 4338 238
2991 2397 217
5953 8749 262
358 2032 157
3389 4163 238
5279 8826 262
3754 7241 262
7693 5628 262
9923 1285 262
7898 329 262
1691 9938 262
201607 586557 470
458516 439522 325
383154 279620 441
201850 412884 449
750910 194691 509
931676 762157 525
115596 719155 509
36461 323108 443
843461 868278 419
751850 781864 468
840893 765549 525
385875 809957 509
248574 353369 441
264830 385440 441
826102 327896 509
221489 363746 443
453023 312718 449
336095 281687 389
513407 837746 313
938292 583008 525
829502 264466 509
971035 648438 525
554794 87511 470
268641 840053 525
800271 658201 504
466779 837217 313
661989 757681 504
734088 219826 509
221222 163303 386
212051 284777 443
579036 748705 509
784145 840725 525
15969 818143 509
480161 232264 449
159613 677951 509
704400 778208 504
865935 883108 52
761981 575111 509
472577 370853 449
522698 719569 509
778434 876276 525
247803 300544 407
434237 928626 525
498533 635404 509
407647 993214 525
934614 286737 525
126208 702132 509
330809 32753 443
178589 807361 509
747957 792717 101
801212 177490 509
735710 454636 509
535687 655476 509
703274 243868 509
174163 270583 443
133236 891781 525
493571 718799 509
220096 13113 386
366144 189984 443
50119 949183 525
132823 844995 525
610439 827023 509
270091 905006 525
935480 465750 525
472010 848108 525
427381 163757 449
86513 817470 509
123114 165694 383
714146 468731 509
474460 877967 525
583847 305479 470
92783 72006 351
682316 90397 509
765149 532503 509
174084 525574 470
318592 496953 449
613225 855959 525
195101 408492 443
589267 991337 525
411955 73836 449
46022 900868 525
162494 727744 509
201355 947852 525
271003 722220 509
310776 953276 525
379799 754042 509
75155 600037 470
822773 275075 509
912307 692870 525
188631 297051 443
342504 958192 525
169819 102394 383
211761 661732 509
528685 61199 470
763642 484198 509
446930 251845 449
950663 88239 525
387463 360219 162
283001 899227 525
857869 33024 525
297161 649061 509
840997 223664 525
678183 914904 525
880626 965868 507
222184 193186 386
255124 383073 441
712070 528999 509
637165 223167 509
428693 85501 449
947578 491323 525
104740 460161 449
411348 707419 509
858469 424222 525
149258 706201 509
296635 448298 449
477153 72966 449
994244 264296 525
556083 170100 470
519002 306081 470
995802 564148 525
828594 572991 509
522637 391972 470
829124 992714 525
775495 645711 504
262961 295193 407
468591 901189 525
594899 595894 328
136783 893737 525
572064 848143 525
964198 576569 525
628258 549792 509
787445 597241 509
455322 330993 449
653272 978994 525
912842 924381 109
700252 818112 504
884249 322618 525
163197 627882 509
875458 701332 525
766417 134599 509
155811 608717 470
193214 962124 525
730774 708951 137
225871 398162 443
175172 501600 449
497689 736837 509
286399 207016 443
110895 598174 470
246230 673902 509
76917 403257 443
587975 445372 470
580653 178461 470
240340 475925 449
291004 990696 525
861514 720510 525
406231 554658 470
101547 550868 470
959896 797056 525
971915 924650 507
159118 461447 449
102827 517890 470
844041 487740 525
821376 751290 468
677425 680396 380
334580 954533 525
552004 987134 525
887187 813125 525
772240 662549 504
154124 674653 509
816842 180882 509
321337 325273 384
450359 81404 449
69695 978732 525
770042 155906 509
90171 252682 443
552471 99582 470
555072 54761 470
158090 523750 470
472360 551353 470
574074 88885 470
472053 883172 525
381191 180893 443
576186 369759 470
117606 477285 449
709650 157570 509
105702 599604 470
404161 616633 470
904117 444472 525
128710 521774 470
981597 541843 525
843318 314965 525
61509 498123 449
577517 778202 509
445398 595151 470
943742 412926 525
294844 511140 302
449983 836146 344
774122 86357 509
897690 113129 525
328560 507269 449
272495 580237 470
184166 412858 449
946931 819116 525
563066 944031 525
456178 474518 444
389643 219166 443
355596 380357 162
396390 976188 525
476769 368832 449
683480 895668 525
790291 948158 525
109305 954411 525
912334 700300 525
268318 217210 443
925077 264332 525
140630 923928 525
160423 306516 443
359822 988358 525
719210 532729 509
852706 289513 525
525192 996795 525
254990 574251 470
387456 679596 509
930566 466412 525
464307 517553 470
917878 672904 525
233186 902159 525
662560 489091 509
494724 893979 525
405407 331683 441
861447 283916 525
346175 205029 443
230777 285382 306
643911 956616 525
743197 888664 525
705558 894443 525
779817 523209 509
484948 213372 449
584577 803419 509
414273 648364 509
141378 718007 509
565470 916019 525
211048 812145 509
450773 224030 449
614976 396233 470
167013 192457 153
397845 558370 470
516156 178033 470
569765 193388 470
616090 618389 372
627978 629440 173
495798 532255 470
681834 928511 525
534897 788844 509
785319 155401 509
606828 417635 470
954203 285439 525
159375 175988 153
285171 526309 470
212207 324949 443
423655 919004 525
918961 468518 525
612746 960148 525
749226 721979 424
625172 731427 509
877037 911894 476
672738 141034 509
650294 760059 504
450217 999067 525
916798 648106 525
780811 388970 509
424510 913912 525
974849 113313 525
828643 175372 509
166490 221640 386
460517 878248 525
241568 196629 443
150953 486026 449
246163 520059 470
129852 631371 509
662294 855595 525
788209 496035 509
607752 111243 470
290703 605647 470
103619 766638 509
273564 630483 509
726778 246923 509
162684 465277 449
274530 667872 509
647563 768863 504
697206 468779 509
772718 801813 468
595598 246937 470
650921 603965 509
573044 608117 434
967492 826419 525
422408 765404 509
765813 585989 509
661331 888000 525
727547 645583 504
