653372 902598 525
512984 678810 509
499207 874610 525
707442 477366 509
635433 16303 509
880061 410417 525
507836 875734 525
175247 338979 443
51624 701742 509
448027 514086 470
615359 501059 470
328446 460261 449
808651 573955 509
837893 409489 525
772886 549891 509
360403 127991 443
772823 610074 509
809190 210915 509
754756 59977 509
811112 706602 468
120657 537343 470
281003 504754 449
14475 193591 383
709448 844591 525
883617 533806 525
985933 124108 525
911545 290887 525
75899 77040 351
519549 728847 509
822311 546260 509
121660 712465 509
760719 404018 509
770113 749785 468
982949 73886 525
322222 532193 470
426183 395214 449
763874 523128 509
169903 637334 509
586272 173653 470
308386 684649 509
891555 750600 525
452048 245681 449
997121 871073 507
350748 967075 525
45939 280005 443
112448 649242 509
675885 17995 509
656858 548513 509
473022 152916 449
740973 5726 509
416341 188268 449
798268 829626 450
711760 922961 525
159039 729511 509
345887 621840 470
405733 667368 509
560985 773829 509
493763 152132 449
789667 461129 509
686947 570454 509
565414 499080 470
245893 474242 449
413410 196621 449
602974 603182 266
488074 67832 449
298515 601166 470
594863 575356 434
486128 643798 509
313298 567186 470
247478 621590 470
681278 492433 509
640956 736972 504
838751 747523 525
278232 304630 389
408080 934660 525
858910 196663 525
892427 334244 525
626678 363602 509
196782 124833 383
410039 764204 509
114419 912850 525
295331 525862 470
860982 243613 525
968753 236650 525
868210 308620 525
892372 480420 525
29684 138262 354
386062 633905 509
533731 622623 452
230728 773180 509
91315 206005 383
876889 44432 525
248866 443739 449
225381 623216 470
2101 949219 525
290994 235041 407
795984 342302 509
617806 736465 509
941455 612116 525
213739 146440 383
843289 285009 525
255445 91836 443
989218 518685 525
29154 96041 351
18507 5363 279
39494 689288 509
641518 460071 509
402714 946652 525
858913 734523 525
374791 626267 470
896006 423845 525
857334 394541 525
105470 129758 354
539453 70708 470
911554 517361 525
116849 301217 443
281082 639266 509
576938 785175 509
691532 146409 509
9439 534976 470
711104 123736 509
232559 622620 470
818017 677925 504
262651 2463 443
570981 65250 470
919319 908016 476
18599 469592 449
219644 20426 386
917783 792632 525
975485 534609 525
310133 223482 443
703106 223384 509
827643 529966 509
791598 881023 525
339629 94142 443
157774 787670 509
908527 271230 525
209241 791826 509
139168 421163 449
73954 997809 525
190980 607428 470
590570 332882 470
222169 880276 525
577640 566790 390
851609 122596 525
781114 714600 468
716764 612842 509
287910 74244 443
524689 23192 470
946803 952804 414
468112 339157 449
296785 749004 509
619578 30337 470
171265 895395 525
486959 643905 509
675932 228676 509
64555 135892 354
551292 500634 470
651996 103071 509
985293 388965 525
566733 999508 525
848851 578507 525
363433 503630 449
152124 258278 443
651348 525778 509
559903 938649 525
597805 251230 470
238569 853773 525
599552 727334 509
127903 533113 470
906046 55932 525
830821 97009 509
471256 268237 449
621939 183940 470
769773 182011 509
120029 982433 525
612035 11928 470
538734 165543 470
996457 657378 525
476366 785456 509
545153 804918 509
591002 259868 470
906332 948919 507
478200 105485 449
280039 998681 525
581254 213743 470
959605 742845 525
373241 287105 441
933431 370024 525
324465 358551 441
260630 414435 449
46902 657527 509
152125 212183 383
508122 759445 509
1371 403585 443
436406 757181 509
758988 418851 509
708962 156066 509
125204 343804 443
343476 650576 509
250204 498012 449
335767 258777 407
133719 564005 470
201398 294537 443
247899 37173 443
707506 46672 509
793358 226192 509
216456 247945 443
334379 457269 449
727062 712869 411
600302 372523 470
203135 568186 470
390007 798034 509
635651 456110 509
516261 49413 470
74156 968398 525
700670 976939 525
172026 179749 347
522710 582307 452
631858 480141 509
688773 512015 509
434212 748822 509
85158 556857 470
162284 368356 443
916375 834451 525
876721 255382 525
851693 933868 476
263803 332460 407
366926 233355 441
438380 449041 400
849064 294835 525
777818 419037 509
319559 531971 470
344297 279124 389
849126 786459 525
598271 620005 447
851850 624545 525
757695 628178 504
398574 840004 525
37138 166110 383
936603 931440 414
869480 496222 525
489201 422797 444
513136 696650 509
739207 102343 509
62050 830635 509
808518 963682 525
873538 150197 525
116633 498165 449
288333 473372 449
134560 615921 470
963067 77036 525
54817 671026 509
374882 83505 443
586833 455150 470
947120 134053 525
95868 862928 525
945993 457404 525
940270 918506 507
231007 112042 443
715538 741864 424
304258 468237 449
875602 365336 525
188313 647546 509
534501 825635 509
785430 326684 509
149486 226663 386
674005 404104 509
608523 733060 509
678694 815130 504
398677 403648 387
661693 349023 509
661987 896096 525
325835 841987 525
873299 618241 525
428658 459197 400
205558 812183 509
970003 917428 507
324942 608008 470
739706 702140 504
321097 840928 525
563478 401538 470
491541 245780 449
426244 607454 470
984004 481275 525
924110 290116 525
709584 792002 468
449371 694252 509
927137 861812 476
578076 776872 509
808760 362845 509
800192 936686 525
943241 85148 525
246630 814848 509
763071 787272 468
592138 941248 525
643445 69397 509
473107 603633 470
713320 849276 525
439624 299565 449
913840 502841 525
964364 422556 525
284826 357046 441
56575 251101 443
335186 666201 509
893624 591081 525
459498 347591 449
695341 310181 509
329501 884046 525
712789 302423 509
331828 25323 443
564618 68646 470
953638 102536 525
273747 503906 449
340928 826718 509
954624 563184 525
940958 991930 458
993644 349466 525
400055 576248 470
364197 538924 470
759332 556743 509
828163 618712 509
719010 152792 509
805056 1275 509
803573 480749 509
142151 441309 449
976565 381686 525
3808 984704 525
211357 804311 509
387964 186632 443
128918 353629 443
806053 230156 509
374153 476482 449
467186 631134 509
575277 142741 470
123532 891006 525
291025 208030 443
854720 102783 525
475710 328608 449
150027 331881 443
32898 319549 443
975111 337316 525
915631 264006 525
908128 974039 507
35260 275080 443
935644 164419 525
628336 199949 509
200411 769483 509
449304 799649 509
20368 121359 354
809862 580347 509
21711 218225 386
728331 862750 525
390188 122517 443
958549 902345 507
297677 12728 443
308544 943778 525
59533 215594 383
136961 256009 443
437280 403305 449
213940 509948 449
97875 886114 525
793782 905954 525
906308 97621 525
731708 971408 525
829303 752265 468
581824 194096 470
679715 656397 442
814670 907630 525
139736 582495 470
571916 271890 470
397406 743357 509
799692 180654 509
962922 193171 525
858703 614437 525
445604 815685 509
13164 679844 509
851348 850921 357
226669 720773 509
27712 657044 509
26361 828284 509
260115 205744 443
951703 145374 525
282326 424622 449
748435 669533 504
981750 422081 525
202977 385814 443
66698 746764 509
253250 622273 470
185539 890752 525
707377 762979 424
913376 628438 525
23065 311772 443
638647 416606 509
756642 681233 504
18962 415816 449
761050 869632 525
989616 425432 525
637118 578471 509
785998 885955 525
651712 269926 509
950470 121372 525
882593 814102 525
415907 479437 444
342987 325162 366
81929 995233 525
514926 82840 470
439581 945182 525
920464 131751 525
546799 193035 470
423624 31746 449
128091 300936 443
975679 926697 507
565012 897811 525
753357 866135 525
566772 384636 470
243307 721144 509
326005 590201 470
499302 210820 449
734803 900912 525
348290 478343 449
289437 369607 441
353473 913274 525
548310 825052 509
791308 657505 504
926377 273694 525
712510 249689 509
969961 196348 525
239400 230435 443
582224 807328 509
537916 91899 470
773682 880145 525
834187 355531 509
337635 655996 509
336667 293252 384
178404 488571 449
611885 964302 525
544267 276932 470
937088 929291 414
785356 62680 509
695075 784946 504
854856 737357 525
198276 386471 443
262360 181445 443
896267 990693 507
502071 277326 449
755553 845704 525
298026 845842 525
70832 80324 351
532737 252103 470
719908 422451 509
881368 103342 525
879326 234283 525
670494 554613 509
358460 405556 436
465207 900709 525
417589 857386 525
803783 999368 525
417395 706983 509
157032 860557 525
387291 747656 509
818451 486959 509
711935 186605 509
568205 830634 509
644960 40610 509
720976 266500 509
387542 133632 443
413107 211093 449
861966 844131 419
90448 667611 509
43598 184740 383
506947 375719 449
945764 853313 507
974184 700709 525
44406 526590 470
230194 546970 470
899133 752887 525
333812 898066 525
845773 466224 525
319145 553756 470
96581 959589 525
609003 383266 470
630465 363740 509
101602 870217 525
121129 610588 470
860339 860115 357
286153 378604 441
885477 760806 525
449081 891371 525
339504 247408 407
182385 210924 373
746046 672879 504
870194 403675 525
944033 96078 525
356465 208681 443
53663 432615 449
739578 296126 509
34693 638478 509
853809 432906 525
530579 332555 470
356314 6597 443
152119 427976 449
299120 537948 470
718555 432492 509
140229 696957 509
407163 277363 441
278313 819535 509
464268 44084 449
286036 105352 443
125258 83551 354
923029 121987 525
390664 533249 470
784943 407151 509
3594 747896 509
232440 428214 449
33501 135002 354
876616 941814 507
636414 637324 310
359810 186463 443
320522 711865 509
672340 731145 504
96031 784407 509
794960 447112 509
579144 615348 447
576998 453580 470
337071 386057 441
128908 52653 354
11337 981444 525
815413 287373 509
119527 93953 354
486302 964050 525
299166 536794 470
388577 146814 443
835213 743352 468
430033 896367 525
499507 719864 509
179704 770854 509
750911 463929 509
145886 177804 383
478212 415371 444
485807 147192 449
340207 24213 443
578743 941446 525
504043 606244 470
408550 698408 509
822080 536453 509
960419 37997 525
691050 217919 509
936462 316815 525
21376 45849 324
553389 593265 434
987031 419232 525
898646 927950 476
299402 247930 407
283304 300679 389
952353 879791 507
671289 395630 509
646674 941701 525
220706 797192 509
7562 601034 470
526147 976602 525
794284 678714 504
136207 163352 383
672739 662290 442
164344 773169 509
787496 54438 509
36164 467778 449
408237 269385 441
899760 232682 525
834138 940048 525
832021 624442 509
54076 426419 449
368902 714903 509
46808 565721 470
109452 825931 509
883874 978849 507
580399 67194 470
108835 987079 525
921230 728259 525
326822 271281 389
939612 329207 525
20232 826722 509
275308 935663 525
221876 501678 449
247509 417273 449
712959 391941 509
805496 328846 509
467708 730070 509
368590 475428 449
96485 277484 443
253859 900548 525
46531 293102 443
861433 240406 525
642810 483636 509
561727 796147 509
531926 972851 525
21396 467528 449
769326 878127 525
123581 993756 525
221288 739546 509
66012 939052 525
960567 138921 525
115912 530287 470
835290 875936 525
78557 18943 351
350664 864482 525
738468 153810 509
815896 958237 525
983377 444308 525
374447 714625 509
401714 544318 470
849703 85885 525
811769 225540 509
442798 333598 449
63466 161221 383
120218 182117 383
740853 461541 509
577744 562784 421
903513 744371 525
316510 64752 443
258570 962077 525
800940 752642 468
963968 429740 525
556569 248513 470
623880 522011 452
315688 276443 389
120388 55833 354
249940 424283 449
385173 766879 509
85096 327008 443
872561 688125 525
389302 752475 509
78852 921255 525
395441 796407 509
510785 57929 449
907341 347285 525
792879 524305 509
160900 814036 509
294707 577208 470
619058 851219 525
528983 427956 470
308832 454340 449
150550 714969 509
465044 411506 444
347289 935093 525
917907 460890 525
195472 351244 443
19243 761338 509
656590 83078 509
63804 477464 449
113491 761847 509
304582 264435 407
271828 705710 509
539030 728593 509
664870 858383 525
849428 173686 525
414403 214274 449
694324 677474 442
507613 8498 449
794229 879088 525
387835 840570 525
37364 158974 383
553423 523690 452
83476 367450 443
222547 131980 386
764880 718163 424
825266 695680 504
900132 873125 445
709885 314692 509
255118 668209 509
131555 267882 443
592434 699417 509
823785 672202 504
724810 936579 525
613632 748755 509
310585 654436 509
129813 164834 383
345302 671784 509
644876 271848 509
150413 529262 470
399675 916309 525
241397 937922 525
196504 856123 525
874696 174943 525
979698 63360 525
225048 485659 449
835097 125799 509
639052 560727 509
735801 187623 509
672832 429678 509
296725 417280 449
293069 93402 443
710278 910626 525
173180 433597 449
115390 251036 443
251420 773102 509
640780 312362 509
135546 23352 354
74145 272665 443
987766 176250 525
691900 753606 504
158535 88323 383
8951 75632 340
831789 107068 509
772485 817084 468
658614 158793 509
737551 975882 525
77357 788595 509
645170 100433 509
209099 200268 373
539492 3390 470
325524 752968 509
739811 613247 509
636351 597321 509
815038 609106 509
698807 882662 525
967030 98201 525
129914 735885 509
772908 881511 525
269068 139763 443
154283 232140 443
551860 505860 470
788667 693302 504
634593 938662 525
196051 565918 470
469139 350579 449
785121 531144 509
384718 277036 441
84171 461335 449
558393 149943 470
64886 633286 509
30487 189032 383
771122 404991 509
982988 590159 525
393801 244765 441
479834 347541 449
572984 269900 470
119876 545146 470
619683 115013 470
421457 953515 525
776540 234188 509
291838 567645 470
539090 598393 452
620364 99276 470
193510 597084 470
472741 102008 449
245058 954733 525
929478 760915 525
846232 975811 507
379747 165667 443
129548 719080 509
945367 577125 525
357854 631545 509
409154 299318 441
527425 152294 470
395433 508125 449
82450 797678 509
155504 938460 525
345317 397641 441
843886 891124 445
937213 625094 525
504545 652308 509
604643 408984 470
922357 909027 476
934259 876238 476
950072 849317 507
396404 351617 436
503082 413745 444
136833 425096 449
366796 11087 443
518609 743117 509
88734 852482 525
132152 933849 525
129691 829044 509
692683 538916 509
789523 59387 509
48383 462982 449
566911 592542 434
668105 109868 509
183532 202364 360
201016 903508 525
620102 394338 470
779610 917929 525
594670 537617 452
978516 390951 525
356578 839949 525
590882 990601 525
437141 4364 449
244858 305769 407
101239 904620 525
75634 473148 449
485112 47118 449
893748 564575 525
553013 240041 470
433442 363032 449
720300 555020 509
994738 721422 525
608562 803753 509
538479 464811 470
77755 329534 443
212490 96332 383
931009 570119 525
225114 344448 443
514051 801264 509
747300 891640 525
481378 62974 449
647325 326373 509
294752 488133 449
624332 827444 509
346394 794744 509
528762 863027 525
792192 387672 509
191980 334275 443
271803 810876 509
139775 826002 509
131485 465296 449
230930 248323 381
29754 749957 509
633349 7730 509
99337 725947 509
244484 818764 509
913176 773738 525
442960 680339 509
331690 574332 470
969052 120118 525
128309 894233 525
863325 660114 525
677725 258554 509
14805 982005 525
635417 384322 509
904908 795858 525
52570 113766 354
790080 274567 509
280000 821284 509
874379 524286 525
88800 199512 383
880015 651329 525
10218 547674 470
305260 6059 443
738332 689603 504
568699 23913 470
210568 946088 525
178160 385924 443
643668 819036 504
159619 586495 470
699058 942770 525
712656 953235 525
241641 569411 470
589226 353394 470
283702 739963 509
322813 815851 509
233725 491064 449
989897 869310 507
662188 122928 509
714282 212581 509
610005 975349 525
882579 664967 525
463866 512560 470
705619 319938 509
892068 797074 525
867179 98899 525
935799 4270 525
603523 925667 525
494404 846274 525
35186 180132 383
651889 515687 509
219601 625485 470
159668 412253 449
533970 183530 470
350446 289370 441
985167 150501 525
145822 924903 525
143382 37325 375
676468 245537 509
500488 849849 525
354808 634878 509
477440 587118 470
689523 822641 504
166269 407705 443
56706 769078 509
921198 757557 525
573364 789029 509
368978 443359 449
45768 804060 509
167176 537756 470
806557 321773 509
859623 722605 525
998345 693335 525
375667 346137 410
102203 5574 351
436676 484796 444
703388 870979 525
9604 328692 443
898643 263977 525
864823 767850 525
892523 36983 525
417684 843070 525
669871 787124 504
308695 331228 384
8260 856846 525
534299 785252 509
326114 266894 407
539401 515602 439
189742 30206 383
87639 220831 386
833636 547750 509
173104 825910 509
966672 40823 525
595064 384580 470
758771 554756 509
20619 664839 509
225067 909571 525
943044 930835 507
653549 690102 442
838249 432038 525
934549 864444 476
955354 401198 525
548729 2619 470
818218 872507 525
780956 223016 509
187800 163512 365
971689 964136 458
447578 963654 525
441008 183187 449
631035 560923 509
339677 329645 366
661965 580919 509
619322 968148 525
914890 320979 525
753271 637539 504
748210 411836 509
222556 422227 449
902449 538270 525
288939 130632 443
48162 248637 443
490523 912562 525
550524 481269 470
947969 9000 525
994300 230263 525
778589 431536 509
420866 762714 509
658387 473993 509
940167 34303 525
189497 358318 443
159912 999221 525
509369 950170 525
389879 427922 449
264609 348980 441
794033 346587 509
756287 896213 525
44091 449009 449
929120 872228 476
501326 624530 470
389592 362558 436
123869 895442 525
590410 497426 470
937051 797117 525
850101 173938 525
371030 640080 509
548557 773030 509
380451 776041 509
405130 337390 441
951291 474270 525
256203 791347 509
716372 382906 509
953028 474481 525
650349 472884 509
580925 103833 470
864758 650587 525
249092 9743 443
778897 853175 525
530827 142416 470
897548 321096 525
342008 610209 470
811984 16743 509
790767 785642 406
90712 440036 449
744025 674491 504
703052 909802 525
149466 292007 443
835332 253071 509
909479 564439 525
749273 182387 509
925476 185364 525
353657 131879 443
874448 240862 525
713542 570106 509
749530 658492 504
70333 830147 509
984929 123128 525
751972 862413 525
249136 773703 509
775867 878557 525
494838 516566 470
923692 627120 525
197700 37626 383
839628 360899 525
806383 395405 509
393188 644528 509
200135 82448 383