817007 728362 468
658350 507698 509
982999 98103 525
428289 763990 509
611661 927245 525
82096 82241 214
907095 848398 445
140111 27922 354
829529 481590 509
731309 642520 504
993627 663231 525
326039 683176 509
580438 475861 470
707375 445859 509
318164 246260 407
462946 597238 470
658086 471116 509
59231 910155 525
339219 246435 407
582442 286052 470
87360 999264 525
86627 17481 351
942813 856778 507
219619 509102 449
772287 682067 504
641382 246881 509
40723 165649 383
148267 817755 509
580317 557518 421
37127 837616 509
171526 208089 373
281873 46192 443
118302 942718 525
205033 748496 509
563616 241541 470
80896 657061 509
417123 163823 449
573284 298495 470
613658 404730 470
659849 52504 509
868607 580141 525
484653 261012 449
106778 228419 386
797989 744548 468
55875 482771 449
513437 476935 470
930999 334517 525
833692 873414 525
170681 624527 470
192816 727611 509
869132 726506 525
508441 668106 509
603403 842694 525
859376 422669 525
340706 370315 441
577612 733240 509
273109 636398 509
570450 249239 470
474562 19559 449
83320 641974 509
373446 422518 449
711410 426840 509
600425 280875 470
475861 616661 470
132619 996334 525
323099 170760 443
659686 758556 504
209549 896974 525
400449 215217 443
773885 261346 509
728781 307047 509
804702 847404 525
7274 622118 470
278042 688369 509
574017 282057 470
393652 335455 441
595068 731507 509
282173 176984 443
975460 56811 525
983638 790211 525
173975 36219 383
28259 219854 386
527423 730257 509
956689 434151 525
427625 951205 525
51391 628479 509
524305 670985 509
507298 629103 509
814363 983891 525
640774 177428 509
361150 400198 436
271765 865991 525
474912 514447 470
310812 945781 525
534166 83606 470
926733 422892 525
244537 786422 509
162088 211196 373
387716 171181 443
637572 950831 525
939870 693572 525
974986 430374 525
179162 297065 443
693328 443071 509
336254 381476 441
600073 70551 470
963236 283643 525
711205 112177 509
575790 486133 470
95758 615952 470
44873 666704 509
924709 744517 525
810944 243316 509
705603 189751 509
260267 243861 363
615584 995826 525
857600 320357 525
769563 675241 504
448214 708275 509
109143 862554 525
752428 311219 509
39806 223832 386
746452 914806 525
862111 775795 525
824188 982802 525
766096 310332 509
204334 794613 509
455080 625830 470
96235 13223 351
81100 21084 351
230340 640184 509
408579 820536 509
40250 774938 509
87350 521937 470
279841 694749 509
955213 350256 525
910526 510713 525
748349 420072 509
388508 535277 470
111607 261161 443
218660 331787 443
963375 807636 525
318062 755928 509
388283 414124 449
225785 37649 386
314222 277840 389
153999 763083 509
433239 616312 470
984007 268301 525
656397 962184 525
402295 542396 470
882941 799839 525
68577 686609 509
788478 567582 509
377665 500698 449
158053 80904 383
786726 337259 509
416628 406252 449
462206 277246 449
629215 752262 504
618027 906074 525
869093 413725 525
620720 969654 525
671247 974534 525
861325 540572 525
640885 726995 504
154537 898255 525
496588 368824 449
839495 625442 525
548828 751377 509
479336 587810 470
39981 218268 386
746748 568239 509
344291 242491 407
209345 353040 443
964162 565150 525
303683 623425 470
952641 875542 507
123211 675328 509
590364 137415 470
670244 641636 442
87497 655379 509
640264 81521 509
970056 387386 525
391342 33614 443
192252 874077 525
354725 946987 525
842626 152097 525
936548 4767 525
441916 974365 525
207912 863923 525
215363 140745 383
27805 100552 351
651860 808976 504
471632 148511 449
722441 783592 468
229419 664594 509
453140 155697 449
262457 515079 470
189301 968032 525
120306 798902 509
377894 165695 443
341325 185824 443
949120 191197 525
416102 77709 449
915026 480503 525
907422 696414 525
84881 408610 443
132277 180328 383
824267 829623 419
986898 943826 458
678382 754325 504
899334 259334 525
938334 433907 525
909515 498604 525
356537 14823 443
500433 147409 449
445194 420856 418
281619 425008 449
466978 998489 525
104305 392388 443
951762 426837 525
163536 98436 383
17622 174635 383
263666 117268 443
558500 292188 470
152911 444413 449
419969 338710 449
258275 776983 509
964049 159543 525
461510 335781 449
427325 544546 470
484578 816338 509
617057 254837 470
620168 346336 470
503637 891975 525
704618 762586 504
873449 539397 525
579662 895710 525
919457 563842 525
111903 410126 449
72144 592599 470
991584 458961 525
652735 480542 509
950138 207476 525
915428 626519 525
781599 188791 509
533298 966118 525
915238 270965 525
317871 346642 441
50868 48859 296
818877 740296 468
884404 165968 525
775347 818584 468
188210 780748 509
849001 450118 525
287917 655352 509
685393 848921 525
164706 352310 443
803476 106700 509
165116 709857 509
954236 360004 525
796583 458542 509
262925 346056 441
239522 713082 509
355322 19596 443
783008 261165 509
166708 92675 383
129415 269311 443
86331 263062 443
76114 556764 470
339961 812383 509
222470 829939 509
17324 620123 470
18204 311670 443
734801 464551 509
639452 381607 509
390030 372357 436
158992 613241 470
400863 290045 441
843213 734701 525
322361 401605 441
74500 893349 525
183570 551195 470
884278 521357 525
599471 809973 509
701185 56157 509
809050 656853 504
964598 856035 507
461127 961810 525
458035 235091 449
755293 673501 504
623875 254543 470
288545 688255 509
761970 290602 509
121383 317177 443
767393 681456 504
875781 8694 525
768844 388500 509
806453 874375 525
480555 806393 509
158692 109045 383
92261 425330 449
73310 629766 509
997861 22572 525
608525 115582 470
838333 311736 525
675537 936831 525
424089 186654 449
73032 54216 335
618554 38498 470
245623 388098 441
622346 992953 525
212232 352310 443
277270 221097 443
487993 802164 509
305789 186087 443
694097 809035 504
576903 982054 525
700930 523888 509
18842 402569 443
304211 242672 407
552626 4946 470
340699 610572 470
76211 601893 470
670724 167546 509
463761 125227 449
725395 82998 509
348603 467135 449
430792 746755 509
768631 600231 509
154367 934885 525
195423 177656 365
922128 398835 525
27622 193139 383
462192 507373 426
799490 390572 509
309776 451133 449
508376 991721 525
603705 804635 509
347050 884705 525
715683 629467 504
910729 35064 525
485632 704190 509
268675 919316 525
493468 965636 525
890275 333248 525
492667 267617 449
934392 39538 525
805309 801192 406
273662 61090 443
589952 502969 470
406599 33581 443
301449 141104 443
933696 185575 525
472135 693018 509
702645 213190 509
281713 243004 407
918153 901517 476
297287 642978 509
568261 317883 470
980433 935176 507
983667 53951 525
93537 110071 354
144347 163464 383
206063 632440 509
200275 467621 449
780042 470621 509
352044 491690 449
962407 63764 525
71957 964060 525
800810 927490 525
559255 466680 470
540053 511104 470
477234 924495 525
87368 403930 443
86332 491544 449
185596 660296 509
182052 246585 443
468154 382679 449
943979 526149 525
756609 484056 509
398224 78078 443
315366 700610 509
635640 5915 509
687053 834588 504
26239 813816 509
790765 230409 509
280960 704796 509
352722 79110 443
757687 565033 509
786984 206873 509
839050 922062 476
557041 37312 470
90651 308160 443
889103 659480 525
4453 928165 525
850242 159374 525
687440 778339 504
667129 342475 509
148050 148238 264
785512 187725 509
146521 712537 509
42606 579004 470
715721 769350 468
603429 713906 509
747427 457872 509
859739 522016 525
34863 947032 525
879546 850968 432
361930 438223 449
294891 611786 470
189474 638433 509
678815 690108 398
793949 867252 525
752483 412202 509
109623 753591 509
877201 420007 525
817526 428678 509
85453 743405 509
910500 623064 525
371411 765653 509
571984 911475 525
226367 42284 386
190703 474527 449
600098 701275 509
185077 644903 509
131604 295424 443
4578 748214 509
96346 230838 443
671814 580055 509
387746 78836 443
750879 627873 504
26018 796839 509
890034 163161 525
109359 141169 349
180343 147378 383
924536 965770 507
318483 781281 509
935810 732058 525
898129 314041 525
401656 542987 470
139369 335002 443
918495 895665 476
348325 155331 443
610615 22192 470
950027 946635 383
943128 662416 525
224760 805519 509
928282 253586 525
49337 520342 470
833944 508757 509
775233 489745 509
293252 762374 509
795054 992175 525
372093 470993 449
883794 447014 525
528992 21819 470
695966 27239 509
499255 795162 509
603319 683742 509
446152 343938 449
265852 142144 443
864079 447868 525
298763 917881 525
809362 31815 509
351335 616964 470
6266 500462 449
922539 101644 525
176483 568843 470
364886 404570 436
971120 935656 507
227150 593506 470
706187 17552 509
155038 597893 470
228788 207044 386
5804 999777 525
612197 613243 310
15047 693625 509
198452 150513 383
345617 465757 449
191953 353527 443
934476 728937 525
122937 639122 509
381961 730982 509
725088 949805 525
226723 403888 443
447684 665669 509
746640 65162 509
590277 92193 470
801448 933728 525
937601 456977 525
869601 161629 525
779541 209293 509
62863 993488 525
568449 223516 470
814396 974510 525
640021 241726 509
15530 870663 525
284216 1078 443
557765 579236 421
475224 465227 413
370446 227505 443
502370 153617 449
464587 780536 509
961262 166619 525
528401 71082 470
811246 189193 509
654009 605406 509
588206 469018 470
64099 877668 525
954189 82610 525
556517 396195 470
852275 22462 525
837111 569238 509
109515 351733 443
679963 940988 525
796736 785150 468
470085 416772 444
572665 718799 509
811857 641798 504
36052 870573 525
838983 861938 419
844035 422193 525
192048 529148 470
32923 111034 354
644071 305685 509
814084 720405 468
905301 502757 525
34974 517316 470
477730 692553 509
820543 4403 509
247612 638172 509
967500 92220 525
224182 76412 386
322248 400920 441
708522 859844 525
813029 80216 509
548042 835380 509
230776 981516 525
697717 475504 509
46241 422068 449
720934 153403 509
865995 407269 525
329390 218489 443
397509 945738 525
120784 204153 383
79949 873928 525
857507 457664 525
703213 323522 509
892722 655429 525
184317 381011 443
816023 288864 509
496106 441817 444
960447 705810 525
871999 110361 525
580923 63631 470
212656 14060 383
800501 714424 468
954494 956682 383
593683 277303 470
216851 689894 509
912002 564842 525
434650 892658 525
684448 51833 509
43068 861801 525
602953 382051 470
926397 260657 525
618187 495375 470
725394 796991 468
121019 845212 525
612406 510058 470
54182 883312 525
143492 905296 525
962969 169640 525
490896 105509 449
16592 479261 449
351970 431052 449
454245 311065 449
743801 244291 509
288542 711409 509
151195 546568 470
18378 721226 509
382806 62560 443
214657 858366 525
660862 842061 525
925207 291089 525
341367 911106 525
8041 338776 443
705693 50602 509
462589 129722 449
160620 627905 509
478425 532991 470
215204 595463 470
235597 703537 509
735028 143952 509
589900 862154 525
28734 479108 449
888437 787537 525
456903 930072 525
133499 481423 449
733218 636288 504
504775 1847 449
350555 236395 441
212778 413921 449
136807 774426 509
362970 310497 441
446541 291086 449
721304 664747 504
127090 772448 509
296519 322552 384
199602 883818 525
246700 973614 525
23636 211764 383
325030 938447 525
325417 214759 443
886876 701958 525
757743 930118 525
754685 896654 525
561444 303459 470
575924 616319 447
56572 22469 340
807428 938620 525
994361 531642 525
145863 93670 375
855931 850038 419
647792 177023 509
686845 574278 509
182105 85677 383
151634 468308 449
634697 981657 525
183364 554077 470
853055 96688 525
805006 21672 509
930917 743155 525
514220 273050 470
961416 474614 525
647776 927371 525
189960 885363 525
745333 438090 509
44816 69238 340
277559 32518 443
807317 548058 509
576988 679655 509
43146 743896 509
575581 70690 470
914411 455462 525
695681 983502 525
763490 856581 525
892557 664991 525
391473 193947 443
398617 979023 525
968267 432180 525
449839 396593 449
384293 633267 509
850475 909800 445
185239 129373 383
893176 958031 507
814606 668957 504
375780 828146 509
270093 325542 407
346599 195799 443
969567 253551 525
582997 786237 509
423262 746193 509
229617 38300 386
606514 344642 470
901000 59376 525
782250 76190 509
444345 674639 509
461295 77956 449
915792 65265 525
658552 281669 509
228734 5548 386
43948 765841 509
841163 883226 432
304451 325261 384
535382 249617 470
885314 432222 525
950075 598560 525
996684 287079 525
605636 6324 470
24223 588934 470
425574 186785 449
961195 151339 525
828510 109872 509
140914 719935 509
729655 616107 509
200229 204813 342
308356 72293 443
735412 933823 525
899705 411314 525
766017 745205 424
89929 794134 509
461346 138918 449
22216 936312 525
768952 977396 525
77687 508209 449
687619 169144 509
89863 33074 351
41787 923598 525
735726 849087 525
711849 93459 509
775260 645721 504
913519 809475 525
87848 370898 443
200339 307565 443
312805 259975 407
810851 268867 509
346484 105127 443
844724 957259 507
158715 875094 525
445682 850128 525
520784 55817 470
312177 200872 443
810502 334116 509
998565 16280 525
672171 682079 385
418979 421163 343
27372 33871 285
618721 966399 525
920971 469760 525
917318 457524 525
999194 84103 525
515352 345054 470
171021 510511 449
771517 710997 468
541783 628317 509
891408 687960 525
313008 253036 407
703369 80542 509
585825 925605 525
716928 46353 509
831833 704318 504
759856 458474 509
70398 221323 386
757721 911233 525
903162 716352 525
160613 794970 509
239530 880361 525
706349 257893 509
783917 417620 509
783609 735243 468
87431 413211 449
578203 882040 525
842801 987131 507
208075 200208 373
732030 35314 509
648301 487934 509
400185 56233 443
830974 99584 509
857403 33705 525
698388 841050 525
384306 125880 443
370812 248735 441
829360 818 509
668250 987429 525
185951 419742 449
909074 624839 525
871511 517840 525
390384 242055 441
675900 576437 509
444750 309111 449
605903 18543 470
438241 806133 509
139156 301062 443
673751 617005 509
251399 636651 509
210476 360314 443
234580 85640 443
8162 300033 443
919827 40943 525
978007 134013 525
436920 697790 509
952330 664014 525
432566 701883 509
277617 862993 525
468915 272678 449
30687 502922 449
294463 402427 441
919778 340225 525
844084 879171 432
301961 572693 470
514142 137389 470
643421 822040 504
515878 588158 452
829172 344677 509
281109 166594 443
485462 266501 449
792158 806978 468
494302 728779 509
522074 238077 470
89523 643226 509
496372 961035 525
568835 439320 470
795358 908632 525
798050 315870 509
938744 204119 525
467961 729255 509
344621 181055 443
370201 279742 441
756985 225484 509
668176 148758 509
131801 237849 443
435803 249048 449
520210 635571 509
375711 973908 525
962911 519913 525
926547 235386 525
951554 993831 458
747390 703256 504
895792 297674 525
956977 967077 414
154565 671358 509
501796 462459 426
131246 767242 509
605438 245435 470
29725 417899 449
131590 595786 470
159848 405633 443
186836 54914 383
54289 248871 443
908118 404673 525
674844 725571 504
201582 771314 509
459679 742301 509
953595 290702 525
217728 678064 509
548936 492036 470
652410 970549 525
937983 708574 525
566787 649716 509
278571 511393 449
20783 741389 509
146083 444721 449
699944 913702 525
6971 588765 470
644565 158285 509
359168 646275 509
684392 186552 509
816939 774024 468
459349 258922 449
927554 540413 525
203642 930240 525
972655 725954 525
219512 504309 449
380385 178855 443
199143 183812 360
253373 227000 443
568749 985001 525
220737 886842 525
230100 220740 368
696811 143739 509
244546 249824 350
469966 687107 509
564619 136727 470
995627 641918 525
595969 527977 452
128681 585494 470
502616 744496 509
891101 433580 525
864768 500712 525
635481 59505 509
600067 439754 470
207554 187071 373
812678 583285 509
156155 483317 449
590770 908837 525
645911 256888 509
227269 596621 470
17289 541535 470
565191 131548 470
407502 73164 443
800177 499784 509
747005 434960 509
354793 269240 441
994261 704765 525
920948 672501 525
892902 807520 525
178113 814952 509
279163 790876 509
400724 783601 509
100435 962780 525
658014 181813 509
287584 475660 449
620127 350679 470
531337 758256 509
470109 668914 509
890446 518610 525
605027 235790 470
528248 651861 509
31342 246757 443
301193 370394 441
100492 719702 509
512827 620679 452
110852 542928 470
647276 116122 509
510758 257444 449
480145 763943 509
175637 177194 334
190607 242653 443
816885 84635 509
154000 525400 470
40577 722061 509
252572 478551 449
512729 883703 525
660227 950596 525
164607 320182 443
417511 585019 470
340612 767179 509
70244 584062 470
845418 639016 525
88240 632240 509
959897 228693 525
98304 640270 509
532870 401608 470
937603 184877 525
355708 473128 449
108059 819316 509
43595 779181 509
968709 748757 525
485845 514398 470
251322 350429 441
818583 312118 509
596332 880660 525
352238 409184 436
488727 113785 449
934594 634353 525
804705 906391 525
228154 114134 386
668560 910783 525
941098 747926 525
532466 616791 452
666685 870396 525
252183 820854 509
972954 465231 525
172458 869161 525
624003 406639 470
411594 688388 509
769899 757890 468
542511 946390 525
662147 810452 504
164710 363503 443
364676 136539 443
404872 868176 525
351724 11774 443
330990 327960 353
779201 82008 509
936007 499680 525
962538 439729 525
875577 872680 388
19767 933377 525
670534 299213 509
48509 413951 449
999788 30573 525
502693 837999 525
780247 365629 509
674829 301952 509
185607 676827 509
663431 162967 509
29138 574737 470
572332 115077 470
167068 77801 383
280477 38975 443
195190 473132 449
493983 651846 509
881643 200240 525
945179 154977 525
109154 501374 449
844822 341100 525
369567 790772 509
626650 162740 509
735295 231384 509
91116 423810 449
303566 594403 470
472143 75441 449
821074 380689 509
916187 980725 507
915536 47574 525
857048 588863 525
386457 698865 509
276051 851547 525
53674 915031 525
50143 462798 449
868747 451316 525
91892 407563 443
137959 439953 449
788601 649071 504
943398 861678 507
215299 481788 449
243673 945419 525
26243 277449 443
150079 549218 470
329243 288307 389
366085 558525 470
53719 853127 525
920714 814043 525
854713 946547 507
759348 463559 509
417700 420343 343
