2140 300892 443
480049 316427 449
708967 178070 509
309563 222621 443
524269 238017 470
257614 988554 525
746704 683808 504
365374 11162 443
178761 713734 509
115599 73090 354
731244 475362 509
657248 320730 509
792888 815965 468
291377 800951 509
691310 882461 525
933605 935557 414
229094 533063 470
177038 799758 509
509080 893688 525
604367 792341 509
620440 547485 447
415267 726089 509
173826 133255 383
106790 279448 443
8799 48316 324
381352 57791 443
201520 825299 509
942995 915863 507
23357 82672 351
55346 405272 443
182577 817032 509
307777 873247 525
442707 687002 509
957548 249383 525
278597 573408 470
458698 614721 470
809583 454214 509
786592 660236 504
716300 343085 509
255094 17893 443
844445 765503 525
169455 733255 509
664084 553741 509
516543 123373 470
191012 281455 443
136895 984104 525
517467 677366 509
582811 539733 452
793408 409791 509
700478 372828 509
132122 627604 509
562352 50279 470
557600 741135 509
255757 804838 509
452035 722049 509
576622 593881 434
125031 815706 509
528576 402950 470
546373 626848 509
780085 197234 509
750658 459490 509
85238 101114 341
84171 477544 449
370193 261913 441
442957 322721 449
423429 37270 449
146845 403821 443
922688 327396 525
410577 113147 449
187389 807504 509
600644 291436 470
839978 475952 525
503575 191478 449
153288 692782 509
464511 973019 525
913222 369429 525
676360 354402 509
146249 606404 470
699314 707419 504
750823 701595 504
399954 917675 525
298681 329410 384
244303 923483 525
983378 513745 525
588519 427161 470
855813 869151 388
258695 225069 443
816289 868137 525
425808 62115 449
272164 733873 509
839535 335963 525
818870 39388 509
70620 922997 525
417199 675232 509
346618 497852 449
721724 719530 411
63620 213882 383
911634 309012 525
985192 893656 507
579548 805099 509
688250 42892 509
795930 254409 509
553898 821242 509
612488 684607 509
907571 462499 525
586333 769921 509
370683 293103 441
458070 985161 525
853824 362431 525
638101 747413 504
508079 749117 509
298881 406739 441
226104 337803 443
857205 515226 525
945459 117875 525
140303 360026 443
382426 141636 443
508797 335336 449
617052 694799 509
733088 998680 525
453598 358090 449
951236 528310 525
739922 663028 504
878651 617538 525
947610 922754 507
421310 419426 343
135272 492879 449
733259 41207 509
44995 562464 470
672869 296488 509
56447 734616 509
213694 261094 443
984410 902407 507
855602 379709 525
819923 892845 525
83981 927074 525
616691 69533 470
864 774981 509
821435 483276 509
205431 9144 383
267142 769656 509
418138 944021 525
975572 336500 525
176210 761092 509
729949 69213 509
69915 639656 509
357940 390442 436
869562 192693 525
783364 698422 504
357263 473655 449
953985 545458 525
826706 80946 509
803425 575279 509
280298 428401 449
645660 721693 504
204767 66081 383
349567 624244 470
666405 842566 525
907810 798534 525
392042 107686 443
369769 811408 509
18145 874567 525
736660 926150 525
108793 527428 470
285172 50320 443
828053 54078 509
19432 208786 383
182381 6807 383
891706 403874 525
168991 453462 449
105504 829781 509
380668 247824 441
592755 982455 525
759357 536825 509
321925 340308 384
17651 753294 509
807404 465463 509
248910 773321 509
6721 812215 509
652427 26972 509
911568 414067 525
474010 491964 413
953290 614752 525
724053 581067 509
237830 696191 509
986887 215508 525
144787 420216 449
451143 47522 449
303784 182720 443
632450 370131 509
842758 805435 525
936417 938410 445
724905 458978 509
511764 395259 449
859919 622476 525
535174 528280 377
615630 267580 470
620133 815659 509
658503 514187 509
902698 339073 525
873687 572556 525
271165 286205 389
134999 456998 449
395120 819622 509
292742 64056 443
589592 855495 525
998255 26505 525
112968 881245 525
126661 393946 443
17200 499666 449
773182 334440 509
20112 500854 449
858699 878800 432
648284 494913 509
481108 812751 509
400857 865829 525
61590 9049 340
264720 560812 470
907718 58064 525
984608 406595 525
742393 953279 525
688351 580407 509
474188 691992 509
50036 923469 525
677841 749156 504
73819 952160 525
338598 661992 509
727256 7107 509
353754 555508 470
948883 639360 525
974193 18206 525
871299 771481 525
768931 277686 509
927531 488196 525
241707 534834 470
295823 135132 443
82260 75049 351
510531 362321 449
934669 848559 476
879873 207369 525
444724 693552 509
664659 638999 429
569503 726246 509
807352 437601 509
112596 740863 509
663125 381246 509
28560 474864 449
597824 88911 470
258563 458495 449
461992 938240 525
731858 930770 525
797798 899291 525
361938 282288 441
507753 475611 426
459259 734672 509
400807 499283 449
314487 16133 443
260705 662988 509
994588 163723 525
690089 441681 509
441010 926313 525
962041 221626 525
369794 204502 443
405903 284517 441
303734 808618 509
56318 452416 449
114608 350317 443
789697 253506 509
231358 260477 381
566141 755855 509
295131 447568 449
940137 1448 525
659455 536959 509
915458 558759 525
375358 778311 509
871901 591429 525
594890 15570 470
200028 772753 509
977966 639067 525
610500 774237 509
902990 993571 507
807001 901846 525
406371 383282 436
63080 193421 383
369277 145347 443
883171 132194 525
902731 284430 525
449193 327586 449
676614 357650 509
476897 21377 449
66859 30130 340
291610 700735 509
644254 299889 509
410913 711381 509
168922 211701 373
505602 681979 509
417537 160040 449
427630 808390 509
296055 24869 443
228237 422993 449
424582 748931 509
978922 405170 525
482515 411587 444
102103 610707 470
124777 44505 354
191191 571798 470
596237 247841 470
164461 975466 525
750222 483074 509
218007 14243 386
210566 7270 383
968343 287500 525
386310 383975 348
901410 961496 507
379969 525451 470
836574 174609 509
923772 991173 507
919292 489784 525
613988 142205 470
433228 98946 449
965710 387987 525
448000 17062 449
139860 4184 354
400252 259862 441
817771 268226 509
406155 657753 509
224485 973436 525
584797 634441 509
255171 460480 449
133757 425419 449
625580 783023 509
58543 577453 470
444522 750029 509
550792 161381 470
410243 543559 470
333444 998125 525
658182 817095 504
939876 289878 525
881260 549322 525
989762 519184 525
448426 964331 525
920756 999971 507
282676 595556 470
530380 472040 470
393502 652058 509
246557 955324 525
818117 616446 509
114716 464678 449
647627 757339 504
964376 678369 525
669614 678242 385
515126 630205 509
881430 679041 525
348915 157051 443
640333 936271 525
128351 899768 525
424415 931621 525
409217 296222 441
407213 718751 509
30265 921851 525
449630 728494 509
449721 427053 400
784124 584624 509
937801 633852 525
170191 972909 525
727718 953287 525
362600 558162 470
654204 840921 525
23931 451560 449
220310 491966 449
529079 757683 509
572550 682560 509
913914 641249 525
566287 227906 470
254579 529838 470
647651 189697 509
700676 898274 525
605294 624827 447
689186 261816 509
431238 273274 449
503246 698927 509
956739 252609 525
844029 681059 525
439062 279612 449
526592 821203 509
678077 833257 504
818184 163284 509
464341 998408 525
726203 474688 509
331643 545231 470
386869 573040 470
254619 798862 509
289878 340783 384
647807 813760 504
46895 539263 470
32292 644474 509
787592 967857 525
577340 10092 470
53189 271340 443
693676 840859 525
564602 748738 509
118007 248324 443
456922 384819 449
682693 283378 509
806904 231881 509
155191 12293 375
417871 862019 525
20203 698312 509
603432 602686 279
550703 777453 509
25778 851845 525
276974 420734 449
283919 357547 441
901720 898613 401
931966 810545 525
6873 687511 509
299889 77932 443
647524 466457 509
426449 298650 449
960367 346742 525
121833 506218 449
115399 222469 386
250034 613632 470
583767 534313 452
149757 771560 509
172142 856094 525
154468 491372 449
628950 523412 509
741316 693545 504
757929 654308 504
581959 959469 525
570874 577189 390
973133 1201 525
366480 313111 441
934920 574775 525
588275 192192 470
970210 250661 525
487988 544692 470
9551 391719 443
760576 840478 525
5437 22125 279
533455 884079 525
145408 328807 443
711375 72538 509
451550 722495 509
305122 820034 509
811044 493709 509
754337 163726 509
819222 578011 509
610386 411028 470
316256 386947 441
191578 850807 525
669988 733353 504
650209 473355 509
391364 452920 449
138336 976751 525
543387 604788 452
487982 452095 444
545964 663990 509
611190 800535 509
884503 330697 525
251693 639131 509
691577 179508 509
66881 755143 509
706897 529173 509
228299 888130 525
530602 264146 470
62413 404993 443
232467 43442 443
197088 920857 525
324318 821357 509
124800 680639 509
713841 845818 525
301048 809913 509
523401 200433 470
114235 102018 354
424167 307212 449
228842 188986 386
415738 60964 449
547281 720341 509
118161 268096 443
300953 23499 443
77981 200283 383
74707 960362 525
438567 646452 509
739179 400548 509
930621 157936 525
21591 395131 443
244167 99674 443
85118 391888 443
121161 253325 443
287021 287693 327
540259 693913 509
141118 978996 525
209069 722729 509
388767 843072 525
114806 626350 509
820317 610419 509
503066 300012 449
804271 317312 509
787039 588566 509
868150 545474 525
889461 224309 525
889580 166204 525
545786 576702 452
930072 649477 525
972817 997566 427
169937 493693 449
232651 487835 449
502724 730085 509
246921 599213 470
301369 198801 443
770937 437217 509
42448 169954 383
3958 865783 525
162537 398205 443
672773 198703 509
103059 631694 509
137244 273229 443
299337 959744 525
87537 842396 525
850770 232319 525
337686 51085 443
162436 225640 386
822172 120222 509
938953 336167 525
175048 623933 470
121562 123951 336
260810 86633 443
436865 729797 509
752826 129228 509
97681 988200 525
589152 152363 470
212283 543671 470
984803 924906 507
558299 389894 470
456805 356029 449
506483 538679 470
708307 26718 509
870717 697352 525
704980 114779 509
120087 427059 449
191895 717006 509
397474 304929 441
26713 900237 525
778635 209921 509
606436 764876 509
324092 768219 509
515151 519869 439
275176 640048 509
231789 783048 509
511057 14332 449
493752 845012 525
113989 575764 470
411196 290959 449
125204 605542 470
328414 73336 443
739169 968944 525
394996 424116 449
947935 918504 507
415400 607879 470
752120 659123 504
826274 347807 509
609436 376293 470
962583 697503 525
67895 931454 525
516397 845611 525
408540 359943 436
330 504943 449
406517 218835 443
683604 875979 525
54021 598129 470
504393 863330 525
787511 691157 504
678767 339198 509
675416 483751 509
689650 622251 509
201876 707765 509
979595 272133 525
47560 978424 525
791536 193946 509
606707 445295 470
165719 898187 525
195035 928362 525
437342 155548 449
263689 56552 443
259689 193585 443
596925 34715 470
166399 53276 383
979290 898827 507
929007 566143 525
920821 162041 525
255206 342014 407
738648 444709 509
695755 675337 442
402302 486036 449
313305 87581 443
375563 864284 525
68281 105984 351
795288 916993 525
133760 80411 354
97922 622714 470
491434 150541 449
687616 891306 525
504271 198613 449
431579 174695 449
266898 168442 443
785222 41638 509
581076 920420 525
945564 863774 507
920061 989806 507
240559 359880 441
571912 62304 470
643257 676462 442
125934 21088 354
431855 759241 509
47012 561961 470
173392 113600 383
750285 579840 509
62829 668204 509
511853 788349 509
251923 781681 509
36373 906637 525
732433 160186 509
376621 144726 443
92625 865605 525
366280 62545 443
628603 549491 509
736801 436661 509
551240 98492 470
584521 506437 470
909356 701014 525
973990 13422 525
387508 480529 449
76821 760417 509
877503 754267 525
457071 324674 449
517137 279809 470
539012 273214 470
656124 114388 509
657372 102579 509
762536 723243 424
366647 358803 410
577707 201676 470
624605 762058 509
976672 735826 525
197972 327459 443
830742 992319 525
671980 838009 525
954859 324283 525
215243 923370 525
91636 705782 509
329254 548637 470
181288 377415 443
471699 779971 509
814853 423965 509
550323 837732 509
272493 656426 509
84866 311091 443
770678 516899 509
590478 415526 470
409829 628662 509
109349 277176 443
963884 982089 458
810101 359486 509
190757 198936 360
945264 149049 525
572231 227851 470
968110 855533 507
932130 471618 525
220219 875174 525
768223 599563 509
784669 639436 504
139267 177618 383
426697 372138 449
928269 856485 476
426088 740696 509
973088 576405 525
880434 520978 525
533107 647351 509
601166 147413 470
595510 368758 470
812409 111272 509
795371 205321 509
963764 812995 525
744687 15595 509
663135 857017 525
353530 504549 449
771016 263024 509
610643 732008 509
919950 625749 525
358925 751340 509
370636 862236 525
405340 475309 449
753673 549892 509
345348 859871 525
412097 593672 470
740816 696034 504
543357 699523 509
655527 390743 509
547012 998340 525
568697 744148 509
337304 973064 525
220390 650099 509
686289 627904 442
544325 143859 470
581232 962941 525
385390 728189 509
966893 804828 525
906885 58758 525
429445 361860 449
455406 753736 509
329143 866565 525
216319 978786 525
605888 418098 470
203423 154176 383
362949 868248 525
908620 66649 525
55212 258402 443
267569 5177 443
434508 791625 509
675915 824273 504
922925 729038 525
139198 631318 509
218798 964201 525
273132 294509 389
894123 109708 525
353393 842608 525
142318 804057 509
798120 765757 468
979873 518570 525
865482 525316 525
555844 500755 470
506508 147067 449
137231 792131 509
401929 950283 525
356714 84614 443
186720 765564 509
750300 890277 525
866047 59536 525
585747 331103 470
772572 534931 509
648095 220213 509
6032 579898 470
969222 146444 525
490354 412651 444
64005 358412 443
282603 665095 509
874397 421444 525
257720 713006 509
63225 519086 470
142696 479886 449
928754 291051 525
878961 846452 432
657777 179032 509
542126 230167 470
725674 389872 509
937332 31907 525
886759 373113 525
527308 945939 525
905752 525921 525
545230 163705 470
10579 28558 308
808951 950921 525
328327 309979 384
812226 63461 509
618725 432510 470
624444 580939 447
768172 833529 468
515283 403257 470
403871 321391 441
147340 439032 449
209840 774003 509
811439 92124 509
125354 396748 443
224144 656202 509
237977 147899 443
288437 213674 443
830077 979527 525
98680 463917 449
291930 199275 443
577984 50871 470
731147 598769 509
434211 477428 444
937264 72375 525
928511 594482 525
769691 261951 509
57122 893891 525
982003 538446 525
39019 338263 443
966893 898066 507
685090 128516 509
626234 967359 525
132118 945605 525
149508 56605 375
568570 106466 470
260642 737816 509
767032 842396 525
984389 49325 525
721171 99606 509
163611 418960 449
605626 745938 509
642858 799638 504
233594 295111 407
778985 585122 509
919363 733711 525
696573 79504 509
199663 462726 449
713014 913704 525
377829 591487 470
396960 801952 509
472644 412569 444
665535 753364 504
242652 197441 443
931842 419680 525
756512 422019 509
114111 727810 509
624706 502352 470
761368 77523 509
491037 226745 449
929731 176 525
663452 707386 504
337341 307302 384
327655 85 443
645728 953397 525
515157 351002 470
988205 151812 525
180837 328872 443
637711 512584 509
607225 269180 470
83439 267109 443
586841 719307 509
422266 35781 449
581599 962019 525
986888 960049 458
934760 893907 476
167027 505259 449
7641 849866 525
701934 185358 509
906801 114724 525
362101 900349 525
344664 219025 443
807234 901523 525
672512 705296 504
556187 823678 509
978170 896523 507
865546 979799 507
593552 22753 470
372561 731843 509
191435 988872 525
91350 806884 509
864572 262432 525
30885 765295 509
138635 922235 525
291208 498761 449
110205 872354 525
52810 989638 525
462927 693023 509
977272 182757 525
938748 248017 525
954533 418905 525
708240 400187 509
794639 774203 437
925767 982627 507
133931 240040 443
995520 722057 525
610075 400190 470
910074 964834 507
145543 309910 443
590564 937562 525
603691 520915 452
94106 954872 525
376389 828931 509
91675 791217 509
675155 618085 509
935417 243495 525
725304 552701 509
802481 518169 509
910439 416269 525
286284 583278 470
503543 815243 509
869480 96702 525
348337 714437 509
86827 22551 351
255573 879771 525
479234 729275 509
92896 999535 525
734680 819082 468
717126 709615 411
493604 621883 470
972248 252993 525
180588 328885 443
464476 569712 470
57307 912214 525
504852 736578 509
89058 772976 509
560982 916512 525
821900 396485 509
232586 749969 509
633651 699691 442
599076 971866 525
197870 416305 449
326748 956027 525
105367 201805 383
415325 978989 525
60237 889856 525
287761 707642 509
99087 233368 443
392818 275307 441
531099 195241 470
119288 495804 449
690793 54471 509
293995 517676 470
633992 815046 504
34081 385304 443
149820 446717 449
172435 129009 383
71867 710035 509
651231 297246 509
480348 515425 470
344589 418832 449
927907 664230 525
794909 148536 509
555038 2432 470
865257 369236 525
730492 142293 509
693787 652597 442
813704 261974 509
458531 244366 449
609568 591831 403
749787 611898 509
29358 899126 525
179894 734853 509
383066 482169 449
230146 925000 525
26010 145560 375
558446 256477 470
824932 254962 509
930411 746671 525
612622 868726 525
582706 45049 470
131750 597092 470
434149 459267 400
846316 6473 525
883933 207230 525
730234 734165 380
251772 246716 350
733190 847483 525
451214 677290 509
502258 808685 509
983983 314657 525
310388 709543 509
513371 811729 509
873676 381879 525
176776 913401 525
892979 881613 445
908602 95980 525
896390 956708 507
340656 981965 525
964819 591581 525
738094 647094 504
175785 480288 449
93643 696483 509
154956 164430 383
880640 609982 525
967137 746249 525
142607 816219 509
337297 260654 407
501729 422178 444
733131 610076 509
999454 32526 525
496513 502894 426
763869 265817 509
82461 918163 525
785153 289658 509
762318 310674 509
626795 389492 509
73250 139125 354
826073 230327 509
209784 67057 383
183640 800529 509
38909 974345 525
577625 189618 470
420885 428765 418
175076 978252 525
136863 181528 383
874520 277472 525
187145 523867 470
162319 288147 443
42895 780778 509
340359 941830 525
458912 681028 509
770332 168624 509
484923 772532 509
928383 692471 525
526534 713087 509
352004 698824 509
729814 974667 525
726594 980981 525
420372 574774 470
