860665 112781 525
21916 164124 383
305823 864005 525
565680 72428 470
830279 342411 509
598190 16863 470
792594 365513 509
365026 616736 470
599905 484032 470
131440 836884 509
627695 53469 509
818049 390977 509
13580 750180 509
923976 747145 525
899954 278345 525
664816 250005 509
733510 470622 509
351140 62605 443
404652 330085 441
981370 519811 525
201095 284039 443
584956 927151 525
804684 120862 509
784405 761621 468
70146 774637 509
916309 778947 525
198808 692527 509
120033 474614 449
812386 447372 509
359674 242652 441
825394 689320 504
438952 117237 449
785167 208150 509
440898 121299 449
227797 901099 525
40285 824192 509
226664 879532 525
904911 75326 525
270358 957865 525
565343 584425 434
387721 191139 443
276875 61113 443
636389 209896 509
999028 53028 525
764036 200448 509
276522 959264 525
721803 406528 509
640272 400774 509
636265 193339 509
621932 110674 470
776620 964824 525
555085 278471 470
263103 403967 441
302873 109103 443
295492 507053 449
820338 334080 509
921290 674728 525
803525 165787 509
103851 192716 383
174191 647917 509
81797 568067 470
645067 624824 509
242067 385107 441
183260 921260 525
628839 826321 504
299732 134447 443
676550 315443 509
658559 990908 525
114208 612163 470
314447 685671 509
473450 384816 449
507652 534079 470
98266 185791 383
993784 844684 507
59966 117726 354
48452 80759 351
744954 618393 509
157970 105865 383
89884 263334 443
128641 342284 443
462365 844378 525
768366 6989 509
559543 746238 509
193958 208003 373
108381 574461 470
274724 764234 509
592476 97652 470
15880 96776 351
372300 355756 410
194711 564464 470
129842 512420 470
353513 103589 443
963126 633222 525
746803 276982 509
722555 405884 509
418481 3080 449
55520 157980 383
393328 333457 441
986387 632895 525
308277 394304 441
709389 299119 509
389646 134843 443
936302 143550 525
997939 244544 525
901877 393716 525
752535 624109 509
33819 683360 509
705169 657627 504
405069 600463 470
516066 611876 452
844933 47835 525
19042 559813 470
349700 263450 441
552396 67167 470
690286 20280 509
663266 138008 509
376961 46687 443
324414 794526 509
272627 666770 509
679927 692172 442
8872 473305 449
372972 202213 443
545037 760407 509
810800 730492 468
475924 204087 449
548818 845430 525
135116 542853 470
540231 595496 452
534491 653977 509
527286 867802 525
425691 216173 449
882080 9709 525
699599 430992 509
370923 527000 470
853057 120436 525
903050 701518 525
929977 86945 525
786890 330748 509
701148 824460 504
267066 70190 443
907998 151491 525
260344 906513 525
277669 228479 443
40788 424019 449
18684 905372 525
186020 871463 525
105712 568356 470
711780 534372 509
842635 761159 525
648583 460493 509
813482 449831 509
287582 684843 509
635517 814928 504
77604 413207 449
364827 573125 470
846244 981332 507
883648 769397 525
943559 921816 507
777636 297485 509
532094 59051 470
855928 694759 525
34312 228841 386
675583 519711 509
323360 214562 443
333895 653894 509
786055 149280 509
422404 472816 444
515433 262152 470
620999 512808 452
764462 800025 468
620192 880580 525
405472 945426 525
988045 166099 525
993268 6768 525
951261 384434 525
314871 827989 509
981349 10366 525
606742 604292 341
529438 461155 470
909386 150537 525
99226 272339 443
218142 247798 443
762401 591635 509
702046 481671 509
733356 946351 525
31710 97703 351
34365 797262 509
866404 741644 525
243097 564128 470
740403 127485 509
893731 609268 525
112629 536307 470
353751 712485 509
743300 410333 509
859359 378932 525
771989 227966 509
384661 64114 443
930881 224818 525
292246 734548 509
952305 912590 507
355455 910185 525
328102 280484 389
624135 312935 470
203299 71526 383
324089 166561 443
546871 102626 470
911052 885141 476
260010 891435 525
425120 514465 470
107588 68440 354
515032 234326 470
871988 418854 525
797646 413349 509
370852 88441 443
260407 785462 509
554839 286463 470
272469 179544 443
13691 19381 279
851283 755794 525
632337 520644 509
988288 808216 525
444981 486979 444
576107 68826 470
949516 444320 525
64791 569590 470
753930 939864 525
730267 654093 504
835678 584675 509
463833 373682 449
220922 151150 386
195416 54079 383
262210 690752 509
863809 978434 507
442768 166590 449
322995 791445 509
194914 56906 383
653571 460619 509
488417 333317 449
699795 989830 525
885966 855925 432
647373 27046 509
805323 250050 509
974589 935068 507
324612 909083 525
590345 413340 470
372920 936502 525
502349 717681 509
725864 212916 509
395159 895338 525
544922 71714 470
841084 188722 525
25802 480284 449
189013 234429 443
360366 835980 509
959065 838431 507
548389 517904 452
275224 390007 441
663931 813882 504
475474 228680 449
961179 898224 507
242738 495912 449
381202 478708 449
685226 107217 509
82363 685694 509
701484 86420 509
293197 569733 470
770754 636334 504
178813 762014 509
855498 621171 525
398865 565307 470
374610 785255 509
925059 79956 525
164684 32108 383
495950 623714 470
61870 588693 470
551768 977928 525
528424 434840 470
884219 796557 525
420803 612194 470
79921 366596 443
970131 220613 525
801180 284429 509
888984 228237 525
490160 916980 525
876535 650672 525
140926 420278 449
445456 123299 449
659741 462180 509
970620 777673 525
85495 303649 443
645668 296966 509
480173 560389 470
510145 936434 525
670504 309284 509
480299 946218 525
487038 653161 509
914912 483264 525
758140 956379 525
290836 679698 509
515670 732866 509
838959 451320 525
604008 590243 403
780392 510679 509
900008 643302 525
921916 509522 525
479211 910233 525
409994 437985 449
751440 871245 525
911438 400250 525
196301 943134 525
502520 933227 525
525076 379600 470
533928 772617 509
460385 831701 509
422537 81282 449
571107 581548 390
593031 144271 470
151684 496483 449
157358 866630 525
425943 803069 509
993376 356876 525
614365 115758 470
217203 235048 443
238644 180739 443
166629 571506 470
714909 598110 509
360188 752490 509
903080 436639 525
258367 798245 509
631614 911839 525
237898 965281 525
231883 989142 525
400658 656826 509
711110 513948 509
759542 753782 362
513630 51213 470
175997 459898 449
606851 188933 470
723698 700640 504
227277 246218 443
295513 721952 509
406733 272713 441
697805 122539 509
105455 168953 383
652343 496214 509
453960 329500 449
317997 295603 384
99394 870052 525
877349 869756 432
280353 770930 509
323092 930025 525
562673 314361 470
849063 732577 525
604430 907201 525
779869 597516 509
933648 642376 525
991743 878983 507
506577 777795 509
480957 976561 525
700124 612162 509
601831 993378 525
871667 3889 525
695940 384572 509
444989 68730 449
338898 102041 443
114570 212552 383
265307 1124 443
458500 227751 449
381425 267652 441
783541 331847 509
340614 583154 470
484399 466336 413
634026 968747 525
13404 330415 443
913377 593089 525
350498 729438 509
21920 502861 449
7346 36545 324
226660 184127 386
506094 885565 525
170736 609430 470
489461 709507 509
535137 79402 470
280460 479226 449
154735 772582 509
878634 285819 525
308162 730324 509
870048 283318 525
929262 7505 525
495459 867633 525
816397 701791 504
880631 265649 525
922360 605145 525
465338 870129 525
498274 52993 449
823499 106703 509
536592 740534 509
758037 528710 509
731577 157633 509
581180 830998 509
397622 484046 449
404130 439616 449
983589 231031 525
196118 898093 525
92960 788732 509
281626 273007 389
761685 109967 509
527823 601119 452
122242 944012 525
165887 991588 525
870224 800134 525
230791 887189 525
528072 721213 509
919263 718390 525
944374 390891 525
658887 306271 509
23577 309693 443
827152 34491 509
672643 25631 509
620869 595947 447
79828 69424 351
329908 773962 509
280845 140629 443
379228 477644 449
904723 955241 507
99124 725311 509
85699 753234 509
270486 170740 443
849772 547439 525
414598 953207 525
444397 773485 509
368291 20921 443
116268 415737 449
47337 50191 296
612848 33552 470
492513 947795 525
351644 768498 509
63910 251880 443
762889 722100 424
766996 953052 525
91966 428405 449
93518 858086 525
494479 168873 449
778668 577294 509
716367 506449 509
698048 712044 504
645363 494923 509
859011 49224 525
967620 780165 525
245665 788001 509
54912 792845 509
107614 764681 509
728014 598980 509
755619 657645 504
493981 772850 509
494569 678963 509
190936 101427 383
569537 804988 509
300999 53262 443
27133 81928 351
965125 290022 525
190719 530297 470
235354 821769 509
434332 98160 449
377780 133285 443
73068 702100 509
18247 799451 509
250736 67377 443
741694 261356 509
941600 52476 525
835996 754193 468
570577 341685 470
57524 604583 470
758720 319653 509
455553 939142 525
903230 874119 445
733219 317810 509
754167 3075 509
710519 691242 504
755744 150357 509
893393 536862 525
724413 646220 504
815257 738942 468
871628 590895 525
625855 136110 470
967249 41658 525
63708 969173 525
577663 975366 525
369894 855509 525
326208 581958 470
87056 458773 449
196257 975661 525
997628 136441 525
999197 862894 507
45854 732595 509
233221 431963 449
340462 899635 525
221448 466735 449
766089 836218 468
60005 565735 470
740517 406604 509
335530 317194 384
791727 996612 525
712423 954634 525
365443 967169 525
622196 313731 470
997191 971198 427
405212 424480 449
614437 316096 470
982629 742877 525
317219 549288 470
826685 283750 509
262816 262248 301
293699 494687 449
616749 97683 470
477998 772413 509
696325 295628 509
412702 338641 449
125482 2144 354
976637 794085 525
772510 476016 509
689682 402687 509
408700 371143 436
136738 347906 443
122609 717194 509
903043 727028 525
878681 879885 357
287934 422555 449
720570 855042 525
853856 802496 525
114967 834892 509
802782 938133 525
884786 666866 525
840418 377586 525
500066 537262 470
941494 176315 525
71116 115813 354
999244 521694 525
480705 632050 509
573479 536441 452
727028 705499 411
151786 455192 449
974742 666917 525
591739 105948 470
961488 605124 525
5716 392311 443
485660 400810 449
77798 537555 470
189505 707328 509
821161 798418 450
432425 346162 449
663109 852208 525
817632 878949 525
972822 576389 525
758059 399940 509
81696 423336 449
915203 24760 525
781199 335213 509
587757 324598 470
676584 654542 442
870583 220082 525
810130 763495 468
769808 756593 468
427003 321243 449
71173 138236 354
77352 186389 383
706708 78832 509
203741 573545 470
429295 270578 449
5605 893400 525
936782 706945 525
693055 48306 509
834993 781284 468
909861 185878 525
974961 528962 525
309178 426581 449
521538 302736 470
387279 699189 509
775496 283684 509
939346 731857 525
997074 794281 525
716499 744670 424
538359 979244 525
886068 610440 525
549003 654034 509
54893 655162 509
367294 62700 443
889210 943421 507
724242 635107 504
963297 692728 525
636920 625102 509
454819 52053 449
244741 689699 509
973183 628229 525
925078 426441 525
654621 597081 509
113533 862155 525
319070 506001 449
942438 610601 525
538685 686642 509
706443 854473 525
145314 944528 525
586319 920139 525
293251 486764 449
134139 972281 525
466167 909110 525
328404 622237 470
58969 282611 443
895253 75693 525
698069 108025 509
969230 63714 525
366738 226648 443
648409 971111 525
801596 264275 509
211508 908524 525
474669 16012 449
239360 951897 525
793847 781245 437
390357 970080 525
467728 243682 449
269888 381867 441
604507 86453 470
631514 805877 504
465487 904785 525
735494 443445 509
286278 366456 441
858758 161908 525
561060 687984 509
818171 393728 509
116962 484232 449
532343 918457 525
43126 305912 443
380352 750664 509
31073 990246 525
134052 39152 354
364820 161349 443
59700 15932 340
790400 386264 509
473118 421464 444
213369 367125 443
387051 910140 525
125190 95524 354
836113 287811 509
972935 133126 525
850550 164122 525
148163 218515 386
875714 730195 525
848397 698267 525
185567 856601 525
276819 290734 389
406608 169342 443
654147 299960 509
275691 868721 525
578458 248388 470
753588 393355 509
953803 117793 525
429912 281352 449
608520 558754 434
233731 690322 509
541935 755198 509
897310 790009 525
602772 166360 470
828776 580288 509
574951 971866 525
112560 561425 470
262978 151674 443
998508 751824 525
382610 64415 443
546617 873420 525
552031 797596 509
919856 278802 525
811129 845402 525
103521 890716 525
914049 211989 525
975727 536295 525
307409 599933 470
193416 784098 509
322889 157884 443
733247 380482 509
963575 420695 525
956423 400178 525
457890 253614 449
311694 38632 443
413747 129245 449
324403 885395 525
110273 553605 470
617062 159152 470
700600 626533 442
171611 343292 443
506660 539809 470
335467 937284 525
699744 850149 525
655367 469208 509
857429 780003 525
896985 668766 525
909617 542584 525
336953 737986 509
825318 880429 525
896520 479691 525
748188 740120 393
160749 581129 470
94133 793891 509
800874 700651 504
769914 492836 509
758042 577389 509
690279 274540 509
814729 228526 509
387407 219996 443
562416 471903 470
868141 75120 525
496907 19159 449
679817 18335 509
609497 258756 470
732164 335643 509
628399 535805 509
41856 996019 525
166458 145523 383
444014 474648 444
444751 865029 525
797557 839421 525
542640 568434 452
303356 543447 470
762398 169640 509
937940 371204 525
226006 973500 525
118085 54408 354
555305 972211 525
251188 919410 525
941307 483197 525
739821 772317 468
815000 931457 525
587027 475282 470
551918 456659 470
630945 517131 509
707883 528067 509
2332 285523 443
764532 580239 509
397847 333129 441
827326 201336 509
551074 537218 452
421965 296754 449
137232 94542 354
156551 940596 525
382948 173395 443
98996 541616 470
831704 80214 509
622997 220061 470
40201 71257 340
932061 444463 525
184834 488606 449
149008 878760 525
38627 761993 509
199927 541960 470
643501 234915 509
340029 689248 509
638509 940411 525
516586 570053 452
725251 149031 509
286265 20959 443
614287 323432 470
48663 623201 470
236983 219243 443
820923 272659 509
449302 844780 525
326941 626698 509
898116 812214 525
982676 824570 525
821118 796357 450
332943 841634 525
330098 670988 509
273839 256485 407
345002 260561 407
584384 825401 509
582354 32310 470
165587 264504 443
609639 545428 452
685369 614676 509
76031 544768 470
357918 758952 509
609455 413295 470
665151 171689 509
708252 273334 509
766921 13755 509
535201 795753 509
115344 343520 443
349722 466917 449
36776 619659 470
79627 569386 470
154340 206611 383
71665 296416 443
18601 500995 449
11554 377466 443
989741 382734 525
634787 62840 509
807634 904607 525
299846 160582 443
760857 589327 509
222910 505794 449
813252 380144 509
895105 76507 525
853901 305670 525
358744 126933 443
777468 448214 509
504710 996201 525
784297 29526 509
298963 213128 443
753102 588803 509
477556 321472 449
699464 794898 504
9880 808120 509
66282 757246 509
783761 434069 509
695550 694080 367
858589 389055 525
799129 435805 509
267601 989694 525
653978 70361 509
116065 651838 509
685311 792649 504
305998 310577 371
656291 436102 509
454764 54355 449
361944 571197 470
708239 542601 509
858845 384164 525
768210 504547 509
530300 794119 509
542531 791681 509
993539 451008 525
301806 876177 525
782620 438981 509
396228 211574 443
637899 7580 509
223080 641412 509
157508 921577 525
649431 236136 509
607591 64040 470
55537 288677 443
950297 389493 525
437352 571705 470
628544 301128 509
526340 381406 470
430042 973055 525
566992 40044 470
496507 191892 449
936549 249115 525
870497 858990 388
507472 162726 449
39669 394899 443
719779 226892 509
91169 407546 443
804693 714033 468
248072 630398 509
701974 494369 509
999847 986095 440
118772 974708 525
711750 230019 509
642467 402956 509
159450 641450 509
202988 871291 525
900986 198015 525
561589 190338 470
739452 781786 468
115561 493940 449
172588 1346 383
951747 902394 507
362408 974528 525
4412 799471 509
291291 14414 443
579791 476011 470
677140 480751 509
608166 90461 470
171330 272088 443
664675 973586 525
761742 404876 509
488972 356626 449
864085 685765 525
753939 477993 509
359809 63438 443
78401 380675 443
240515 476846 449
940479 735473 525
77679 594174 470
51905 187784 383
677555 32284 509
699599 391912 509
280757 187640 443
737777 735514 424
347081 760203 509
22583 572883 470
509196 853736 525
211170 391317 443
517407 191595 470
293235 399285 441
56003 842510 525
450253 269815 449
571086 674586 509
475529 796757 509
528456 539962 377
353879 628255 509
8805 351402 443
912011 954300 507
928862 640271 525
689675 944654 525
98542 459041 449
442580 62452 449
991782 249539 525
385444 676329 509
418413 196276 449
912136 721993 525
802264 414813 509
520130 885940 525
627170 131786 509
513750 648587 509
787336 879414 525
61425 712792 509
775492 325502 509
825335 607626 509
869219 686136 525
360232 809181 509
795077 310941 509
475630 242776 449
848945 520161 525
391301 69616 443
295506 74951 443
449610 756946 509
467072 228691 449
304350 989330 525
967042 692825 525
569079 138307 470
120438 21509 354
905174 895268 401
420188 367686 449
845047 767960 525
843895 490362 525
122027 468003 449
952899 977592 458
49124 75649 340
247430 179769 443
375951 524899 470
480063 500515 426
683676 711943 504
123899 156404 383
250905 600178 470
517831 792135 509
606268 501261 470
393856 156870 443
461503 592730 470
493958 768045 509
986662 980561 427
861135 270647 525
218716 291739 443
328280 604007 470
611963 906154 525
94517 937204 525
218987 655923 509
868618 262354 525
237025 551817 470
320978 471961 449
403209 463383 449
361884 955092 525
112959 886906 525
495702 467113 426
140278 492857 449
735042 665376 504
514171 88994 470
534661 261265 470
788692 776066 437
135070 93870 354
989122 788416 525
931316 986474 507
671974 668118 336
963912 182149 525
739776 307885 509
507913 451958 444
533074 88212 470
111430 407860 443
529891 682398 509
694654 712928 504
738271 637269 504
970067 185746 525
514460 421086 470
633245 721406 504
169911 123883 383
787099 829507 468
115293 387158 443
144901 144080 326
487078 505697 426
976061 702387 525
627035 672967 442
357155 960832 525
519512 486846 470
460487 325082 449
518797 516428 333
333818 237857 407
546846 648771 509
112189 663864 509
646890 934171 525
246427 318897 407
679209 496298 509
