204259 718073 509
652336 501203 509
577334 187818 470
756572 395563 509
590694 272258 470
489515 657800 509
202823 245366 443
326658 429262 449
184893 104495 383
783358 389675 509
375422 702564 509
88289 529197 470
682140 664761 442
533252 550358 452
475215 270417 449
504843 983662 525
484865 679474 509
383645 673531 509
585446 62199 470
850810 140217 525
798017 176140 509
937858 340325 525
769588 517192 509
621688 780869 509
170544 470833 449
173397 921398 525
450596 545967 470
210728 778038 509
328396 649088 509
435858 260332 449
760346 319964 509
515790 940701 525
130584 245211 443
823763 899435 525
556004 716030 509
892171 190925 525
47602 354022 443
387566 346381 423
127250 333542 443
320727 9254 443
447005 814147 509
360114 494124 449
788515 897601 525
63041 87194 351
863878 633263 525
953227 498899 525
439600 624225 470
385788 469018 449
368453 86536 443
802567 725903 468
916828 924458 445
794832 211090 509
557471 480783 470
814325 182398 509
708005 201074 509
15221 135053 354
145529 155010 370
568963 891687 525
978881 934044 507
567308 148356 470
647256 842759 525
983336 36887 525
22257 603208 470
689745 369125 509
95028 390711 443
831521 8664 509
219754 528209 470
8992 142705 375
841455 293577 525
11003 823317 509
474722 65812 449
737174 26224 509
434263 620252 470
70648 306137 443
454494 929496 525
772256 154308 509
191196 618102 470
221310 271944 443
641069 213453 509
120516 427407 449
436071 252450 449
297011 468389 449
127446 655825 509
465755 306003 449
645672 968902 525
34714 476758 449
19335 120395 354
256999 288241 407
110730 453598 449
383095 327647 441
481956 81576 449
699678 671703 442
459999 189504 449
919309 920989 432
864748 617421 525
869871 556178 525
24567 300820 443
472997 166882 449
989237 668366 525
637268 938752 525
931863 634909 525
271656 188334 443
476575 467550 413
921148 528655 525
856303 103658 525
185234 820595 509
8650 854611 525
560467 884913 525
322254 468650 449
86071 479776 449
35954 187002 383
487822 472294 413
155528 576874 470
761592 960820 525
415924 144765 449
296026 398860 441
103546 864139 525
331689 567683 470
612690 96474 470
200132 769190 509
589785 985345 525
839956 385366 525
786631 114788 509
583438 400423 470
396552 108885 443
295888 185861 443
658155 948858 525
42084 783710 509
260882 330035 407
991152 803676 525
718888 193159 509
57298 287178 443
371213 822435 509
435261 388988 449
158178 500256 449
485601 151745 449
537111 264315 470
379103 325558 441
242333 323743 407
948980 478893 525
664754 638885 429
587744 244868 470
544931 839261 525
685648 146180 509
949857 322165 525
515324 676800 509
480331 668745 509
7532 88975 351
477963 851544 525
351800 442793 449
110890 152493 375
416808 353754 449
679312 164354 509
4449 795912 509
791157 437997 509
76883 953429 525
198298 455912 449
811525 180979 509
843511 259581 525
581746 497174 470
173974 793368 509
978466 613423 525
702398 654305 442
22202 985998 525
945144 696713 525
849206 890354 445
244108 56034 443
220388 266014 443
578278 439772 470
877770 224837 525
694619 369436 509
341700 471005 449
168336 409269 443
668850 153225 509
166751 11847 383
805216 766948 468
380371 340726 441
511383 783682 509
286032 599121 470
295834 533585 470
940292 231176 525
803563 145040 509
927407 700752 525
140525 23951 354
765141 505685 509
875121 534647 525
5652 459760 449
385381 216821 443
886399 173988 525
185835 54231 383
337531 53150 443
910228 507403 525
807437 234255 509
833376 421612 509
471549 93470 449
324646 645563 509
306955 928193 525
628946 644561 416
184865 234362 443
256400 769471 509
304118 950006 525
926118 647873 525
381047 309770 441
110 311499 443
882082 267446 525
320596 702297 509
726053 219613 509
453868 747177 509
168789 533490 470
626960 803597 504
449160 156690 449
84884 467959 449
112520 756115 509
506830 713830 509
483301 297385 449
763743 279582 509
927455 303771 525
129893 206213 383
34064 308502 443
92300 646355 509
348652 916146 525
135760 412897 449
676426 74705 509
608196 105980 470
909577 845215 445
518257 751508 509
219467 358737 443
631205 603141 509
316971 848340 525
662077 654387 429
933969 316624 525
136747 425821 449
148386 861424 525
686279 266640 509
912995 182451 525
98597 778579 509
707828 778000 468
852705 750709 525
373042 384254 423
745821 977253 525
728762 282619 509
157709 264079 443
867220 464581 525
829273 305266 509
959653 700544 525
533520 491351 470
433524 409974 449
271398 670268 509
936908 581910 525
280713 957677 525
736257 366256 509
144256 379311 443
646372 444085 509
344692 513313 470
490567 19414 449
818386 90513 509
354592 735681 509
716614 492447 509
797713 221813 509
438709 545888 470
553591 273718 470
683692 972229 525
642497 503467 509
601729 471442 470
429120 95758 449
978366 882443 507
261754 681729 509
642166 638974 416
152287 424478 449
960245 986858 458
77372 642854 509
894887 294983 525
787430 431964 509
170129 611502 470
673742 101495 509
375213 608838 470
97420 743685 509
247152 575257 470
46699 256269 443
352027 848881 525
731324 475819 509
673900 846745 525
485719 509430 426
450261 316067 449
819277 638007 504
797213 410506 509
705489 896649 525
844966 208453 525
819955 9271 509
110766 15095 354
140286 10049 354
753734 2331 509
577588 237706 470
493975 517238 470
366119 624287 470
616459 362355 470
209100 613796 470
123226 806711 509
122778 211172 383
849179 89839 525
500345 942056 525
355057 162744 443
371197 722186 509
247809 200023 443
731471 707504 411
233905 874927 525
877258 871757 432
109463 503991 449
21229 454846 449
595486 119790 470
482145 903701 525
33849 728297 509
535008 207598 470
418770 673427 509
763267 174139 509
632547 784301 504
463397 779964 509
502151 987604 525
703980 350947 509
58451 266312 443
141240 435451 449
307208 808709 509
312700 18498 443
989697 933023 507
52813 850282 525
753983 101535 509
829832 51311 509
775261 787832 437
461259 881192 525
55331 710383 509
11036 740878 509
520843 687878 509
191835 474433 449
825380 22994 509
805658 895815 525
847618 400184 525
725245 946898 525
481749 154826 449
604201 37945 470
888227 471446 525
89333 657014 509
224677 158562 386
462746 919165 525
316709 516290 470
226673 440358 449
181236 372041 443
576271 237709 470
228495 702079 509
241425 768106 509
180273 570227 470
486763 47084 449
993982 27891 525
699069 212008 509
766306 475731 509
463529 303270 449
476637 170885 449
329448 552862 470
988379 701314 525
733957 308546 509
748904 305089 509
193482 960630 525
714692 446493 509
148572 769753 509
54212 459539 449
29766 906350 525
953434 234485 525
778729 516530 509
244890 463768 449
455852 477798 444
781069 11196 509
182082 435733 449
504948 257706 449
475372 27882 449
852780 493327 525
314768 725681 509
686312 601685 509
564530 508250 470
278004 917356 525
376895 229454 443
135804 332216 443
83053 923013 525
439543 605590 470
585711 861782 525
339581 200786 443
211982 557915 470
993648 637002 525
894708 910416 476
938298 498596 525
508276 886432 525
612114 791079 509
909116 823044 525
331295 814778 509
732134 989998 525
219452 125651 386
457867 625381 470
548394 355257 470
477199 540920 470
919055 504290 525
705076 62910 509
620825 258636 470
895638 433410 525
343827 130826 443
629422 306698 509
709482 798477 468
105908 654050 509
477095 321596 449
652726 531376 509
521374 324742 470
450393 901212 525
526593 257179 470
612436 424612 470
481884 74988 449
579278 89635 470
668898 400939 509
659575 800706 504
234116 289723 407
420549 71565 449
378263 94295 443
409125 566324 470
220374 87746 386
925694 31385 525
562762 213821 470
538563 94773 470
995985 600488 525
857667 988956 507
929920 522579 525
113919 986455 525
76091 411805 449
812744 209549 509
526607 261341 470
551064 472320 470
60237 760723 509
371371 487966 449
54290 438501 449
42599 780496 509
811881 791016 468
4838 484645 449
579418 890995 525
491484 59753 449
48710 575404 470
614335 865503 525
851959 494982 525
906787 728254 525
454155 928050 525
189391 719532 509
708204 980762 525
257837 256807 345
744773 768441 468
723294 145560 509
442408 315415 449
622784 765893 509
250539 254290 332
661637 627622 429
687375 829957 504
921713 669473 525
534977 252437 470
747420 536048 509
780654 386936 509
831338 654207 504
890091 751161 525
248275 537081 470
310240 598295 470
883089 506113 525
651673 55014 509
886781 606383 525
372277 94082 443
864724 509565 525
653539 139168 509
485477 42713 449
712187 857267 525
109704 407191 443
459591 247164 449
150452 373476 443
544036 756598 509
507759 981790 525
35223 434127 449
548775 756035 509
778500 345463 509
916829 431864 525
38247 946525 525
556959 803611 509
829528 926876 525
66044 938035 525
980749 483068 525
856687 67874 525
475065 209288 449
456452 966391 525
339868 451008 449
207606 123256 383
105046 400256 443
834383 231718 509
504105 656621 509
2084 383158 443
815022 798957 406
745482 918914 525
238877 369622 441
296498 302442 371
240477 584757 470
584177 878895 525
946769 737578 525
946866 440864 525
407256 938186 525
389194 919670 525
42926 263476 443
663732 113153 509
861223 664324 525
320945 14467 443
913978 881680 476
680637 839382 525
758296 245352 509
614974 426119 470
244913 513525 470
98282 427825 449
306720 1743 443
739321 682460 504
123324 769841 509
708027 686188 504
605858 46932 470
826760 613573 509
243078 165137 443
829461 6844 509
21312 104301 351
502333 666759 509
506141 935290 525
696994 182970 509
609090 780789 509
294314 311969 371
739794 854003 525
855746 392596 525
591408 562866 434
332707 111420 443
313960 714733 509
278017 40734 443
170659 919818 525
601307 104778 470
111622 413738 449
34391 947121 525
613880 132934 470
584576 536725 452
719695 120021 509
900810 281571 525
109892 845137 525
215493 711476 509
104072 366038 443
928904 587591 525
699011 211833 509
926566 777963 525
335049 12971 443
449142 204583 449
825713 505708 509
435798 566801 470
513922 937336 525
586622 986542 525
523267 127802 470
764175 687551 504
485474 759314 509
120804 181337 383
892813 595366 525
477756 336297 449
440240 513238 470
725071 406660 509
700975 655604 442
184927 167989 365
888924 36024 525
541732 150421 470
717223 230990 509
168326 493883 449
480425 231145 449
875300 271300 525
958851 520044 525
795710 639475 504
337165 444325 449
556043 916514 525
769163 229978 509
259568 33799 443
956811 209404 525
381360 500991 449
185332 657786 509
693810 566287 509
716709 590609 509
821599 751895 468
245778 433932 449
181429 989925 525
261225 242555 363
762599 56729 509
212557 736429 509
180754 558309 470
991176 549722 525
296052 736798 509
286949 276691 389
2447 555621 470
572964 243761 470
901547 383807 525
950095 758297 525
348906 595358 470
863605 183156 525
133440 170505 383
676782 625735 509
868290 314869 525
887951 454359 525
190788 147241 383
221902 100508 386
650230 371543 509
624693 213078 470
489770 462634 413
534607 911642 525
155403 492217 449
392377 107572 443
382221 573303 470
685013 342472 509
41980 247479 443
417984 548618 470
174353 175420 303
490289 611118 470
65477 558995 470
706236 378240 509
995100 256266 525
144161 928138 525
141217 161682 383
624317 285206 470
196848 147339 383
155908 158924 383
782848 868604 525
958259 548285 525
407109 165069 443
412548 643272 509
708242 449089 509
624509 346884 470
958002 398947 525
957942 631151 525
525743 539832 408
312450 664178 509
592316 520844 452
682526 456611 509
741817 249885 509
913576 306843 525
982120 455017 525
839973 585837 525
650474 764968 504
930038 798232 525
441504 573936 470
23025 342586 443
689471 666098 398
65045 163887 383
795038 163825 509
703657 22987 509
203517 320781 443
357977 16107 443
989070 312186 525
78423 40504 351
347347 730887 509
702257 992000 525
94189 329467 443
94436 542230 470
340463 744663 509
318599 540826 470
883412 298319 525
964418 857977 507
538216 89235 470
253061 29463 443
568803 849606 525
170387 473070 449
489178 772320 509
84506 44717 351
85221 994600 525
725488 162930 509
671282 948920 525
794740 427745 509
486327 281823 449
26486 405528 443
946354 826790 525
125110 861438 525
235767 346118 441
435354 89528 449
635343 773983 504
623589 204767 470
677837 204146 509
976467 310328 525
355045 683367 509
677968 577325 509
256607 440266 449
389187 919808 525
863905 444241 525
726064 183927 509
105807 350232 443
177023 268903 443
130341 52161 354
398279 818485 509
908013 366108 525
656443 349985 509
554752 59708 470
263855 280032 407
590360 748942 509
948661 756674 525
850351 945406 507
902024 142981 525
579141 106959 470
551200 291211 470
991490 443046 525
309631 277265 389
546168 613649 452
665810 3006 509
821491 192861 509
75321 580442 470
930427 245856 525
305564 731764 509
11796 1532 268
266826 85771 443
842445 118508 525
63914 215487 383
874821 692797 525
316108 965939 525
773502 453962 509
413361 867308 525
660925 281345 509
894994 722992 525
725998 723445 362
432658 77157 449
657599 63841 509
309697 507979 449
239743 588026 470
105910 131613 354
217385 767891 509
886400 372736 525
104576 576182 470
268979 950314 525
432605 979397 525
949711 585087 525
968748 722460 525
520157 363072 470
602416 629673 509
869471 931503 476
8660 328414 443
908607 302129 525
810109 666259 504
770638 218304 509
866270 566204 525
334096 876548 525
249285 83655 443
659837 220496 509
687162 353861 509
849610 445169 525
546608 636120 509
874932 799321 525
678746 515356 509
661382 395089 509
326592 281162 389
125929 530853 470
832982 335253 509
517864 34536 470
769193 159443 509
725648 288502 509
681403 151815 509
235470 576096 470
312944 447040 449
317253 411659 449
856828 516458 525
152578 166863 383
482536 403437 449
435145 27510 449
422599 677634 509
958797 96527 525
143732 265544 443
117149 601078 470
151966 493067 449
168862 635013 509
439868 437511 400
589326 410862 470
986958 637623 525
84663 341148 443
752808 299902 509
816361 401916 509
85131 125988 354
45777 485291 449
29154 567667 470
245302 480923 449
93802 968105 525
233649 720451 509
837881 237535 525
246954 350798 441
502164 989847 525
427359 415816 418
826679 458384 509
96007 533037 470
874186 813637 525
629892 180670 509
98938 626994 509
269334 962605 525
964248 184069 525
268088 315112 407
312387 993402 525
961508 29742 525
266545 406189 441
160076 711509 509
578660 104426 470
610626 407030 470
339199 80824 443
55560 554337 470
87374 165878 383
495867 151567 449
848589 961560 507
104906 642111 509
121068 947527 525
647948 374241 509
689353 601669 509
595071 432388 470
462131 1740 449
924281 72931 525
300793 245028 407
349455 84358 443
7740 879453 525
476629 476433 276
30770 346939 443
29169 532189 470
683756 118144 509
596057 41389 470
199852 48697 383
996224 700963 525
75204 320921 443
922590 644172 525
592912 280909 470
282649 34013 443
623297 571395 447
816424 723283 468
807641 924090 525
319895 682231 509
158664 331733 443
195025 796524 509
845065 705786 525
823930 740546 468
781935 45173 509
93870 936339 525
637303 981788 525
819061 90094 509
250618 228859 443
509769 741651 509
292016 843530 525
414926 308770 449
548405 915313 525
839403 747702 525
429933 872398 525
204132 159298 370
472174 104949 449
810735 915509 525
656055 317239 509
362412 151017 443
87357 954343 525
936131 456282 525
62728 241012 443
986223 755192 525
13195 829698 509
673229 495992 509
321115 305211 384
736877 604507 509
352209 869520 525
741919 576280 509
251931 298494 407
403443 462403 449
377912 724105 509
557697 730530 509
881547 550319 525
504662 920109 525
892744 485256 525
726268 440793 509
712337 471824 509
301523 712492 509
724836 241884 509
63448 974752 525
95611 562303 470
948176 800325 525
892957 964172 507
262666 206447 443
668850 144888 509
385346 182461 443
912991 563114 525
113433 943043 525
379504 310890 441
796147 618096 509
575241 788600 509
260425 522415 470
751259 803931 468
45815 561948 470
53052 476096 449
38399 625615 470
425940 148663 449
629187 986575 525
193022 835250 509
496490 408205 449
590666 378224 470
941338 881836 507
341231 20009 443
330899 571124 470
705572 237088 509
542040 127046 470
165814 280813 443
601096 802465 509
880765 917073 476
393169 163264 443
788879 933817 525
598832 947921 525
450848 731172 509
566422 744371 509
152576 643871 509
22095 579264 470
461101 259594 449
279603 479786 449
50910 318684 443
555772 126855 470
770253 756482 468
553647 97813 470
416630 452419 418
369493 154744 443
834360 297396 509
747565 279014 509
743287 623239 509
870763 862750 388
607121 194136 470
838007 953537 507
532802 759698 509
19292 376454 443
372592 510255 449
828939 815248 450
942103 423502 525
696336 901064 525
515229 228708 470
681128 766336 504
921080 448211 525
745607 566973 509
845987 271792 525
895031 9525 525
872275 105627 525
299763 282147 389
235684 479396 449
755446 654122 504
30576 284838 443
795093 291091 509
106339 403169 443
343023 140385 443
41449 564794 470
793502 39360 509
805696 73030 509
521241 990982 525
557955 243128 470
514920 783201 509
792726 920295 525
25922 926303 525
724802 181353 509
177101 325685 443
979807 476839 525
761677 932548 525
223639 526735 470
446256 73123 449
213508 846330 525
411124 789280 509
344992 254957 407
327987 720978 509
228313 150688 386
910168 849228 476
632429 786268 504
222915 941440 525
384095 941507 525
122860 765189 509
90874 108898 354
585737 299962 470
232510 587033 470
630121 863766 525
936889 972501 507
818831 76377 509
865657 150397 525
921706 746307 525
983637 210649 525
877689 249693 525
615274 211950 470
514571 787857 509
245649 764055 509
705563 253838 509
19028 629745 509
254995 344775 407
644737 626254 509
729640 357084 509
220850 393599 443
366100 359761 410
436138 157740 449
824489 701283 504
963942 818148 525
28797 746196 509
512241 947580 525
675882 422839 509
727048 127515 509
407923 190453 443
444292 972698 525
118795 113486 349
458261 463320 444
89574 373790 443
730874 619351 509
12950 819214 509
695327 951724 525
625816 895403 525
113038 131466 349
949614 450306 525
