719218 970866 525
792011 743139 468
369902 744005 509
420411 469811 444
475725 856258 525
598645 115238 470
69825 402997 443
97950 313386 443
986023 489412 525
621911 73325 470
755319 64219 509
328937 98494 443
910163 470578 525
87384 442164 449
784287 266726 509
95661 359144 443
523747 239899 470
504872 846248 525
886928 735881 525
246065 466115 449
636518 440293 509
451410 731660 509
866736 579700 525
548300 37669 470
900849 389604 525
679557 856002 525
664873 778421 504
578666 337153 470
402907 845320 525
71489 987799 525
246860 819770 509
735357 478437 509
676956 559779 509
524086 451956 470
170251 274881 443
4573 84465 351
581417 814462 509
80 439958 449
862609 715153 525
365307 815320 509
599493 723768 509
529698 88520 470
276075 684883 509
957976 959840 321
770374 780060 437
124039 167569 383
273533 601740 470
816280 826602 450
211897 498464 449
538573 614340 452
669624 775110 504
718580 617172 509
586758 532656 452
196225 471455 449
532395 994373 525
586350 36205 470
256737 67240 443
84644 192507 383
209734 752025 509
604314 728298 509
90344 104635 341
143024 11803 375
836339 290800 509
603357 513185 452
917113 380076 525
643879 636622 416
74613 390188 443
50245 96791 351
37782 786778 509
931317 460220 525
279607 531050 470
801783 251261 509
926056 348688 525
721461 870871 525
777073 130695 509
397430 447539 449
937439 804968 525
915699 933928 476
498430 324568 449
496060 806247 509
691285 928274 525
234346 54970 443
859586 844938 419
993452 569563 525
921758 360575 525
42028 131494 354
789943 18438 509
607647 365826 470
689921 163802 509
830678 898074 525
885545 76292 525
855832 548363 525
938145 67465 525
65313 573343 470
736051 767738 424
600711 765230 509
332411 589750 470
116100 781543 509
548300 477384 470
743434 649936 504
677926 419214 509
396160 177612 443
270485 844625 525
63503 993882 525
235176 695496 509
574610 794118 509
69872 214159 383
203655 430720 449
469547 43411 449
317328 675566 509
895420 423764 525
258310 950733 525
722236 966745 525
443709 634801 509
457382 619561 470
21620 101564 351
723766 112358 509
835763 994660 525
336986 723098 509
820907 226186 509
144861 719974 509
285982 687008 509
896374 62749 525
947428 46890 525
784198 979102 525
35028 648042 509
611427 183674 470
99768 994992 525
78436 982588 525
243347 613847 470
345813 238397 407
487953 932179 525
327494 671448 509
942431 314812 525
339677 681143 509
651549 575931 509
500417 762242 509
967433 641775 525
856720 307048 525
375318 924127 525
168105 50604 383
131302 857001 525
760862 392772 509
512107 746316 509
551175 80440 470
156423 54827 383
340310 575794 470
960374 53320 525
286544 226425 443
342525 717166 509
869888 770425 525
778314 583936 509
188502 962519 525
276360 152181 443
60398 425268 449
196343 979612 525
502348 921480 525
538330 363788 470
661391 354011 509
525309 664945 509
282119 39645 443
976513 218362 525
917306 900535 476
587467 749833 509
2307 109370 354
84270 423804 449
612117 893977 525
296213 52786 443
968488 551626 525
557629 194217 470
632133 415197 509
388552 804966 509
174058 870603 525
332264 878326 525
702704 37475 509
106898 3945 354
591856 400748 470
287370 64322 443
854420 855258 300
739295 953072 525
653161 529233 509
662232 990392 525
226820 297393 443
33027 473369 449
631797 109500 509
378641 425461 449
340053 747623 509
805086 686850 504
220320 502800 449
121536 663049 509
819640 658721 504
723656 576669 509
922685 57723 525
434518 824081 509
43719 832898 509
641611 977836 525
56371 749287 509
231997 32338 443
917973 262911 525
13306 189995 383
579425 327200 470
432635 31703 449
211506 944364 525
78252 529919 470
935498 643606 525
417495 781102 509
686405 94180 509
902770 760724 525
280793 141434 443
93153 797113 509
747842 698255 504
351582 772744 509
433080 168734 449
622331 268141 470
609807 36973 470
577997 298349 470
371021 269628 441
937143 842281 476
172647 36451 383
228775 199806 386
798524 549821 509
789366 732740 468
81337 268680 443
616271 467895 470
595500 83400 470
839001 136039 525
273174 416460 449
837966 839409 344
343447 384983 441
382427 895511 525
578529 54488 470
779103 406373 509
354360 199357 443
676235 657145 442
172027 731027 509
325005 922555 525
25914 544887 470
733962 384511 509
962570 918102 507
761921 918385 525
82542 151655 375
94971 184796 383
41882 373420 443
67248 556326 470
927103 116644 525
333322 603244 470
739828 430160 509
254787 407393 441
83791 640921 509
662479 251511 509
781345 935397 525
742016 621555 509
521616 622757 452
93225 262401 443
56543 277312 443
278347 117338 443
267200 524668 470
289891 316768 384
553256 506689 470
626599 470445 509
933735 369243 525
562180 923740 525
671565 483585 509
420873 113364 449
380876 242832 441
927658 321123 525
920212 948829 507
804476 78086 509
71140 71337 325
257146 410462 449
509522 953989 525
979867 415812 525
438839 804368 509
766088 178137 509
869321 760236 525
99377 173443 383
720918 681392 504
32385 740017 509
413299 971124 525
928277 762519 525
821484 687477 504
767487 220179 509
142793 927691 525
811761 413022 509
210969 761083 509
869315 48149 525
743293 212642 509
539839 933942 525
724554 582935 509
23536 102142 351
613555 616875 447
83820 723732 509
584742 326041 470
345323 28210 443
631099 804154 504
818955 983783 525
216836 851192 525
139215 74544 354
81201 655034 509
229821 843154 525
878495 962049 507
393176 611145 470
659600 62672 509
107567 920740 525
555116 83 470
174145 64331 383
798479 469874 509
914196 302901 525
752707 115502 509
49084 468081 449
776957 987347 525
753774 8531 509
109110 193086 383
63809 600212 470
478589 902383 525
24411 204052 383
295748 229355 443
201320 310474 443
260629 95427 443
185194 383588 443
276645 538686 470
289729 916421 525
896281 342725 525
397821 1883 443
673389 618368 509
321779 828215 509
949409 161063 525
340542 851349 525
500332 169673 449
676914 520862 509
232101 45262 443
981768 511064 525
620265 989831 525
396458 113403 443
36827 95116 351
93299 106738 354
356578 628466 509
812666 452626 509
405591 880051 525
809699 44596 509
656710 105332 509
305373 984612 525
703747 978113 525
761504 24025 509
591883 144006 470
340524 18813 443
101878 237218 443
283552 841223 525
93645 867676 525
542432 685512 509
851309 116885 525
932393 965949 507
399954 416979 449
514767 46285 470
160525 791065 509
225975 511760 449
87489 651719 509
886947 290909 525
957539 396263 525
768996 271598 509
599678 158356 470
107941 733748 509
152664 418468 449
881936 55198 525
648544 779139 504
359891 930446 525
842907 813731 525
47319 613610 470
17411 607750 470
22139 559735 470
543110 923816 525
519591 833283 509
414237 869278 525
728652 218798 509
233568 103029 443
776936 599511 509
821373 956011 525
722094 988228 525
616586 588488 447
884146 334106 525
821994 832479 419
453675 672498 509
532589 306361 470
18788 886873 525
52417 691199 509
481295 244181 449
272530 664335 509
565834 718410 509
522421 790154 509
350030 639298 509
200648 421646 449
590965 61919 470
243880 112666 443
84305 113077 354
559511 210057 470
410898 188757 449
901535 845815 445
955476 436966 525
436225 871231 525
419854 228314 449
353270 503985 449
202451 744380 509
970943 876581 507
557177 572155 421
762949 246658 509
23755 846588 525
529179 492235 470
393478 419795 449
101834 98138 341
396607 237260 441
557432 182251 470
796309 706541 468
94518 695306 509
95683 514847 470
660533 525107 509
361850 438296 449
560182 786248 509
351907 536522 470
605142 964608 525
286397 484298 449
116899 314934 443
878634 905505 445
685637 650991 442
950802 245259 525
183847 78713 383
383134 193512 443
994075 205427 525
700658 87466 509
164370 743352 509
798748 230252 509
31812 314531 443
76099 253169 443
126987 789228 509
949876 733721 525
342616 151582 443
310808 213629 443
147124 756684 509
968388 509051 525
832124 976058 525
149672 404382 443
304868 349228 441
595566 891423 525
698378 463409 509
780813 179796 509
708971 858622 525
145758 809664 509
29525 986285 525
862980 390479 525
322359 858581 525
947598 293196 525
526545 764126 509
648588 407043 509
432375 990622 525
916537 584626 525
151679 333465 443
937007 289334 525
753 330801 443
911954 324386 525
606944 891982 525
183837 828276 509
983513 982269 383
109624 805791 509
716197 370553 509
580608 714597 509
203810 543926 470
489305 671295 509
730221 189817 509
19036 570502 470
155410 554617 470
893657 434678 525
852747 276871 525
244656 449795 449
891082 227375 525
747757 494107 509
793912 591618 509
75189 733094 509
633669 77703 509
701799 755475 504
609208 567838 434
407217 904627 525
299493 955209 525
731023 661898 504
614934 961280 525
847340 902550 445
19757 459539 449
789044 874821 525
35695 895367 525
592155 136595 470
340532 61797 443
256842 596552 470
793594 738841 468
942729 504829 525
969220 412026 525
661621 724316 504
695209 68063 509
984309 455477 525
347693 312845 441
761007 754157 380
592472 71894 470
335944 774184 509
910471 274317 525
698072 617202 509
882075 239978 525
588099 872460 525
766646 981104 525
974007 887939 507
108721 268666 443
519935 557599 452
846381 65226 525
769388 577397 509
221824 475245 449
150668 403801 443
504700 752798 509
128931 373998 443
481948 409214 449
331852 811922 509
566313 76279 470
530188 760418 509
393951 710534 509
871431 956482 507
371054 156827 443
894164 981115 507
25359 746390 509
49782 128219 354
421671 652445 509
622779 422257 470
838135 175149 525
731827 266294 509
273043 804058 509
298033 706710 509
410260 438763 418
247589 959749 525
900677 806977 525
197595 942855 525
434092 453197 400
531930 129736 470
792814 422219 509
109190 469540 449
481625 120726 449
52617 828266 509
638877 604934 509
728578 767721 424
563476 414840 470
278615 474693 449
754301 846140 525
959871 781112 525
136850 957726 525
690210 880338 525
248782 699559 509
220586 950646 525
577337 923756 525
449372 298817 449
461722 308348 449
653661 772416 504
339162 28392 443
37334 391544 443
104347 769218 509
929854 641680 525
813179 12638 509
290907 671861 509
683817 232848 509
749515 973013 525
534647 319905 470
456805 184522 449
378688 916759 525
680525 832071 504
431136 16105 449
253531 74149 443
224263 999812 525
974470 178392 525
921164 416146 525
100262 920763 525
66379 132197 354
49038 148576 375
243365 796107 509
238036 599055 470
848331 899817 445
634507 968192 525
374605 836206 509
836459 841569 525
709808 813458 468
945719 108830 525
34317 678259 509
755382 186936 509
800151 298420 509
760672 183611 509
369130 403618 436
189777 495788 449
347448 980097 525
198793 444842 449
207295 210740 342
119903 877153 525
108310 828303 509
969979 89410 525
440375 444783 356
459754 479342 444
331464 109489 443
198413 871193 525
618672 168863 470
361997 377992 423
708864 176836 509
847784 494959 525
290029 493938 449
872753 147300 525
124215 948081 525
473678 8615 449
583244 110469 470
983368 604906 525
56931 526361 470
804803 350777 509
846171 103458 525
991390 327969 525
103734 100665 310
967265 526789 525
243369 326024 407
464969 595087 470
331855 403753 441
881049 926268 476
55653 495812 449
810695 901533 525
412042 178817 449
768483 655052 504
32139 48026 324
929363 205976 525
817051 370824 509
712378 977531 525
196350 195491 329
196147 618347 470
972599 380597 525
80610 545925 470
139272 123787 344
394013 865426 525
779824 302108 509
710029 41543 509
453486 156070 449
85814 647519 509
478879 58387 449
863390 14083 525
183671 347716 443
220582 163130 386
582024 879639 525
466474 58345 449
363584 375242 392
696426 884644 525
465915 663084 509
171540 689901 509
617576 90121 470
246298 140429 443
272425 242739 407
238246 578537 470
917178 347524 525
535506 788364 509
676449 284110 509
972326 330931 525
244705 737894 509
140813 76598 354
929434 703046 525
52394 723817 509
330362 882150 525
343103 398599 441
632962 736403 504
372013 891606 525
532441 180856 470
592896 847876 525
419082 722593 509
924274 862125 476
965782 880963 507
599125 985908 525
21884 695965 509
330387 163142 443
375923 545629 470
683462 113236 509
979736 966318 458
123251 27526 354
610901 373494 470
673606 595364 509
414493 376783 449
868748 44157 525
887813 311865 525
754033 186015 509
427956 71403 449
779116 134122 509
174421 538409 470
963862 809733 525
178247 14665 383
995231 381052 525
422407 301420 449
745363 481495 509
391674 401568 405
810155 166586 509
809217 329842 509
288272 802950 509
824565 868728 525
988535 48053 525
985004 558275 525
866262 55294 525
891309 734918 525
2316 628425 509
543399 475686 470
898084 938098 476
836265 601676 509
501687 665632 509
351058 424162 449
472054 835070 509
450468 545238 470
606316 854889 525
403242 299881 441
329480 411494 449
896902 155819 525
536742 571815 452
473703 863857 525
687701 480500 509
114175 81286 354
952100 301546 525
32009 355532 443
140196 780773 509
979700 154586 525
528120 631114 509
332596 178506 443
810963 367007 509
708884 915207 525
731103 998851 525
160429 1303 383
805483 574711 509
12186 603141 470
154678 20210 375
337886 48417 443
688145 390587 509
154212 9016 375
68088 822536 509
236611 292336 407
499198 935422 525
825179 153843 509
223375 509266 449
74875 216982 386
7984 675807 509
760727 267199 509
103970 320779 443
749920 278340 509
97063 299498 443
535337 864755 525
818484 532152 509
97497 461152 449
218026 305768 443
834601 543726 509
563172 553210 421
576024 440110 470
602947 140856 470
26833 780359 509
649987 664370 429
571051 571408 297
831244 611836 509
969400 731841 525
576713 657652 509
435456 230863 449
557957 510229 470
270622 817847 509
297970 582091 470
115779 141077 344
620927 788382 509
354175 47829 443
785799 821078 468
995704 697086 525
130874 370366 443
440900 85432 449
902087 741616 525
911448 405948 525
825956 686066 504
599330 935147 525
63768 652756 509
91974 585139 470
39781 266773 443
732202 279745 509
144635 441216 449
139579 91968 354
55182 604254 470
565713 479591 470
636766 496393 509
545016 1533 470
560879 550681 421
381972 549786 470
493037 303792 449
642205 412053 509
14844 239597 443
845661 303272 525
130191 144060 375
603992 951599 525
620758 341954 470
980307 509711 525
715735 941143 525
615769 643128 509
347602 782683 509
252293 373180 441
796578 258184 509
325562 177926 443
783986 532803 509
96799 531931 470
614893 303342 470
617227 366449 470
602274 624177 447
591706 276095 470
548031 629048 509
26132 430943 449
566345 753610 509
59895 277442 443
499804 366631 449
254719 346889 441
440639 776767 509
410319 468832 444
247226 902860 525
894473 825586 525
947975 518025 525
395759 252730 441
904801 685910 525
597095 957236 525
644377 730727 504
22935 416049 449
883609 8712 525
888247 892224 370
403387 368238 436
593083 542153 452
535108 279970 470
777129 58409 509
308243 282451 389
965331 686192 525
563869 184584 470
743822 138134 509
95631 555114 470
567281 681106 509
11874 514786 470
790816 220341 509
175062 175673 272
464816 41200 449
41583 667057 509
22956 96725 351
117267 12172 354
522702 342491 470
490354 135595 449
192608 745584 509
834974 156298 509
291056 797271 509
592330 233827 470
917679 241719 525
965010 313869 525
853945 382554 525
748556 160137 509
832962 717061 468
471138 761866 509
685673 354905 509
689076 694446 442
163949 322817 443
652644 985424 525
612561 595316 403
957974 217127 525
927995 572902 525
452429 940560 525
192387 340516 443
212718 98670 383
787655 79363 509
220245 400974 443
824099 687834 504
61694 484080 449
426494 529238 470
793708 204618 509
915485 626223 525
703526 917084 525
146521 22513 375
599715 753958 509
466327 298886 449
716334 525393 509
716184 463285 509
399858 541434 470
59867 16517 340
407465 19952 443
956742 229812 525
600346 709976 509
447445 245263 449
449786 119889 449
793094 767287 468
566979 449087 470
874217 55527 525
282479 496491 449
164000 802975 509
693894 39023 509
220813 241726 443
534261 847660 525
503179 938450 525
767895 763043 375
906071 651458 525
295906 789070 509
781448 102875 509
580298 825817 509
571475 840136 525
480863 918295 525
973351 666480 525
764698 627673 504
920821 736788 525
269015 680593 509
238109 501172 449
2872 705717 509
323274 80132 443
121122 877216 525
711592 892533 525
670479 448665 509
498411 905199 525
374503 246847 441
572781 863255 525
857700 594909 525
58741 844350 525
942778 335892 525
850394 312922 525
851554 867501 419
4523 436089 449
727462 154075 509
457929 990255 525
784265 173954 509
735355 404802 509
761260 856764 525
699305 670473 442
977426 685294 525
789191 82151 509
532452 913103 525
958768 462510 525
721075 235579 509
366324 505675 449
533783 962407 525
681781 287712 509
932596 29492 525
365407 695025 509
7773 703109 509
805445 625776 509
488709 244728 449
900184 84992 525
781624 898415 525
647298 804347 504
111487 618384 470
363153 889689 525
436968 744126 509
891649 501694 525
401366 680925 509
459569 208031 449
547612 406504 470
621352 47890 470
878123 14278 525
354242 842123 525
862240 128496 525
574713 857424 525
943861 617759 525
472178 113479 449
360062 621732 470
445526 547621 470
767319 773047 468
687050 458788 509
976625 495218 525
608037 41590 470
986922 901944 507
821884 246305 509
711923 957117 525
422646 370400 449
474345 338758 449
731274 278584 509
737686 141272 509
44378 796374 509
145746 436542 449
723580 792266 468
715777 696155 504
265654 864236 525
41062 972874 525
227740 446671 449
389647 136929 443
318271 668186 509
134488 976016 525
588620 754238 509
654698 654575 248
59939 722324 509
828103 966879 525
148110 992189 525
72446 57250 335
685983 427276 509
151560 115543 375
942629 303227 525
121597 607991 470
330468 120343 443
421319 873339 525
397094 797954 509
876111 386781 525
691319 487199 509
601162 426310 470
730029 330750 509
293834 611919 470
66388 527947 470
719962 2590 509
254411 987718 525
762917 374424 509
819828 520361 509
198467 280268 443
839604 684086 525
403599 398042 387
657908 742539 504
690457 899531 525
