774943 258817 509
403764 106371 443
137050 675589 509
473351 155848 449
921039 198236 525
75893 383240 443
707043 600158 509
495152 205986 449
669479 200077 509
362042 881315 525
648405 348323 509
259830 568259 470
453158 878538 525
778709 93944 509
47694 609647 470
84338 313949 443
182921 905364 525
284735 790964 509
38813 199541 383
850682 734642 525
238628 250582 368
548065 892740 525
777007 984353 525
879358 602632 525
234415 283087 407
918659 237746 525
914397 491613 525
177370 602131 470
260526 956507 525
956539 154220 525
757561 17751 509
268387 860013 525
561559 662904 509
485231 995790 525
501584 733314 509
190957 333349 443
316578 327813 384
394243 323225 441
137470 671752 509
251756 883919 525
122231 169570 383
655018 617883 509
870615 903618 445
57909 744482 509
762708 744609 424
395891 374753 436
807818 180761 509
283997 187926 443
948523 516116 525
294264 820498 509
663921 551313 509
720834 461658 509
880107 448689 525
769215 496518 509
712515 934454 525
827950 4247 509
357553 260106 441
174359 320874 443
712690 526470 509
483224 368162 449
828758 251124 509
705191 20355 509
284812 575243 470
152252 911232 525
680296 56240 509
203147 784344 509
848588 514727 525
523361 830251 509
715753 682104 504
326625 689891 509
31611 942106 525
389068 851511 525
92098 513899 470
127077 764451 443
111759 598574 470
272430 786537 509
165425 186096 365
588084 257249 470
937636 577879 525
683244 831134 504
549712 559293 421
982288 824383 525
206454 328851 443
45237 973588 525
635933 182581 509
204577 56906 360
448411 947542 525
292191 109873 407
310216 654799 509
55156 5140 340
190042 694560 509
820728 902918 525
368308 706173 509
374652 113186 443
3959 449280 449
887341 281494 525
912426 618078 525
882957 659717 525
66957 683651 509
502436 427637 444
164172 375179 443
707325 208353 509
235238 440291 449
415887 365364 449
358456 589274 470
653646 183526 509
819129 25888 509
329528 530974 470
262041 836048 504
618582 235216 470
155229 635923 509
445626 757286 509
816492 53075 509
801106 383069 509
96908 768597 468
907058 583263 525
856468 472929 525
520285 149975 470
125789 26079 354
733084 913362 525
856941 802143 525
976726 288483 525
315396 376453 441
269105 418257 449
421705 870035 525
793488 565262 509
431622 733862 509
246131 623908 470
101464 712087 509
773333 256245 509
610541 995952 525
743573 400574 509
971629 885313 507
840972 489037 525
357737 647849 509
624961 587231 447
934968 36782 525
970992 220218 525
911498 109600 525
786081 112267 509
381603 480713 449
773024 218847 509
1539 382290 443
903468 460607 525
878896 651261 525
862077 283138 525
479091 495046 426
652748 961760 525
987790 126591 525
196380 24217 383
497934 439140 444
661612 384920 509
595530 618602 447
580380 102543 470
223702 794973 509
17961 78679 351
966469 673561 525
539506 182812 470
643337 547583 509
542648 295637 470
949251 219823 525
916843 652734 525
475030 602924 470
417177 313131 449
926620 856841 476
353546 265081 441
711191 216390 509
329096 160808 443
678906 584995 509
877200 970176 507
403920 500121 449
660763 189456 509
674337 607550 509
431407 628742 509
169230 571248 470
725320 52434 509
569889 144326 470
851055 422796 525
478714 206891 449
285199 479875 449
378270 39969 441
66572 795601 509
558510 836933 509
225190 70960 386
365561 982088 525
159052 260482 443
943742 676563 525
736709 20944 509
689152 330506 509
408130 80826 441
424532 565118 470
801065 464789 509
325081 322755 384
223554 552443 470
337496 704931 509
582856 730734 509
432225 852556 525
621019 443101 470
976507 958152 458
409417 789720 509
839758 509933 525
140629 217900 386
738157 299438 509
886129 416091 525
213592 536342 470
630837 543058 509
519104 262332 470
166168 654617 509
359427 911586 525
608184 949759 525
592875 637502 509
40799 135211 354
320647 392240 441
913506 975652 507
396722 532386 470
690494 465719 509
766781 344894 443
351046 786741 509
255566 641796 509
227187 571863 470
502143 959518 525
547430 995829 525
278925 247314 407
549051 625132 447
717788 521600 509
650621 472096 509
482234 820137 509
16573 41779 324
901612 3899 525
413561 159765 449
779539 955122 525
524370 934830 525
535560 371336 470
232686 63333 443
426680 843904 525
288702 528905 470
115314 72018 354
811481 973898 525
450709 494379 444
904469 770636 525
248069 761455 509
695758 522604 509
466042 713487 509
473650 259500 449
382540 325458 441
139018 400374 443
806504 276207 509
622731 815036 509
626534 394596 509
826447 27105 509
516598 73893 470
389169 294765 441
936502 59906 525
760812 228822 509
400 711619 509
201185 917662 525
588999 10408 470
207050 569722 470
359816 132431 441
194384 998071 525
859632 605097 525
264937 682271 509
584780 615088 447
253340 294230 407
666177 829025 504
163417 349060 441
331648 169360 443
23462 54609 340
845560 94862 525
94527 451274 449
64974 985621 525
165570 442058 418
453980 818688 509
73844 758838 509
914930 39669 525
330123 346045 441
240367 177035 443
298618 954495 525
495325 460963 444
42744 290128 407
840707 156309 525
764677 918781 525
404352 364826 436
393075 848812 525
478602 672508 509
718771 510017 509
140861 914670 525
758006 856555 525
649810 173747 509
985974 885385 507
242114 295446 407
603005 345124 470
143044 494455 444
831818 215121 504
330492 930417 476
915085 20692 525
174491 346546 443
227339 510189 444
95077 829671 504
344783 265982 407
753744 155257 509
790628 87944 509
667640 436502 509
851769 636436 525
604423 809518 509
700743 39241 509
535269 484622 470
468851 174880 449
530595 351540 470
262313 943871 525
58872 104047 351
608619 151942 470
408950 710979 509
410209 444068 418
921908 991862 507
710710 200674 509
903830 281204 449
699252 583259 509
908311 688195 525
38039 139937 354
954022 742880 525
197015 925150 525
369036 420815 449
577377 218579 470
830240 699847 504
561668 562900 359
331232 250572 407
722874 515988 509
621023 380926 470
397410 351846 436
560475 661469 509
533968 590791 452
620594 41125 447
454841 796373 509
281824 199447 443
957010 922894 507
835205 11857 504
353134 642060 509
157790 271833 443
399491 452717 449
1570 810437 509
98236 195074 383
368886 132441 441
956462 882517 507
917102 827223 525
303901 586636 470
703302 138473 509
765074 430961 509
606521 498046 470
722079 979408 525
208840 520551 470
197031 484186 449
770179 133082 509
667439 975782 525
610992 459405 470
421533 920865 525
961811 320911 525
653512 992948 525
597959 797062 509
421648 775715 509
570561 667536 509
28969 484398 449
606443 458230 470
959017 913844 507
543196 307595 470
129659 414071 449
108955 68105 354
973479 618823 525
937575 103599 525
293598 983939 525
208133 870253 525
871284 802694 525
599997 89263 470
882240 381426 525
951583 236788 525
739116 789372 468
862759 108216 525
418771 946140 525
22354 224560 386
513760 817772 509
556669 292303 470
577557 301640 470
54110 336748 443
591337 88592 452
557992 809981 509
434845 656038 509
927396 250525 476
352297 659224 509
112714 619926 447
476486 883804 525
990528 531331 525
124195 185595 383
93007 687863 509
374748 656536 509
730206 108677 509
75160 547398 470
1562 164258 383
453880 686800 509
689983 940879 525
401614 96504 441
301752 967434 525
823192 702679 504
776358 718075 468
41541 535573 470
826202 587506 509
292891 161863 443
704927 120080 509
55238 776066 509
67252 807610 509
663310 387626 509
960448 885982 507
264272 576618 470
492204 432383 444
310942 429095 449
918733 297300 525
352025 397918 436
860645 315005 525
442299 446317 356
897203 621412 525
147240 144871 357
363265 308716 441
898064 250538 525
78108 220926 386
721672 840434 525
11498 868788 525
786346 571326 509
204635 9990 360
433923 884101 525
404408 425388 449
389837 55893 443
51464 424539 449
720642 645979 504
678056 500842 509
669935 987868 525
356705 163550 443
322063 195760 443
555107 195043 470
262568 322093 407
452095 887445 525
894830 804613 525
937749 119273 525
733129 467951 509
412314 711960 509
465636 466238 307
26266 612614 470
427590 195028 449
839476 387481 525
484251 431047 444
284591 876183 525
160042 127657 383
589513 985560 525
874143 839559 432
273492 373522 441
646742 858183 525
852164 495870 525
55048 605872 470
120293 850301 525
586648 296172 470
580439 766836 509
558132 211732 470
97477 796792 509
619924 123455 447
561147 624716 447
482573 489269 382
183943 19933 383
867934 806710 525
494308 289833 449
451471 956584 525
602880 172403 470
698203 12852 509
716992 573366 509
650133 31882 509
132374 704543 509
220956 765842 509
241385 937146 525
95354 256835 443
372543 929997 476
696861 96660 509
227067 166188 386
143222 824305 504
324365 113846 443
46316 568809 470
249219 141142 443
351560 88771 441
159795 901603 525
819746 700555 504
302844 159604 443
760975 711264 424
987535 106288 507
598724 483592 470
775157 625565 509
898437 664041 525
386314 896663 525
738317 871642 525
342434 885270 525
9836 601435 470
753639 579037 509
943004 783764 525
226724 181391 386
588772 300124 470
771697 95895 509
396798 701044 509
442058 760894 509
691821 117139 509
305759 110659 407
380661 317425 441
640675 782879 504
898858 824410 525
984657 219398 525
183998 287617 443
219217 904849 525
34630 815096 509
745736 583508 509
795926 873704 525
727980 956636 525
12536 729481 509
305814 788353 509
919776 742054 525
206786 327049 443
868564 893467 445
110465 509220 444
784375 576479 509
41702 468035 449
832703 740257 468
878 18528 279
190063 322413 443
261348 698704 509
661806 539980 509
785058 830721 468
289590 55971 407
627810 841552 525
130576 328827 384
382723 511084 449
944355 632895 525
854371 993495 507
891978 802059 525
852757 316352 525
540119 145644 470
592123 353082 470
949401 425299 525
869402 70637 525
945044 850451 507
962923 658949 525
415488 779656 509
504681 850173 525
973385 722323 525
721431 587208 509
930861 661448 525
956227 391364 525
303075 716169 504
529564 605386 452
198596 162999 365
855816 638221 525
228911 868590 525
159973 222159 386
228494 973125 507
862585 388325 525
786865 261057 509
152935 247442 443
707698 137198 509
778332 82682 468
246495 182378 443
25522 101729 341
861662 406258 525
542507 961395 525
945081 230402 507
402231 534940 470
252364 987369 507
610110 537226 452
42336 239311 443
423649 79944 449
679283 446067 509
616463 242866 447
509837 511300 333
257411 861807 525
34914 983801 525
284870 485676 449
842201 35498 525
357728 360325 379
289614 718023 509
104353 738484 509
556329 470210 470
742082 811322 468
435673 104224 449
164808 314019 443
782846 588859 509
434784 151913 449
9931 370574 441
919729 74952 525
650996 561728 509
796630 262793 509
583659 615746 447
778059 790522 437
910384 20882 525
160279 258605 443
248149 523126 470
313447 454851 449
144943 237702 443
149664 488877 449
252894 685313 509
622242 216657 470
178081 828144 509
454681 203546 449
88305 112154 354
45069 799226 509
906208 553052 525
556786 38005 470
685656 414709 509
997415 906861 507
466889 235663 449
968961 210136 525
525861 692230 509
97601 656860 509
149105 593540 470
418377 815712 509
688526 917737 525
413862 253165 449
338938 432327 449
637499 375022 509
872173 781617 525
870694 940910 507
201925 376506 443
536170 595692 452
821920 553232 509
337841 307754 384
618235 373332 470
570800 818490 509
194892 449086 449
123831 478402 444
239628 396520 441
677308 60481 509
983035 158761 525
106222 263527 443
442930 629224 509
477867 93778 449
998889 186262 525
931421 546143 525
33923 434222 449
158694 723817 509
96002 187575 383
164996 949863 525
481253 584962 470
880251 713191 525
441442 759544 509
57489 103123 351
450250 453417 387
332562 866240 525
387496 847534 525
762885 104705 443
904774 375725 525
885135 510795 525
631604 35674 509
826004 473998 509
949437 962545 414
320541 595811 470
259064 404752 441
98056 574842 470
120774 574836 470
366995 195756 443
850878 535306 525
682511 308858 509
379340 609462 470
570761 953943 525
72917 618862 447
852680 535935 525
510083 696881 509
639928 521962 509
123730 69228 354
557480 881321 525
366395 917297 525
982809 560712 525
38739 846124 525
607911 172257 470
518206 674792 509
501839 394432 449
65357 130955 354
795961 650823 504
580094 10517 470
127922 496893 444
146005 120465 375
874936 169566 449
384894 639499 509
912694 224583 525
37345 470982 449
902613 168231 525
812439 426331 509
16127 593167 470
162472 704295 509
945862 218144 507
765044 135639 443
79528 631597 509
312395 565175 470
442084 94299 418
175902 810823 509
8121 390003 443
435799 388780 449
547850 491168 470
707208 915650 525
716494 148845 504
820961 593868 509
108872 388923 423
194738 420033 449
778724 6490 509
52042 428320 449
689796 285432 509
227497 652306 509
207261 443290 418
262461 625769 447
893713 351936 449
361888 566620 470
288965 292865 345
825281 305904 504
87943 438355 449
775284 612901 509
988082 268271 525
594004 828198 509
839241 259625 525
786769 158944 509
767225 560765 509
963094 533926 525
749015 914018 525
471678 544672 470
693366 374422 509
14797 330082 443
134687 621650 470
797167 434759 509
710850 900921 525
400940 7381 441
346843 150175 443
856188 163761 525
103308 861567 525
983346 658750 525
504582 768797 509
508354 801841 509
458572 168891 449
297848 518524 470
666427 733665 504
48541 744875 509
494649 978996 525
259612 369603 441
531312 649734 509
675793 402063 509
51952 130194 354
952068 215919 525
874017 87580 525
938130 158955 525
307994 725395 509
221934 200333 386
936324 245569 525
428745 141462 449
579994 75365 470
456462 622968 470
939715 993773 458
171101 48561 383
33339 597899 470
50373 429849 449
866359 533441 525
535579 19241 470
711452 612343 509
507842 733775 509
371836 398574 436
116431 402963 441
210644 135088 383
863643 483130 525
131071 418213 449
832415 5714 504
807678 536400 509
833655 855451 525
752736 35185 509
391566 132513 443
896657 573075 525
442296 849957 525
684621 898673 525
752906 176268 509
301538 19189 443
765802 121409 509
527635 893702 525
646807 217952 509
833626 989107 525
494294 12973 449
941450 647619 525
514157 222752 470
70236 676040 509
914429 578528 525
360147 915939 525
573347 216486 470
262527 488594 449
951761 859893 507
455079 431079 400
53979 311873 443
314194 732510 509
249621 158293 443
631020 134321 509
706274 505741 509
831611 123303 504
232513 612286 470
133293 920607 525
660798 690295 442
445195 931984 525
644602 73086 509
90651 229777 386
130798 549137 470
905904 553553 525
193884 888849 525
517742 328050 470
763385 117086 443
629964 772813 504
374911 741379 509
796501 137622 509
261371 664208 509
710838 578314 509
103044 9338 341
112887 245763 443
543274 767886 509
509048 55086 444
279206 947142 525
425260 968726 525
20896 647042 509
313694 793117 509
319246 333420 384
382549 617539 470
30115 266432 443
41549 271476 443
571382 160323 470
165338 316120 443
33921 433812 449
255952 294039 407
160430 985789 525
630478 303750 509
163661 98985 383
825677 560648 509
542594 420229 470
306772 914896 525
792043 277419 509
558660 869942 525
34149 379931 443
821502 209303 509
309521 87749 407
387234 453980 449
126723 748068 509
47264 455777 449
676180 378055 509
185173 117933 383
481547 640124 509
110850 739870 509
62542 87481 351
261588 360059 441
826623 291386 509
681473 721091 504
943492 426167 525
341831 289045 384
490250 278786 449
45796 919286 525
891207 451777 525
658575 735764 504
280465 545424 470
887451 794393 525
811729 387685 468
555630 141065 470
364967 277298 441
800335 989162 525
343087 265857 407
727464 318367 509
396657 781788 509
979533 712558 525
609355 212435 470
895652 963467 507
239168 185565 443
690506 581402 509
965595 520181 525
560339 782356 509
629700 111649 509
638949 562774 509
134057 693930 509
882907 323621 525
591138 302039 470
115139 197651 383
68948 162802 383
91030 914718 525
467944 469848 382
974061 399913 525
311719 451701 449
431742 586430 470
418053 159460 449
739590 574005 509
830286 108052 509
477514 546134 470
518422 814098 509
505748 649926 509
831089 881809 525
17594 182251 383
74530 891288 525
688796 481125 509
409090 187901 441
180924 590523 470
342046 258034 407
175571 574737 470
127892 330439 443
299985 981223 525
762725 937706 525
754917 281363 509
552958 971134 525
292751 871492 525
648138 258000 509
164610 678574 509
930238 270958 476
739709 137949 509
130355 911448 525
790053 695323 504
612402 815579 509
739076 532230 509
852361 940214 507
526737 443642 470
280612 198780 443
158419 430709 449
366694 146161 443
303144 264925 407
760287 334156 509
367774 152794 443
333782 571193 470
990677 337753 525
859752 30764 525
582261 536959 452
152059 792586 509
881177 325198 525
685807 631428 442
330977 437099 449
871037 371040 525
957759 11023 507
159954 222734 386
596057 145383 470
552155 957521 525
317389 183877 443
208173 348010 443
733727 90708 504
253239 342699 407
986960 710563 525
258568 195892 443
471559 352020 449
874759 586508 525
822365 776674 468
736030 665158 504
414661 874451 432
883191 900723 445
163296 234633 443
15971 776968 468
87642 40528 351
742721 267744 509
785038 449947 509
142355 709720 509
743986 186383 509
754916 384141 509
797328 845586 525
926471 259098 525
651147 582375 509
932016 838343 476
407007 102033 436
314027 434660 449
296105 516849 470
450793 897722 525
103562 482879 449
971357 757314 525
41802 320777 407
749897 469588 509
711304 416322 509
966997 457227 525
618477 542779 452
419114 460022 418
669196 980425 525
218225 804787 509
862448 472690 525
938347 373668 525
347193 607353 470
560279 513981 452
510738 238892 444
849386 906571 445
29900 405376 436
115545 381978 443
56599 68934 335
685850 530365 509
747563 304650 509
132878 997691 507
519332 273336 470
857825 663387 525
890244 685228 525
717534 647385 504
334125 444214 449
384575 947863 525
408526 567177 470
158484 354097 443
382870 936696 525
210706 461914 449
46720 687105 509
681939 562024 509
337195 466291 449
857090 860604 370
894326 905669 401
411225 283604 449
120118 759552 509
977375 950064 458
